running develop
/usr/lib/python3/dist-packages/setuptools/command/easy_install.py:158: EasyInstallDeprecationWarning: easy_install command is deprecated. Use build and pip and other standards-based tools.
  warnings.warn(
running egg_info
writing week_8.egg-info/PKG-INFO
writing dependency_links to week_8.egg-info/dependency_links.txt
writing entry points to week_8.egg-info/entry_points.txt
writing requirements to week_8.egg-info/requires.txt
writing top-level names to week_8.egg-info/top_level.txt
reading manifest file 'week_8.egg-info/SOURCES.txt'
writing manifest file 'week_8.egg-info/SOURCES.txt'
running build_ext
Creating /workspace/install/week_8/lib/python3.10/site-packages/week-8.egg-link (link to .)
Installing autonomous_navigation script to /workspace/install/week_8/lib/week_8
Installing autonomous_navigation_multithreaded script to /workspace/install/week_8/lib/week_8
Installing joint_state_republisher script to /workspace/install/week_8/lib/week_8
Installing path_publisher script to /workspace/install/week_8/lib/week_8
Installing robot_controller script to /workspace/install/week_8/lib/week_8
Installing simple_commander script to /workspace/install/week_8/lib/week_8

Installed /workspace/build/week_8
running symlink_data
