[1.592s] Invoking command in '/workspace/build/week_8': PYTHONPATH=/workspace/build/week_8/prefix_override:/usr/lib/python3/dist-packages/colcon_core/task/python/colcon_distutils_commands:/workspace/install/week_8/lib/python3.10/site-packages:${PYTHONPATH} /usr/bin/python3 -W ignore:setup.py install is deprecated setup.py develop --editable --build-directory /workspace/build/week_8/build --no-deps symlink_data
[2.192s] running develop
[2.195s] /usr/lib/python3/dist-packages/setuptools/command/easy_install.py:158: EasyInstallDeprecationWarning: easy_install command is deprecated. Use build and pip and other standards-based tools.
[2.196s]   warnings.warn(
[2.681s] running egg_info
[2.683s] writing week_8.egg-info/PKG-INFO
[2.683s] writing dependency_links to week_8.egg-info/dependency_links.txt
[2.683s] writing entry points to week_8.egg-info/entry_points.txt
[2.683s] writing requirements to week_8.egg-info/requires.txt
[2.683s] writing top-level names to week_8.egg-info/top_level.txt
[2.691s] reading manifest file 'week_8.egg-info/SOURCES.txt'
[2.691s] writing manifest file 'week_8.egg-info/SOURCES.txt'
[2.696s] running build_ext
[2.696s] Creating /workspace/install/week_8/lib/python3.10/site-packages/week-8.egg-link (link to .)
[2.701s] Installing autonomous_navigation script to /workspace/install/week_8/lib/week_8
[2.701s] Installing autonomous_navigation_multithreaded script to /workspace/install/week_8/lib/week_8
[2.702s] Installing joint_state_republisher script to /workspace/install/week_8/lib/week_8
[2.702s] Installing path_publisher script to /workspace/install/week_8/lib/week_8
[2.703s] Installing robot_controller script to /workspace/install/week_8/lib/week_8
[2.703s] Installing simple_commander script to /workspace/install/week_8/lib/week_8
[2.703s] 
[2.703s] Installed /workspace/build/week_8
[2.703s] running symlink_data
[2.773s] Invoked command in '/workspace/build/week_8' returned '0': PYTHONPATH=/workspace/build/week_8/prefix_override:/usr/lib/python3/dist-packages/colcon_core/task/python/colcon_distutils_commands:/workspace/install/week_8/lib/python3.10/site-packages:${PYTHONPATH} /usr/bin/python3 -W ignore:setup.py install is deprecated setup.py develop --editable --build-directory /workspace/build/week_8/build --no-deps symlink_data
