[1.331s] Invoking command in '/workspace/build/week_4': AMENT_PREFIX_PATH=/workspace/install/auro_interfaces:${AMENT_PREFIX_PATH} CMAKE_PREFIX_PATH=/workspace/install/auro_interfaces LD_LIBRARY_PATH=/workspace/install/auro_interfaces/lib:/opt/ros/humble/opt/rviz_ogre_vendor/lib:/opt/ros/humble/lib/x86_64-linux-gnu:/opt/ros/humble/lib:/usr/lib/x86_64-linux-gnu/gazebo-11/plugins PYTHONPATH=/workspace/build/week_4/prefix_override:/usr/lib/python3/dist-packages/colcon_core/task/python/colcon_distutils_commands:/workspace/install/week_4/lib/python3.10/site-packages:/workspace/install/auro_interfaces/local/lib/python3.10/dist-packages:${PYTHONPATH} /usr/bin/python3 -W ignore:setup.py install is deprecated setup.py develop --editable --build-directory /workspace/build/week_4/build --no-deps symlink_data
[1.850s] running develop
[1.851s] /usr/lib/python3/dist-packages/setuptools/command/easy_install.py:158: EasyInstallDeprecationWarning: easy_install command is deprecated. Use build and pip and other standards-based tools.
[1.851s]   warnings.warn(
[2.073s] running egg_info
[2.077s] writing week_4.egg-info/PKG-INFO
[2.077s] writing dependency_links to week_4.egg-info/dependency_links.txt
[2.077s] writing entry points to week_4.egg-info/entry_points.txt
[2.077s] writing requirements to week_4.egg-info/requires.txt
[2.077s] writing top-level names to week_4.egg-info/top_level.txt
[2.080s] reading manifest file 'week_4.egg-info/SOURCES.txt'
[2.081s] writing manifest file 'week_4.egg-info/SOURCES.txt'
[2.083s] running build_ext
[2.083s] Creating /workspace/install/week_4/lib/python3.10/site-packages/week-4.egg-link (link to .)
[2.085s] Installing rc_driving script to /workspace/install/week_4/lib/week_4
[2.085s] Installing rc_obstacle_detector script to /workspace/install/week_4/lib/week_4
[2.086s] Installing robot_controller script to /workspace/install/week_4/lib/week_4
[2.088s] 
[2.088s] Installed /workspace/build/week_4
[2.088s] running symlink_data
[2.126s] Invoked command in '/workspace/build/week_4' returned '0': AMENT_PREFIX_PATH=/workspace/install/auro_interfaces:${AMENT_PREFIX_PATH} CMAKE_PREFIX_PATH=/workspace/install/auro_interfaces LD_LIBRARY_PATH=/workspace/install/auro_interfaces/lib:/opt/ros/humble/opt/rviz_ogre_vendor/lib:/opt/ros/humble/lib/x86_64-linux-gnu:/opt/ros/humble/lib:/usr/lib/x86_64-linux-gnu/gazebo-11/plugins PYTHONPATH=/workspace/build/week_4/prefix_override:/usr/lib/python3/dist-packages/colcon_core/task/python/colcon_distutils_commands:/workspace/install/week_4/lib/python3.10/site-packages:/workspace/install/auro_interfaces/local/lib/python3.10/dist-packages:${PYTHONPATH} /usr/bin/python3 -W ignore:setup.py install is deprecated setup.py develop --editable --build-directory /workspace/build/week_4/build --no-deps symlink_data
