[1.371s] Invoking command in '/workspace/build/week_6': PYTHONPATH=/workspace/build/week_6/prefix_override:/usr/lib/python3/dist-packages/colcon_core/task/python/colcon_distutils_commands:/workspace/install/week_6/lib/python3.10/site-packages:${PYTHONPATH} /usr/bin/python3 -W ignore:setup.py install is deprecated setup.py develop --editable --build-directory /workspace/build/week_6/build --no-deps symlink_data
[1.795s] running develop
[1.795s] /usr/lib/python3/dist-packages/setuptools/command/easy_install.py:158: EasyInstallDeprecationWarning: easy_install command is deprecated. Use build and pip and other standards-based tools.
[1.795s]   warnings.warn(
[1.952s] running egg_info
[1.954s] writing week_6.egg-info/PKG-INFO
[1.954s] writing dependency_links to week_6.egg-info/dependency_links.txt
[1.954s] writing entry points to week_6.egg-info/entry_points.txt
[1.954s] writing requirements to week_6.egg-info/requires.txt
[1.954s] writing top-level names to week_6.egg-info/top_level.txt
[1.957s] reading manifest file 'week_6.egg-info/SOURCES.txt'
[1.958s] writing manifest file 'week_6.egg-info/SOURCES.txt'
[1.960s] running build_ext
[1.961s] Creating /workspace/install/week_6/lib/python3.10/site-packages/week-6.egg-link (link to .)
[1.962s] Installing lidar_fault script to /workspace/install/week_6/lib/week_6
[1.962s] Installing robot_controller script to /workspace/install/week_6/lib/week_6
[1.965s] 
[1.966s] Installed /workspace/build/week_6
[1.966s] running symlink_data
[2.270s] Invoked command in '/workspace/build/week_6' returned '0': PYTHONPATH=/workspace/build/week_6/prefix_override:/usr/lib/python3/dist-packages/colcon_core/task/python/colcon_distutils_commands:/workspace/install/week_6/lib/python3.10/site-packages:${PYTHONPATH} /usr/bin/python3 -W ignore:setup.py install is deprecated setup.py develop --editable --build-directory /workspace/build/week_6/build --no-deps symlink_data
