[3.048s] Invoking command in '/workspace/build/week_1': PYTHONPATH=/workspace/build/week_1/prefix_override:/usr/lib/python3/dist-packages/colcon_core/task/python/colcon_distutils_commands:/workspace/install/week_1/lib/python3.10/site-packages:${PYTHONPATH} /usr/bin/python3 -W ignore:setup.py install is deprecated setup.py develop --editable --build-directory /workspace/build/week_1/build --no-deps symlink_data
[3.873s] running develop
[3.876s] /usr/lib/python3/dist-packages/setuptools/command/easy_install.py:158: EasyInstallDeprecationWarning: easy_install command is deprecated. Use build and pip and other standards-based tools.
[3.880s]   warnings.warn(
[4.361s] running egg_info
[4.361s] writing week_1.egg-info/PKG-INFO
[4.362s] writing dependency_links to week_1.egg-info/dependency_links.txt
[4.362s] writing entry points to week_1.egg-info/entry_points.txt
[4.362s] writing requirements to week_1.egg-info/requires.txt
[4.362s] writing top-level names to week_1.egg-info/top_level.txt
[4.368s] reading manifest file 'week_1.egg-info/SOURCES.txt'
[4.374s] writing manifest file 'week_1.egg-info/SOURCES.txt'
[4.379s] running build_ext
[4.380s] Creating /workspace/install/week_1/lib/python3.10/site-packages/week-1.egg-link (link to .)
[4.380s] Installing turtle_controller script to /workspace/install/week_1/lib/week_1
[4.385s] Installing turtle_listener script to /workspace/install/week_1/lib/week_1
[4.386s] 
[4.387s] Installed /workspace/build/week_1
[4.388s] running symlink_data
[4.498s] Invoked command in '/workspace/build/week_1' returned '0': PYTHONPATH=/workspace/build/week_1/prefix_override:/usr/lib/python3/dist-packages/colcon_core/task/python/colcon_distutils_commands:/workspace/install/week_1/lib/python3.10/site-packages:${PYTHONPATH} /usr/bin/python3 -W ignore:setup.py install is deprecated setup.py develop --editable --build-directory /workspace/build/week_1/build --no-deps symlink_data
