running egg_info
writing ../../build/assessment/assessment.egg-info/PKG-INFO
writing dependency_links to ../../build/assessment/assessment.egg-info/dependency_links.txt
writing entry points to ../../build/assessment/assessment.egg-info/entry_points.txt
writing requirements to ../../build/assessment/assessment.egg-info/requires.txt
writing top-level names to ../../build/assessment/assessment.egg-info/top_level.txt
reading manifest file '../../build/assessment/assessment.egg-info/SOURCES.txt'
writing manifest file '../../build/assessment/assessment.egg-info/SOURCES.txt'
running build
running build_py
running install
running install_lib
running install_data
running install_egg_info
removing '/workspace/install/assessment/lib/python3.10/site-packages/assessment-0.0.0-py3.10.egg-info' (and everything under it)
Copying ../../build/assessment/assessment.egg-info to /workspace/install/assessment/lib/python3.10/site-packages/assessment-0.0.0-py3.10.egg-info
running install_scripts
Installing back_and_forth_controller script to /workspace/install/assessment/lib/assessment
Installing collision_detector script to /workspace/install/assessment/lib/assessment
Installing item_manager script to /workspace/install/assessment/lib/assessment
Installing item_sensor script to /workspace/install/assessment/lib/assessment
Installing lidar_sensor script to /workspace/install/assessment/lib/assessment
Installing priority_manager script to /workspace/install/assessment/lib/assessment
Installing robot_controller script to /workspace/install/assessment/lib/assessment
Installing robot_sensor script to /workspace/install/assessment/lib/assessment
Installing zone_sensor script to /workspace/install/assessment/lib/assessment
writing list of installed files to '/workspace/build/assessment/install.log'
