[2.109s] Invoking command in '/workspace/build/assessment': LD_LIBRARY_PATH=/workspace/install/auro_interfaces/lib:/workspace/install/assessment_interfaces/lib:/opt/ros/humble/opt/rviz_ogre_vendor/lib:/opt/ros/humble/lib/x86_64-linux-gnu:/opt/ros/humble/lib:/usr/lib/x86_64-linux-gnu/gazebo-11/plugins PYTHONPATH=/workspace/build/assessment/prefix_override:/usr/lib/python3/dist-packages/colcon_core/task/python/colcon_distutils_commands:/workspace/install/assessment/lib/python3.10/site-packages:${PYTHONPATH} /usr/bin/python3 -W ignore:setup.py install is deprecated setup.py develop --editable --build-directory /workspace/build/assessment/build --no-deps symlink_data
[2.897s] running develop
[2.898s] /usr/lib/python3/dist-packages/setuptools/command/easy_install.py:158: EasyInstallDeprecationWarning: easy_install command is deprecated. Use build and pip and other standards-based tools.
[2.899s]   warnings.warn(
[3.358s] running egg_info
[3.360s] writing assessment.egg-info/PKG-INFO
[3.362s] writing dependency_links to assessment.egg-info/dependency_links.txt
[3.365s] writing entry points to assessment.egg-info/entry_points.txt
[3.367s] writing requirements to assessment.egg-info/requires.txt
[3.368s] writing top-level names to assessment.egg-info/top_level.txt
[3.372s] reading manifest file 'assessment.egg-info/SOURCES.txt'
[3.374s] writing manifest file 'assessment.egg-info/SOURCES.txt'
[3.379s] running build_ext
[3.379s] Creating /workspace/install/assessment/lib/python3.10/site-packages/assessment.egg-link (link to .)
[3.382s] Installing collision_detector script to /workspace/install/assessment/lib/assessment
[3.384s] Installing item_manager script to /workspace/install/assessment/lib/assessment
[3.384s] Installing item_sensor script to /workspace/install/assessment/lib/assessment
[3.384s] Installing lidar_sensor script to /workspace/install/assessment/lib/assessment
[3.385s] Installing priority_manager script to /workspace/install/assessment/lib/assessment
[3.385s] Installing robot_controller script to /workspace/install/assessment/lib/assessment
[3.392s] Installing robot_sensor script to /workspace/install/assessment/lib/assessment
[3.392s] Installing zone_sensor script to /workspace/install/assessment/lib/assessment
[3.392s] 
[3.392s] Installed /workspace/build/assessment
[3.393s] running symlink_data
[3.523s] Invoked command in '/workspace/build/assessment' returned '0': LD_LIBRARY_PATH=/workspace/install/auro_interfaces/lib:/workspace/install/assessment_interfaces/lib:/opt/ros/humble/opt/rviz_ogre_vendor/lib:/opt/ros/humble/lib/x86_64-linux-gnu:/opt/ros/humble/lib:/usr/lib/x86_64-linux-gnu/gazebo-11/plugins PYTHONPATH=/workspace/build/assessment/prefix_override:/usr/lib/python3/dist-packages/colcon_core/task/python/colcon_distutils_commands:/workspace/install/assessment/lib/python3.10/site-packages:${PYTHONPATH} /usr/bin/python3 -W ignore:setup.py install is deprecated setup.py develop --editable --build-directory /workspace/build/assessment/build --no-deps symlink_data
