[0.160s] DEBUG:colcon:Command line arguments: ['/usr/bin/colcon', 'build', '--symlink-install']
[0.160s] DEBUG:colcon:Parsed command line arguments: Namespace(log_base=None, log_level=None, verb_name='build', build_base='build', install_base='install', merge_install=False, symlink_install=True, test_result_base=None, continue_on_error=False, executor='parallel', parallel_workers=4, event_handlers=None, ignore_user_meta=False, metas=['./colcon.meta'], base_paths=['.'], packages_ignore=None, packages_ignore_regex=None, paths=None, packages_up_to=None, packages_up_to_regex=None, packages_above=None, packages_above_and_dependencies=None, packages_above_depth=None, packages_select_by_dep=None, packages_skip_by_dep=None, packages_skip_up_to=None, packages_select_build_failed=False, packages_skip_build_finished=False, packages_select_test_failures=False, packages_skip_test_passed=False, packages_select=None, packages_skip=None, packages_select_regex=None, packages_skip_regex=None, packages_start=None, packages_end=None, cmake_args=None, cmake_target=None, cmake_target_skip_unavailable=False, cmake_clean_cache=False, cmake_clean_first=False, cmake_force_configure=False, ament_cmake_args=None, catkin_cmake_args=None, catkin_skip_building_tests=False, mixin_files=None, mixin=None, verb_parser=<colcon_mixin.mixin.mixin_argument.MixinArgumentDecorator object at 0x7d62144a8970>, verb_extension=<colcon_core.verb.build.BuildVerb object at 0x7d621447bfd0>, main=<bound method BuildVerb.main of <colcon_core.verb.build.BuildVerb object at 0x7d621447bfd0>>, mixin_verb=('build',))
[0.321s] Level 1:colcon.colcon_core.package_discovery:discover_packages(colcon_meta) check parameters
[0.322s] INFO:colcon.colcon_metadata.package_discovery.colcon_meta:Using configuration from '/root/.colcon/metadata/default/Gazebo.meta'
[0.322s] INFO:colcon.colcon_metadata.package_discovery.colcon_meta:Using configuration from '/root/.colcon/metadata/default/fastrtps.meta'
[0.322s] Level 1:colcon.colcon_core.package_discovery:discover_packages(recursive) check parameters
[0.323s] Level 1:colcon.colcon_core.package_discovery:discover_packages(ignore) check parameters
[0.323s] Level 1:colcon.colcon_core.package_discovery:discover_packages(path) check parameters
[0.323s] Level 1:colcon.colcon_core.package_discovery:discover_packages(colcon_meta) discover
[0.323s] Level 1:colcon.colcon_core.package_discovery:discover_packages(recursive) discover
[0.323s] INFO:colcon.colcon_core.package_discovery:Crawling recursively for packages in '/workspace'
[0.323s] Level 1:colcon.colcon_core.package_identification:_identify(.) by extensions ['ignore', 'ignore_ament_install']
[0.323s] Level 1:colcon.colcon_core.package_identification:_identify(.) by extension 'ignore'
[0.323s] Level 1:colcon.colcon_core.package_identification:_identify(.) by extension 'ignore_ament_install'
[0.323s] Level 1:colcon.colcon_core.package_identification:_identify(.) by extensions ['colcon_pkg']
[0.323s] Level 1:colcon.colcon_core.package_identification:_identify(.) by extension 'colcon_pkg'
[0.323s] Level 1:colcon.colcon_core.package_identification:_identify(.) by extensions ['colcon_meta']
[0.323s] Level 1:colcon.colcon_core.package_identification:_identify(.) by extension 'colcon_meta'
[0.323s] Level 1:colcon.colcon_core.package_identification:_identify(.) by extensions ['ros']
[0.323s] Level 1:colcon.colcon_core.package_identification:_identify(.) by extension 'ros'
[0.335s] Level 1:colcon.colcon_core.package_identification:_identify(.) by extensions ['cmake', 'python']
[0.335s] Level 1:colcon.colcon_core.package_identification:_identify(.) by extension 'cmake'
[0.335s] Level 1:colcon.colcon_core.package_identification:_identify(.) by extension 'python'
[0.335s] Level 1:colcon.colcon_core.package_identification:_identify(.) by extensions ['python_setup_py']
[0.336s] Level 1:colcon.colcon_core.package_identification:_identify(.) by extension 'python_setup_py'
[0.336s] Level 1:colcon.colcon_core.package_identification:_identify(AURO) by extensions ['ignore', 'ignore_ament_install']
[0.336s] Level 1:colcon.colcon_core.package_identification:_identify(AURO) by extension 'ignore'
[0.336s] Level 1:colcon.colcon_core.package_identification:_identify(AURO) by extension 'ignore_ament_install'
[0.336s] Level 1:colcon.colcon_core.package_identification:_identify(AURO) by extensions ['colcon_pkg']
[0.336s] Level 1:colcon.colcon_core.package_identification:_identify(AURO) by extension 'colcon_pkg'
[0.336s] Level 1:colcon.colcon_core.package_identification:_identify(AURO) by extensions ['colcon_meta']
[0.336s] Level 1:colcon.colcon_core.package_identification:_identify(AURO) by extension 'colcon_meta'
[0.336s] Level 1:colcon.colcon_core.package_identification:_identify(AURO) by extensions ['ros']
[0.336s] Level 1:colcon.colcon_core.package_identification:_identify(AURO) by extension 'ros'
[0.336s] Level 1:colcon.colcon_core.package_identification:_identify(AURO) by extensions ['cmake', 'python']
[0.336s] Level 1:colcon.colcon_core.package_identification:_identify(AURO) by extension 'cmake'
[0.336s] Level 1:colcon.colcon_core.package_identification:_identify(AURO) by extension 'python'
[0.336s] Level 1:colcon.colcon_core.package_identification:_identify(AURO) by extensions ['python_setup_py']
[0.336s] Level 1:colcon.colcon_core.package_identification:_identify(AURO) by extension 'python_setup_py'
[0.336s] Level 1:colcon.colcon_core.package_identification:_identify(AURO/assessment) by extensions ['ignore', 'ignore_ament_install']
[0.337s] Level 1:colcon.colcon_core.package_identification:_identify(AURO/assessment) by extension 'ignore'
[0.337s] Level 1:colcon.colcon_core.package_identification:_identify(AURO/assessment) by extension 'ignore_ament_install'
[0.337s] Level 1:colcon.colcon_core.package_identification:_identify(AURO/assessment) by extensions ['colcon_pkg']
[0.337s] Level 1:colcon.colcon_core.package_identification:_identify(AURO/assessment) by extension 'colcon_pkg'
[0.337s] Level 1:colcon.colcon_core.package_identification:_identify(AURO/assessment) by extensions ['colcon_meta']
[0.337s] Level 1:colcon.colcon_core.package_identification:_identify(AURO/assessment) by extension 'colcon_meta'
[0.337s] Level 1:colcon.colcon_core.package_identification:_identify(AURO/assessment) by extensions ['ros']
[0.337s] Level 1:colcon.colcon_core.package_identification:_identify(AURO/assessment) by extension 'ros'
[0.339s] DEBUG:colcon.colcon_core.package_identification:Package 'AURO/assessment' with type 'ros.ament_python' and name 'assessment'
[0.339s] Level 1:colcon.colcon_core.package_identification:_identify(AURO/assessment_interfaces) by extensions ['ignore', 'ignore_ament_install']
[0.339s] Level 1:colcon.colcon_core.package_identification:_identify(AURO/assessment_interfaces) by extension 'ignore'
[0.339s] Level 1:colcon.colcon_core.package_identification:_identify(AURO/assessment_interfaces) by extension 'ignore_ament_install'
[0.340s] Level 1:colcon.colcon_core.package_identification:_identify(AURO/assessment_interfaces) by extensions ['colcon_pkg']
[0.340s] Level 1:colcon.colcon_core.package_identification:_identify(AURO/assessment_interfaces) by extension 'colcon_pkg'
[0.340s] Level 1:colcon.colcon_core.package_identification:_identify(AURO/assessment_interfaces) by extensions ['colcon_meta']
[0.340s] Level 1:colcon.colcon_core.package_identification:_identify(AURO/assessment_interfaces) by extension 'colcon_meta'
[0.340s] Level 1:colcon.colcon_core.package_identification:_identify(AURO/assessment_interfaces) by extensions ['ros']
[0.340s] Level 1:colcon.colcon_core.package_identification:_identify(AURO/assessment_interfaces) by extension 'ros'
[0.340s] DEBUG:colcon.colcon_core.package_identification:Package 'AURO/assessment_interfaces' with type 'ros.ament_cmake' and name 'assessment_interfaces'
[0.340s] Level 1:colcon.colcon_core.package_identification:_identify(AURO/auro_interfaces) by extensions ['ignore', 'ignore_ament_install']
[0.341s] Level 1:colcon.colcon_core.package_identification:_identify(AURO/auro_interfaces) by extension 'ignore'
[0.341s] Level 1:colcon.colcon_core.package_identification:_identify(AURO/auro_interfaces) by extension 'ignore_ament_install'
[0.341s] Level 1:colcon.colcon_core.package_identification:_identify(AURO/auro_interfaces) by extensions ['colcon_pkg']
[0.341s] Level 1:colcon.colcon_core.package_identification:_identify(AURO/auro_interfaces) by extension 'colcon_pkg'
[0.341s] Level 1:colcon.colcon_core.package_identification:_identify(AURO/auro_interfaces) by extensions ['colcon_meta']
[0.341s] Level 1:colcon.colcon_core.package_identification:_identify(AURO/auro_interfaces) by extension 'colcon_meta'
[0.341s] Level 1:colcon.colcon_core.package_identification:_identify(AURO/auro_interfaces) by extensions ['ros']
[0.341s] Level 1:colcon.colcon_core.package_identification:_identify(AURO/auro_interfaces) by extension 'ros'
[0.342s] DEBUG:colcon.colcon_core.package_identification:Package 'AURO/auro_interfaces' with type 'ros.ament_cmake' and name 'auro_interfaces'
[0.342s] Level 1:colcon.colcon_core.package_identification:_identify(AURO/solution) by extensions ['ignore', 'ignore_ament_install']
[0.342s] Level 1:colcon.colcon_core.package_identification:_identify(AURO/solution) by extension 'ignore'
[0.342s] Level 1:colcon.colcon_core.package_identification:_identify(AURO/solution) by extension 'ignore_ament_install'
[0.342s] Level 1:colcon.colcon_core.package_identification:_identify(AURO/solution) by extensions ['colcon_pkg']
[0.342s] Level 1:colcon.colcon_core.package_identification:_identify(AURO/solution) by extension 'colcon_pkg'
[0.342s] Level 1:colcon.colcon_core.package_identification:_identify(AURO/solution) by extensions ['colcon_meta']
[0.342s] Level 1:colcon.colcon_core.package_identification:_identify(AURO/solution) by extension 'colcon_meta'
[0.342s] Level 1:colcon.colcon_core.package_identification:_identify(AURO/solution) by extensions ['ros']
[0.342s] Level 1:colcon.colcon_core.package_identification:_identify(AURO/solution) by extension 'ros'
[0.343s] DEBUG:colcon.colcon_core.package_identification:Package 'AURO/solution' with type 'ros.ament_python' and name 'solution'
[0.343s] Level 1:colcon.colcon_core.package_identification:_identify(AURO/tf_relay) by extensions ['ignore', 'ignore_ament_install']
[0.343s] Level 1:colcon.colcon_core.package_identification:_identify(AURO/tf_relay) by extension 'ignore'
[0.343s] Level 1:colcon.colcon_core.package_identification:_identify(AURO/tf_relay) by extension 'ignore_ament_install'
[0.343s] Level 1:colcon.colcon_core.package_identification:_identify(AURO/tf_relay) by extensions ['colcon_pkg']
[0.343s] Level 1:colcon.colcon_core.package_identification:_identify(AURO/tf_relay) by extension 'colcon_pkg'
[0.343s] Level 1:colcon.colcon_core.package_identification:_identify(AURO/tf_relay) by extensions ['colcon_meta']
[0.343s] Level 1:colcon.colcon_core.package_identification:_identify(AURO/tf_relay) by extension 'colcon_meta'
[0.343s] Level 1:colcon.colcon_core.package_identification:_identify(AURO/tf_relay) by extensions ['ros']
[0.343s] Level 1:colcon.colcon_core.package_identification:_identify(AURO/tf_relay) by extension 'ros'
[0.344s] DEBUG:colcon.colcon_core.package_identification:Package 'AURO/tf_relay' with type 'ros.ament_python' and name 'tf_relay'
[0.344s] Level 1:colcon.colcon_core.package_identification:_identify(assessment.egg-info) by extensions ['ignore', 'ignore_ament_install']
[0.344s] Level 1:colcon.colcon_core.package_identification:_identify(assessment.egg-info) by extension 'ignore'
[0.344s] Level 1:colcon.colcon_core.package_identification:_identify(assessment.egg-info) by extension 'ignore_ament_install'
[0.344s] Level 1:colcon.colcon_core.package_identification:_identify(assessment.egg-info) by extensions ['colcon_pkg']
[0.344s] Level 1:colcon.colcon_core.package_identification:_identify(assessment.egg-info) by extension 'colcon_pkg'
[0.344s] Level 1:colcon.colcon_core.package_identification:_identify(assessment.egg-info) by extensions ['colcon_meta']
[0.344s] Level 1:colcon.colcon_core.package_identification:_identify(assessment.egg-info) by extension 'colcon_meta'
[0.344s] Level 1:colcon.colcon_core.package_identification:_identify(assessment.egg-info) by extensions ['ros']
[0.344s] Level 1:colcon.colcon_core.package_identification:_identify(assessment.egg-info) by extension 'ros'
[0.344s] Level 1:colcon.colcon_core.package_identification:_identify(assessment.egg-info) by extensions ['cmake', 'python']
[0.344s] Level 1:colcon.colcon_core.package_identification:_identify(assessment.egg-info) by extension 'cmake'
[0.344s] Level 1:colcon.colcon_core.package_identification:_identify(assessment.egg-info) by extension 'python'
[0.344s] Level 1:colcon.colcon_core.package_identification:_identify(assessment.egg-info) by extensions ['python_setup_py']
[0.344s] Level 1:colcon.colcon_core.package_identification:_identify(assessment.egg-info) by extension 'python_setup_py'
[0.345s] Level 1:colcon.colcon_core.package_identification:_identify(build) by extensions ['ignore', 'ignore_ament_install']
[0.345s] Level 1:colcon.colcon_core.package_identification:_identify(build) by extension 'ignore'
[0.345s] Level 1:colcon.colcon_core.package_identification:_identify(build) ignored
[0.345s] Level 1:colcon.colcon_core.package_identification:_identify(install) by extensions ['ignore', 'ignore_ament_install']
[0.345s] Level 1:colcon.colcon_core.package_identification:_identify(install) by extension 'ignore'
[0.345s] Level 1:colcon.colcon_core.package_identification:_identify(install) ignored
[0.345s] Level 1:colcon.colcon_core.package_identification:_identify(log) by extensions ['ignore', 'ignore_ament_install']
[0.345s] Level 1:colcon.colcon_core.package_identification:_identify(log) by extension 'ignore'
[0.345s] Level 1:colcon.colcon_core.package_identification:_identify(log) ignored
[0.345s] Level 1:colcon.colcon_core.package_discovery:discover_packages(recursive) using defaults
[0.345s] Level 1:colcon.colcon_core.package_discovery:discover_packages(ignore) discover
[0.345s] Level 1:colcon.colcon_core.package_discovery:discover_packages(ignore) using defaults
[0.345s] Level 1:colcon.colcon_core.package_discovery:discover_packages(path) discover
[0.345s] Level 1:colcon.colcon_core.package_discovery:discover_packages(path) using defaults
[0.366s] Level 5:colcon.colcon_core.verb:set package 'assessment_interfaces' build argument 'cmake_args' from command line to 'None'
[0.367s] Level 5:colcon.colcon_core.verb:set package 'assessment_interfaces' build argument 'cmake_target' from command line to 'None'
[0.367s] Level 5:colcon.colcon_core.verb:set package 'assessment_interfaces' build argument 'cmake_target_skip_unavailable' from command line to 'False'
[0.367s] Level 5:colcon.colcon_core.verb:set package 'assessment_interfaces' build argument 'cmake_clean_cache' from command line to 'False'
[0.367s] Level 5:colcon.colcon_core.verb:set package 'assessment_interfaces' build argument 'cmake_clean_first' from command line to 'False'
[0.367s] Level 5:colcon.colcon_core.verb:set package 'assessment_interfaces' build argument 'cmake_force_configure' from command line to 'False'
[0.367s] Level 5:colcon.colcon_core.verb:set package 'assessment_interfaces' build argument 'ament_cmake_args' from command line to 'None'
[0.367s] Level 5:colcon.colcon_core.verb:set package 'assessment_interfaces' build argument 'catkin_cmake_args' from command line to 'None'
[0.367s] Level 5:colcon.colcon_core.verb:set package 'assessment_interfaces' build argument 'catkin_skip_building_tests' from command line to 'False'
[0.367s] DEBUG:colcon.colcon_core.verb:Building package 'assessment_interfaces' with the following arguments: {'ament_cmake_args': None, 'build_base': '/workspace/build/assessment_interfaces', 'catkin_cmake_args': None, 'catkin_skip_building_tests': False, 'cmake_args': None, 'cmake_clean_cache': False, 'cmake_clean_first': False, 'cmake_force_configure': False, 'cmake_target': None, 'cmake_target_skip_unavailable': False, 'install_base': '/workspace/install/assessment_interfaces', 'merge_install': False, 'path': '/workspace/AURO/assessment_interfaces', 'symlink_install': True, 'test_result_base': None}
[0.367s] Level 5:colcon.colcon_core.verb:set package 'auro_interfaces' build argument 'cmake_args' from command line to 'None'
[0.367s] Level 5:colcon.colcon_core.verb:set package 'auro_interfaces' build argument 'cmake_target' from command line to 'None'
[0.367s] Level 5:colcon.colcon_core.verb:set package 'auro_interfaces' build argument 'cmake_target_skip_unavailable' from command line to 'False'
[0.367s] Level 5:colcon.colcon_core.verb:set package 'auro_interfaces' build argument 'cmake_clean_cache' from command line to 'False'
[0.367s] Level 5:colcon.colcon_core.verb:set package 'auro_interfaces' build argument 'cmake_clean_first' from command line to 'False'
[0.367s] Level 5:colcon.colcon_core.verb:set package 'auro_interfaces' build argument 'cmake_force_configure' from command line to 'False'
[0.367s] Level 5:colcon.colcon_core.verb:set package 'auro_interfaces' build argument 'ament_cmake_args' from command line to 'None'
[0.367s] Level 5:colcon.colcon_core.verb:set package 'auro_interfaces' build argument 'catkin_cmake_args' from command line to 'None'
[0.367s] Level 5:colcon.colcon_core.verb:set package 'auro_interfaces' build argument 'catkin_skip_building_tests' from command line to 'False'
[0.367s] DEBUG:colcon.colcon_core.verb:Building package 'auro_interfaces' with the following arguments: {'ament_cmake_args': None, 'build_base': '/workspace/build/auro_interfaces', 'catkin_cmake_args': None, 'catkin_skip_building_tests': False, 'cmake_args': None, 'cmake_clean_cache': False, 'cmake_clean_first': False, 'cmake_force_configure': False, 'cmake_target': None, 'cmake_target_skip_unavailable': False, 'install_base': '/workspace/install/auro_interfaces', 'merge_install': False, 'path': '/workspace/AURO/auro_interfaces', 'symlink_install': True, 'test_result_base': None}
[0.368s] Level 5:colcon.colcon_core.verb:set package 'solution' build argument 'cmake_args' from command line to 'None'
[0.368s] Level 5:colcon.colcon_core.verb:set package 'solution' build argument 'cmake_target' from command line to 'None'
[0.368s] Level 5:colcon.colcon_core.verb:set package 'solution' build argument 'cmake_target_skip_unavailable' from command line to 'False'
[0.368s] Level 5:colcon.colcon_core.verb:set package 'solution' build argument 'cmake_clean_cache' from command line to 'False'
[0.368s] Level 5:colcon.colcon_core.verb:set package 'solution' build argument 'cmake_clean_first' from command line to 'False'
[0.368s] Level 5:colcon.colcon_core.verb:set package 'solution' build argument 'cmake_force_configure' from command line to 'False'
[0.368s] Level 5:colcon.colcon_core.verb:set package 'solution' build argument 'ament_cmake_args' from command line to 'None'
[0.368s] Level 5:colcon.colcon_core.verb:set package 'solution' build argument 'catkin_cmake_args' from command line to 'None'
[0.368s] Level 5:colcon.colcon_core.verb:set package 'solution' build argument 'catkin_skip_building_tests' from command line to 'False'
[0.368s] DEBUG:colcon.colcon_core.verb:Building package 'solution' with the following arguments: {'ament_cmake_args': None, 'build_base': '/workspace/build/solution', 'catkin_cmake_args': None, 'catkin_skip_building_tests': False, 'cmake_args': None, 'cmake_clean_cache': False, 'cmake_clean_first': False, 'cmake_force_configure': False, 'cmake_target': None, 'cmake_target_skip_unavailable': False, 'install_base': '/workspace/install/solution', 'merge_install': False, 'path': '/workspace/AURO/solution', 'symlink_install': True, 'test_result_base': None}
[0.368s] Level 5:colcon.colcon_core.verb:set package 'tf_relay' build argument 'cmake_args' from command line to 'None'
[0.368s] Level 5:colcon.colcon_core.verb:set package 'tf_relay' build argument 'cmake_target' from command line to 'None'
[0.368s] Level 5:colcon.colcon_core.verb:set package 'tf_relay' build argument 'cmake_target_skip_unavailable' from command line to 'False'
[0.368s] Level 5:colcon.colcon_core.verb:set package 'tf_relay' build argument 'cmake_clean_cache' from command line to 'False'
[0.369s] Level 5:colcon.colcon_core.verb:set package 'tf_relay' build argument 'cmake_clean_first' from command line to 'False'
[0.369s] Level 5:colcon.colcon_core.verb:set package 'tf_relay' build argument 'cmake_force_configure' from command line to 'False'
[0.369s] Level 5:colcon.colcon_core.verb:set package 'tf_relay' build argument 'ament_cmake_args' from command line to 'None'
[0.369s] Level 5:colcon.colcon_core.verb:set package 'tf_relay' build argument 'catkin_cmake_args' from command line to 'None'
[0.369s] Level 5:colcon.colcon_core.verb:set package 'tf_relay' build argument 'catkin_skip_building_tests' from command line to 'False'
[0.369s] DEBUG:colcon.colcon_core.verb:Building package 'tf_relay' with the following arguments: {'ament_cmake_args': None, 'build_base': '/workspace/build/tf_relay', 'catkin_cmake_args': None, 'catkin_skip_building_tests': False, 'cmake_args': None, 'cmake_clean_cache': False, 'cmake_clean_first': False, 'cmake_force_configure': False, 'cmake_target': None, 'cmake_target_skip_unavailable': False, 'install_base': '/workspace/install/tf_relay', 'merge_install': False, 'path': '/workspace/AURO/tf_relay', 'symlink_install': True, 'test_result_base': None}
[0.369s] Level 5:colcon.colcon_core.verb:set package 'assessment' build argument 'cmake_args' from command line to 'None'
[0.369s] Level 5:colcon.colcon_core.verb:set package 'assessment' build argument 'cmake_target' from command line to 'None'
[0.369s] Level 5:colcon.colcon_core.verb:set package 'assessment' build argument 'cmake_target_skip_unavailable' from command line to 'False'
[0.369s] Level 5:colcon.colcon_core.verb:set package 'assessment' build argument 'cmake_clean_cache' from command line to 'False'
[0.369s] Level 5:colcon.colcon_core.verb:set package 'assessment' build argument 'cmake_clean_first' from command line to 'False'
[0.369s] Level 5:colcon.colcon_core.verb:set package 'assessment' build argument 'cmake_force_configure' from command line to 'False'
[0.369s] Level 5:colcon.colcon_core.verb:set package 'assessment' build argument 'ament_cmake_args' from command line to 'None'
[0.369s] Level 5:colcon.colcon_core.verb:set package 'assessment' build argument 'catkin_cmake_args' from command line to 'None'
[0.369s] Level 5:colcon.colcon_core.verb:set package 'assessment' build argument 'catkin_skip_building_tests' from command line to 'False'
[0.369s] DEBUG:colcon.colcon_core.verb:Building package 'assessment' with the following arguments: {'ament_cmake_args': None, 'build_base': '/workspace/build/assessment', 'catkin_cmake_args': None, 'catkin_skip_building_tests': False, 'cmake_args': None, 'cmake_clean_cache': False, 'cmake_clean_first': False, 'cmake_force_configure': False, 'cmake_target': None, 'cmake_target_skip_unavailable': False, 'install_base': '/workspace/install/assessment', 'merge_install': False, 'path': '/workspace/AURO/assessment', 'symlink_install': True, 'test_result_base': None}
[0.369s] INFO:colcon.colcon_core.executor:Executing jobs using 'parallel' executor
[0.371s] DEBUG:colcon.colcon_parallel_executor.executor.parallel:run_until_complete
[0.371s] INFO:colcon.colcon_ros.task.ament_cmake.build:Building ROS package in '/workspace/AURO/auro_interfaces' with build type 'ament_cmake'
[0.371s] INFO:colcon.colcon_cmake.task.cmake.build:Building CMake package in '/workspace/AURO/auro_interfaces'
[0.374s] INFO:colcon.colcon_core.plugin_system:Skipping extension 'colcon_core.shell.bat': Not used on non-Windows systems
[0.374s] INFO:colcon.colcon_core.shell:Skip shell extension 'powershell' for command environment: Not usable outside of PowerShell
[0.375s] DEBUG:colcon.colcon_core.shell:Skip shell extension 'dsv' for command environment
[0.380s] INFO:colcon.colcon_ros.task.ament_cmake.build:Building ROS package in '/workspace/AURO/assessment_interfaces' with build type 'ament_cmake'
[0.380s] INFO:colcon.colcon_cmake.task.cmake.build:Building CMake package in '/workspace/AURO/assessment_interfaces'
[0.380s] INFO:colcon.colcon_core.shell:Skip shell extension 'powershell' for command environment: Not usable outside of PowerShell
[0.381s] DEBUG:colcon.colcon_core.shell:Skip shell extension 'dsv' for command environment
[0.386s] INFO:colcon.colcon_ros.task.ament_python.build:Building ROS package in '/workspace/AURO/solution' with build type 'ament_python'
[0.386s] Level 1:colcon.colcon_core.shell:create_environment_hook('solution', 'ament_prefix_path')
[0.387s] INFO:colcon.colcon_core.shell:Creating environment hook '/workspace/install/solution/share/solution/hook/ament_prefix_path.ps1'
[0.388s] INFO:colcon.colcon_core.shell:Creating environment descriptor '/workspace/install/solution/share/solution/hook/ament_prefix_path.dsv'
[0.389s] INFO:colcon.colcon_core.shell:Creating environment hook '/workspace/install/solution/share/solution/hook/ament_prefix_path.sh'
[0.390s] INFO:colcon.colcon_core.shell:Skip shell extension 'powershell' for command environment: Not usable outside of PowerShell
[0.390s] DEBUG:colcon.colcon_core.shell:Skip shell extension 'dsv' for command environment
[0.393s] INFO:colcon.colcon_ros.task.ament_python.build:Building ROS package in '/workspace/AURO/tf_relay' with build type 'ament_python'
[0.394s] Level 1:colcon.colcon_core.shell:create_environment_hook('tf_relay', 'ament_prefix_path')
[0.394s] INFO:colcon.colcon_core.shell:Creating environment hook '/workspace/install/tf_relay/share/tf_relay/hook/ament_prefix_path.ps1'
[0.394s] INFO:colcon.colcon_core.shell:Creating environment descriptor '/workspace/install/tf_relay/share/tf_relay/hook/ament_prefix_path.dsv'
[0.395s] INFO:colcon.colcon_core.shell:Creating environment hook '/workspace/install/tf_relay/share/tf_relay/hook/ament_prefix_path.sh'
[0.396s] INFO:colcon.colcon_core.shell:Skip shell extension 'powershell' for command environment: Not usable outside of PowerShell
[0.396s] DEBUG:colcon.colcon_core.shell:Skip shell extension 'dsv' for command environment
[0.406s] DEBUG:colcon.colcon_core.event_handler.log_command:Invoking command in '/workspace/build/auro_interfaces': CMAKE_PREFIX_PATH=/opt/ros/humble /usr/bin/cmake --build /workspace/build/auro_interfaces -- -j4 -l4
[0.413s] DEBUG:colcon.colcon_core.event_handler.log_command:Invoking command in '/workspace/build/assessment_interfaces': CMAKE_PREFIX_PATH=/opt/ros/humble /usr/bin/cmake --build /workspace/build/assessment_interfaces -- -j4 -l4
[1.014s] INFO:colcon.colcon_core.task.python.build:Building Python package in '/workspace/AURO/solution'
[1.014s] INFO:colcon.colcon_core.shell:Skip shell extension 'powershell' for command environment: Not usable outside of PowerShell
[1.014s] DEBUG:colcon.colcon_core.shell:Skip shell extension 'dsv' for command environment
[1.426s] INFO:colcon.colcon_core.task.python.build:Building Python package in '/workspace/AURO/tf_relay'
[1.426s] INFO:colcon.colcon_core.shell:Skip shell extension 'powershell' for command environment: Not usable outside of PowerShell
[1.426s] DEBUG:colcon.colcon_core.shell:Skip shell extension 'dsv' for command environment
[1.436s] DEBUG:colcon.colcon_core.event_handler.log_command:Invoked command in '/workspace/build/auro_interfaces' returned '0': CMAKE_PREFIX_PATH=/opt/ros/humble /usr/bin/cmake --build /workspace/build/auro_interfaces -- -j4 -l4
[1.438s] DEBUG:colcon.colcon_core.event_handler.log_command:Invoked command in '/workspace/build/assessment_interfaces' returned '0': CMAKE_PREFIX_PATH=/opt/ros/humble /usr/bin/cmake --build /workspace/build/assessment_interfaces -- -j4 -l4
[1.712s] DEBUG:colcon.colcon_core.event_handler.log_command:Invoking command in '/workspace/build/auro_interfaces': CMAKE_PREFIX_PATH=/opt/ros/humble /usr/bin/cmake --install /workspace/build/auro_interfaces
[1.892s] DEBUG:colcon.colcon_core.event_handler.log_command:Invoking command in '/workspace/build/assessment_interfaces': CMAKE_PREFIX_PATH=/opt/ros/humble /usr/bin/cmake --install /workspace/build/assessment_interfaces
[1.935s] Level 1:colcon.colcon_core.environment:create_environment_scripts_only(auro_interfaces)
[1.937s] DEBUG:colcon.colcon_core.event_handler.log_command:Invoked command in '/workspace/build/auro_interfaces' returned '0': CMAKE_PREFIX_PATH=/opt/ros/humble /usr/bin/cmake --install /workspace/build/auro_interfaces
[1.945s] Level 1:colcon.colcon_core.environment:checking '/workspace/install/auro_interfaces' for CMake module files
[1.949s] Level 1:colcon.colcon_core.environment:checking '/workspace/install/auro_interfaces' for CMake config files
[1.950s] Level 1:colcon.colcon_core.shell:create_environment_hook('auro_interfaces', 'cmake_prefix_path')
[1.952s] INFO:colcon.colcon_core.shell:Creating environment hook '/workspace/install/auro_interfaces/share/auro_interfaces/hook/cmake_prefix_path.ps1'
[1.952s] INFO:colcon.colcon_core.shell:Creating environment descriptor '/workspace/install/auro_interfaces/share/auro_interfaces/hook/cmake_prefix_path.dsv'
[1.954s] INFO:colcon.colcon_core.shell:Creating environment hook '/workspace/install/auro_interfaces/share/auro_interfaces/hook/cmake_prefix_path.sh'
[1.957s] Level 1:colcon.colcon_core.environment:checking '/workspace/install/auro_interfaces/lib'
[1.958s] Level 1:colcon.colcon_core.shell:create_environment_hook('auro_interfaces', 'ld_library_path_lib')
[1.959s] INFO:colcon.colcon_core.shell:Creating environment hook '/workspace/install/auro_interfaces/share/auro_interfaces/hook/ld_library_path_lib.ps1'
[1.963s] INFO:colcon.colcon_core.shell:Creating environment descriptor '/workspace/install/auro_interfaces/share/auro_interfaces/hook/ld_library_path_lib.dsv'
[1.963s] INFO:colcon.colcon_core.shell:Creating environment hook '/workspace/install/auro_interfaces/share/auro_interfaces/hook/ld_library_path_lib.sh'
[1.964s] Level 1:colcon.colcon_core.environment:checking '/workspace/install/auro_interfaces/bin'
[1.964s] Level 1:colcon.colcon_core.environment:checking '/workspace/install/auro_interfaces/lib/pkgconfig/auro_interfaces.pc'
[1.965s] Level 1:colcon.colcon_core.environment:checking '/workspace/install/auro_interfaces/lib/python3.10/site-packages'
[1.965s] Level 1:colcon.colcon_core.environment:checking '/workspace/install/auro_interfaces/bin'
[1.966s] INFO:colcon.colcon_core.shell:Creating package script '/workspace/install/auro_interfaces/share/auro_interfaces/package.ps1'
[1.973s] INFO:colcon.colcon_core.shell:Creating package descriptor '/workspace/install/auro_interfaces/share/auro_interfaces/package.dsv'
[1.974s] INFO:colcon.colcon_core.shell:Creating package script '/workspace/install/auro_interfaces/share/auro_interfaces/package.sh'
[1.977s] INFO:colcon.colcon_core.shell:Creating package script '/workspace/install/auro_interfaces/share/auro_interfaces/package.bash'
[1.978s] INFO:colcon.colcon_core.shell:Creating package script '/workspace/install/auro_interfaces/share/auro_interfaces/package.zsh'
[1.980s] Level 1:colcon.colcon_core.environment:create_file_with_runtime_dependencies(/workspace/install/auro_interfaces/share/colcon-core/packages/auro_interfaces)
[2.084s] Level 1:colcon.colcon_core.environment:create_environment_scripts_only(assessment_interfaces)
[2.084s] DEBUG:colcon.colcon_core.event_handler.log_command:Invoked command in '/workspace/build/assessment_interfaces' returned '0': CMAKE_PREFIX_PATH=/opt/ros/humble /usr/bin/cmake --install /workspace/build/assessment_interfaces
[2.085s] Level 1:colcon.colcon_core.environment:checking '/workspace/install/assessment_interfaces' for CMake module files
[2.086s] Level 1:colcon.colcon_core.environment:checking '/workspace/install/assessment_interfaces' for CMake config files
[2.088s] Level 1:colcon.colcon_core.shell:create_environment_hook('assessment_interfaces', 'cmake_prefix_path')
[2.088s] INFO:colcon.colcon_core.shell:Creating environment hook '/workspace/install/assessment_interfaces/share/assessment_interfaces/hook/cmake_prefix_path.ps1'
[2.089s] INFO:colcon.colcon_core.shell:Creating environment descriptor '/workspace/install/assessment_interfaces/share/assessment_interfaces/hook/cmake_prefix_path.dsv'
[2.090s] INFO:colcon.colcon_core.shell:Creating environment hook '/workspace/install/assessment_interfaces/share/assessment_interfaces/hook/cmake_prefix_path.sh'
[2.091s] Level 1:colcon.colcon_core.environment:checking '/workspace/install/assessment_interfaces/lib'
[2.091s] Level 1:colcon.colcon_core.shell:create_environment_hook('assessment_interfaces', 'ld_library_path_lib')
[2.091s] INFO:colcon.colcon_core.shell:Creating environment hook '/workspace/install/assessment_interfaces/share/assessment_interfaces/hook/ld_library_path_lib.ps1'
[2.093s] INFO:colcon.colcon_core.shell:Creating environment descriptor '/workspace/install/assessment_interfaces/share/assessment_interfaces/hook/ld_library_path_lib.dsv'
[2.094s] INFO:colcon.colcon_core.shell:Creating environment hook '/workspace/install/assessment_interfaces/share/assessment_interfaces/hook/ld_library_path_lib.sh'
[2.094s] Level 1:colcon.colcon_core.environment:checking '/workspace/install/assessment_interfaces/bin'
[2.094s] Level 1:colcon.colcon_core.environment:checking '/workspace/install/assessment_interfaces/lib/pkgconfig/assessment_interfaces.pc'
[2.095s] Level 1:colcon.colcon_core.environment:checking '/workspace/install/assessment_interfaces/lib/python3.10/site-packages'
[2.095s] Level 1:colcon.colcon_core.environment:checking '/workspace/install/assessment_interfaces/bin'
[2.096s] INFO:colcon.colcon_core.shell:Creating package script '/workspace/install/assessment_interfaces/share/assessment_interfaces/package.ps1'
[2.096s] INFO:colcon.colcon_core.shell:Creating package descriptor '/workspace/install/assessment_interfaces/share/assessment_interfaces/package.dsv'
[2.097s] INFO:colcon.colcon_core.shell:Creating package script '/workspace/install/assessment_interfaces/share/assessment_interfaces/package.sh'
[2.098s] INFO:colcon.colcon_core.shell:Creating package script '/workspace/install/assessment_interfaces/share/assessment_interfaces/package.bash'
[2.098s] INFO:colcon.colcon_core.shell:Creating package script '/workspace/install/assessment_interfaces/share/assessment_interfaces/package.zsh'
[2.099s] Level 1:colcon.colcon_core.environment:create_file_with_runtime_dependencies(/workspace/install/assessment_interfaces/share/colcon-core/packages/assessment_interfaces)
[2.167s] DEBUG:colcon.colcon_core.event_handler.log_command:Invoking command in '/workspace/build/solution': PYTHONPATH=/workspace/build/solution/prefix_override:/usr/lib/python3/dist-packages/colcon_core/task/python/colcon_distutils_commands:/workspace/install/solution/lib/python3.10/site-packages:${PYTHONPATH} /usr/bin/python3 -W ignore:setup.py install is deprecated setup.py develop --editable --build-directory /workspace/build/solution/build --no-deps symlink_data
[2.239s] Level 1:colcon.colcon_core.environment:create_environment_scripts_only(auro_interfaces)
[2.239s] Level 1:colcon.colcon_core.environment:checking '/workspace/install/auro_interfaces' for CMake module files
[2.240s] Level 1:colcon.colcon_core.environment:checking '/workspace/install/auro_interfaces' for CMake config files
[2.241s] Level 1:colcon.colcon_core.shell:create_environment_hook('auro_interfaces', 'cmake_prefix_path')
[2.242s] INFO:colcon.colcon_core.shell:Creating environment hook '/workspace/install/auro_interfaces/share/auro_interfaces/hook/cmake_prefix_path.ps1'
[2.243s] INFO:colcon.colcon_core.shell:Creating environment descriptor '/workspace/install/auro_interfaces/share/auro_interfaces/hook/cmake_prefix_path.dsv'
[2.245s] INFO:colcon.colcon_core.shell:Creating environment hook '/workspace/install/auro_interfaces/share/auro_interfaces/hook/cmake_prefix_path.sh'
[2.246s] Level 1:colcon.colcon_core.environment:checking '/workspace/install/auro_interfaces/lib'
[2.246s] Level 1:colcon.colcon_core.shell:create_environment_hook('auro_interfaces', 'ld_library_path_lib')
[2.247s] INFO:colcon.colcon_core.shell:Creating environment hook '/workspace/install/auro_interfaces/share/auro_interfaces/hook/ld_library_path_lib.ps1'
[2.249s] INFO:colcon.colcon_core.shell:Creating environment descriptor '/workspace/install/auro_interfaces/share/auro_interfaces/hook/ld_library_path_lib.dsv'
[2.251s] INFO:colcon.colcon_core.shell:Creating environment hook '/workspace/install/auro_interfaces/share/auro_interfaces/hook/ld_library_path_lib.sh'
[2.252s] Level 1:colcon.colcon_core.environment:checking '/workspace/install/auro_interfaces/bin'
[2.252s] Level 1:colcon.colcon_core.environment:checking '/workspace/install/auro_interfaces/lib/pkgconfig/auro_interfaces.pc'
[2.253s] Level 1:colcon.colcon_core.environment:checking '/workspace/install/auro_interfaces/lib/python3.10/site-packages'
[2.253s] Level 1:colcon.colcon_core.environment:checking '/workspace/install/auro_interfaces/bin'
[2.254s] INFO:colcon.colcon_core.shell:Creating package script '/workspace/install/auro_interfaces/share/auro_interfaces/package.ps1'
[2.255s] INFO:colcon.colcon_core.shell:Creating package descriptor '/workspace/install/auro_interfaces/share/auro_interfaces/package.dsv'
[2.257s] INFO:colcon.colcon_core.shell:Creating package script '/workspace/install/auro_interfaces/share/auro_interfaces/package.sh'
[2.258s] INFO:colcon.colcon_core.shell:Creating package script '/workspace/install/auro_interfaces/share/auro_interfaces/package.bash'
[2.259s] INFO:colcon.colcon_core.shell:Creating package script '/workspace/install/auro_interfaces/share/auro_interfaces/package.zsh'
[2.259s] Level 1:colcon.colcon_core.environment:create_file_with_runtime_dependencies(/workspace/install/auro_interfaces/share/colcon-core/packages/auro_interfaces)
[2.260s] INFO:colcon.colcon_ros.task.ament_python.build:Building ROS package in '/workspace/AURO/assessment' with build type 'ament_python'
[2.261s] Level 1:colcon.colcon_core.shell:create_environment_hook('assessment', 'ament_prefix_path')
[2.262s] INFO:colcon.colcon_core.shell:Creating environment hook '/workspace/install/assessment/share/assessment/hook/ament_prefix_path.ps1'
[2.263s] INFO:colcon.colcon_core.shell:Creating environment descriptor '/workspace/install/assessment/share/assessment/hook/ament_prefix_path.dsv'
[2.263s] INFO:colcon.colcon_core.shell:Creating environment hook '/workspace/install/assessment/share/assessment/hook/ament_prefix_path.sh'
[2.264s] INFO:colcon.colcon_core.shell:Skip shell extension 'powershell' for command environment: Not usable outside of PowerShell
[2.264s] DEBUG:colcon.colcon_core.shell:Skip shell extension 'dsv' for command environment
[2.297s] DEBUG:colcon.colcon_core.event_handler.log_command:Invoking command in '/workspace/build/tf_relay': PYTHONPATH=/workspace/build/tf_relay/prefix_override:/usr/lib/python3/dist-packages/colcon_core/task/python/colcon_distutils_commands:/workspace/install/tf_relay/lib/python3.10/site-packages:${PYTHONPATH} /usr/bin/python3 -W ignore:setup.py install is deprecated setup.py develop --editable --build-directory /workspace/build/tf_relay/build --no-deps symlink_data
[2.807s] INFO:colcon.colcon_core.task.python.build:Building Python package in '/workspace/AURO/assessment'
[2.808s] INFO:colcon.colcon_core.shell:Skip shell extension 'powershell' for command environment: Not usable outside of PowerShell
[2.808s] DEBUG:colcon.colcon_core.shell:Skip shell extension 'dsv' for command environment
[2.817s] Level 1:colcon.colcon_core.environment:create_environment_scripts_only(assessment_interfaces)
[2.818s] Level 1:colcon.colcon_core.environment:checking '/workspace/install/assessment_interfaces' for CMake module files
[2.820s] Level 1:colcon.colcon_core.environment:checking '/workspace/install/assessment_interfaces' for CMake config files
[2.821s] Level 1:colcon.colcon_core.shell:create_environment_hook('assessment_interfaces', 'cmake_prefix_path')
[2.821s] INFO:colcon.colcon_core.shell:Creating environment hook '/workspace/install/assessment_interfaces/share/assessment_interfaces/hook/cmake_prefix_path.ps1'
[2.824s] INFO:colcon.colcon_core.shell:Creating environment descriptor '/workspace/install/assessment_interfaces/share/assessment_interfaces/hook/cmake_prefix_path.dsv'
[2.826s] INFO:colcon.colcon_core.shell:Creating environment hook '/workspace/install/assessment_interfaces/share/assessment_interfaces/hook/cmake_prefix_path.sh'
[2.829s] Level 1:colcon.colcon_core.environment:checking '/workspace/install/assessment_interfaces/lib'
[2.829s] Level 1:colcon.colcon_core.shell:create_environment_hook('assessment_interfaces', 'ld_library_path_lib')
[2.830s] INFO:colcon.colcon_core.shell:Creating environment hook '/workspace/install/assessment_interfaces/share/assessment_interfaces/hook/ld_library_path_lib.ps1'
[2.831s] INFO:colcon.colcon_core.shell:Creating environment descriptor '/workspace/install/assessment_interfaces/share/assessment_interfaces/hook/ld_library_path_lib.dsv'
[2.832s] INFO:colcon.colcon_core.shell:Creating environment hook '/workspace/install/assessment_interfaces/share/assessment_interfaces/hook/ld_library_path_lib.sh'
[2.832s] Level 1:colcon.colcon_core.environment:checking '/workspace/install/assessment_interfaces/bin'
[2.832s] Level 1:colcon.colcon_core.environment:checking '/workspace/install/assessment_interfaces/lib/pkgconfig/assessment_interfaces.pc'
[2.833s] Level 1:colcon.colcon_core.environment:checking '/workspace/install/assessment_interfaces/lib/python3.10/site-packages'
[2.833s] Level 1:colcon.colcon_core.environment:checking '/workspace/install/assessment_interfaces/bin'
[2.834s] INFO:colcon.colcon_core.shell:Creating package script '/workspace/install/assessment_interfaces/share/assessment_interfaces/package.ps1'
[2.836s] INFO:colcon.colcon_core.shell:Creating package descriptor '/workspace/install/assessment_interfaces/share/assessment_interfaces/package.dsv'
[2.838s] INFO:colcon.colcon_core.shell:Creating package script '/workspace/install/assessment_interfaces/share/assessment_interfaces/package.sh'
[2.839s] INFO:colcon.colcon_core.shell:Creating package script '/workspace/install/assessment_interfaces/share/assessment_interfaces/package.bash'
[2.840s] INFO:colcon.colcon_core.shell:Creating package script '/workspace/install/assessment_interfaces/share/assessment_interfaces/package.zsh'
[2.843s] Level 1:colcon.colcon_core.environment:create_file_with_runtime_dependencies(/workspace/install/assessment_interfaces/share/colcon-core/packages/assessment_interfaces)
[3.001s] Level 1:colcon.colcon_core.shell:create_environment_hook('tf_relay', 'pythonpath_develop')
[3.002s] DEBUG:colcon.colcon_core.event_handler.log_command:Invoked command in '/workspace/build/tf_relay' returned '0': PYTHONPATH=/workspace/build/tf_relay/prefix_override:/usr/lib/python3/dist-packages/colcon_core/task/python/colcon_distutils_commands:/workspace/install/tf_relay/lib/python3.10/site-packages:${PYTHONPATH} /usr/bin/python3 -W ignore:setup.py install is deprecated setup.py develop --editable --build-directory /workspace/build/tf_relay/build --no-deps symlink_data
[3.002s] INFO:colcon.colcon_core.shell:Creating environment hook '/workspace/build/tf_relay/share/tf_relay/hook/pythonpath_develop.ps1'
[3.004s] INFO:colcon.colcon_core.shell:Creating environment descriptor '/workspace/build/tf_relay/share/tf_relay/hook/pythonpath_develop.dsv'
[3.005s] INFO:colcon.colcon_core.shell:Creating environment hook '/workspace/build/tf_relay/share/tf_relay/hook/pythonpath_develop.sh'
[3.006s] Level 1:colcon.colcon_core.environment:checking '/workspace/install/tf_relay' for CMake module files
[3.007s] Level 1:colcon.colcon_core.environment:checking '/workspace/install/tf_relay' for CMake config files
[3.008s] Level 1:colcon.colcon_core.environment:checking '/workspace/install/tf_relay/lib'
[3.008s] Level 1:colcon.colcon_core.environment:checking '/workspace/install/tf_relay/bin'
[3.008s] Level 1:colcon.colcon_core.environment:checking '/workspace/install/tf_relay/lib/pkgconfig/tf_relay.pc'
[3.009s] Level 1:colcon.colcon_core.environment:checking '/workspace/install/tf_relay/lib/python3.10/site-packages'
[3.009s] Level 1:colcon.colcon_core.shell:create_environment_hook('tf_relay', 'pythonpath')
[3.009s] INFO:colcon.colcon_core.shell:Creating environment hook '/workspace/install/tf_relay/share/tf_relay/hook/pythonpath.ps1'
[3.010s] INFO:colcon.colcon_core.shell:Creating environment descriptor '/workspace/install/tf_relay/share/tf_relay/hook/pythonpath.dsv'
[3.011s] INFO:colcon.colcon_core.shell:Creating environment hook '/workspace/install/tf_relay/share/tf_relay/hook/pythonpath.sh'
[3.012s] Level 1:colcon.colcon_core.environment:checking '/workspace/install/tf_relay/bin'
[3.012s] Level 1:colcon.colcon_core.environment:create_environment_scripts_only(tf_relay)
[3.013s] INFO:colcon.colcon_core.shell:Creating package script '/workspace/install/tf_relay/share/tf_relay/package.ps1'
[3.014s] INFO:colcon.colcon_core.shell:Creating package descriptor '/workspace/install/tf_relay/share/tf_relay/package.dsv'
[3.015s] INFO:colcon.colcon_core.shell:Creating package script '/workspace/install/tf_relay/share/tf_relay/package.sh'
[3.016s] INFO:colcon.colcon_core.shell:Creating package script '/workspace/install/tf_relay/share/tf_relay/package.bash'
[3.017s] INFO:colcon.colcon_core.shell:Creating package script '/workspace/install/tf_relay/share/tf_relay/package.zsh'
[3.017s] Level 1:colcon.colcon_core.environment:create_file_with_runtime_dependencies(/workspace/install/tf_relay/share/colcon-core/packages/tf_relay)
[3.019s] Level 1:colcon.colcon_core.shell:create_environment_hook('solution', 'pythonpath_develop')
[3.019s] INFO:colcon.colcon_core.shell:Creating environment hook '/workspace/build/solution/share/solution/hook/pythonpath_develop.ps1'
[3.020s] DEBUG:colcon.colcon_core.event_handler.log_command:Invoked command in '/workspace/build/solution' returned '0': PYTHONPATH=/workspace/build/solution/prefix_override:/usr/lib/python3/dist-packages/colcon_core/task/python/colcon_distutils_commands:/workspace/install/solution/lib/python3.10/site-packages:${PYTHONPATH} /usr/bin/python3 -W ignore:setup.py install is deprecated setup.py develop --editable --build-directory /workspace/build/solution/build --no-deps symlink_data
[3.021s] INFO:colcon.colcon_core.shell:Creating environment descriptor '/workspace/build/solution/share/solution/hook/pythonpath_develop.dsv'
[3.022s] INFO:colcon.colcon_core.shell:Creating environment hook '/workspace/build/solution/share/solution/hook/pythonpath_develop.sh'
[3.023s] Level 1:colcon.colcon_core.environment:checking '/workspace/install/solution' for CMake module files
[3.024s] Level 1:colcon.colcon_core.environment:checking '/workspace/install/solution' for CMake config files
[3.025s] Level 1:colcon.colcon_core.environment:checking '/workspace/install/solution/lib'
[3.025s] Level 1:colcon.colcon_core.environment:checking '/workspace/install/solution/bin'
[3.025s] Level 1:colcon.colcon_core.environment:checking '/workspace/install/solution/lib/pkgconfig/solution.pc'
[3.026s] Level 1:colcon.colcon_core.environment:checking '/workspace/install/solution/lib/python3.10/site-packages'
[3.026s] Level 1:colcon.colcon_core.shell:create_environment_hook('solution', 'pythonpath')
[3.026s] INFO:colcon.colcon_core.shell:Creating environment hook '/workspace/install/solution/share/solution/hook/pythonpath.ps1'
[3.027s] INFO:colcon.colcon_core.shell:Creating environment descriptor '/workspace/install/solution/share/solution/hook/pythonpath.dsv'
[3.027s] INFO:colcon.colcon_core.shell:Creating environment hook '/workspace/install/solution/share/solution/hook/pythonpath.sh'
[3.028s] Level 1:colcon.colcon_core.environment:checking '/workspace/install/solution/bin'
[3.029s] Level 1:colcon.colcon_core.environment:create_environment_scripts_only(solution)
[3.029s] INFO:colcon.colcon_core.shell:Creating package script '/workspace/install/solution/share/solution/package.ps1'
[3.030s] INFO:colcon.colcon_core.shell:Creating package descriptor '/workspace/install/solution/share/solution/package.dsv'
[3.031s] INFO:colcon.colcon_core.shell:Creating package script '/workspace/install/solution/share/solution/package.sh'
[3.032s] INFO:colcon.colcon_core.shell:Creating package script '/workspace/install/solution/share/solution/package.bash'
[3.033s] INFO:colcon.colcon_core.shell:Creating package script '/workspace/install/solution/share/solution/package.zsh'
[3.033s] Level 1:colcon.colcon_core.environment:create_file_with_runtime_dependencies(/workspace/install/solution/share/colcon-core/packages/solution)
[3.413s] DEBUG:colcon.colcon_core.event_handler.log_command:Invoking command in '/workspace/build/assessment': AMENT_PREFIX_PATH=/workspace/install/auro_interfaces:${AMENT_PREFIX_PATH} CMAKE_PREFIX_PATH=/workspace/install/auro_interfaces LD_LIBRARY_PATH=/workspace/install/auro_interfaces/lib:/opt/ros/humble/opt/rviz_ogre_vendor/lib:/opt/ros/humble/lib/x86_64-linux-gnu:/opt/ros/humble/lib:/usr/lib/x86_64-linux-gnu/gazebo-11/plugins PYTHONPATH=/workspace/build/assessment/prefix_override:/usr/lib/python3/dist-packages/colcon_core/task/python/colcon_distutils_commands:/workspace/install/assessment/lib/python3.10/site-packages:/workspace/install/auro_interfaces/local/lib/python3.10/dist-packages:${PYTHONPATH} /usr/bin/python3 -W ignore:setup.py install is deprecated setup.py develop --editable --build-directory /workspace/build/assessment/build --no-deps symlink_data
[3.986s] Level 1:colcon.colcon_core.shell:create_environment_hook('assessment', 'pythonpath_develop')
[3.987s] INFO:colcon.colcon_core.shell:Creating environment hook '/workspace/build/assessment/share/assessment/hook/pythonpath_develop.ps1'
[3.987s] DEBUG:colcon.colcon_core.event_handler.log_command:Invoked command in '/workspace/build/assessment' returned '0': AMENT_PREFIX_PATH=/workspace/install/auro_interfaces:${AMENT_PREFIX_PATH} CMAKE_PREFIX_PATH=/workspace/install/auro_interfaces LD_LIBRARY_PATH=/workspace/install/auro_interfaces/lib:/opt/ros/humble/opt/rviz_ogre_vendor/lib:/opt/ros/humble/lib/x86_64-linux-gnu:/opt/ros/humble/lib:/usr/lib/x86_64-linux-gnu/gazebo-11/plugins PYTHONPATH=/workspace/build/assessment/prefix_override:/usr/lib/python3/dist-packages/colcon_core/task/python/colcon_distutils_commands:/workspace/install/assessment/lib/python3.10/site-packages:/workspace/install/auro_interfaces/local/lib/python3.10/dist-packages:${PYTHONPATH} /usr/bin/python3 -W ignore:setup.py install is deprecated setup.py develop --editable --build-directory /workspace/build/assessment/build --no-deps symlink_data
[3.988s] INFO:colcon.colcon_core.shell:Creating environment descriptor '/workspace/build/assessment/share/assessment/hook/pythonpath_develop.dsv'
[3.988s] INFO:colcon.colcon_core.shell:Creating environment hook '/workspace/build/assessment/share/assessment/hook/pythonpath_develop.sh'
[3.989s] Level 1:colcon.colcon_core.environment:checking '/workspace/install/assessment' for CMake module files
[3.990s] Level 1:colcon.colcon_core.environment:checking '/workspace/install/assessment' for CMake config files
[3.991s] Level 1:colcon.colcon_core.environment:checking '/workspace/install/assessment/lib'
[3.991s] Level 1:colcon.colcon_core.environment:checking '/workspace/install/assessment/bin'
[3.992s] Level 1:colcon.colcon_core.environment:checking '/workspace/install/assessment/lib/pkgconfig/assessment.pc'
[3.992s] Level 1:colcon.colcon_core.environment:checking '/workspace/install/assessment/lib/python3.10/site-packages'
[3.992s] Level 1:colcon.colcon_core.shell:create_environment_hook('assessment', 'pythonpath')
[3.992s] INFO:colcon.colcon_core.shell:Creating environment hook '/workspace/install/assessment/share/assessment/hook/pythonpath.ps1'
[3.993s] INFO:colcon.colcon_core.shell:Creating environment descriptor '/workspace/install/assessment/share/assessment/hook/pythonpath.dsv'
[3.993s] INFO:colcon.colcon_core.shell:Creating environment hook '/workspace/install/assessment/share/assessment/hook/pythonpath.sh'
[3.994s] Level 1:colcon.colcon_core.environment:checking '/workspace/install/assessment/bin'
[3.994s] Level 1:colcon.colcon_core.environment:create_environment_scripts_only(assessment)
[3.995s] INFO:colcon.colcon_core.shell:Creating package script '/workspace/install/assessment/share/assessment/package.ps1'
[3.995s] INFO:colcon.colcon_core.shell:Creating package descriptor '/workspace/install/assessment/share/assessment/package.dsv'
[3.996s] INFO:colcon.colcon_core.shell:Creating package script '/workspace/install/assessment/share/assessment/package.sh'
[3.997s] INFO:colcon.colcon_core.shell:Creating package script '/workspace/install/assessment/share/assessment/package.bash'
[3.997s] INFO:colcon.colcon_core.shell:Creating package script '/workspace/install/assessment/share/assessment/package.zsh'
[3.998s] Level 1:colcon.colcon_core.environment:create_file_with_runtime_dependencies(/workspace/install/assessment/share/colcon-core/packages/assessment)
[3.998s] DEBUG:colcon.colcon_parallel_executor.executor.parallel:closing loop
[3.998s] DEBUG:colcon.colcon_parallel_executor.executor.parallel:loop closed
[3.999s] DEBUG:colcon.colcon_parallel_executor.executor.parallel:run_until_complete finished with '0'
[3.999s] DEBUG:colcon.colcon_core.event_reactor:joining thread
[4.007s] INFO:colcon.colcon_core.plugin_system:Skipping extension 'colcon_notification.desktop_notification.notify_send': Could not find 'notify-send'
[4.007s] INFO:colcon.colcon_core.plugin_system:Skipping extension 'colcon_notification.desktop_notification.terminal_notifier': Not used on non-Darwin systems
[4.007s] INFO:colcon.colcon_core.plugin_system:Skipping extension 'colcon_notification.desktop_notification.win32': Not used on non-Windows systems
[4.008s] INFO:colcon.colcon_notification.desktop_notification:Sending desktop notification using 'notify2'
[4.010s] DEBUG:colcon.colcon_notification.desktop_notification.notify2:Failed to initialize notify2: org.freedesktop.DBus.Error.Spawn.ExecFailed: /usr/bin/dbus-launch terminated abnormally without any error message
[4.011s] DEBUG:colcon.colcon_core.event_reactor:joined thread
[4.012s] INFO:colcon.colcon_core.shell:Creating prefix script '/workspace/install/local_setup.ps1'
[4.014s] INFO:colcon.colcon_core.shell:Creating prefix util module '/workspace/install/_local_setup_util_ps1.py'
[4.016s] INFO:colcon.colcon_core.shell:Creating prefix chain script '/workspace/install/setup.ps1'
[4.017s] INFO:colcon.colcon_core.shell:Creating prefix script '/workspace/install/local_setup.sh'
[4.018s] INFO:colcon.colcon_core.shell:Creating prefix util module '/workspace/install/_local_setup_util_sh.py'
[4.019s] INFO:colcon.colcon_core.shell:Creating prefix chain script '/workspace/install/setup.sh'
[4.020s] INFO:colcon.colcon_core.shell:Creating prefix script '/workspace/install/local_setup.bash'
[4.021s] INFO:colcon.colcon_core.shell:Creating prefix chain script '/workspace/install/setup.bash'
[4.022s] INFO:colcon.colcon_core.shell:Creating prefix script '/workspace/install/local_setup.zsh'
[4.023s] INFO:colcon.colcon_core.shell:Creating prefix chain script '/workspace/install/setup.zsh'
