[1.033s] Invoking command in '/workspace/build/week_1': PYTHONPATH=/workspace/build/week_1/prefix_override:/usr/lib/python3/dist-packages/colcon_core/task/python/colcon_distutils_commands:/workspace/install/week_1/lib/python3.10/site-packages:${PYTHONPATH} /usr/bin/python3 -W ignore:setup.py install is deprecated setup.py develop --editable --build-directory /workspace/build/week_1/build --no-deps symlink_data
[1.440s] running develop
[1.441s] /usr/lib/python3/dist-packages/setuptools/command/easy_install.py:158: EasyInstallDeprecationWarning: easy_install command is deprecated. Use build and pip and other standards-based tools.
[1.441s]   warnings.warn(
[1.652s] running egg_info
[1.652s] writing week_1.egg-info/PKG-INFO
[1.653s] writing dependency_links to week_1.egg-info/dependency_links.txt
[1.653s] writing entry points to week_1.egg-info/entry_points.txt
[1.653s] writing requirements to week_1.egg-info/requires.txt
[1.653s] writing top-level names to week_1.egg-info/top_level.txt
[1.656s] reading manifest file 'week_1.egg-info/SOURCES.txt'
[1.657s] writing manifest file 'week_1.egg-info/SOURCES.txt'
[1.659s] running build_ext
[1.659s] Creating /workspace/install/week_1/lib/python3.10/site-packages/week-1.egg-link (link to .)
[1.661s] Installing turtle_controller script to /workspace/install/week_1/lib/week_1
[1.662s] Installing turtle_listener script to /workspace/install/week_1/lib/week_1
[1.662s] 
[1.662s] Installed /workspace/build/week_1
[1.662s] running symlink_data
[1.933s] Invoked command in '/workspace/build/week_1' returned '0': PYTHONPATH=/workspace/build/week_1/prefix_override:/usr/lib/python3/dist-packages/colcon_core/task/python/colcon_distutils_commands:/workspace/install/week_1/lib/python3.10/site-packages:${PYTHONPATH} /usr/bin/python3 -W ignore:setup.py install is deprecated setup.py develop --editable --build-directory /workspace/build/week_1/build --no-deps symlink_data
