[0.035s] Invoking command in '/workspace/build/auro_interfaces': CMAKE_PREFIX_PATH=/opt/ros/humble /usr/bin/cmake --build /workspace/build/auro_interfaces -- -j4 -l4
[0.739s] [ 11%] Built target auro_interfaces__rosidl_generator_c
[0.739s] [ 11%] Built target ament_cmake_python_symlink_auro_interfaces
[0.739s] [ 12%] Built target auro_interfaces__cpp
[0.740s] [ 23%] Built target auro_interfaces__rosidl_typesupport_fastrtps_c
[0.740s] [ 34%] Built target auro_interfaces__rosidl_typesupport_c
[0.740s] [ 46%] Built target auro_interfaces__rosidl_typesupport_introspection_c
[0.740s] [ 57%] Built target auro_interfaces__rosidl_typesupport_cpp
[0.740s] [ 68%] Built target auro_interfaces__rosidl_typesupport_fastrtps_cpp
[0.740s] [ 79%] Built target auro_interfaces__rosidl_typesupport_introspection_cpp
[0.740s] [ 79%] Built target auro_interfaces
[0.740s] [ 80%] Built target auro_interfaces__py
[0.740s] [ 90%] Built target auro_interfaces__rosidl_generator_py
[0.741s] [ 93%] Built target auro_interfaces__rosidl_typesupport_c__pyext
[0.741s] [ 96%] Built target auro_interfaces__rosidl_typesupport_introspection_c__pyext
[0.741s] [100%] Built target auro_interfaces__rosidl_typesupport_fastrtps_c__pyext
[0.847s] running egg_info
[0.850s] writing auro_interfaces.egg-info/PKG-INFO
[0.850s] writing dependency_links to auro_interfaces.egg-info/dependency_links.txt
[0.850s] writing top-level names to auro_interfaces.egg-info/top_level.txt
[0.854s] reading manifest file 'auro_interfaces.egg-info/SOURCES.txt'
[0.856s] writing manifest file 'auro_interfaces.egg-info/SOURCES.txt'
[0.899s] [100%] Built target ament_cmake_python_build_auro_interfaces_egg
[1.030s] Invoked command in '/workspace/build/auro_interfaces' returned '0': CMAKE_PREFIX_PATH=/opt/ros/humble /usr/bin/cmake --build /workspace/build/auro_interfaces -- -j4 -l4
[1.334s] Invoking command in '/workspace/build/auro_interfaces': CMAKE_PREFIX_PATH=/opt/ros/humble /usr/bin/cmake --install /workspace/build/auro_interfaces
[1.361s] -- Install configuration: ""
[1.365s] -- Execute custom install script
[1.365s] -- Up-to-date symlink: /workspace/install/auro_interfaces/share/ament_index/resource_index/rosidl_interfaces/auro_interfaces
[1.368s] -- Up-to-date symlink: /workspace/install/auro_interfaces/include/auro_interfaces/auro_interfaces/msg/detail/direction__functions.h
[1.373s] -- Up-to-date symlink: /workspace/install/auro_interfaces/include/auro_interfaces/auro_interfaces/msg/detail/direction__struct.h
[1.374s] -- Up-to-date symlink: /workspace/install/auro_interfaces/include/auro_interfaces/auro_interfaces/msg/detail/direction__type_support.h
[1.374s] -- Up-to-date symlink: /workspace/install/auro_interfaces/include/auro_interfaces/auro_interfaces/msg/detail/item__functions.h
[1.374s] -- Up-to-date symlink: /workspace/install/auro_interfaces/include/auro_interfaces/auro_interfaces/msg/detail/item__struct.h
[1.374s] -- Up-to-date symlink: /workspace/install/auro_interfaces/include/auro_interfaces/auro_interfaces/msg/detail/item__type_support.h
[1.374s] -- Up-to-date symlink: /workspace/install/auro_interfaces/include/auro_interfaces/auro_interfaces/msg/detail/item_list__functions.h
[1.375s] -- Up-to-date symlink: /workspace/install/auro_interfaces/include/auro_interfaces/auro_interfaces/msg/detail/item_list__struct.h
[1.375s] -- Up-to-date symlink: /workspace/install/auro_interfaces/include/auro_interfaces/auro_interfaces/msg/detail/item_list__type_support.h
[1.376s] -- Up-to-date symlink: /workspace/install/auro_interfaces/include/auro_interfaces/auro_interfaces/msg/detail/string_with_pose__functions.h
[1.376s] -- Up-to-date symlink: /workspace/install/auro_interfaces/include/auro_interfaces/auro_interfaces/msg/detail/string_with_pose__struct.h
[1.376s] -- Up-to-date symlink: /workspace/install/auro_interfaces/include/auro_interfaces/auro_interfaces/msg/detail/string_with_pose__type_support.h
[1.376s] -- Up-to-date symlink: /workspace/install/auro_interfaces/include/auro_interfaces/auro_interfaces/msg/direction.h
[1.377s] -- Up-to-date symlink: /workspace/install/auro_interfaces/include/auro_interfaces/auro_interfaces/msg/item.h
[1.377s] -- Up-to-date symlink: /workspace/install/auro_interfaces/include/auro_interfaces/auro_interfaces/msg/item_list.h
[1.377s] -- Up-to-date symlink: /workspace/install/auro_interfaces/include/auro_interfaces/auro_interfaces/msg/rosidl_generator_c__visibility_control.h
[1.377s] -- Up-to-date symlink: /workspace/install/auro_interfaces/include/auro_interfaces/auro_interfaces/msg/string_with_pose.h
[1.378s] -- Up-to-date symlink: /workspace/install/auro_interfaces/include/auro_interfaces/auro_interfaces/srv/detail/item_request__functions.h
[1.381s] -- Up-to-date symlink: /workspace/install/auro_interfaces/include/auro_interfaces/auro_interfaces/srv/detail/item_request__struct.h
[1.382s] -- Up-to-date symlink: /workspace/install/auro_interfaces/include/auro_interfaces/auro_interfaces/srv/detail/item_request__type_support.h
[1.382s] -- Up-to-date symlink: /workspace/install/auro_interfaces/include/auro_interfaces/auro_interfaces/srv/item_request.h
[1.382s] -- Up-to-date symlink: /workspace/install/auro_interfaces/share/auro_interfaces/environment/library_path.sh
[1.387s] -- Up-to-date symlink: /workspace/install/auro_interfaces/share/auro_interfaces/environment/library_path.dsv
[1.387s] -- Up-to-date symlink: /workspace/install/auro_interfaces/include/auro_interfaces/auro_interfaces/msg/detail/direction__rosidl_typesupport_fastrtps_c.h
[1.395s] -- Up-to-date symlink: /workspace/install/auro_interfaces/include/auro_interfaces/auro_interfaces/msg/detail/item__rosidl_typesupport_fastrtps_c.h
[1.395s] -- Up-to-date symlink: /workspace/install/auro_interfaces/include/auro_interfaces/auro_interfaces/msg/detail/item_list__rosidl_typesupport_fastrtps_c.h
[1.395s] -- Up-to-date symlink: /workspace/install/auro_interfaces/include/auro_interfaces/auro_interfaces/msg/detail/string_with_pose__rosidl_typesupport_fastrtps_c.h
[1.400s] -- Up-to-date symlink: /workspace/install/auro_interfaces/include/auro_interfaces/auro_interfaces/msg/rosidl_typesupport_fastrtps_c__visibility_control.h
[1.400s] -- Up-to-date symlink: /workspace/install/auro_interfaces/include/auro_interfaces/auro_interfaces/srv/detail/item_request__rosidl_typesupport_fastrtps_c.h
[1.400s] -- Up-to-date symlink: /workspace/install/auro_interfaces/include/auro_interfaces/auro_interfaces/msg/detail/direction__builder.hpp
[1.400s] -- Up-to-date symlink: /workspace/install/auro_interfaces/include/auro_interfaces/auro_interfaces/msg/detail/direction__struct.hpp
[1.400s] -- Up-to-date symlink: /workspace/install/auro_interfaces/include/auro_interfaces/auro_interfaces/msg/detail/direction__traits.hpp
[1.400s] -- Up-to-date symlink: /workspace/install/auro_interfaces/include/auro_interfaces/auro_interfaces/msg/detail/item__builder.hpp
[1.401s] -- Up-to-date symlink: /workspace/install/auro_interfaces/include/auro_interfaces/auro_interfaces/msg/detail/item__struct.hpp
[1.401s] -- Up-to-date symlink: /workspace/install/auro_interfaces/include/auro_interfaces/auro_interfaces/msg/detail/item__traits.hpp
[1.401s] -- Up-to-date symlink: /workspace/install/auro_interfaces/include/auro_interfaces/auro_interfaces/msg/detail/item_list__builder.hpp
[1.401s] -- Up-to-date symlink: /workspace/install/auro_interfaces/include/auro_interfaces/auro_interfaces/msg/detail/item_list__struct.hpp
[1.404s] -- Up-to-date symlink: /workspace/install/auro_interfaces/include/auro_interfaces/auro_interfaces/msg/detail/item_list__traits.hpp
[1.404s] -- Up-to-date symlink: /workspace/install/auro_interfaces/include/auro_interfaces/auro_interfaces/msg/detail/string_with_pose__builder.hpp
[1.404s] -- Up-to-date symlink: /workspace/install/auro_interfaces/include/auro_interfaces/auro_interfaces/msg/detail/string_with_pose__struct.hpp
[1.405s] -- Up-to-date symlink: /workspace/install/auro_interfaces/include/auro_interfaces/auro_interfaces/msg/detail/string_with_pose__traits.hpp
[1.406s] -- Up-to-date symlink: /workspace/install/auro_interfaces/include/auro_interfaces/auro_interfaces/msg/direction.hpp
[1.406s] -- Up-to-date symlink: /workspace/install/auro_interfaces/include/auro_interfaces/auro_interfaces/msg/item.hpp
[1.406s] -- Up-to-date symlink: /workspace/install/auro_interfaces/include/auro_interfaces/auro_interfaces/msg/item_list.hpp
[1.406s] -- Up-to-date symlink: /workspace/install/auro_interfaces/include/auro_interfaces/auro_interfaces/msg/string_with_pose.hpp
[1.406s] -- Up-to-date symlink: /workspace/install/auro_interfaces/include/auro_interfaces/auro_interfaces/srv/detail/item_request__builder.hpp
[1.408s] -- Up-to-date symlink: /workspace/install/auro_interfaces/include/auro_interfaces/auro_interfaces/srv/detail/item_request__struct.hpp
[1.411s] -- Up-to-date symlink: /workspace/install/auro_interfaces/include/auro_interfaces/auro_interfaces/srv/detail/item_request__traits.hpp
[1.416s] -- Up-to-date symlink: /workspace/install/auro_interfaces/include/auro_interfaces/auro_interfaces/srv/item_request.hpp
[1.416s] -- Up-to-date symlink: /workspace/install/auro_interfaces/include/auro_interfaces/auro_interfaces/msg/detail/direction__rosidl_typesupport_fastrtps_cpp.hpp
[1.416s] -- Up-to-date symlink: /workspace/install/auro_interfaces/include/auro_interfaces/auro_interfaces/msg/detail/item__rosidl_typesupport_fastrtps_cpp.hpp
[1.416s] -- Up-to-date symlink: /workspace/install/auro_interfaces/include/auro_interfaces/auro_interfaces/msg/detail/item_list__rosidl_typesupport_fastrtps_cpp.hpp
[1.419s] -- Up-to-date symlink: /workspace/install/auro_interfaces/include/auro_interfaces/auro_interfaces/msg/detail/string_with_pose__rosidl_typesupport_fastrtps_cpp.hpp
[1.419s] -- Up-to-date symlink: /workspace/install/auro_interfaces/include/auro_interfaces/auro_interfaces/msg/rosidl_typesupport_fastrtps_cpp__visibility_control.h
[1.419s] -- Up-to-date symlink: /workspace/install/auro_interfaces/include/auro_interfaces/auro_interfaces/srv/detail/item_request__rosidl_typesupport_fastrtps_cpp.hpp
[1.425s] -- Up-to-date symlink: /workspace/install/auro_interfaces/include/auro_interfaces/auro_interfaces/msg/detail/direction__rosidl_typesupport_introspection_c.h
[1.425s] -- Up-to-date symlink: /workspace/install/auro_interfaces/include/auro_interfaces/auro_interfaces/msg/detail/item__rosidl_typesupport_introspection_c.h
[1.425s] -- Up-to-date symlink: /workspace/install/auro_interfaces/include/auro_interfaces/auro_interfaces/msg/detail/item_list__rosidl_typesupport_introspection_c.h
[1.425s] -- Up-to-date symlink: /workspace/install/auro_interfaces/include/auro_interfaces/auro_interfaces/msg/detail/string_with_pose__rosidl_typesupport_introspection_c.h
[1.425s] -- Up-to-date symlink: /workspace/install/auro_interfaces/include/auro_interfaces/auro_interfaces/msg/rosidl_typesupport_introspection_c__visibility_control.h
[1.425s] -- Up-to-date symlink: /workspace/install/auro_interfaces/include/auro_interfaces/auro_interfaces/srv/detail/item_request__rosidl_typesupport_introspection_c.h
[1.427s] -- Up-to-date symlink: /workspace/install/auro_interfaces/include/auro_interfaces/auro_interfaces/msg/detail/direction__rosidl_typesupport_introspection_cpp.hpp
[1.428s] -- Up-to-date symlink: /workspace/install/auro_interfaces/include/auro_interfaces/auro_interfaces/msg/detail/item__rosidl_typesupport_introspection_cpp.hpp
[1.433s] -- Up-to-date symlink: /workspace/install/auro_interfaces/include/auro_interfaces/auro_interfaces/msg/detail/item_list__rosidl_typesupport_introspection_cpp.hpp
[1.434s] -- Up-to-date symlink: /workspace/install/auro_interfaces/include/auro_interfaces/auro_interfaces/msg/detail/string_with_pose__rosidl_typesupport_introspection_cpp.hpp
[1.435s] -- Up-to-date symlink: /workspace/install/auro_interfaces/include/auro_interfaces/auro_interfaces/srv/detail/item_request__rosidl_typesupport_introspection_cpp.hpp
[1.435s] -- Up-to-date symlink: /workspace/install/auro_interfaces/share/auro_interfaces/environment/pythonpath.sh
[1.436s] -- Up-to-date symlink: /workspace/install/auro_interfaces/share/auro_interfaces/environment/pythonpath.dsv
[1.436s] -- Up-to-date symlink: /workspace/install/auro_interfaces/local/lib/python3.10/dist-packages/auro_interfaces-0.0.0-py3.10.egg-info/PKG-INFO
[1.436s] -- Up-to-date symlink: /workspace/install/auro_interfaces/local/lib/python3.10/dist-packages/auro_interfaces-0.0.0-py3.10.egg-info/SOURCES.txt
[1.436s] -- Up-to-date symlink: /workspace/install/auro_interfaces/local/lib/python3.10/dist-packages/auro_interfaces-0.0.0-py3.10.egg-info/dependency_links.txt
[1.436s] -- Up-to-date symlink: /workspace/install/auro_interfaces/local/lib/python3.10/dist-packages/auro_interfaces-0.0.0-py3.10.egg-info/top_level.txt
[1.440s] -- Up-to-date symlink: /workspace/install/auro_interfaces/local/lib/python3.10/dist-packages/auro_interfaces/__init__.py
[1.440s] -- Up-to-date symlink: /workspace/install/auro_interfaces/local/lib/python3.10/dist-packages/auro_interfaces/_auro_interfaces_s.ep.rosidl_typesupport_c.c
[1.441s] -- Up-to-date symlink: /workspace/install/auro_interfaces/local/lib/python3.10/dist-packages/auro_interfaces/_auro_interfaces_s.ep.rosidl_typesupport_fastrtps_c.c
[1.441s] -- Up-to-date symlink: /workspace/install/auro_interfaces/local/lib/python3.10/dist-packages/auro_interfaces/_auro_interfaces_s.ep.rosidl_typesupport_introspection_c.c
[1.441s] -- Up-to-date symlink: /workspace/install/auro_interfaces/local/lib/python3.10/dist-packages/auro_interfaces/auro_interfaces_s__rosidl_typesupport_c.cpython-310-x86_64-linux-gnu.so
[1.441s] -- Up-to-date symlink: /workspace/install/auro_interfaces/local/lib/python3.10/dist-packages/auro_interfaces/auro_interfaces_s__rosidl_typesupport_fastrtps_c.cpython-310-x86_64-linux-gnu.so
[1.442s] -- Up-to-date symlink: /workspace/install/auro_interfaces/local/lib/python3.10/dist-packages/auro_interfaces/auro_interfaces_s__rosidl_typesupport_introspection_c.cpython-310-x86_64-linux-gnu.so
[1.442s] -- Up-to-date symlink: /workspace/install/auro_interfaces/local/lib/python3.10/dist-packages/auro_interfaces/libauro_interfaces__rosidl_generator_py.so
[1.442s] -- Up-to-date symlink: /workspace/install/auro_interfaces/local/lib/python3.10/dist-packages/auro_interfaces/msg/__init__.py
[1.443s] -- Up-to-date symlink: /workspace/install/auro_interfaces/local/lib/python3.10/dist-packages/auro_interfaces/msg/_direction.py
[1.443s] -- Up-to-date symlink: /workspace/install/auro_interfaces/local/lib/python3.10/dist-packages/auro_interfaces/msg/_direction_s.c
[1.443s] -- Up-to-date symlink: /workspace/install/auro_interfaces/local/lib/python3.10/dist-packages/auro_interfaces/msg/_item.py
[1.444s] -- Up-to-date symlink: /workspace/install/auro_interfaces/local/lib/python3.10/dist-packages/auro_interfaces/msg/_item_list.py
[1.444s] -- Up-to-date symlink: /workspace/install/auro_interfaces/local/lib/python3.10/dist-packages/auro_interfaces/msg/_item_list_s.c
[1.446s] -- Up-to-date symlink: /workspace/install/auro_interfaces/local/lib/python3.10/dist-packages/auro_interfaces/msg/_item_s.c
[1.446s] -- Up-to-date symlink: /workspace/install/auro_interfaces/local/lib/python3.10/dist-packages/auro_interfaces/msg/_string_with_pose.py
[1.448s] -- Up-to-date symlink: /workspace/install/auro_interfaces/local/lib/python3.10/dist-packages/auro_interfaces/msg/_string_with_pose_s.c
[1.448s] -- Up-to-date symlink: /workspace/install/auro_interfaces/local/lib/python3.10/dist-packages/auro_interfaces/srv/__init__.py
[1.449s] -- Up-to-date symlink: /workspace/install/auro_interfaces/local/lib/python3.10/dist-packages/auro_interfaces/srv/_item_request.py
[1.449s] -- Up-to-date symlink: /workspace/install/auro_interfaces/local/lib/python3.10/dist-packages/auro_interfaces/srv/_item_request_s.c
[1.450s] -- Up-to-date symlink: /workspace/install/auro_interfaces/local/lib/python3.10/dist-packages/auro_interfaces/auro_interfaces_s__rosidl_typesupport_fastrtps_c.cpython-310-x86_64-linux-gnu.so
[1.451s] -- Up-to-date symlink: /workspace/install/auro_interfaces/local/lib/python3.10/dist-packages/auro_interfaces/auro_interfaces_s__rosidl_typesupport_introspection_c.cpython-310-x86_64-linux-gnu.so
[1.455s] -- Up-to-date symlink: /workspace/install/auro_interfaces/local/lib/python3.10/dist-packages/auro_interfaces/auro_interfaces_s__rosidl_typesupport_c.cpython-310-x86_64-linux-gnu.so
[1.455s] -- Up-to-date symlink: /workspace/install/auro_interfaces/share/auro_interfaces/msg/StringWithPose.idl
[1.455s] -- Up-to-date symlink: /workspace/install/auro_interfaces/share/auro_interfaces/msg/Item.idl
[1.455s] -- Up-to-date symlink: /workspace/install/auro_interfaces/share/auro_interfaces/msg/ItemList.idl
[1.456s] -- Up-to-date symlink: /workspace/install/auro_interfaces/share/auro_interfaces/msg/Direction.idl
[1.456s] -- Up-to-date symlink: /workspace/install/auro_interfaces/share/auro_interfaces/srv/ItemRequest.idl
[1.456s] -- Up-to-date symlink: /workspace/install/auro_interfaces/share/auro_interfaces/msg/StringWithPose.msg
[1.459s] -- Up-to-date symlink: /workspace/install/auro_interfaces/share/auro_interfaces/msg/Item.msg
[1.459s] -- Up-to-date symlink: /workspace/install/auro_interfaces/share/auro_interfaces/msg/ItemList.msg
[1.460s] -- Up-to-date symlink: /workspace/install/auro_interfaces/share/auro_interfaces/msg/Direction.msg
[1.460s] -- Up-to-date symlink: /workspace/install/auro_interfaces/share/auro_interfaces/srv/ItemRequest.srv
[1.460s] -- Up-to-date symlink: /workspace/install/auro_interfaces/share/auro_interfaces/srv/ItemRequest_Request.msg
[1.461s] -- Up-to-date symlink: /workspace/install/auro_interfaces/share/auro_interfaces/srv/ItemRequest_Response.msg
[1.462s] -- Up-to-date symlink: /workspace/install/auro_interfaces/share/ament_index/resource_index/package_run_dependencies/auro_interfaces
[1.466s] -- Up-to-date symlink: /workspace/install/auro_interfaces/share/ament_index/resource_index/parent_prefix_path/auro_interfaces
[1.466s] -- Up-to-date symlink: /workspace/install/auro_interfaces/share/auro_interfaces/environment/ament_prefix_path.sh
[1.466s] -- Up-to-date symlink: /workspace/install/auro_interfaces/share/auro_interfaces/environment/ament_prefix_path.dsv
[1.466s] -- Up-to-date symlink: /workspace/install/auro_interfaces/share/auro_interfaces/environment/path.sh
[1.466s] -- Up-to-date symlink: /workspace/install/auro_interfaces/share/auro_interfaces/environment/path.dsv
[1.467s] -- Up-to-date symlink: /workspace/install/auro_interfaces/share/auro_interfaces/local_setup.bash
[1.467s] -- Up-to-date symlink: /workspace/install/auro_interfaces/share/auro_interfaces/local_setup.sh
[1.469s] -- Up-to-date symlink: /workspace/install/auro_interfaces/share/auro_interfaces/local_setup.zsh
[1.469s] -- Up-to-date symlink: /workspace/install/auro_interfaces/share/auro_interfaces/local_setup.dsv
[1.470s] -- Symlinking: /workspace/install/auro_interfaces/share/auro_interfaces/package.dsv
[1.508s] -- Up-to-date symlink: /workspace/install/auro_interfaces/share/ament_index/resource_index/packages/auro_interfaces
[1.509s] -- Up-to-date symlink: /workspace/install/auro_interfaces/share/auro_interfaces/cmake/rosidl_cmake-extras.cmake
[1.510s] -- Up-to-date symlink: /workspace/install/auro_interfaces/share/auro_interfaces/cmake/ament_cmake_export_dependencies-extras.cmake
[1.511s] -- Up-to-date symlink: /workspace/install/auro_interfaces/share/auro_interfaces/cmake/ament_cmake_export_include_directories-extras.cmake
[1.512s] -- Up-to-date symlink: /workspace/install/auro_interfaces/share/auro_interfaces/cmake/ament_cmake_export_libraries-extras.cmake
[1.513s] -- Up-to-date symlink: /workspace/install/auro_interfaces/share/auro_interfaces/cmake/ament_cmake_export_targets-extras.cmake
[1.513s] -- Up-to-date symlink: /workspace/install/auro_interfaces/share/auro_interfaces/cmake/rosidl_cmake_export_typesupport_targets-extras.cmake
[1.515s] -- Up-to-date symlink: /workspace/install/auro_interfaces/share/auro_interfaces/cmake/rosidl_cmake_export_typesupport_libraries-extras.cmake
[1.515s] -- Up-to-date symlink: /workspace/install/auro_interfaces/share/auro_interfaces/cmake/auro_interfacesConfig.cmake
[1.516s] -- Up-to-date symlink: /workspace/install/auro_interfaces/share/auro_interfaces/cmake/auro_interfacesConfig-version.cmake
[1.517s] -- Up-to-date symlink: /workspace/install/auro_interfaces/share/auro_interfaces/package.xml
[1.518s] -- Up-to-date: /workspace/install/auro_interfaces/lib/libauro_interfaces__rosidl_generator_c.so
[1.521s] -- Up-to-date: /workspace/install/auro_interfaces/lib/libauro_interfaces__rosidl_typesupport_fastrtps_c.so
[1.523s] -- Up-to-date: /workspace/install/auro_interfaces/lib/libauro_interfaces__rosidl_typesupport_fastrtps_cpp.so
[1.524s] -- Up-to-date: /workspace/install/auro_interfaces/lib/libauro_interfaces__rosidl_typesupport_introspection_c.so
[1.525s] -- Up-to-date: /workspace/install/auro_interfaces/lib/libauro_interfaces__rosidl_typesupport_c.so
[1.530s] -- Up-to-date: /workspace/install/auro_interfaces/lib/libauro_interfaces__rosidl_typesupport_introspection_cpp.so
[1.531s] -- Up-to-date: /workspace/install/auro_interfaces/lib/libauro_interfaces__rosidl_typesupport_cpp.so
[1.598s] Listing '/workspace/install/auro_interfaces/local/lib/python3.10/dist-packages/auro_interfaces'...
[1.598s] Listing '/workspace/install/auro_interfaces/local/lib/python3.10/dist-packages/auro_interfaces/msg'...
[1.598s] Listing '/workspace/install/auro_interfaces/local/lib/python3.10/dist-packages/auro_interfaces/srv'...
[1.610s] -- Up-to-date: /workspace/install/auro_interfaces/lib/libauro_interfaces__rosidl_generator_py.so
[1.613s] -- Up-to-date: /workspace/install/auro_interfaces/share/auro_interfaces/cmake/export_auro_interfaces__rosidl_generator_cExport.cmake
[1.613s] -- Up-to-date: /workspace/install/auro_interfaces/share/auro_interfaces/cmake/export_auro_interfaces__rosidl_generator_cExport-noconfig.cmake
[1.615s] -- Up-to-date: /workspace/install/auro_interfaces/share/auro_interfaces/cmake/export_auro_interfaces__rosidl_typesupport_fastrtps_cExport.cmake
[1.615s] -- Up-to-date: /workspace/install/auro_interfaces/share/auro_interfaces/cmake/export_auro_interfaces__rosidl_typesupport_fastrtps_cExport-noconfig.cmake
[1.616s] -- Up-to-date: /workspace/install/auro_interfaces/share/auro_interfaces/cmake/export_auro_interfaces__rosidl_generator_cppExport.cmake
[1.617s] -- Up-to-date: /workspace/install/auro_interfaces/share/auro_interfaces/cmake/export_auro_interfaces__rosidl_typesupport_fastrtps_cppExport.cmake
[1.618s] -- Up-to-date: /workspace/install/auro_interfaces/share/auro_interfaces/cmake/export_auro_interfaces__rosidl_typesupport_fastrtps_cppExport-noconfig.cmake
[1.618s] -- Up-to-date: /workspace/install/auro_interfaces/share/auro_interfaces/cmake/auro_interfaces__rosidl_typesupport_introspection_cExport.cmake
[1.619s] -- Up-to-date: /workspace/install/auro_interfaces/share/auro_interfaces/cmake/auro_interfaces__rosidl_typesupport_introspection_cExport-noconfig.cmake
[1.620s] -- Up-to-date: /workspace/install/auro_interfaces/share/auro_interfaces/cmake/auro_interfaces__rosidl_typesupport_cExport.cmake
[1.620s] -- Up-to-date: /workspace/install/auro_interfaces/share/auro_interfaces/cmake/auro_interfaces__rosidl_typesupport_cExport-noconfig.cmake
[1.621s] -- Up-to-date: /workspace/install/auro_interfaces/share/auro_interfaces/cmake/auro_interfaces__rosidl_typesupport_introspection_cppExport.cmake
[1.621s] -- Up-to-date: /workspace/install/auro_interfaces/share/auro_interfaces/cmake/auro_interfaces__rosidl_typesupport_introspection_cppExport-noconfig.cmake
[1.622s] -- Up-to-date: /workspace/install/auro_interfaces/share/auro_interfaces/cmake/auro_interfaces__rosidl_typesupport_cppExport.cmake
[1.622s] -- Up-to-date: /workspace/install/auro_interfaces/share/auro_interfaces/cmake/auro_interfaces__rosidl_typesupport_cppExport-noconfig.cmake
[1.623s] -- Up-to-date: /workspace/install/auro_interfaces/share/auro_interfaces/cmake/export_auro_interfaces__rosidl_generator_pyExport.cmake
[1.624s] -- Up-to-date: /workspace/install/auro_interfaces/share/auro_interfaces/cmake/export_auro_interfaces__rosidl_generator_pyExport-noconfig.cmake
[1.627s] Invoked command in '/workspace/build/auro_interfaces' returned '0': CMAKE_PREFIX_PATH=/opt/ros/humble /usr/bin/cmake --install /workspace/build/auro_interfaces
