[0.077s] Invoking command in '/workspace/build/assessment_interfaces': CMAKE_PREFIX_PATH=/opt/ros/humble /usr/bin/cmake --build /workspace/build/assessment_interfaces -- -j4 -l4
[1.146s] [  1%] Built target assessment_interfaces__cpp
[1.147s] [  1%] Built target ament_cmake_python_symlink_assessment_interfaces
[1.147s] [ 12%] Built target assessment_interfaces__rosidl_typesupport_fastrtps_cpp
[1.147s] [ 24%] Built target assessment_interfaces__rosidl_typesupport_introspection_cpp
[1.782s] running egg_info
[1.783s] writing assessment_interfaces.egg-info/PKG-INFO
[1.783s] writing dependency_links to assessment_interfaces.egg-info/dependency_links.txt
[1.784s] writing top-level names to assessment_interfaces.egg-info/top_level.txt
[1.788s] reading manifest file 'assessment_interfaces.egg-info/SOURCES.txt'
[1.791s] writing manifest file 'assessment_interfaces.egg-info/SOURCES.txt'
[1.887s] [ 24%] Built target ament_cmake_python_build_assessment_interfaces_egg
[2.034s] [ 35%] Built target assessment_interfaces__rosidl_typesupport_cpp
[2.253s] [ 47%] Built target assessment_interfaces__rosidl_generator_c
[2.456s] [ 58%] Built target assessment_interfaces__rosidl_typesupport_fastrtps_c
[2.652s] [ 70%] Built target assessment_interfaces__rosidl_typesupport_c
[2.924s] [ 82%] Built target assessment_interfaces__rosidl_typesupport_introspection_c
[3.085s] [ 82%] Built target assessment_interfaces
[3.193s] [ 83%] Built target assessment_interfaces__py
[3.300s] [ 93%] Built target assessment_interfaces__rosidl_generator_py
[3.401s] [ 95%] Built target assessment_interfaces__rosidl_typesupport_fastrtps_c__pyext
[3.565s] [ 97%] Built target assessment_interfaces__rosidl_typesupport_c__pyext
[3.711s] [100%] Built target assessment_interfaces__rosidl_typesupport_introspection_c__pyext
[3.780s] Invoked command in '/workspace/build/assessment_interfaces' returned '0': CMAKE_PREFIX_PATH=/opt/ros/humble /usr/bin/cmake --build /workspace/build/assessment_interfaces -- -j4 -l4
[5.186s] Invoking command in '/workspace/build/assessment_interfaces': CMAKE_PREFIX_PATH=/opt/ros/humble /usr/bin/cmake --install /workspace/build/assessment_interfaces
[5.219s] -- Install configuration: ""
[5.223s] -- Execute custom install script
[5.226s] -- Up-to-date symlink: /workspace/install/assessment_interfaces/share/ament_index/resource_index/rosidl_interfaces/assessment_interfaces
[5.233s] -- Up-to-date symlink: /workspace/install/assessment_interfaces/include/assessment_interfaces/assessment_interfaces/msg/detail/item__functions.h
[5.234s] -- Up-to-date symlink: /workspace/install/assessment_interfaces/include/assessment_interfaces/assessment_interfaces/msg/detail/item__struct.h
[5.241s] -- Up-to-date symlink: /workspace/install/assessment_interfaces/include/assessment_interfaces/assessment_interfaces/msg/detail/item__type_support.h
[5.243s] -- Up-to-date symlink: /workspace/install/assessment_interfaces/include/assessment_interfaces/assessment_interfaces/msg/detail/item_holder__functions.h
[5.244s] -- Up-to-date symlink: /workspace/install/assessment_interfaces/include/assessment_interfaces/assessment_interfaces/msg/detail/item_holder__struct.h
[5.244s] -- Up-to-date symlink: /workspace/install/assessment_interfaces/include/assessment_interfaces/assessment_interfaces/msg/detail/item_holder__type_support.h
[5.244s] -- Up-to-date symlink: /workspace/install/assessment_interfaces/include/assessment_interfaces/assessment_interfaces/msg/detail/item_holders__functions.h
[5.248s] -- Up-to-date symlink: /workspace/install/assessment_interfaces/include/assessment_interfaces/assessment_interfaces/msg/detail/item_holders__struct.h
[5.248s] -- Up-to-date symlink: /workspace/install/assessment_interfaces/include/assessment_interfaces/assessment_interfaces/msg/detail/item_holders__type_support.h
[5.249s] -- Up-to-date symlink: /workspace/install/assessment_interfaces/include/assessment_interfaces/assessment_interfaces/msg/detail/item_list__functions.h
[5.254s] -- Up-to-date symlink: /workspace/install/assessment_interfaces/include/assessment_interfaces/assessment_interfaces/msg/detail/item_list__struct.h
[5.254s] -- Up-to-date symlink: /workspace/install/assessment_interfaces/include/assessment_interfaces/assessment_interfaces/msg/detail/item_list__type_support.h
[5.254s] -- Up-to-date symlink: /workspace/install/assessment_interfaces/include/assessment_interfaces/assessment_interfaces/msg/detail/item_log__functions.h
[5.254s] -- Up-to-date symlink: /workspace/install/assessment_interfaces/include/assessment_interfaces/assessment_interfaces/msg/detail/item_log__struct.h
[5.257s] -- Up-to-date symlink: /workspace/install/assessment_interfaces/include/assessment_interfaces/assessment_interfaces/msg/detail/item_log__type_support.h
[5.257s] -- Up-to-date symlink: /workspace/install/assessment_interfaces/include/assessment_interfaces/assessment_interfaces/msg/detail/robot__functions.h
[5.265s] -- Up-to-date symlink: /workspace/install/assessment_interfaces/include/assessment_interfaces/assessment_interfaces/msg/detail/robot__struct.h
[5.265s] -- Up-to-date symlink: /workspace/install/assessment_interfaces/include/assessment_interfaces/assessment_interfaces/msg/detail/robot__type_support.h
[5.265s] -- Up-to-date symlink: /workspace/install/assessment_interfaces/include/assessment_interfaces/assessment_interfaces/msg/detail/robot_list__functions.h
[5.265s] -- Up-to-date symlink: /workspace/install/assessment_interfaces/include/assessment_interfaces/assessment_interfaces/msg/detail/robot_list__struct.h
[5.266s] -- Up-to-date symlink: /workspace/install/assessment_interfaces/include/assessment_interfaces/assessment_interfaces/msg/detail/robot_list__type_support.h
[5.266s] -- Up-to-date symlink: /workspace/install/assessment_interfaces/include/assessment_interfaces/assessment_interfaces/msg/detail/zone__functions.h
[5.273s] -- Up-to-date symlink: /workspace/install/assessment_interfaces/include/assessment_interfaces/assessment_interfaces/msg/detail/zone__struct.h
[5.273s] -- Up-to-date symlink: /workspace/install/assessment_interfaces/include/assessment_interfaces/assessment_interfaces/msg/detail/zone__type_support.h
[5.274s] -- Up-to-date symlink: /workspace/install/assessment_interfaces/include/assessment_interfaces/assessment_interfaces/msg/detail/zone_list__functions.h
[5.275s] -- Up-to-date symlink: /workspace/install/assessment_interfaces/include/assessment_interfaces/assessment_interfaces/msg/detail/zone_list__struct.h
[5.275s] -- Up-to-date symlink: /workspace/install/assessment_interfaces/include/assessment_interfaces/assessment_interfaces/msg/detail/zone_list__type_support.h
[5.275s] -- Up-to-date symlink: /workspace/install/assessment_interfaces/include/assessment_interfaces/assessment_interfaces/msg/item.h
[5.275s] -- Up-to-date symlink: /workspace/install/assessment_interfaces/include/assessment_interfaces/assessment_interfaces/msg/item_holder.h
[5.275s] -- Up-to-date symlink: /workspace/install/assessment_interfaces/include/assessment_interfaces/assessment_interfaces/msg/item_holders.h
[5.280s] -- Up-to-date symlink: /workspace/install/assessment_interfaces/include/assessment_interfaces/assessment_interfaces/msg/item_list.h
[5.284s] -- Up-to-date symlink: /workspace/install/assessment_interfaces/include/assessment_interfaces/assessment_interfaces/msg/item_log.h
[5.285s] -- Up-to-date symlink: /workspace/install/assessment_interfaces/include/assessment_interfaces/assessment_interfaces/msg/robot.h
[5.285s] -- Up-to-date symlink: /workspace/install/assessment_interfaces/include/assessment_interfaces/assessment_interfaces/msg/robot_list.h
[5.288s] -- Up-to-date symlink: /workspace/install/assessment_interfaces/include/assessment_interfaces/assessment_interfaces/msg/rosidl_generator_c__visibility_control.h
[5.288s] -- Up-to-date symlink: /workspace/install/assessment_interfaces/include/assessment_interfaces/assessment_interfaces/msg/zone.h
[5.296s] -- Up-to-date symlink: /workspace/install/assessment_interfaces/include/assessment_interfaces/assessment_interfaces/msg/zone_list.h
[5.297s] -- Up-to-date symlink: /workspace/install/assessment_interfaces/share/assessment_interfaces/environment/library_path.sh
[5.297s] -- Up-to-date symlink: /workspace/install/assessment_interfaces/share/assessment_interfaces/environment/library_path.dsv
[5.300s] -- Up-to-date symlink: /workspace/install/assessment_interfaces/include/assessment_interfaces/assessment_interfaces/msg/detail/item__rosidl_typesupport_fastrtps_c.h
[5.303s] -- Up-to-date symlink: /workspace/install/assessment_interfaces/include/assessment_interfaces/assessment_interfaces/msg/detail/item_holder__rosidl_typesupport_fastrtps_c.h
[5.306s] -- Up-to-date symlink: /workspace/install/assessment_interfaces/include/assessment_interfaces/assessment_interfaces/msg/detail/item_holders__rosidl_typesupport_fastrtps_c.h
[5.307s] -- Up-to-date symlink: /workspace/install/assessment_interfaces/include/assessment_interfaces/assessment_interfaces/msg/detail/item_list__rosidl_typesupport_fastrtps_c.h
[5.307s] -- Up-to-date symlink: /workspace/install/assessment_interfaces/include/assessment_interfaces/assessment_interfaces/msg/detail/item_log__rosidl_typesupport_fastrtps_c.h
[5.307s] -- Up-to-date symlink: /workspace/install/assessment_interfaces/include/assessment_interfaces/assessment_interfaces/msg/detail/robot__rosidl_typesupport_fastrtps_c.h
[5.313s] -- Up-to-date symlink: /workspace/install/assessment_interfaces/include/assessment_interfaces/assessment_interfaces/msg/detail/robot_list__rosidl_typesupport_fastrtps_c.h
[5.314s] -- Up-to-date symlink: /workspace/install/assessment_interfaces/include/assessment_interfaces/assessment_interfaces/msg/detail/zone__rosidl_typesupport_fastrtps_c.h
[5.314s] -- Up-to-date symlink: /workspace/install/assessment_interfaces/include/assessment_interfaces/assessment_interfaces/msg/detail/zone_list__rosidl_typesupport_fastrtps_c.h
[5.321s] -- Up-to-date symlink: /workspace/install/assessment_interfaces/include/assessment_interfaces/assessment_interfaces/msg/rosidl_typesupport_fastrtps_c__visibility_control.h
[5.323s] -- Up-to-date symlink: /workspace/install/assessment_interfaces/include/assessment_interfaces/assessment_interfaces/msg/detail/item__rosidl_typesupport_introspection_c.h
[5.325s] -- Up-to-date symlink: /workspace/install/assessment_interfaces/include/assessment_interfaces/assessment_interfaces/msg/detail/item_holder__rosidl_typesupport_introspection_c.h
[5.327s] -- Up-to-date symlink: /workspace/install/assessment_interfaces/include/assessment_interfaces/assessment_interfaces/msg/detail/item_holders__rosidl_typesupport_introspection_c.h
[5.330s] -- Up-to-date symlink: /workspace/install/assessment_interfaces/include/assessment_interfaces/assessment_interfaces/msg/detail/item_list__rosidl_typesupport_introspection_c.h
[5.331s] -- Up-to-date symlink: /workspace/install/assessment_interfaces/include/assessment_interfaces/assessment_interfaces/msg/detail/item_log__rosidl_typesupport_introspection_c.h
[5.332s] -- Up-to-date symlink: /workspace/install/assessment_interfaces/include/assessment_interfaces/assessment_interfaces/msg/detail/robot__rosidl_typesupport_introspection_c.h
[5.337s] -- Up-to-date symlink: /workspace/install/assessment_interfaces/include/assessment_interfaces/assessment_interfaces/msg/detail/robot_list__rosidl_typesupport_introspection_c.h
[5.340s] -- Up-to-date symlink: /workspace/install/assessment_interfaces/include/assessment_interfaces/assessment_interfaces/msg/detail/zone__rosidl_typesupport_introspection_c.h
[5.343s] -- Up-to-date symlink: /workspace/install/assessment_interfaces/include/assessment_interfaces/assessment_interfaces/msg/detail/zone_list__rosidl_typesupport_introspection_c.h
[5.345s] -- Up-to-date symlink: /workspace/install/assessment_interfaces/include/assessment_interfaces/assessment_interfaces/msg/rosidl_typesupport_introspection_c__visibility_control.h
[5.356s] -- Up-to-date symlink: /workspace/install/assessment_interfaces/include/assessment_interfaces/assessment_interfaces/msg/detail/item__builder.hpp
[5.357s] -- Up-to-date symlink: /workspace/install/assessment_interfaces/include/assessment_interfaces/assessment_interfaces/msg/detail/item__struct.hpp
[5.357s] -- Up-to-date symlink: /workspace/install/assessment_interfaces/include/assessment_interfaces/assessment_interfaces/msg/detail/item__traits.hpp
[5.358s] -- Up-to-date symlink: /workspace/install/assessment_interfaces/include/assessment_interfaces/assessment_interfaces/msg/detail/item_holder__builder.hpp
[5.364s] -- Up-to-date symlink: /workspace/install/assessment_interfaces/include/assessment_interfaces/assessment_interfaces/msg/detail/item_holder__struct.hpp
[5.364s] -- Up-to-date symlink: /workspace/install/assessment_interfaces/include/assessment_interfaces/assessment_interfaces/msg/detail/item_holder__traits.hpp
[5.365s] -- Up-to-date symlink: /workspace/install/assessment_interfaces/include/assessment_interfaces/assessment_interfaces/msg/detail/item_holders__builder.hpp
[5.365s] -- Up-to-date symlink: /workspace/install/assessment_interfaces/include/assessment_interfaces/assessment_interfaces/msg/detail/item_holders__struct.hpp
[5.366s] -- Up-to-date symlink: /workspace/install/assessment_interfaces/include/assessment_interfaces/assessment_interfaces/msg/detail/item_holders__traits.hpp
[5.369s] -- Up-to-date symlink: /workspace/install/assessment_interfaces/include/assessment_interfaces/assessment_interfaces/msg/detail/item_list__builder.hpp
[5.370s] -- Up-to-date symlink: /workspace/install/assessment_interfaces/include/assessment_interfaces/assessment_interfaces/msg/detail/item_list__struct.hpp
[5.372s] -- Up-to-date symlink: /workspace/install/assessment_interfaces/include/assessment_interfaces/assessment_interfaces/msg/detail/item_list__traits.hpp
[5.375s] -- Up-to-date symlink: /workspace/install/assessment_interfaces/include/assessment_interfaces/assessment_interfaces/msg/detail/item_log__builder.hpp
[5.380s] -- Up-to-date symlink: /workspace/install/assessment_interfaces/include/assessment_interfaces/assessment_interfaces/msg/detail/item_log__struct.hpp
[5.380s] -- Up-to-date symlink: /workspace/install/assessment_interfaces/include/assessment_interfaces/assessment_interfaces/msg/detail/item_log__traits.hpp
[5.386s] -- Up-to-date symlink: /workspace/install/assessment_interfaces/include/assessment_interfaces/assessment_interfaces/msg/detail/robot__builder.hpp
[5.393s] -- Up-to-date symlink: /workspace/install/assessment_interfaces/include/assessment_interfaces/assessment_interfaces/msg/detail/robot__struct.hpp
[5.394s] -- Up-to-date symlink: /workspace/install/assessment_interfaces/include/assessment_interfaces/assessment_interfaces/msg/detail/robot__traits.hpp
[5.396s] -- Up-to-date symlink: /workspace/install/assessment_interfaces/include/assessment_interfaces/assessment_interfaces/msg/detail/robot_list__builder.hpp
[5.398s] -- Up-to-date symlink: /workspace/install/assessment_interfaces/include/assessment_interfaces/assessment_interfaces/msg/detail/robot_list__struct.hpp
[5.402s] -- Up-to-date symlink: /workspace/install/assessment_interfaces/include/assessment_interfaces/assessment_interfaces/msg/detail/robot_list__traits.hpp
[5.406s] -- Up-to-date symlink: /workspace/install/assessment_interfaces/include/assessment_interfaces/assessment_interfaces/msg/detail/zone__builder.hpp
[5.409s] -- Up-to-date symlink: /workspace/install/assessment_interfaces/include/assessment_interfaces/assessment_interfaces/msg/detail/zone__struct.hpp
[5.413s] -- Up-to-date symlink: /workspace/install/assessment_interfaces/include/assessment_interfaces/assessment_interfaces/msg/detail/zone__traits.hpp
[5.418s] -- Up-to-date symlink: /workspace/install/assessment_interfaces/include/assessment_interfaces/assessment_interfaces/msg/detail/zone_list__builder.hpp
[5.418s] -- Up-to-date symlink: /workspace/install/assessment_interfaces/include/assessment_interfaces/assessment_interfaces/msg/detail/zone_list__struct.hpp
[5.421s] -- Up-to-date symlink: /workspace/install/assessment_interfaces/include/assessment_interfaces/assessment_interfaces/msg/detail/zone_list__traits.hpp
[5.423s] -- Up-to-date symlink: /workspace/install/assessment_interfaces/include/assessment_interfaces/assessment_interfaces/msg/item.hpp
[5.435s] -- Up-to-date symlink: /workspace/install/assessment_interfaces/include/assessment_interfaces/assessment_interfaces/msg/item_holder.hpp
[5.436s] -- Up-to-date symlink: /workspace/install/assessment_interfaces/include/assessment_interfaces/assessment_interfaces/msg/item_holders.hpp
[5.438s] -- Up-to-date symlink: /workspace/install/assessment_interfaces/include/assessment_interfaces/assessment_interfaces/msg/item_list.hpp
[5.441s] -- Up-to-date symlink: /workspace/install/assessment_interfaces/include/assessment_interfaces/assessment_interfaces/msg/item_log.hpp
[5.444s] -- Up-to-date symlink: /workspace/install/assessment_interfaces/include/assessment_interfaces/assessment_interfaces/msg/robot.hpp
[5.449s] -- Up-to-date symlink: /workspace/install/assessment_interfaces/include/assessment_interfaces/assessment_interfaces/msg/robot_list.hpp
[5.449s] -- Up-to-date symlink: /workspace/install/assessment_interfaces/include/assessment_interfaces/assessment_interfaces/msg/zone.hpp
[5.455s] -- Up-to-date symlink: /workspace/install/assessment_interfaces/include/assessment_interfaces/assessment_interfaces/msg/zone_list.hpp
[5.466s] -- Up-to-date symlink: /workspace/install/assessment_interfaces/include/assessment_interfaces/assessment_interfaces/msg/detail/item__rosidl_typesupport_fastrtps_cpp.hpp
[5.469s] -- Up-to-date symlink: /workspace/install/assessment_interfaces/include/assessment_interfaces/assessment_interfaces/msg/detail/item_holder__rosidl_typesupport_fastrtps_cpp.hpp
[5.472s] -- Up-to-date symlink: /workspace/install/assessment_interfaces/include/assessment_interfaces/assessment_interfaces/msg/detail/item_holders__rosidl_typesupport_fastrtps_cpp.hpp
[5.476s] -- Up-to-date symlink: /workspace/install/assessment_interfaces/include/assessment_interfaces/assessment_interfaces/msg/detail/item_list__rosidl_typesupport_fastrtps_cpp.hpp
[5.476s] -- Up-to-date symlink: /workspace/install/assessment_interfaces/include/assessment_interfaces/assessment_interfaces/msg/detail/item_log__rosidl_typesupport_fastrtps_cpp.hpp
[5.478s] -- Up-to-date symlink: /workspace/install/assessment_interfaces/include/assessment_interfaces/assessment_interfaces/msg/detail/robot__rosidl_typesupport_fastrtps_cpp.hpp
[5.483s] -- Up-to-date symlink: /workspace/install/assessment_interfaces/include/assessment_interfaces/assessment_interfaces/msg/detail/robot_list__rosidl_typesupport_fastrtps_cpp.hpp
[5.484s] -- Up-to-date symlink: /workspace/install/assessment_interfaces/include/assessment_interfaces/assessment_interfaces/msg/detail/zone__rosidl_typesupport_fastrtps_cpp.hpp
[5.488s] -- Up-to-date symlink: /workspace/install/assessment_interfaces/include/assessment_interfaces/assessment_interfaces/msg/detail/zone_list__rosidl_typesupport_fastrtps_cpp.hpp
[5.488s] -- Up-to-date symlink: /workspace/install/assessment_interfaces/include/assessment_interfaces/assessment_interfaces/msg/rosidl_typesupport_fastrtps_cpp__visibility_control.h
[5.502s] -- Up-to-date symlink: /workspace/install/assessment_interfaces/include/assessment_interfaces/assessment_interfaces/msg/detail/item__rosidl_typesupport_introspection_cpp.hpp
[5.502s] -- Up-to-date symlink: /workspace/install/assessment_interfaces/include/assessment_interfaces/assessment_interfaces/msg/detail/item_holder__rosidl_typesupport_introspection_cpp.hpp
[5.503s] -- Up-to-date symlink: /workspace/install/assessment_interfaces/include/assessment_interfaces/assessment_interfaces/msg/detail/item_holders__rosidl_typesupport_introspection_cpp.hpp
[5.503s] -- Up-to-date symlink: /workspace/install/assessment_interfaces/include/assessment_interfaces/assessment_interfaces/msg/detail/item_list__rosidl_typesupport_introspection_cpp.hpp
[5.504s] -- Up-to-date symlink: /workspace/install/assessment_interfaces/include/assessment_interfaces/assessment_interfaces/msg/detail/item_log__rosidl_typesupport_introspection_cpp.hpp
[5.508s] -- Up-to-date symlink: /workspace/install/assessment_interfaces/include/assessment_interfaces/assessment_interfaces/msg/detail/robot__rosidl_typesupport_introspection_cpp.hpp
[5.508s] -- Up-to-date symlink: /workspace/install/assessment_interfaces/include/assessment_interfaces/assessment_interfaces/msg/detail/robot_list__rosidl_typesupport_introspection_cpp.hpp
[5.514s] -- Up-to-date symlink: /workspace/install/assessment_interfaces/include/assessment_interfaces/assessment_interfaces/msg/detail/zone__rosidl_typesupport_introspection_cpp.hpp
[5.515s] -- Up-to-date symlink: /workspace/install/assessment_interfaces/include/assessment_interfaces/assessment_interfaces/msg/detail/zone_list__rosidl_typesupport_introspection_cpp.hpp
[5.520s] -- Up-to-date symlink: /workspace/install/assessment_interfaces/share/assessment_interfaces/environment/pythonpath.sh
[5.525s] -- Up-to-date symlink: /workspace/install/assessment_interfaces/share/assessment_interfaces/environment/pythonpath.dsv
[5.530s] -- Up-to-date symlink: /workspace/install/assessment_interfaces/local/lib/python3.10/dist-packages/assessment_interfaces-0.0.0-py3.10.egg-info/PKG-INFO
[5.530s] -- Up-to-date symlink: /workspace/install/assessment_interfaces/local/lib/python3.10/dist-packages/assessment_interfaces-0.0.0-py3.10.egg-info/SOURCES.txt
[5.535s] -- Up-to-date symlink: /workspace/install/assessment_interfaces/local/lib/python3.10/dist-packages/assessment_interfaces-0.0.0-py3.10.egg-info/dependency_links.txt
[5.536s] -- Up-to-date symlink: /workspace/install/assessment_interfaces/local/lib/python3.10/dist-packages/assessment_interfaces-0.0.0-py3.10.egg-info/top_level.txt
[5.553s] -- Up-to-date symlink: /workspace/install/assessment_interfaces/local/lib/python3.10/dist-packages/assessment_interfaces/__init__.py
[5.553s] -- Up-to-date symlink: /workspace/install/assessment_interfaces/local/lib/python3.10/dist-packages/assessment_interfaces/_assessment_interfaces_s.ep.rosidl_typesupport_c.c
[5.553s] -- Up-to-date symlink: /workspace/install/assessment_interfaces/local/lib/python3.10/dist-packages/assessment_interfaces/_assessment_interfaces_s.ep.rosidl_typesupport_fastrtps_c.c
[5.556s] -- Up-to-date symlink: /workspace/install/assessment_interfaces/local/lib/python3.10/dist-packages/assessment_interfaces/_assessment_interfaces_s.ep.rosidl_typesupport_introspection_c.c
[5.556s] -- Up-to-date symlink: /workspace/install/assessment_interfaces/local/lib/python3.10/dist-packages/assessment_interfaces/assessment_interfaces_s__rosidl_typesupport_c.cpython-310-x86_64-linux-gnu.so
[5.563s] -- Up-to-date symlink: /workspace/install/assessment_interfaces/local/lib/python3.10/dist-packages/assessment_interfaces/assessment_interfaces_s__rosidl_typesupport_fastrtps_c.cpython-310-x86_64-linux-gnu.so
[5.563s] -- Up-to-date symlink: /workspace/install/assessment_interfaces/local/lib/python3.10/dist-packages/assessment_interfaces/assessment_interfaces_s__rosidl_typesupport_introspection_c.cpython-310-x86_64-linux-gnu.so
[5.571s] -- Up-to-date symlink: /workspace/install/assessment_interfaces/local/lib/python3.10/dist-packages/assessment_interfaces/libassessment_interfaces__rosidl_generator_py.so
[5.571s] -- Up-to-date symlink: /workspace/install/assessment_interfaces/local/lib/python3.10/dist-packages/assessment_interfaces/msg/__init__.py
[5.571s] -- Up-to-date symlink: /workspace/install/assessment_interfaces/local/lib/python3.10/dist-packages/assessment_interfaces/msg/_item.py
[5.571s] -- Up-to-date symlink: /workspace/install/assessment_interfaces/local/lib/python3.10/dist-packages/assessment_interfaces/msg/_item_holder.py
[5.577s] -- Up-to-date symlink: /workspace/install/assessment_interfaces/local/lib/python3.10/dist-packages/assessment_interfaces/msg/_item_holder_s.c
[5.578s] -- Up-to-date symlink: /workspace/install/assessment_interfaces/local/lib/python3.10/dist-packages/assessment_interfaces/msg/_item_holders.py
[5.589s] -- Up-to-date symlink: /workspace/install/assessment_interfaces/local/lib/python3.10/dist-packages/assessment_interfaces/msg/_item_holders_s.c
[5.594s] -- Up-to-date symlink: /workspace/install/assessment_interfaces/local/lib/python3.10/dist-packages/assessment_interfaces/msg/_item_list.py
[5.595s] -- Up-to-date symlink: /workspace/install/assessment_interfaces/local/lib/python3.10/dist-packages/assessment_interfaces/msg/_item_list_s.c
[5.601s] -- Up-to-date symlink: /workspace/install/assessment_interfaces/local/lib/python3.10/dist-packages/assessment_interfaces/msg/_item_log.py
[5.601s] -- Up-to-date symlink: /workspace/install/assessment_interfaces/local/lib/python3.10/dist-packages/assessment_interfaces/msg/_item_log_s.c
[5.606s] -- Up-to-date symlink: /workspace/install/assessment_interfaces/local/lib/python3.10/dist-packages/assessment_interfaces/msg/_item_s.c
[5.606s] -- Up-to-date symlink: /workspace/install/assessment_interfaces/local/lib/python3.10/dist-packages/assessment_interfaces/msg/_robot.py
[5.607s] -- Up-to-date symlink: /workspace/install/assessment_interfaces/local/lib/python3.10/dist-packages/assessment_interfaces/msg/_robot_list.py
[5.607s] -- Up-to-date symlink: /workspace/install/assessment_interfaces/local/lib/python3.10/dist-packages/assessment_interfaces/msg/_robot_list_s.c
[5.618s] -- Up-to-date symlink: /workspace/install/assessment_interfaces/local/lib/python3.10/dist-packages/assessment_interfaces/msg/_robot_s.c
[5.618s] -- Up-to-date symlink: /workspace/install/assessment_interfaces/local/lib/python3.10/dist-packages/assessment_interfaces/msg/_zone.py
[5.620s] -- Up-to-date symlink: /workspace/install/assessment_interfaces/local/lib/python3.10/dist-packages/assessment_interfaces/msg/_zone_list.py
[5.623s] -- Up-to-date symlink: /workspace/install/assessment_interfaces/local/lib/python3.10/dist-packages/assessment_interfaces/msg/_zone_list_s.c
[5.629s] -- Up-to-date symlink: /workspace/install/assessment_interfaces/local/lib/python3.10/dist-packages/assessment_interfaces/msg/_zone_s.c
[5.639s] -- Up-to-date symlink: /workspace/install/assessment_interfaces/local/lib/python3.10/dist-packages/assessment_interfaces/assessment_interfaces_s__rosidl_typesupport_fastrtps_c.cpython-310-x86_64-linux-gnu.so
[5.640s] -- Up-to-date symlink: /workspace/install/assessment_interfaces/local/lib/python3.10/dist-packages/assessment_interfaces/assessment_interfaces_s__rosidl_typesupport_introspection_c.cpython-310-x86_64-linux-gnu.so
[5.650s] -- Up-to-date symlink: /workspace/install/assessment_interfaces/local/lib/python3.10/dist-packages/assessment_interfaces/assessment_interfaces_s__rosidl_typesupport_c.cpython-310-x86_64-linux-gnu.so
[5.657s] -- Up-to-date symlink: /workspace/install/assessment_interfaces/share/assessment_interfaces/msg/ItemLog.idl
[5.660s] -- Up-to-date symlink: /workspace/install/assessment_interfaces/share/assessment_interfaces/msg/ItemHolder.idl
[5.678s] -- Up-to-date symlink: /workspace/install/assessment_interfaces/share/assessment_interfaces/msg/ItemHolders.idl
[5.679s] -- Up-to-date symlink: /workspace/install/assessment_interfaces/share/assessment_interfaces/msg/Item.idl
[5.681s] -- Up-to-date symlink: /workspace/install/assessment_interfaces/share/assessment_interfaces/msg/ItemList.idl
[5.686s] -- Up-to-date symlink: /workspace/install/assessment_interfaces/share/assessment_interfaces/msg/Zone.idl
[5.687s] -- Up-to-date symlink: /workspace/install/assessment_interfaces/share/assessment_interfaces/msg/ZoneList.idl
[5.698s] -- Up-to-date symlink: /workspace/install/assessment_interfaces/share/assessment_interfaces/msg/Robot.idl
[5.698s] -- Up-to-date symlink: /workspace/install/assessment_interfaces/share/assessment_interfaces/msg/RobotList.idl
[5.698s] -- Up-to-date symlink: /workspace/install/assessment_interfaces/share/assessment_interfaces/msg/ItemLog.msg
[5.699s] -- Up-to-date symlink: /workspace/install/assessment_interfaces/share/assessment_interfaces/msg/ItemHolder.msg
[5.713s] -- Up-to-date symlink: /workspace/install/assessment_interfaces/share/assessment_interfaces/msg/ItemHolders.msg
[5.715s] -- Up-to-date symlink: /workspace/install/assessment_interfaces/share/assessment_interfaces/msg/Item.msg
[5.715s] -- Up-to-date symlink: /workspace/install/assessment_interfaces/share/assessment_interfaces/msg/ItemList.msg
[5.716s] -- Up-to-date symlink: /workspace/install/assessment_interfaces/share/assessment_interfaces/msg/Zone.msg
[5.716s] -- Up-to-date symlink: /workspace/install/assessment_interfaces/share/assessment_interfaces/msg/ZoneList.msg
[5.716s] -- Up-to-date symlink: /workspace/install/assessment_interfaces/share/assessment_interfaces/msg/Robot.msg
[5.716s] -- Up-to-date symlink: /workspace/install/assessment_interfaces/share/assessment_interfaces/msg/RobotList.msg
[5.723s] -- Up-to-date symlink: /workspace/install/assessment_interfaces/share/ament_index/resource_index/package_run_dependencies/assessment_interfaces
[5.724s] -- Up-to-date symlink: /workspace/install/assessment_interfaces/share/ament_index/resource_index/parent_prefix_path/assessment_interfaces
[5.727s] -- Up-to-date symlink: /workspace/install/assessment_interfaces/share/assessment_interfaces/environment/ament_prefix_path.sh
[5.732s] -- Up-to-date symlink: /workspace/install/assessment_interfaces/share/assessment_interfaces/environment/ament_prefix_path.dsv
[5.732s] -- Up-to-date symlink: /workspace/install/assessment_interfaces/share/assessment_interfaces/environment/path.sh
[5.740s] -- Up-to-date symlink: /workspace/install/assessment_interfaces/share/assessment_interfaces/environment/path.dsv
[5.745s] -- Up-to-date symlink: /workspace/install/assessment_interfaces/share/assessment_interfaces/local_setup.bash
[5.753s] -- Up-to-date symlink: /workspace/install/assessment_interfaces/share/assessment_interfaces/local_setup.sh
[5.761s] -- Up-to-date symlink: /workspace/install/assessment_interfaces/share/assessment_interfaces/local_setup.zsh
[5.761s] -- Up-to-date symlink: /workspace/install/assessment_interfaces/share/assessment_interfaces/local_setup.dsv
[5.763s] -- Symlinking: /workspace/install/assessment_interfaces/share/assessment_interfaces/package.dsv
[5.834s] -- Up-to-date symlink: /workspace/install/assessment_interfaces/share/ament_index/resource_index/packages/assessment_interfaces
[5.835s] -- Up-to-date symlink: /workspace/install/assessment_interfaces/share/assessment_interfaces/cmake/rosidl_cmake-extras.cmake
[5.835s] -- Up-to-date symlink: /workspace/install/assessment_interfaces/share/assessment_interfaces/cmake/ament_cmake_export_include_directories-extras.cmake
[5.840s] -- Up-to-date symlink: /workspace/install/assessment_interfaces/share/assessment_interfaces/cmake/ament_cmake_export_libraries-extras.cmake
[5.840s] -- Up-to-date symlink: /workspace/install/assessment_interfaces/share/assessment_interfaces/cmake/ament_cmake_export_targets-extras.cmake
[5.843s] -- Up-to-date symlink: /workspace/install/assessment_interfaces/share/assessment_interfaces/cmake/rosidl_cmake_export_typesupport_targets-extras.cmake
[5.845s] -- Up-to-date symlink: /workspace/install/assessment_interfaces/share/assessment_interfaces/cmake/ament_cmake_export_dependencies-extras.cmake
[5.848s] -- Up-to-date symlink: /workspace/install/assessment_interfaces/share/assessment_interfaces/cmake/rosidl_cmake_export_typesupport_libraries-extras.cmake
[5.856s] -- Up-to-date symlink: /workspace/install/assessment_interfaces/share/assessment_interfaces/cmake/assessment_interfacesConfig.cmake
[5.870s] -- Up-to-date symlink: /workspace/install/assessment_interfaces/share/assessment_interfaces/cmake/assessment_interfacesConfig-version.cmake
[5.870s] -- Up-to-date symlink: /workspace/install/assessment_interfaces/share/assessment_interfaces/package.xml
[5.870s] -- Up-to-date: /workspace/install/assessment_interfaces/lib/libassessment_interfaces__rosidl_generator_c.so
[5.871s] -- Up-to-date: /workspace/install/assessment_interfaces/lib/libassessment_interfaces__rosidl_typesupport_fastrtps_c.so
[5.871s] -- Up-to-date: /workspace/install/assessment_interfaces/lib/libassessment_interfaces__rosidl_typesupport_introspection_c.so
[5.891s] -- Up-to-date: /workspace/install/assessment_interfaces/lib/libassessment_interfaces__rosidl_typesupport_c.so
[5.891s] -- Up-to-date: /workspace/install/assessment_interfaces/lib/libassessment_interfaces__rosidl_typesupport_fastrtps_cpp.so
[5.893s] -- Up-to-date: /workspace/install/assessment_interfaces/lib/libassessment_interfaces__rosidl_typesupport_introspection_cpp.so
[5.900s] -- Up-to-date: /workspace/install/assessment_interfaces/lib/libassessment_interfaces__rosidl_typesupport_cpp.so
[6.118s] Listing '/workspace/install/assessment_interfaces/local/lib/python3.10/dist-packages/assessment_interfaces'...
[6.118s] Listing '/workspace/install/assessment_interfaces/local/lib/python3.10/dist-packages/assessment_interfaces/msg'...
[6.148s] -- Up-to-date: /workspace/install/assessment_interfaces/lib/libassessment_interfaces__rosidl_generator_py.so
[6.148s] -- Up-to-date: /workspace/install/assessment_interfaces/share/assessment_interfaces/cmake/export_assessment_interfaces__rosidl_generator_cExport.cmake
[6.148s] -- Up-to-date: /workspace/install/assessment_interfaces/share/assessment_interfaces/cmake/export_assessment_interfaces__rosidl_generator_cExport-noconfig.cmake
[6.148s] -- Up-to-date: /workspace/install/assessment_interfaces/share/assessment_interfaces/cmake/export_assessment_interfaces__rosidl_typesupport_fastrtps_cExport.cmake
[6.150s] -- Up-to-date: /workspace/install/assessment_interfaces/share/assessment_interfaces/cmake/export_assessment_interfaces__rosidl_typesupport_fastrtps_cExport-noconfig.cmake
[6.150s] -- Up-to-date: /workspace/install/assessment_interfaces/share/assessment_interfaces/cmake/assessment_interfaces__rosidl_typesupport_introspection_cExport.cmake
[6.150s] -- Up-to-date: /workspace/install/assessment_interfaces/share/assessment_interfaces/cmake/assessment_interfaces__rosidl_typesupport_introspection_cExport-noconfig.cmake
[6.154s] -- Up-to-date: /workspace/install/assessment_interfaces/share/assessment_interfaces/cmake/assessment_interfaces__rosidl_typesupport_cExport.cmake
[6.154s] -- Up-to-date: /workspace/install/assessment_interfaces/share/assessment_interfaces/cmake/assessment_interfaces__rosidl_typesupport_cExport-noconfig.cmake
[6.154s] -- Up-to-date: /workspace/install/assessment_interfaces/share/assessment_interfaces/cmake/export_assessment_interfaces__rosidl_generator_cppExport.cmake
[6.156s] -- Up-to-date: /workspace/install/assessment_interfaces/share/assessment_interfaces/cmake/export_assessment_interfaces__rosidl_typesupport_fastrtps_cppExport.cmake
[6.157s] -- Up-to-date: /workspace/install/assessment_interfaces/share/assessment_interfaces/cmake/export_assessment_interfaces__rosidl_typesupport_fastrtps_cppExport-noconfig.cmake
[6.164s] -- Up-to-date: /workspace/install/assessment_interfaces/share/assessment_interfaces/cmake/assessment_interfaces__rosidl_typesupport_introspection_cppExport.cmake
[6.164s] -- Up-to-date: /workspace/install/assessment_interfaces/share/assessment_interfaces/cmake/assessment_interfaces__rosidl_typesupport_introspection_cppExport-noconfig.cmake
[6.170s] -- Up-to-date: /workspace/install/assessment_interfaces/share/assessment_interfaces/cmake/assessment_interfaces__rosidl_typesupport_cppExport.cmake
[6.170s] -- Up-to-date: /workspace/install/assessment_interfaces/share/assessment_interfaces/cmake/assessment_interfaces__rosidl_typesupport_cppExport-noconfig.cmake
[6.170s] -- Up-to-date: /workspace/install/assessment_interfaces/share/assessment_interfaces/cmake/export_assessment_interfaces__rosidl_generator_pyExport.cmake
[6.171s] -- Up-to-date: /workspace/install/assessment_interfaces/share/assessment_interfaces/cmake/export_assessment_interfaces__rosidl_generator_pyExport-noconfig.cmake
[7.025s] Invoked command in '/workspace/build/assessment_interfaces' returned '0': CMAKE_PREFIX_PATH=/opt/ros/humble /usr/bin/cmake --install /workspace/build/assessment_interfaces
