[0.032s] Invoking command in '/workspace/build/assessment_interfaces': CMAKE_PREFIX_PATH=/opt/ros/humble /usr/bin/cmake --build /workspace/build/assessment_interfaces -- -j4 -l4
[0.730s] [  1%] Built target assessment_interfaces__cpp
[0.730s] [ 12%] Built target assessment_interfaces__rosidl_generator_c
[0.731s] [ 12%] Built target ament_cmake_python_symlink_assessment_interfaces
[0.731s] [ 24%] Built target assessment_interfaces__rosidl_typesupport_cpp
[0.731s] [ 35%] Built target assessment_interfaces__rosidl_typesupport_fastrtps_cpp
[0.731s] [ 47%] Built target assessment_interfaces__rosidl_typesupport_introspection_cpp
[0.731s] [ 58%] Built target assessment_interfaces__rosidl_typesupport_introspection_c
[0.731s] [ 70%] Built target assessment_interfaces__rosidl_typesupport_fastrtps_c
[0.731s] [ 82%] Built target assessment_interfaces__rosidl_typesupport_c
[0.731s] [ 82%] Built target assessment_interfaces
[0.731s] [ 83%] Built target assessment_interfaces__py
[0.732s] [ 93%] Built target assessment_interfaces__rosidl_generator_py
[0.732s] [ 95%] Built target assessment_interfaces__rosidl_typesupport_introspection_c__pyext
[0.732s] [ 97%] Built target assessment_interfaces__rosidl_typesupport_fastrtps_c__pyext
[0.732s] [100%] Built target assessment_interfaces__rosidl_typesupport_c__pyext
[0.868s] running egg_info
[0.869s] writing assessment_interfaces.egg-info/PKG-INFO
[0.870s] writing dependency_links to assessment_interfaces.egg-info/dependency_links.txt
[0.870s] writing top-level names to assessment_interfaces.egg-info/top_level.txt
[0.874s] reading manifest file 'assessment_interfaces.egg-info/SOURCES.txt'
[0.875s] writing manifest file 'assessment_interfaces.egg-info/SOURCES.txt'
[0.911s] [100%] Built target ament_cmake_python_build_assessment_interfaces_egg
[1.050s] Invoked command in '/workspace/build/assessment_interfaces' returned '0': CMAKE_PREFIX_PATH=/opt/ros/humble /usr/bin/cmake --build /workspace/build/assessment_interfaces -- -j4 -l4
[1.475s] Invoking command in '/workspace/build/assessment_interfaces': CMAKE_PREFIX_PATH=/opt/ros/humble /usr/bin/cmake --install /workspace/build/assessment_interfaces
[1.486s] -- Install configuration: ""
[1.488s] -- Execute custom install script
[1.488s] -- Up-to-date symlink: /workspace/install/assessment_interfaces/share/ament_index/resource_index/rosidl_interfaces/assessment_interfaces
[1.490s] -- Up-to-date symlink: /workspace/install/assessment_interfaces/include/assessment_interfaces/assessment_interfaces/msg/detail/item__functions.h
[1.490s] -- Up-to-date symlink: /workspace/install/assessment_interfaces/include/assessment_interfaces/assessment_interfaces/msg/detail/item__struct.h
[1.491s] -- Up-to-date symlink: /workspace/install/assessment_interfaces/include/assessment_interfaces/assessment_interfaces/msg/detail/item__type_support.h
[1.491s] -- Up-to-date symlink: /workspace/install/assessment_interfaces/include/assessment_interfaces/assessment_interfaces/msg/detail/item_holder__functions.h
[1.492s] -- Up-to-date symlink: /workspace/install/assessment_interfaces/include/assessment_interfaces/assessment_interfaces/msg/detail/item_holder__struct.h
[1.492s] -- Up-to-date symlink: /workspace/install/assessment_interfaces/include/assessment_interfaces/assessment_interfaces/msg/detail/item_holder__type_support.h
[1.493s] -- Up-to-date symlink: /workspace/install/assessment_interfaces/include/assessment_interfaces/assessment_interfaces/msg/detail/item_holders__functions.h
[1.493s] -- Up-to-date symlink: /workspace/install/assessment_interfaces/include/assessment_interfaces/assessment_interfaces/msg/detail/item_holders__struct.h
[1.494s] -- Up-to-date symlink: /workspace/install/assessment_interfaces/include/assessment_interfaces/assessment_interfaces/msg/detail/item_holders__type_support.h
[1.494s] -- Up-to-date symlink: /workspace/install/assessment_interfaces/include/assessment_interfaces/assessment_interfaces/msg/detail/item_list__functions.h
[1.495s] -- Up-to-date symlink: /workspace/install/assessment_interfaces/include/assessment_interfaces/assessment_interfaces/msg/detail/item_list__struct.h
[1.495s] -- Up-to-date symlink: /workspace/install/assessment_interfaces/include/assessment_interfaces/assessment_interfaces/msg/detail/item_list__type_support.h
[1.495s] -- Up-to-date symlink: /workspace/install/assessment_interfaces/include/assessment_interfaces/assessment_interfaces/msg/detail/item_log__functions.h
[1.496s] -- Up-to-date symlink: /workspace/install/assessment_interfaces/include/assessment_interfaces/assessment_interfaces/msg/detail/item_log__struct.h
[1.497s] -- Up-to-date symlink: /workspace/install/assessment_interfaces/include/assessment_interfaces/assessment_interfaces/msg/detail/item_log__type_support.h
[1.497s] -- Up-to-date symlink: /workspace/install/assessment_interfaces/include/assessment_interfaces/assessment_interfaces/msg/detail/robot__functions.h
[1.498s] -- Up-to-date symlink: /workspace/install/assessment_interfaces/include/assessment_interfaces/assessment_interfaces/msg/detail/robot__struct.h
[1.498s] -- Up-to-date symlink: /workspace/install/assessment_interfaces/include/assessment_interfaces/assessment_interfaces/msg/detail/robot__type_support.h
[1.498s] -- Up-to-date symlink: /workspace/install/assessment_interfaces/include/assessment_interfaces/assessment_interfaces/msg/detail/robot_list__functions.h
[1.499s] -- Up-to-date symlink: /workspace/install/assessment_interfaces/include/assessment_interfaces/assessment_interfaces/msg/detail/robot_list__struct.h
[1.499s] -- Up-to-date symlink: /workspace/install/assessment_interfaces/include/assessment_interfaces/assessment_interfaces/msg/detail/robot_list__type_support.h
[1.500s] -- Up-to-date symlink: /workspace/install/assessment_interfaces/include/assessment_interfaces/assessment_interfaces/msg/detail/zone__functions.h
[1.500s] -- Up-to-date symlink: /workspace/install/assessment_interfaces/include/assessment_interfaces/assessment_interfaces/msg/detail/zone__struct.h
[1.500s] -- Up-to-date symlink: /workspace/install/assessment_interfaces/include/assessment_interfaces/assessment_interfaces/msg/detail/zone__type_support.h
[1.501s] -- Up-to-date symlink: /workspace/install/assessment_interfaces/include/assessment_interfaces/assessment_interfaces/msg/detail/zone_list__functions.h
[1.502s] -- Up-to-date symlink: /workspace/install/assessment_interfaces/include/assessment_interfaces/assessment_interfaces/msg/detail/zone_list__struct.h
[1.502s] -- Up-to-date symlink: /workspace/install/assessment_interfaces/include/assessment_interfaces/assessment_interfaces/msg/detail/zone_list__type_support.h
[1.502s] -- Up-to-date symlink: /workspace/install/assessment_interfaces/include/assessment_interfaces/assessment_interfaces/msg/item.h
[1.503s] -- Up-to-date symlink: /workspace/install/assessment_interfaces/include/assessment_interfaces/assessment_interfaces/msg/item_holder.h
[1.503s] -- Up-to-date symlink: /workspace/install/assessment_interfaces/include/assessment_interfaces/assessment_interfaces/msg/item_holders.h
[1.504s] -- Up-to-date symlink: /workspace/install/assessment_interfaces/include/assessment_interfaces/assessment_interfaces/msg/item_list.h
[1.504s] -- Up-to-date symlink: /workspace/install/assessment_interfaces/include/assessment_interfaces/assessment_interfaces/msg/item_log.h
[1.504s] -- Up-to-date symlink: /workspace/install/assessment_interfaces/include/assessment_interfaces/assessment_interfaces/msg/robot.h
[1.505s] -- Up-to-date symlink: /workspace/install/assessment_interfaces/include/assessment_interfaces/assessment_interfaces/msg/robot_list.h
[1.505s] -- Up-to-date symlink: /workspace/install/assessment_interfaces/include/assessment_interfaces/assessment_interfaces/msg/rosidl_generator_c__visibility_control.h
[1.506s] -- Up-to-date symlink: /workspace/install/assessment_interfaces/include/assessment_interfaces/assessment_interfaces/msg/zone.h
[1.506s] -- Up-to-date symlink: /workspace/install/assessment_interfaces/include/assessment_interfaces/assessment_interfaces/msg/zone_list.h
[1.512s] -- Up-to-date symlink: /workspace/install/assessment_interfaces/share/assessment_interfaces/environment/library_path.sh
[1.512s] -- Up-to-date symlink: /workspace/install/assessment_interfaces/share/assessment_interfaces/environment/library_path.dsv
[1.512s] -- Up-to-date symlink: /workspace/install/assessment_interfaces/include/assessment_interfaces/assessment_interfaces/msg/detail/item__rosidl_typesupport_fastrtps_c.h
[1.538s] -- Up-to-date symlink: /workspace/install/assessment_interfaces/include/assessment_interfaces/assessment_interfaces/msg/detail/item_holder__rosidl_typesupport_fastrtps_c.h
[1.539s] -- Up-to-date symlink: /workspace/install/assessment_interfaces/include/assessment_interfaces/assessment_interfaces/msg/detail/item_holders__rosidl_typesupport_fastrtps_c.h
[1.539s] -- Up-to-date symlink: /workspace/install/assessment_interfaces/include/assessment_interfaces/assessment_interfaces/msg/detail/item_list__rosidl_typesupport_fastrtps_c.h
[1.540s] -- Up-to-date symlink: /workspace/install/assessment_interfaces/include/assessment_interfaces/assessment_interfaces/msg/detail/item_log__rosidl_typesupport_fastrtps_c.h
[1.540s] -- Up-to-date symlink: /workspace/install/assessment_interfaces/include/assessment_interfaces/assessment_interfaces/msg/detail/robot__rosidl_typesupport_fastrtps_c.h
[1.540s] -- Up-to-date symlink: /workspace/install/assessment_interfaces/include/assessment_interfaces/assessment_interfaces/msg/detail/robot_list__rosidl_typesupport_fastrtps_c.h
[1.540s] -- Up-to-date symlink: /workspace/install/assessment_interfaces/include/assessment_interfaces/assessment_interfaces/msg/detail/zone__rosidl_typesupport_fastrtps_c.h
[1.541s] -- Up-to-date symlink: /workspace/install/assessment_interfaces/include/assessment_interfaces/assessment_interfaces/msg/detail/zone_list__rosidl_typesupport_fastrtps_c.h
[1.541s] -- Up-to-date symlink: /workspace/install/assessment_interfaces/include/assessment_interfaces/assessment_interfaces/msg/rosidl_typesupport_fastrtps_c__visibility_control.h
[1.541s] -- Up-to-date symlink: /workspace/install/assessment_interfaces/include/assessment_interfaces/assessment_interfaces/msg/detail/item__rosidl_typesupport_introspection_c.h
[1.541s] -- Up-to-date symlink: /workspace/install/assessment_interfaces/include/assessment_interfaces/assessment_interfaces/msg/detail/item_holder__rosidl_typesupport_introspection_c.h
[1.541s] -- Up-to-date symlink: /workspace/install/assessment_interfaces/include/assessment_interfaces/assessment_interfaces/msg/detail/item_holders__rosidl_typesupport_introspection_c.h
[1.541s] -- Up-to-date symlink: /workspace/install/assessment_interfaces/include/assessment_interfaces/assessment_interfaces/msg/detail/item_list__rosidl_typesupport_introspection_c.h
[1.541s] -- Up-to-date symlink: /workspace/install/assessment_interfaces/include/assessment_interfaces/assessment_interfaces/msg/detail/item_log__rosidl_typesupport_introspection_c.h
[1.541s] -- Up-to-date symlink: /workspace/install/assessment_interfaces/include/assessment_interfaces/assessment_interfaces/msg/detail/robot__rosidl_typesupport_introspection_c.h
[1.541s] -- Up-to-date symlink: /workspace/install/assessment_interfaces/include/assessment_interfaces/assessment_interfaces/msg/detail/robot_list__rosidl_typesupport_introspection_c.h
[1.542s] -- Up-to-date symlink: /workspace/install/assessment_interfaces/include/assessment_interfaces/assessment_interfaces/msg/detail/zone__rosidl_typesupport_introspection_c.h
[1.542s] -- Up-to-date symlink: /workspace/install/assessment_interfaces/include/assessment_interfaces/assessment_interfaces/msg/detail/zone_list__rosidl_typesupport_introspection_c.h
[1.542s] -- Up-to-date symlink: /workspace/install/assessment_interfaces/include/assessment_interfaces/assessment_interfaces/msg/rosidl_typesupport_introspection_c__visibility_control.h
[1.542s] -- Up-to-date symlink: /workspace/install/assessment_interfaces/include/assessment_interfaces/assessment_interfaces/msg/detail/item__builder.hpp
[1.542s] -- Up-to-date symlink: /workspace/install/assessment_interfaces/include/assessment_interfaces/assessment_interfaces/msg/detail/item__struct.hpp
[1.542s] -- Up-to-date symlink: /workspace/install/assessment_interfaces/include/assessment_interfaces/assessment_interfaces/msg/detail/item__traits.hpp
[1.542s] -- Up-to-date symlink: /workspace/install/assessment_interfaces/include/assessment_interfaces/assessment_interfaces/msg/detail/item_holder__builder.hpp
[1.542s] -- Up-to-date symlink: /workspace/install/assessment_interfaces/include/assessment_interfaces/assessment_interfaces/msg/detail/item_holder__struct.hpp
[1.542s] -- Up-to-date symlink: /workspace/install/assessment_interfaces/include/assessment_interfaces/assessment_interfaces/msg/detail/item_holder__traits.hpp
[1.543s] -- Up-to-date symlink: /workspace/install/assessment_interfaces/include/assessment_interfaces/assessment_interfaces/msg/detail/item_holders__builder.hpp
[1.543s] -- Up-to-date symlink: /workspace/install/assessment_interfaces/include/assessment_interfaces/assessment_interfaces/msg/detail/item_holders__struct.hpp
[1.543s] -- Up-to-date symlink: /workspace/install/assessment_interfaces/include/assessment_interfaces/assessment_interfaces/msg/detail/item_holders__traits.hpp
[1.543s] -- Up-to-date symlink: /workspace/install/assessment_interfaces/include/assessment_interfaces/assessment_interfaces/msg/detail/item_list__builder.hpp
[1.543s] -- Up-to-date symlink: /workspace/install/assessment_interfaces/include/assessment_interfaces/assessment_interfaces/msg/detail/item_list__struct.hpp
[1.543s] -- Up-to-date symlink: /workspace/install/assessment_interfaces/include/assessment_interfaces/assessment_interfaces/msg/detail/item_list__traits.hpp
[1.550s] -- Up-to-date symlink: /workspace/install/assessment_interfaces/include/assessment_interfaces/assessment_interfaces/msg/detail/item_log__builder.hpp
[1.551s] -- Up-to-date symlink: /workspace/install/assessment_interfaces/include/assessment_interfaces/assessment_interfaces/msg/detail/item_log__struct.hpp
[1.552s] -- Up-to-date symlink: /workspace/install/assessment_interfaces/include/assessment_interfaces/assessment_interfaces/msg/detail/item_log__traits.hpp
[1.558s] -- Up-to-date symlink: /workspace/install/assessment_interfaces/include/assessment_interfaces/assessment_interfaces/msg/detail/robot__builder.hpp
[1.561s] -- Up-to-date symlink: /workspace/install/assessment_interfaces/include/assessment_interfaces/assessment_interfaces/msg/detail/robot__struct.hpp
[1.562s] -- Up-to-date symlink: /workspace/install/assessment_interfaces/include/assessment_interfaces/assessment_interfaces/msg/detail/robot__traits.hpp
[1.563s] -- Up-to-date symlink: /workspace/install/assessment_interfaces/include/assessment_interfaces/assessment_interfaces/msg/detail/robot_list__builder.hpp
[1.564s] -- Up-to-date symlink: /workspace/install/assessment_interfaces/include/assessment_interfaces/assessment_interfaces/msg/detail/robot_list__struct.hpp
[1.564s] -- Up-to-date symlink: /workspace/install/assessment_interfaces/include/assessment_interfaces/assessment_interfaces/msg/detail/robot_list__traits.hpp
[1.564s] -- Up-to-date symlink: /workspace/install/assessment_interfaces/include/assessment_interfaces/assessment_interfaces/msg/detail/zone__builder.hpp
[1.564s] -- Up-to-date symlink: /workspace/install/assessment_interfaces/include/assessment_interfaces/assessment_interfaces/msg/detail/zone__struct.hpp
[1.564s] -- Up-to-date symlink: /workspace/install/assessment_interfaces/include/assessment_interfaces/assessment_interfaces/msg/detail/zone__traits.hpp
[1.564s] -- Up-to-date symlink: /workspace/install/assessment_interfaces/include/assessment_interfaces/assessment_interfaces/msg/detail/zone_list__builder.hpp
[1.566s] -- Up-to-date symlink: /workspace/install/assessment_interfaces/include/assessment_interfaces/assessment_interfaces/msg/detail/zone_list__struct.hpp
[1.566s] -- Up-to-date symlink: /workspace/install/assessment_interfaces/include/assessment_interfaces/assessment_interfaces/msg/detail/zone_list__traits.hpp
[1.566s] -- Up-to-date symlink: /workspace/install/assessment_interfaces/include/assessment_interfaces/assessment_interfaces/msg/item.hpp
[1.566s] -- Up-to-date symlink: /workspace/install/assessment_interfaces/include/assessment_interfaces/assessment_interfaces/msg/item_holder.hpp
[1.566s] -- Up-to-date symlink: /workspace/install/assessment_interfaces/include/assessment_interfaces/assessment_interfaces/msg/item_holders.hpp
[1.569s] -- Up-to-date symlink: /workspace/install/assessment_interfaces/include/assessment_interfaces/assessment_interfaces/msg/item_list.hpp
[1.569s] -- Up-to-date symlink: /workspace/install/assessment_interfaces/include/assessment_interfaces/assessment_interfaces/msg/item_log.hpp
[1.570s] -- Up-to-date symlink: /workspace/install/assessment_interfaces/include/assessment_interfaces/assessment_interfaces/msg/robot.hpp
[1.570s] -- Up-to-date symlink: /workspace/install/assessment_interfaces/include/assessment_interfaces/assessment_interfaces/msg/robot_list.hpp
[1.570s] -- Up-to-date symlink: /workspace/install/assessment_interfaces/include/assessment_interfaces/assessment_interfaces/msg/zone.hpp
[1.570s] -- Up-to-date symlink: /workspace/install/assessment_interfaces/include/assessment_interfaces/assessment_interfaces/msg/zone_list.hpp
[1.570s] -- Up-to-date symlink: /workspace/install/assessment_interfaces/include/assessment_interfaces/assessment_interfaces/msg/detail/item__rosidl_typesupport_fastrtps_cpp.hpp
[1.570s] -- Up-to-date symlink: /workspace/install/assessment_interfaces/include/assessment_interfaces/assessment_interfaces/msg/detail/item_holder__rosidl_typesupport_fastrtps_cpp.hpp
[1.570s] -- Up-to-date symlink: /workspace/install/assessment_interfaces/include/assessment_interfaces/assessment_interfaces/msg/detail/item_holders__rosidl_typesupport_fastrtps_cpp.hpp
[1.570s] -- Up-to-date symlink: /workspace/install/assessment_interfaces/include/assessment_interfaces/assessment_interfaces/msg/detail/item_list__rosidl_typesupport_fastrtps_cpp.hpp
[1.571s] -- Up-to-date symlink: /workspace/install/assessment_interfaces/include/assessment_interfaces/assessment_interfaces/msg/detail/item_log__rosidl_typesupport_fastrtps_cpp.hpp
[1.571s] -- Up-to-date symlink: /workspace/install/assessment_interfaces/include/assessment_interfaces/assessment_interfaces/msg/detail/robot__rosidl_typesupport_fastrtps_cpp.hpp
[1.571s] -- Up-to-date symlink: /workspace/install/assessment_interfaces/include/assessment_interfaces/assessment_interfaces/msg/detail/robot_list__rosidl_typesupport_fastrtps_cpp.hpp
[1.574s] -- Up-to-date symlink: /workspace/install/assessment_interfaces/include/assessment_interfaces/assessment_interfaces/msg/detail/zone__rosidl_typesupport_fastrtps_cpp.hpp
[1.574s] -- Up-to-date symlink: /workspace/install/assessment_interfaces/include/assessment_interfaces/assessment_interfaces/msg/detail/zone_list__rosidl_typesupport_fastrtps_cpp.hpp
[1.574s] -- Up-to-date symlink: /workspace/install/assessment_interfaces/include/assessment_interfaces/assessment_interfaces/msg/rosidl_typesupport_fastrtps_cpp__visibility_control.h
[1.574s] -- Up-to-date symlink: /workspace/install/assessment_interfaces/include/assessment_interfaces/assessment_interfaces/msg/detail/item__rosidl_typesupport_introspection_cpp.hpp
[1.574s] -- Up-to-date symlink: /workspace/install/assessment_interfaces/include/assessment_interfaces/assessment_interfaces/msg/detail/item_holder__rosidl_typesupport_introspection_cpp.hpp
[1.576s] -- Up-to-date symlink: /workspace/install/assessment_interfaces/include/assessment_interfaces/assessment_interfaces/msg/detail/item_holders__rosidl_typesupport_introspection_cpp.hpp
[1.576s] -- Up-to-date symlink: /workspace/install/assessment_interfaces/include/assessment_interfaces/assessment_interfaces/msg/detail/item_list__rosidl_typesupport_introspection_cpp.hpp
[1.576s] -- Up-to-date symlink: /workspace/install/assessment_interfaces/include/assessment_interfaces/assessment_interfaces/msg/detail/item_log__rosidl_typesupport_introspection_cpp.hpp
[1.576s] -- Up-to-date symlink: /workspace/install/assessment_interfaces/include/assessment_interfaces/assessment_interfaces/msg/detail/robot__rosidl_typesupport_introspection_cpp.hpp
[1.576s] -- Up-to-date symlink: /workspace/install/assessment_interfaces/include/assessment_interfaces/assessment_interfaces/msg/detail/robot_list__rosidl_typesupport_introspection_cpp.hpp
[1.577s] -- Up-to-date symlink: /workspace/install/assessment_interfaces/include/assessment_interfaces/assessment_interfaces/msg/detail/zone__rosidl_typesupport_introspection_cpp.hpp
[1.577s] -- Up-to-date symlink: /workspace/install/assessment_interfaces/include/assessment_interfaces/assessment_interfaces/msg/detail/zone_list__rosidl_typesupport_introspection_cpp.hpp
[1.577s] -- Up-to-date symlink: /workspace/install/assessment_interfaces/share/assessment_interfaces/environment/pythonpath.sh
[1.577s] -- Up-to-date symlink: /workspace/install/assessment_interfaces/share/assessment_interfaces/environment/pythonpath.dsv
[1.577s] -- Up-to-date symlink: /workspace/install/assessment_interfaces/local/lib/python3.10/dist-packages/assessment_interfaces-0.0.0-py3.10.egg-info/PKG-INFO
[1.582s] -- Up-to-date symlink: /workspace/install/assessment_interfaces/local/lib/python3.10/dist-packages/assessment_interfaces-0.0.0-py3.10.egg-info/SOURCES.txt
[1.582s] -- Up-to-date symlink: /workspace/install/assessment_interfaces/local/lib/python3.10/dist-packages/assessment_interfaces-0.0.0-py3.10.egg-info/dependency_links.txt
[1.582s] -- Up-to-date symlink: /workspace/install/assessment_interfaces/local/lib/python3.10/dist-packages/assessment_interfaces-0.0.0-py3.10.egg-info/top_level.txt
[1.582s] -- Up-to-date symlink: /workspace/install/assessment_interfaces/local/lib/python3.10/dist-packages/assessment_interfaces/__init__.py
[1.583s] -- Up-to-date symlink: /workspace/install/assessment_interfaces/local/lib/python3.10/dist-packages/assessment_interfaces/_assessment_interfaces_s.ep.rosidl_typesupport_c.c
[1.583s] -- Up-to-date symlink: /workspace/install/assessment_interfaces/local/lib/python3.10/dist-packages/assessment_interfaces/_assessment_interfaces_s.ep.rosidl_typesupport_fastrtps_c.c
[1.583s] -- Up-to-date symlink: /workspace/install/assessment_interfaces/local/lib/python3.10/dist-packages/assessment_interfaces/_assessment_interfaces_s.ep.rosidl_typesupport_introspection_c.c
[1.583s] -- Up-to-date symlink: /workspace/install/assessment_interfaces/local/lib/python3.10/dist-packages/assessment_interfaces/assessment_interfaces_s__rosidl_typesupport_c.cpython-310-x86_64-linux-gnu.so
[1.584s] -- Up-to-date symlink: /workspace/install/assessment_interfaces/local/lib/python3.10/dist-packages/assessment_interfaces/assessment_interfaces_s__rosidl_typesupport_fastrtps_c.cpython-310-x86_64-linux-gnu.so
[1.584s] -- Up-to-date symlink: /workspace/install/assessment_interfaces/local/lib/python3.10/dist-packages/assessment_interfaces/assessment_interfaces_s__rosidl_typesupport_introspection_c.cpython-310-x86_64-linux-gnu.so
[1.585s] -- Up-to-date symlink: /workspace/install/assessment_interfaces/local/lib/python3.10/dist-packages/assessment_interfaces/libassessment_interfaces__rosidl_generator_py.so
[1.585s] -- Up-to-date symlink: /workspace/install/assessment_interfaces/local/lib/python3.10/dist-packages/assessment_interfaces/msg/__init__.py
[1.585s] -- Up-to-date symlink: /workspace/install/assessment_interfaces/local/lib/python3.10/dist-packages/assessment_interfaces/msg/_item.py
[1.586s] -- Up-to-date symlink: /workspace/install/assessment_interfaces/local/lib/python3.10/dist-packages/assessment_interfaces/msg/_item_holder.py
[1.586s] -- Up-to-date symlink: /workspace/install/assessment_interfaces/local/lib/python3.10/dist-packages/assessment_interfaces/msg/_item_holder_s.c
[1.586s] -- Up-to-date symlink: /workspace/install/assessment_interfaces/local/lib/python3.10/dist-packages/assessment_interfaces/msg/_item_holders.py
[1.586s] -- Up-to-date symlink: /workspace/install/assessment_interfaces/local/lib/python3.10/dist-packages/assessment_interfaces/msg/_item_holders_s.c
[1.586s] -- Up-to-date symlink: /workspace/install/assessment_interfaces/local/lib/python3.10/dist-packages/assessment_interfaces/msg/_item_list.py
[1.586s] -- Up-to-date symlink: /workspace/install/assessment_interfaces/local/lib/python3.10/dist-packages/assessment_interfaces/msg/_item_list_s.c
[1.588s] -- Up-to-date symlink: /workspace/install/assessment_interfaces/local/lib/python3.10/dist-packages/assessment_interfaces/msg/_item_log.py
[1.589s] -- Up-to-date symlink: /workspace/install/assessment_interfaces/local/lib/python3.10/dist-packages/assessment_interfaces/msg/_item_log_s.c
[1.589s] -- Up-to-date symlink: /workspace/install/assessment_interfaces/local/lib/python3.10/dist-packages/assessment_interfaces/msg/_item_s.c
[1.589s] -- Up-to-date symlink: /workspace/install/assessment_interfaces/local/lib/python3.10/dist-packages/assessment_interfaces/msg/_robot.py
[1.589s] -- Up-to-date symlink: /workspace/install/assessment_interfaces/local/lib/python3.10/dist-packages/assessment_interfaces/msg/_robot_list.py
[1.589s] -- Up-to-date symlink: /workspace/install/assessment_interfaces/local/lib/python3.10/dist-packages/assessment_interfaces/msg/_robot_list_s.c
[1.589s] -- Up-to-date symlink: /workspace/install/assessment_interfaces/local/lib/python3.10/dist-packages/assessment_interfaces/msg/_robot_s.c
[1.589s] -- Up-to-date symlink: /workspace/install/assessment_interfaces/local/lib/python3.10/dist-packages/assessment_interfaces/msg/_zone.py
[1.589s] -- Up-to-date symlink: /workspace/install/assessment_interfaces/local/lib/python3.10/dist-packages/assessment_interfaces/msg/_zone_list.py
[1.590s] -- Up-to-date symlink: /workspace/install/assessment_interfaces/local/lib/python3.10/dist-packages/assessment_interfaces/msg/_zone_list_s.c
[1.590s] -- Up-to-date symlink: /workspace/install/assessment_interfaces/local/lib/python3.10/dist-packages/assessment_interfaces/msg/_zone_s.c
[1.590s] -- Up-to-date symlink: /workspace/install/assessment_interfaces/local/lib/python3.10/dist-packages/assessment_interfaces/assessment_interfaces_s__rosidl_typesupport_fastrtps_c.cpython-310-x86_64-linux-gnu.so
[1.590s] -- Up-to-date symlink: /workspace/install/assessment_interfaces/local/lib/python3.10/dist-packages/assessment_interfaces/assessment_interfaces_s__rosidl_typesupport_introspection_c.cpython-310-x86_64-linux-gnu.so
[1.590s] -- Up-to-date symlink: /workspace/install/assessment_interfaces/local/lib/python3.10/dist-packages/assessment_interfaces/assessment_interfaces_s__rosidl_typesupport_c.cpython-310-x86_64-linux-gnu.so
[1.590s] -- Up-to-date symlink: /workspace/install/assessment_interfaces/share/assessment_interfaces/msg/ItemLog.idl
[1.590s] -- Up-to-date symlink: /workspace/install/assessment_interfaces/share/assessment_interfaces/msg/ItemHolder.idl
[1.590s] -- Up-to-date symlink: /workspace/install/assessment_interfaces/share/assessment_interfaces/msg/ItemHolders.idl
[1.590s] -- Up-to-date symlink: /workspace/install/assessment_interfaces/share/assessment_interfaces/msg/Item.idl
[1.591s] -- Up-to-date symlink: /workspace/install/assessment_interfaces/share/assessment_interfaces/msg/ItemList.idl
[1.591s] -- Up-to-date symlink: /workspace/install/assessment_interfaces/share/assessment_interfaces/msg/Zone.idl
[1.591s] -- Up-to-date symlink: /workspace/install/assessment_interfaces/share/assessment_interfaces/msg/ZoneList.idl
[1.591s] -- Up-to-date symlink: /workspace/install/assessment_interfaces/share/assessment_interfaces/msg/Robot.idl
[1.591s] -- Up-to-date symlink: /workspace/install/assessment_interfaces/share/assessment_interfaces/msg/RobotList.idl
[1.591s] -- Up-to-date symlink: /workspace/install/assessment_interfaces/share/assessment_interfaces/msg/ItemLog.msg
[1.594s] -- Up-to-date symlink: /workspace/install/assessment_interfaces/share/assessment_interfaces/msg/ItemHolder.msg
[1.595s] -- Up-to-date symlink: /workspace/install/assessment_interfaces/share/assessment_interfaces/msg/ItemHolders.msg
[1.595s] -- Up-to-date symlink: /workspace/install/assessment_interfaces/share/assessment_interfaces/msg/Item.msg
[1.595s] -- Up-to-date symlink: /workspace/install/assessment_interfaces/share/assessment_interfaces/msg/ItemList.msg
[1.595s] -- Up-to-date symlink: /workspace/install/assessment_interfaces/share/assessment_interfaces/msg/Zone.msg
[1.595s] -- Up-to-date symlink: /workspace/install/assessment_interfaces/share/assessment_interfaces/msg/ZoneList.msg
[1.595s] -- Up-to-date symlink: /workspace/install/assessment_interfaces/share/assessment_interfaces/msg/Robot.msg
[1.595s] -- Up-to-date symlink: /workspace/install/assessment_interfaces/share/assessment_interfaces/msg/RobotList.msg
[1.596s] -- Up-to-date symlink: /workspace/install/assessment_interfaces/share/ament_index/resource_index/package_run_dependencies/assessment_interfaces
[1.598s] -- Up-to-date symlink: /workspace/install/assessment_interfaces/share/ament_index/resource_index/parent_prefix_path/assessment_interfaces
[1.598s] -- Up-to-date symlink: /workspace/install/assessment_interfaces/share/assessment_interfaces/environment/ament_prefix_path.sh
[1.602s] -- Up-to-date symlink: /workspace/install/assessment_interfaces/share/assessment_interfaces/environment/ament_prefix_path.dsv
[1.604s] -- Up-to-date symlink: /workspace/install/assessment_interfaces/share/assessment_interfaces/environment/path.sh
[1.604s] -- Up-to-date symlink: /workspace/install/assessment_interfaces/share/assessment_interfaces/environment/path.dsv
[1.604s] -- Up-to-date symlink: /workspace/install/assessment_interfaces/share/assessment_interfaces/local_setup.bash
[1.609s] -- Up-to-date symlink: /workspace/install/assessment_interfaces/share/assessment_interfaces/local_setup.sh
[1.609s] -- Up-to-date symlink: /workspace/install/assessment_interfaces/share/assessment_interfaces/local_setup.zsh
[1.609s] -- Up-to-date symlink: /workspace/install/assessment_interfaces/share/assessment_interfaces/local_setup.dsv
[1.614s] -- Symlinking: /workspace/install/assessment_interfaces/share/assessment_interfaces/package.dsv
[1.638s] -- Up-to-date symlink: /workspace/install/assessment_interfaces/share/ament_index/resource_index/packages/assessment_interfaces
[1.638s] -- Up-to-date symlink: /workspace/install/assessment_interfaces/share/assessment_interfaces/cmake/rosidl_cmake-extras.cmake
[1.638s] -- Up-to-date symlink: /workspace/install/assessment_interfaces/share/assessment_interfaces/cmake/ament_cmake_export_include_directories-extras.cmake
[1.639s] -- Up-to-date symlink: /workspace/install/assessment_interfaces/share/assessment_interfaces/cmake/ament_cmake_export_libraries-extras.cmake
[1.639s] -- Up-to-date symlink: /workspace/install/assessment_interfaces/share/assessment_interfaces/cmake/ament_cmake_export_targets-extras.cmake
[1.640s] -- Up-to-date symlink: /workspace/install/assessment_interfaces/share/assessment_interfaces/cmake/rosidl_cmake_export_typesupport_targets-extras.cmake
[1.640s] -- Up-to-date symlink: /workspace/install/assessment_interfaces/share/assessment_interfaces/cmake/ament_cmake_export_dependencies-extras.cmake
[1.640s] -- Up-to-date symlink: /workspace/install/assessment_interfaces/share/assessment_interfaces/cmake/rosidl_cmake_export_typesupport_libraries-extras.cmake
[1.640s] -- Up-to-date symlink: /workspace/install/assessment_interfaces/share/assessment_interfaces/cmake/assessment_interfacesConfig.cmake
[1.640s] -- Up-to-date symlink: /workspace/install/assessment_interfaces/share/assessment_interfaces/cmake/assessment_interfacesConfig-version.cmake
[1.641s] -- Up-to-date symlink: /workspace/install/assessment_interfaces/share/assessment_interfaces/package.xml
[1.641s] -- Up-to-date: /workspace/install/assessment_interfaces/lib/libassessment_interfaces__rosidl_generator_c.so
[1.642s] -- Up-to-date: /workspace/install/assessment_interfaces/lib/libassessment_interfaces__rosidl_typesupport_fastrtps_c.so
[1.643s] -- Up-to-date: /workspace/install/assessment_interfaces/lib/libassessment_interfaces__rosidl_typesupport_introspection_c.so
[1.643s] -- Up-to-date: /workspace/install/assessment_interfaces/lib/libassessment_interfaces__rosidl_typesupport_c.so
[1.648s] -- Up-to-date: /workspace/install/assessment_interfaces/lib/libassessment_interfaces__rosidl_typesupport_fastrtps_cpp.so
[1.649s] -- Up-to-date: /workspace/install/assessment_interfaces/lib/libassessment_interfaces__rosidl_typesupport_introspection_cpp.so
[1.649s] -- Up-to-date: /workspace/install/assessment_interfaces/lib/libassessment_interfaces__rosidl_typesupport_cpp.so
[1.711s] Listing '/workspace/install/assessment_interfaces/local/lib/python3.10/dist-packages/assessment_interfaces'...
[1.711s] Listing '/workspace/install/assessment_interfaces/local/lib/python3.10/dist-packages/assessment_interfaces/msg'...
[1.718s] -- Up-to-date: /workspace/install/assessment_interfaces/lib/libassessment_interfaces__rosidl_generator_py.so
[1.719s] -- Up-to-date: /workspace/install/assessment_interfaces/share/assessment_interfaces/cmake/export_assessment_interfaces__rosidl_generator_cExport.cmake
[1.720s] -- Up-to-date: /workspace/install/assessment_interfaces/share/assessment_interfaces/cmake/export_assessment_interfaces__rosidl_generator_cExport-noconfig.cmake
[1.721s] -- Up-to-date: /workspace/install/assessment_interfaces/share/assessment_interfaces/cmake/export_assessment_interfaces__rosidl_typesupport_fastrtps_cExport.cmake
[1.721s] -- Up-to-date: /workspace/install/assessment_interfaces/share/assessment_interfaces/cmake/export_assessment_interfaces__rosidl_typesupport_fastrtps_cExport-noconfig.cmake
[1.722s] -- Up-to-date: /workspace/install/assessment_interfaces/share/assessment_interfaces/cmake/assessment_interfaces__rosidl_typesupport_introspection_cExport.cmake
[1.722s] -- Up-to-date: /workspace/install/assessment_interfaces/share/assessment_interfaces/cmake/assessment_interfaces__rosidl_typesupport_introspection_cExport-noconfig.cmake
[1.724s] -- Up-to-date: /workspace/install/assessment_interfaces/share/assessment_interfaces/cmake/assessment_interfaces__rosidl_typesupport_cExport.cmake
[1.724s] -- Up-to-date: /workspace/install/assessment_interfaces/share/assessment_interfaces/cmake/assessment_interfaces__rosidl_typesupport_cExport-noconfig.cmake
[1.724s] -- Up-to-date: /workspace/install/assessment_interfaces/share/assessment_interfaces/cmake/export_assessment_interfaces__rosidl_generator_cppExport.cmake
[1.724s] -- Up-to-date: /workspace/install/assessment_interfaces/share/assessment_interfaces/cmake/export_assessment_interfaces__rosidl_typesupport_fastrtps_cppExport.cmake
[1.724s] -- Up-to-date: /workspace/install/assessment_interfaces/share/assessment_interfaces/cmake/export_assessment_interfaces__rosidl_typesupport_fastrtps_cppExport-noconfig.cmake
[1.726s] -- Up-to-date: /workspace/install/assessment_interfaces/share/assessment_interfaces/cmake/assessment_interfaces__rosidl_typesupport_introspection_cppExport.cmake
[1.726s] -- Up-to-date: /workspace/install/assessment_interfaces/share/assessment_interfaces/cmake/assessment_interfaces__rosidl_typesupport_introspection_cppExport-noconfig.cmake
[1.726s] -- Up-to-date: /workspace/install/assessment_interfaces/share/assessment_interfaces/cmake/assessment_interfaces__rosidl_typesupport_cppExport.cmake
[1.727s] -- Up-to-date: /workspace/install/assessment_interfaces/share/assessment_interfaces/cmake/assessment_interfaces__rosidl_typesupport_cppExport-noconfig.cmake
[1.727s] -- Up-to-date: /workspace/install/assessment_interfaces/share/assessment_interfaces/cmake/export_assessment_interfaces__rosidl_generator_pyExport.cmake
[1.728s] -- Up-to-date: /workspace/install/assessment_interfaces/share/assessment_interfaces/cmake/export_assessment_interfaces__rosidl_generator_pyExport-noconfig.cmake
[1.732s] Invoked command in '/workspace/build/assessment_interfaces' returned '0': CMAKE_PREFIX_PATH=/opt/ros/humble /usr/bin/cmake --install /workspace/build/assessment_interfaces
