[0.028s] Invoking command in '/workspace/build/assessment_interfaces': CMAKE_PREFIX_PATH=/opt/ros/humble /usr/bin/cmake --build /workspace/build/assessment_interfaces -- -j4 -l4
[0.712s] [  1%] Built target assessment_interfaces__cpp
[0.712s] [  1%] Built target ament_cmake_python_symlink_assessment_interfaces
[0.712s] [ 12%] Built target assessment_interfaces__rosidl_generator_c
[0.712s] [ 24%] Built target assessment_interfaces__rosidl_typesupport_cpp
[0.712s] [ 35%] Built target assessment_interfaces__rosidl_typesupport_fastrtps_cpp
[0.712s] [ 47%] Built target assessment_interfaces__rosidl_typesupport_introspection_cpp
[0.712s] [ 58%] Built target assessment_interfaces__rosidl_typesupport_introspection_c
[0.712s] [ 70%] Built target assessment_interfaces__rosidl_typesupport_c
[0.713s] [ 82%] Built target assessment_interfaces__rosidl_typesupport_fastrtps_c
[0.713s] [ 82%] Built target assessment_interfaces
[0.713s] [ 83%] Built target assessment_interfaces__py
[0.713s] [ 93%] Built target assessment_interfaces__rosidl_generator_py
[0.713s] [ 95%] Built target assessment_interfaces__rosidl_typesupport_c__pyext
[0.713s] [ 97%] Built target assessment_interfaces__rosidl_typesupport_introspection_c__pyext
[0.713s] [100%] Built target assessment_interfaces__rosidl_typesupport_fastrtps_c__pyext
[0.875s] running egg_info
[0.877s] writing assessment_interfaces.egg-info/PKG-INFO
[0.877s] writing dependency_links to assessment_interfaces.egg-info/dependency_links.txt
[0.878s] writing top-level names to assessment_interfaces.egg-info/top_level.txt
[0.880s] reading manifest file 'assessment_interfaces.egg-info/SOURCES.txt'
[0.881s] writing manifest file 'assessment_interfaces.egg-info/SOURCES.txt'
[0.912s] [100%] Built target ament_cmake_python_build_assessment_interfaces_egg
[1.009s] Invoked command in '/workspace/build/assessment_interfaces' returned '0': CMAKE_PREFIX_PATH=/opt/ros/humble /usr/bin/cmake --build /workspace/build/assessment_interfaces -- -j4 -l4
[1.425s] Invoking command in '/workspace/build/assessment_interfaces': CMAKE_PREFIX_PATH=/opt/ros/humble /usr/bin/cmake --install /workspace/build/assessment_interfaces
[1.441s] -- Install configuration: ""
[1.442s] -- Execute custom install script
[1.443s] -- Up-to-date symlink: /workspace/install/assessment_interfaces/share/ament_index/resource_index/rosidl_interfaces/assessment_interfaces
[1.450s] -- Up-to-date symlink: /workspace/install/assessment_interfaces/include/assessment_interfaces/assessment_interfaces/msg/detail/item__functions.h
[1.450s] -- Up-to-date symlink: /workspace/install/assessment_interfaces/include/assessment_interfaces/assessment_interfaces/msg/detail/item__struct.h
[1.453s] -- Up-to-date symlink: /workspace/install/assessment_interfaces/include/assessment_interfaces/assessment_interfaces/msg/detail/item__type_support.h
[1.453s] -- Up-to-date symlink: /workspace/install/assessment_interfaces/include/assessment_interfaces/assessment_interfaces/msg/detail/item_holder__functions.h
[1.453s] -- Up-to-date symlink: /workspace/install/assessment_interfaces/include/assessment_interfaces/assessment_interfaces/msg/detail/item_holder__struct.h
[1.454s] -- Up-to-date symlink: /workspace/install/assessment_interfaces/include/assessment_interfaces/assessment_interfaces/msg/detail/item_holder__type_support.h
[1.454s] -- Up-to-date symlink: /workspace/install/assessment_interfaces/include/assessment_interfaces/assessment_interfaces/msg/detail/item_holders__functions.h
[1.454s] -- Up-to-date symlink: /workspace/install/assessment_interfaces/include/assessment_interfaces/assessment_interfaces/msg/detail/item_holders__struct.h
[1.454s] -- Up-to-date symlink: /workspace/install/assessment_interfaces/include/assessment_interfaces/assessment_interfaces/msg/detail/item_holders__type_support.h
[1.454s] -- Up-to-date symlink: /workspace/install/assessment_interfaces/include/assessment_interfaces/assessment_interfaces/msg/detail/item_list__functions.h
[1.454s] -- Up-to-date symlink: /workspace/install/assessment_interfaces/include/assessment_interfaces/assessment_interfaces/msg/detail/item_list__struct.h
[1.454s] -- Up-to-date symlink: /workspace/install/assessment_interfaces/include/assessment_interfaces/assessment_interfaces/msg/detail/item_list__type_support.h
[1.455s] -- Up-to-date symlink: /workspace/install/assessment_interfaces/include/assessment_interfaces/assessment_interfaces/msg/detail/item_log__functions.h
[1.455s] -- Up-to-date symlink: /workspace/install/assessment_interfaces/include/assessment_interfaces/assessment_interfaces/msg/detail/item_log__struct.h
[1.455s] -- Up-to-date symlink: /workspace/install/assessment_interfaces/include/assessment_interfaces/assessment_interfaces/msg/detail/item_log__type_support.h
[1.455s] -- Up-to-date symlink: /workspace/install/assessment_interfaces/include/assessment_interfaces/assessment_interfaces/msg/detail/robot__functions.h
[1.456s] -- Up-to-date symlink: /workspace/install/assessment_interfaces/include/assessment_interfaces/assessment_interfaces/msg/detail/robot__struct.h
[1.458s] -- Up-to-date symlink: /workspace/install/assessment_interfaces/include/assessment_interfaces/assessment_interfaces/msg/detail/robot__type_support.h
[1.458s] -- Up-to-date symlink: /workspace/install/assessment_interfaces/include/assessment_interfaces/assessment_interfaces/msg/detail/robot_list__functions.h
[1.458s] -- Up-to-date symlink: /workspace/install/assessment_interfaces/include/assessment_interfaces/assessment_interfaces/msg/detail/robot_list__struct.h
[1.458s] -- Up-to-date symlink: /workspace/install/assessment_interfaces/include/assessment_interfaces/assessment_interfaces/msg/detail/robot_list__type_support.h
[1.458s] -- Up-to-date symlink: /workspace/install/assessment_interfaces/include/assessment_interfaces/assessment_interfaces/msg/detail/zone__functions.h
[1.458s] -- Up-to-date symlink: /workspace/install/assessment_interfaces/include/assessment_interfaces/assessment_interfaces/msg/detail/zone__struct.h
[1.458s] -- Up-to-date symlink: /workspace/install/assessment_interfaces/include/assessment_interfaces/assessment_interfaces/msg/detail/zone__type_support.h
[1.459s] -- Up-to-date symlink: /workspace/install/assessment_interfaces/include/assessment_interfaces/assessment_interfaces/msg/detail/zone_list__functions.h
[1.459s] -- Up-to-date symlink: /workspace/install/assessment_interfaces/include/assessment_interfaces/assessment_interfaces/msg/detail/zone_list__struct.h
[1.459s] -- Up-to-date symlink: /workspace/install/assessment_interfaces/include/assessment_interfaces/assessment_interfaces/msg/detail/zone_list__type_support.h
[1.459s] -- Up-to-date symlink: /workspace/install/assessment_interfaces/include/assessment_interfaces/assessment_interfaces/msg/item.h
[1.459s] -- Up-to-date symlink: /workspace/install/assessment_interfaces/include/assessment_interfaces/assessment_interfaces/msg/item_holder.h
[1.459s] -- Up-to-date symlink: /workspace/install/assessment_interfaces/include/assessment_interfaces/assessment_interfaces/msg/item_holders.h
[1.459s] -- Up-to-date symlink: /workspace/install/assessment_interfaces/include/assessment_interfaces/assessment_interfaces/msg/item_list.h
[1.459s] -- Up-to-date symlink: /workspace/install/assessment_interfaces/include/assessment_interfaces/assessment_interfaces/msg/item_log.h
[1.460s] -- Up-to-date symlink: /workspace/install/assessment_interfaces/include/assessment_interfaces/assessment_interfaces/msg/robot.h
[1.460s] -- Up-to-date symlink: /workspace/install/assessment_interfaces/include/assessment_interfaces/assessment_interfaces/msg/robot_list.h
[1.460s] -- Up-to-date symlink: /workspace/install/assessment_interfaces/include/assessment_interfaces/assessment_interfaces/msg/rosidl_generator_c__visibility_control.h
[1.460s] -- Up-to-date symlink: /workspace/install/assessment_interfaces/include/assessment_interfaces/assessment_interfaces/msg/zone.h
[1.464s] -- Up-to-date symlink: /workspace/install/assessment_interfaces/include/assessment_interfaces/assessment_interfaces/msg/zone_list.h
[1.464s] -- Up-to-date symlink: /workspace/install/assessment_interfaces/share/assessment_interfaces/environment/library_path.sh
[1.464s] -- Up-to-date symlink: /workspace/install/assessment_interfaces/share/assessment_interfaces/environment/library_path.dsv
[1.464s] -- Up-to-date symlink: /workspace/install/assessment_interfaces/include/assessment_interfaces/assessment_interfaces/msg/detail/item__rosidl_typesupport_fastrtps_c.h
[1.464s] -- Up-to-date symlink: /workspace/install/assessment_interfaces/include/assessment_interfaces/assessment_interfaces/msg/detail/item_holder__rosidl_typesupport_fastrtps_c.h
[1.464s] -- Up-to-date symlink: /workspace/install/assessment_interfaces/include/assessment_interfaces/assessment_interfaces/msg/detail/item_holders__rosidl_typesupport_fastrtps_c.h
[1.464s] -- Up-to-date symlink: /workspace/install/assessment_interfaces/include/assessment_interfaces/assessment_interfaces/msg/detail/item_list__rosidl_typesupport_fastrtps_c.h
[1.464s] -- Up-to-date symlink: /workspace/install/assessment_interfaces/include/assessment_interfaces/assessment_interfaces/msg/detail/item_log__rosidl_typesupport_fastrtps_c.h
[1.465s] -- Up-to-date symlink: /workspace/install/assessment_interfaces/include/assessment_interfaces/assessment_interfaces/msg/detail/robot__rosidl_typesupport_fastrtps_c.h
[1.465s] -- Up-to-date symlink: /workspace/install/assessment_interfaces/include/assessment_interfaces/assessment_interfaces/msg/detail/robot_list__rosidl_typesupport_fastrtps_c.h
[1.465s] -- Up-to-date symlink: /workspace/install/assessment_interfaces/include/assessment_interfaces/assessment_interfaces/msg/detail/zone__rosidl_typesupport_fastrtps_c.h
[1.465s] -- Up-to-date symlink: /workspace/install/assessment_interfaces/include/assessment_interfaces/assessment_interfaces/msg/detail/zone_list__rosidl_typesupport_fastrtps_c.h
[1.465s] -- Up-to-date symlink: /workspace/install/assessment_interfaces/include/assessment_interfaces/assessment_interfaces/msg/rosidl_typesupport_fastrtps_c__visibility_control.h
[1.465s] -- Up-to-date symlink: /workspace/install/assessment_interfaces/include/assessment_interfaces/assessment_interfaces/msg/detail/item__rosidl_typesupport_introspection_c.h
[1.465s] -- Up-to-date symlink: /workspace/install/assessment_interfaces/include/assessment_interfaces/assessment_interfaces/msg/detail/item_holder__rosidl_typesupport_introspection_c.h
[1.466s] -- Up-to-date symlink: /workspace/install/assessment_interfaces/include/assessment_interfaces/assessment_interfaces/msg/detail/item_holders__rosidl_typesupport_introspection_c.h
[1.470s] -- Up-to-date symlink: /workspace/install/assessment_interfaces/include/assessment_interfaces/assessment_interfaces/msg/detail/item_list__rosidl_typesupport_introspection_c.h
[1.470s] -- Up-to-date symlink: /workspace/install/assessment_interfaces/include/assessment_interfaces/assessment_interfaces/msg/detail/item_log__rosidl_typesupport_introspection_c.h
[1.471s] -- Up-to-date symlink: /workspace/install/assessment_interfaces/include/assessment_interfaces/assessment_interfaces/msg/detail/robot__rosidl_typesupport_introspection_c.h
[1.471s] -- Up-to-date symlink: /workspace/install/assessment_interfaces/include/assessment_interfaces/assessment_interfaces/msg/detail/robot_list__rosidl_typesupport_introspection_c.h
[1.471s] -- Up-to-date symlink: /workspace/install/assessment_interfaces/include/assessment_interfaces/assessment_interfaces/msg/detail/zone__rosidl_typesupport_introspection_c.h
[1.471s] -- Up-to-date symlink: /workspace/install/assessment_interfaces/include/assessment_interfaces/assessment_interfaces/msg/detail/zone_list__rosidl_typesupport_introspection_c.h
[1.471s] -- Up-to-date symlink: /workspace/install/assessment_interfaces/include/assessment_interfaces/assessment_interfaces/msg/rosidl_typesupport_introspection_c__visibility_control.h
[1.472s] -- Up-to-date symlink: /workspace/install/assessment_interfaces/include/assessment_interfaces/assessment_interfaces/msg/detail/item__builder.hpp
[1.472s] -- Up-to-date symlink: /workspace/install/assessment_interfaces/include/assessment_interfaces/assessment_interfaces/msg/detail/item__struct.hpp
[1.472s] -- Up-to-date symlink: /workspace/install/assessment_interfaces/include/assessment_interfaces/assessment_interfaces/msg/detail/item__traits.hpp
[1.472s] -- Up-to-date symlink: /workspace/install/assessment_interfaces/include/assessment_interfaces/assessment_interfaces/msg/detail/item_holder__builder.hpp
[1.477s] -- Up-to-date symlink: /workspace/install/assessment_interfaces/include/assessment_interfaces/assessment_interfaces/msg/detail/item_holder__struct.hpp
[1.477s] -- Up-to-date symlink: /workspace/install/assessment_interfaces/include/assessment_interfaces/assessment_interfaces/msg/detail/item_holder__traits.hpp
[1.478s] -- Up-to-date symlink: /workspace/install/assessment_interfaces/include/assessment_interfaces/assessment_interfaces/msg/detail/item_holders__builder.hpp
[1.478s] -- Up-to-date symlink: /workspace/install/assessment_interfaces/include/assessment_interfaces/assessment_interfaces/msg/detail/item_holders__struct.hpp
[1.478s] -- Up-to-date symlink: /workspace/install/assessment_interfaces/include/assessment_interfaces/assessment_interfaces/msg/detail/item_holders__traits.hpp
[1.478s] -- Up-to-date symlink: /workspace/install/assessment_interfaces/include/assessment_interfaces/assessment_interfaces/msg/detail/item_list__builder.hpp
[1.478s] -- Up-to-date symlink: /workspace/install/assessment_interfaces/include/assessment_interfaces/assessment_interfaces/msg/detail/item_list__struct.hpp
[1.478s] -- Up-to-date symlink: /workspace/install/assessment_interfaces/include/assessment_interfaces/assessment_interfaces/msg/detail/item_list__traits.hpp
[1.478s] -- Up-to-date symlink: /workspace/install/assessment_interfaces/include/assessment_interfaces/assessment_interfaces/msg/detail/item_log__builder.hpp
[1.478s] -- Up-to-date symlink: /workspace/install/assessment_interfaces/include/assessment_interfaces/assessment_interfaces/msg/detail/item_log__struct.hpp
[1.479s] -- Up-to-date symlink: /workspace/install/assessment_interfaces/include/assessment_interfaces/assessment_interfaces/msg/detail/item_log__traits.hpp
[1.479s] -- Up-to-date symlink: /workspace/install/assessment_interfaces/include/assessment_interfaces/assessment_interfaces/msg/detail/robot__builder.hpp
[1.479s] -- Up-to-date symlink: /workspace/install/assessment_interfaces/include/assessment_interfaces/assessment_interfaces/msg/detail/robot__struct.hpp
[1.479s] -- Up-to-date symlink: /workspace/install/assessment_interfaces/include/assessment_interfaces/assessment_interfaces/msg/detail/robot__traits.hpp
[1.479s] -- Up-to-date symlink: /workspace/install/assessment_interfaces/include/assessment_interfaces/assessment_interfaces/msg/detail/robot_list__builder.hpp
[1.479s] -- Up-to-date symlink: /workspace/install/assessment_interfaces/include/assessment_interfaces/assessment_interfaces/msg/detail/robot_list__struct.hpp
[1.479s] -- Up-to-date symlink: /workspace/install/assessment_interfaces/include/assessment_interfaces/assessment_interfaces/msg/detail/robot_list__traits.hpp
[1.480s] -- Up-to-date symlink: /workspace/install/assessment_interfaces/include/assessment_interfaces/assessment_interfaces/msg/detail/zone__builder.hpp
[1.480s] -- Up-to-date symlink: /workspace/install/assessment_interfaces/include/assessment_interfaces/assessment_interfaces/msg/detail/zone__struct.hpp
[1.480s] -- Up-to-date symlink: /workspace/install/assessment_interfaces/include/assessment_interfaces/assessment_interfaces/msg/detail/zone__traits.hpp
[1.480s] -- Up-to-date symlink: /workspace/install/assessment_interfaces/include/assessment_interfaces/assessment_interfaces/msg/detail/zone_list__builder.hpp
[1.490s] -- Up-to-date symlink: /workspace/install/assessment_interfaces/include/assessment_interfaces/assessment_interfaces/msg/detail/zone_list__struct.hpp
[1.490s] -- Up-to-date symlink: /workspace/install/assessment_interfaces/include/assessment_interfaces/assessment_interfaces/msg/detail/zone_list__traits.hpp
[1.491s] -- Up-to-date symlink: /workspace/install/assessment_interfaces/include/assessment_interfaces/assessment_interfaces/msg/item.hpp
[1.491s] -- Up-to-date symlink: /workspace/install/assessment_interfaces/include/assessment_interfaces/assessment_interfaces/msg/item_holder.hpp
[1.491s] -- Up-to-date symlink: /workspace/install/assessment_interfaces/include/assessment_interfaces/assessment_interfaces/msg/item_holders.hpp
[1.491s] -- Up-to-date symlink: /workspace/install/assessment_interfaces/include/assessment_interfaces/assessment_interfaces/msg/item_list.hpp
[1.491s] -- Up-to-date symlink: /workspace/install/assessment_interfaces/include/assessment_interfaces/assessment_interfaces/msg/item_log.hpp
[1.491s] -- Up-to-date symlink: /workspace/install/assessment_interfaces/include/assessment_interfaces/assessment_interfaces/msg/robot.hpp
[1.491s] -- Up-to-date symlink: /workspace/install/assessment_interfaces/include/assessment_interfaces/assessment_interfaces/msg/robot_list.hpp
[1.492s] -- Up-to-date symlink: /workspace/install/assessment_interfaces/include/assessment_interfaces/assessment_interfaces/msg/zone.hpp
[1.492s] -- Up-to-date symlink: /workspace/install/assessment_interfaces/include/assessment_interfaces/assessment_interfaces/msg/zone_list.hpp
[1.492s] -- Up-to-date symlink: /workspace/install/assessment_interfaces/include/assessment_interfaces/assessment_interfaces/msg/detail/item__rosidl_typesupport_fastrtps_cpp.hpp
[1.492s] -- Up-to-date symlink: /workspace/install/assessment_interfaces/include/assessment_interfaces/assessment_interfaces/msg/detail/item_holder__rosidl_typesupport_fastrtps_cpp.hpp
[1.492s] -- Up-to-date symlink: /workspace/install/assessment_interfaces/include/assessment_interfaces/assessment_interfaces/msg/detail/item_holders__rosidl_typesupport_fastrtps_cpp.hpp
[1.492s] -- Up-to-date symlink: /workspace/install/assessment_interfaces/include/assessment_interfaces/assessment_interfaces/msg/detail/item_list__rosidl_typesupport_fastrtps_cpp.hpp
[1.492s] -- Up-to-date symlink: /workspace/install/assessment_interfaces/include/assessment_interfaces/assessment_interfaces/msg/detail/item_log__rosidl_typesupport_fastrtps_cpp.hpp
[1.493s] -- Up-to-date symlink: /workspace/install/assessment_interfaces/include/assessment_interfaces/assessment_interfaces/msg/detail/robot__rosidl_typesupport_fastrtps_cpp.hpp
[1.493s] -- Up-to-date symlink: /workspace/install/assessment_interfaces/include/assessment_interfaces/assessment_interfaces/msg/detail/robot_list__rosidl_typesupport_fastrtps_cpp.hpp
[1.493s] -- Up-to-date symlink: /workspace/install/assessment_interfaces/include/assessment_interfaces/assessment_interfaces/msg/detail/zone__rosidl_typesupport_fastrtps_cpp.hpp
[1.493s] -- Up-to-date symlink: /workspace/install/assessment_interfaces/include/assessment_interfaces/assessment_interfaces/msg/detail/zone_list__rosidl_typesupport_fastrtps_cpp.hpp
[1.493s] -- Up-to-date symlink: /workspace/install/assessment_interfaces/include/assessment_interfaces/assessment_interfaces/msg/rosidl_typesupport_fastrtps_cpp__visibility_control.h
[1.493s] -- Up-to-date symlink: /workspace/install/assessment_interfaces/include/assessment_interfaces/assessment_interfaces/msg/detail/item__rosidl_typesupport_introspection_cpp.hpp
[1.493s] -- Up-to-date symlink: /workspace/install/assessment_interfaces/include/assessment_interfaces/assessment_interfaces/msg/detail/item_holder__rosidl_typesupport_introspection_cpp.hpp
[1.494s] -- Up-to-date symlink: /workspace/install/assessment_interfaces/include/assessment_interfaces/assessment_interfaces/msg/detail/item_holders__rosidl_typesupport_introspection_cpp.hpp
[1.494s] -- Up-to-date symlink: /workspace/install/assessment_interfaces/include/assessment_interfaces/assessment_interfaces/msg/detail/item_list__rosidl_typesupport_introspection_cpp.hpp
[1.494s] -- Up-to-date symlink: /workspace/install/assessment_interfaces/include/assessment_interfaces/assessment_interfaces/msg/detail/item_log__rosidl_typesupport_introspection_cpp.hpp
[1.502s] -- Up-to-date symlink: /workspace/install/assessment_interfaces/include/assessment_interfaces/assessment_interfaces/msg/detail/robot__rosidl_typesupport_introspection_cpp.hpp
[1.502s] -- Up-to-date symlink: /workspace/install/assessment_interfaces/include/assessment_interfaces/assessment_interfaces/msg/detail/robot_list__rosidl_typesupport_introspection_cpp.hpp
[1.502s] -- Up-to-date symlink: /workspace/install/assessment_interfaces/include/assessment_interfaces/assessment_interfaces/msg/detail/zone__rosidl_typesupport_introspection_cpp.hpp
[1.502s] -- Up-to-date symlink: /workspace/install/assessment_interfaces/include/assessment_interfaces/assessment_interfaces/msg/detail/zone_list__rosidl_typesupport_introspection_cpp.hpp
[1.502s] -- Up-to-date symlink: /workspace/install/assessment_interfaces/share/assessment_interfaces/environment/pythonpath.sh
[1.503s] -- Up-to-date symlink: /workspace/install/assessment_interfaces/share/assessment_interfaces/environment/pythonpath.dsv
[1.503s] -- Up-to-date symlink: /workspace/install/assessment_interfaces/local/lib/python3.10/dist-packages/assessment_interfaces-0.0.0-py3.10.egg-info/PKG-INFO
[1.503s] -- Up-to-date symlink: /workspace/install/assessment_interfaces/local/lib/python3.10/dist-packages/assessment_interfaces-0.0.0-py3.10.egg-info/SOURCES.txt
[1.503s] -- Up-to-date symlink: /workspace/install/assessment_interfaces/local/lib/python3.10/dist-packages/assessment_interfaces-0.0.0-py3.10.egg-info/dependency_links.txt
[1.503s] -- Up-to-date symlink: /workspace/install/assessment_interfaces/local/lib/python3.10/dist-packages/assessment_interfaces-0.0.0-py3.10.egg-info/top_level.txt
[1.503s] -- Up-to-date symlink: /workspace/install/assessment_interfaces/local/lib/python3.10/dist-packages/assessment_interfaces/__init__.py
[1.503s] -- Up-to-date symlink: /workspace/install/assessment_interfaces/local/lib/python3.10/dist-packages/assessment_interfaces/_assessment_interfaces_s.ep.rosidl_typesupport_c.c
[1.503s] -- Up-to-date symlink: /workspace/install/assessment_interfaces/local/lib/python3.10/dist-packages/assessment_interfaces/_assessment_interfaces_s.ep.rosidl_typesupport_fastrtps_c.c
[1.504s] -- Up-to-date symlink: /workspace/install/assessment_interfaces/local/lib/python3.10/dist-packages/assessment_interfaces/_assessment_interfaces_s.ep.rosidl_typesupport_introspection_c.c
[1.504s] -- Up-to-date symlink: /workspace/install/assessment_interfaces/local/lib/python3.10/dist-packages/assessment_interfaces/assessment_interfaces_s__rosidl_typesupport_c.cpython-310-x86_64-linux-gnu.so
[1.504s] -- Up-to-date symlink: /workspace/install/assessment_interfaces/local/lib/python3.10/dist-packages/assessment_interfaces/assessment_interfaces_s__rosidl_typesupport_fastrtps_c.cpython-310-x86_64-linux-gnu.so
[1.504s] -- Up-to-date symlink: /workspace/install/assessment_interfaces/local/lib/python3.10/dist-packages/assessment_interfaces/assessment_interfaces_s__rosidl_typesupport_introspection_c.cpython-310-x86_64-linux-gnu.so
[1.504s] -- Up-to-date symlink: /workspace/install/assessment_interfaces/local/lib/python3.10/dist-packages/assessment_interfaces/libassessment_interfaces__rosidl_generator_py.so
[1.504s] -- Up-to-date symlink: /workspace/install/assessment_interfaces/local/lib/python3.10/dist-packages/assessment_interfaces/msg/__init__.py
[1.504s] -- Up-to-date symlink: /workspace/install/assessment_interfaces/local/lib/python3.10/dist-packages/assessment_interfaces/msg/_item.py
[1.504s] -- Up-to-date symlink: /workspace/install/assessment_interfaces/local/lib/python3.10/dist-packages/assessment_interfaces/msg/_item_holder.py
[1.505s] -- Up-to-date symlink: /workspace/install/assessment_interfaces/local/lib/python3.10/dist-packages/assessment_interfaces/msg/_item_holder_s.c
[1.505s] -- Up-to-date symlink: /workspace/install/assessment_interfaces/local/lib/python3.10/dist-packages/assessment_interfaces/msg/_item_holders.py
[1.505s] -- Up-to-date symlink: /workspace/install/assessment_interfaces/local/lib/python3.10/dist-packages/assessment_interfaces/msg/_item_holders_s.c
[1.505s] -- Up-to-date symlink: /workspace/install/assessment_interfaces/local/lib/python3.10/dist-packages/assessment_interfaces/msg/_item_list.py
[1.507s] -- Up-to-date symlink: /workspace/install/assessment_interfaces/local/lib/python3.10/dist-packages/assessment_interfaces/msg/_item_list_s.c
[1.508s] -- Up-to-date symlink: /workspace/install/assessment_interfaces/local/lib/python3.10/dist-packages/assessment_interfaces/msg/_item_log.py
[1.518s] -- Up-to-date symlink: /workspace/install/assessment_interfaces/local/lib/python3.10/dist-packages/assessment_interfaces/msg/_item_log_s.c
[1.518s] -- Up-to-date symlink: /workspace/install/assessment_interfaces/local/lib/python3.10/dist-packages/assessment_interfaces/msg/_item_s.c
[1.518s] -- Up-to-date symlink: /workspace/install/assessment_interfaces/local/lib/python3.10/dist-packages/assessment_interfaces/msg/_robot.py
[1.518s] -- Up-to-date symlink: /workspace/install/assessment_interfaces/local/lib/python3.10/dist-packages/assessment_interfaces/msg/_robot_list.py
[1.518s] -- Up-to-date symlink: /workspace/install/assessment_interfaces/local/lib/python3.10/dist-packages/assessment_interfaces/msg/_robot_list_s.c
[1.518s] -- Up-to-date symlink: /workspace/install/assessment_interfaces/local/lib/python3.10/dist-packages/assessment_interfaces/msg/_robot_s.c
[1.518s] -- Up-to-date symlink: /workspace/install/assessment_interfaces/local/lib/python3.10/dist-packages/assessment_interfaces/msg/_zone.py
[1.518s] -- Up-to-date symlink: /workspace/install/assessment_interfaces/local/lib/python3.10/dist-packages/assessment_interfaces/msg/_zone_list.py
[1.519s] -- Up-to-date symlink: /workspace/install/assessment_interfaces/local/lib/python3.10/dist-packages/assessment_interfaces/msg/_zone_list_s.c
[1.519s] -- Up-to-date symlink: /workspace/install/assessment_interfaces/local/lib/python3.10/dist-packages/assessment_interfaces/msg/_zone_s.c
[1.519s] -- Up-to-date symlink: /workspace/install/assessment_interfaces/local/lib/python3.10/dist-packages/assessment_interfaces/assessment_interfaces_s__rosidl_typesupport_fastrtps_c.cpython-310-x86_64-linux-gnu.so
[1.519s] -- Up-to-date symlink: /workspace/install/assessment_interfaces/local/lib/python3.10/dist-packages/assessment_interfaces/assessment_interfaces_s__rosidl_typesupport_introspection_c.cpython-310-x86_64-linux-gnu.so
[1.521s] -- Up-to-date symlink: /workspace/install/assessment_interfaces/local/lib/python3.10/dist-packages/assessment_interfaces/assessment_interfaces_s__rosidl_typesupport_c.cpython-310-x86_64-linux-gnu.so
[1.522s] -- Up-to-date symlink: /workspace/install/assessment_interfaces/share/assessment_interfaces/msg/ItemLog.idl
[1.522s] -- Up-to-date symlink: /workspace/install/assessment_interfaces/share/assessment_interfaces/msg/ItemHolder.idl
[1.522s] -- Up-to-date symlink: /workspace/install/assessment_interfaces/share/assessment_interfaces/msg/ItemHolders.idl
[1.522s] -- Up-to-date symlink: /workspace/install/assessment_interfaces/share/assessment_interfaces/msg/Item.idl
[1.523s] -- Up-to-date symlink: /workspace/install/assessment_interfaces/share/assessment_interfaces/msg/ItemList.idl
[1.523s] -- Up-to-date symlink: /workspace/install/assessment_interfaces/share/assessment_interfaces/msg/Zone.idl
[1.523s] -- Up-to-date symlink: /workspace/install/assessment_interfaces/share/assessment_interfaces/msg/ZoneList.idl
[1.523s] -- Up-to-date symlink: /workspace/install/assessment_interfaces/share/assessment_interfaces/msg/Robot.idl
[1.523s] -- Up-to-date symlink: /workspace/install/assessment_interfaces/share/assessment_interfaces/msg/RobotList.idl
[1.523s] -- Up-to-date symlink: /workspace/install/assessment_interfaces/share/assessment_interfaces/msg/ItemLog.msg
[1.523s] -- Up-to-date symlink: /workspace/install/assessment_interfaces/share/assessment_interfaces/msg/ItemHolder.msg
[1.523s] -- Up-to-date symlink: /workspace/install/assessment_interfaces/share/assessment_interfaces/msg/ItemHolders.msg
[1.523s] -- Up-to-date symlink: /workspace/install/assessment_interfaces/share/assessment_interfaces/msg/Item.msg
[1.524s] -- Up-to-date symlink: /workspace/install/assessment_interfaces/share/assessment_interfaces/msg/ItemList.msg
[1.524s] -- Up-to-date symlink: /workspace/install/assessment_interfaces/share/assessment_interfaces/msg/Zone.msg
[1.524s] -- Up-to-date symlink: /workspace/install/assessment_interfaces/share/assessment_interfaces/msg/ZoneList.msg
[1.524s] -- Up-to-date symlink: /workspace/install/assessment_interfaces/share/assessment_interfaces/msg/Robot.msg
[1.524s] -- Up-to-date symlink: /workspace/install/assessment_interfaces/share/assessment_interfaces/msg/RobotList.msg
[1.524s] -- Up-to-date symlink: /workspace/install/assessment_interfaces/share/ament_index/resource_index/package_run_dependencies/assessment_interfaces
[1.524s] -- Up-to-date symlink: /workspace/install/assessment_interfaces/share/ament_index/resource_index/parent_prefix_path/assessment_interfaces
[1.524s] -- Up-to-date symlink: /workspace/install/assessment_interfaces/share/assessment_interfaces/environment/ament_prefix_path.sh
[1.524s] -- Up-to-date symlink: /workspace/install/assessment_interfaces/share/assessment_interfaces/environment/ament_prefix_path.dsv
[1.525s] -- Up-to-date symlink: /workspace/install/assessment_interfaces/share/assessment_interfaces/environment/path.sh
[1.525s] -- Up-to-date symlink: /workspace/install/assessment_interfaces/share/assessment_interfaces/environment/path.dsv
[1.525s] -- Up-to-date symlink: /workspace/install/assessment_interfaces/share/assessment_interfaces/local_setup.bash
[1.525s] -- Up-to-date symlink: /workspace/install/assessment_interfaces/share/assessment_interfaces/local_setup.sh
[1.526s] -- Up-to-date symlink: /workspace/install/assessment_interfaces/share/assessment_interfaces/local_setup.zsh
[1.527s] -- Up-to-date symlink: /workspace/install/assessment_interfaces/share/assessment_interfaces/local_setup.dsv
[1.527s] -- Symlinking: /workspace/install/assessment_interfaces/share/assessment_interfaces/package.dsv
[1.527s] -- Up-to-date symlink: /workspace/install/assessment_interfaces/share/ament_index/resource_index/packages/assessment_interfaces
[1.527s] -- Up-to-date symlink: /workspace/install/assessment_interfaces/share/assessment_interfaces/cmake/rosidl_cmake-extras.cmake
[1.527s] -- Up-to-date symlink: /workspace/install/assessment_interfaces/share/assessment_interfaces/cmake/ament_cmake_export_include_directories-extras.cmake
[1.527s] -- Up-to-date symlink: /workspace/install/assessment_interfaces/share/assessment_interfaces/cmake/ament_cmake_export_libraries-extras.cmake
[1.527s] -- Up-to-date symlink: /workspace/install/assessment_interfaces/share/assessment_interfaces/cmake/ament_cmake_export_targets-extras.cmake
[1.527s] -- Up-to-date symlink: /workspace/install/assessment_interfaces/share/assessment_interfaces/cmake/rosidl_cmake_export_typesupport_targets-extras.cmake
[1.528s] -- Up-to-date symlink: /workspace/install/assessment_interfaces/share/assessment_interfaces/cmake/ament_cmake_export_dependencies-extras.cmake
[1.528s] -- Up-to-date symlink: /workspace/install/assessment_interfaces/share/assessment_interfaces/cmake/rosidl_cmake_export_typesupport_libraries-extras.cmake
[1.528s] -- Up-to-date symlink: /workspace/install/assessment_interfaces/share/assessment_interfaces/cmake/assessment_interfacesConfig.cmake
[1.528s] -- Up-to-date symlink: /workspace/install/assessment_interfaces/share/assessment_interfaces/cmake/assessment_interfacesConfig-version.cmake
[1.528s] -- Up-to-date symlink: /workspace/install/assessment_interfaces/share/assessment_interfaces/package.xml
[1.531s] -- Up-to-date: /workspace/install/assessment_interfaces/lib/libassessment_interfaces__rosidl_generator_c.so
[1.531s] -- Up-to-date: /workspace/install/assessment_interfaces/lib/libassessment_interfaces__rosidl_typesupport_fastrtps_c.so
[1.531s] -- Up-to-date: /workspace/install/assessment_interfaces/lib/libassessment_interfaces__rosidl_typesupport_introspection_c.so
[1.531s] -- Up-to-date: /workspace/install/assessment_interfaces/lib/libassessment_interfaces__rosidl_typesupport_c.so
[1.532s] -- Up-to-date: /workspace/install/assessment_interfaces/lib/libassessment_interfaces__rosidl_typesupport_fastrtps_cpp.so
[1.532s] -- Up-to-date: /workspace/install/assessment_interfaces/lib/libassessment_interfaces__rosidl_typesupport_introspection_cpp.so
[1.532s] -- Up-to-date: /workspace/install/assessment_interfaces/lib/libassessment_interfaces__rosidl_typesupport_cpp.so
[1.614s] Listing '/workspace/install/assessment_interfaces/local/lib/python3.10/dist-packages/assessment_interfaces'...
[1.614s] Listing '/workspace/install/assessment_interfaces/local/lib/python3.10/dist-packages/assessment_interfaces/msg'...
[1.621s] -- Up-to-date: /workspace/install/assessment_interfaces/lib/libassessment_interfaces__rosidl_generator_py.so
[1.624s] -- Up-to-date: /workspace/install/assessment_interfaces/share/assessment_interfaces/cmake/export_assessment_interfaces__rosidl_generator_cExport.cmake
[1.625s] -- Up-to-date: /workspace/install/assessment_interfaces/share/assessment_interfaces/cmake/export_assessment_interfaces__rosidl_generator_cExport-noconfig.cmake
[1.625s] -- Up-to-date: /workspace/install/assessment_interfaces/share/assessment_interfaces/cmake/export_assessment_interfaces__rosidl_typesupport_fastrtps_cExport.cmake
[1.625s] -- Up-to-date: /workspace/install/assessment_interfaces/share/assessment_interfaces/cmake/export_assessment_interfaces__rosidl_typesupport_fastrtps_cExport-noconfig.cmake
[1.625s] -- Up-to-date: /workspace/install/assessment_interfaces/share/assessment_interfaces/cmake/assessment_interfaces__rosidl_typesupport_introspection_cExport.cmake
[1.625s] -- Up-to-date: /workspace/install/assessment_interfaces/share/assessment_interfaces/cmake/assessment_interfaces__rosidl_typesupport_introspection_cExport-noconfig.cmake
[1.625s] -- Up-to-date: /workspace/install/assessment_interfaces/share/assessment_interfaces/cmake/assessment_interfaces__rosidl_typesupport_cExport.cmake
[1.625s] -- Up-to-date: /workspace/install/assessment_interfaces/share/assessment_interfaces/cmake/assessment_interfaces__rosidl_typesupport_cExport-noconfig.cmake
[1.625s] -- Up-to-date: /workspace/install/assessment_interfaces/share/assessment_interfaces/cmake/export_assessment_interfaces__rosidl_generator_cppExport.cmake
[1.625s] -- Up-to-date: /workspace/install/assessment_interfaces/share/assessment_interfaces/cmake/export_assessment_interfaces__rosidl_typesupport_fastrtps_cppExport.cmake
[1.625s] -- Up-to-date: /workspace/install/assessment_interfaces/share/assessment_interfaces/cmake/export_assessment_interfaces__rosidl_typesupport_fastrtps_cppExport-noconfig.cmake
[1.626s] -- Up-to-date: /workspace/install/assessment_interfaces/share/assessment_interfaces/cmake/assessment_interfaces__rosidl_typesupport_introspection_cppExport.cmake
[1.626s] -- Up-to-date: /workspace/install/assessment_interfaces/share/assessment_interfaces/cmake/assessment_interfaces__rosidl_typesupport_introspection_cppExport-noconfig.cmake
[1.626s] -- Up-to-date: /workspace/install/assessment_interfaces/share/assessment_interfaces/cmake/assessment_interfaces__rosidl_typesupport_cppExport.cmake
[1.626s] -- Up-to-date: /workspace/install/assessment_interfaces/share/assessment_interfaces/cmake/assessment_interfaces__rosidl_typesupport_cppExport-noconfig.cmake
[1.626s] -- Up-to-date: /workspace/install/assessment_interfaces/share/assessment_interfaces/cmake/export_assessment_interfaces__rosidl_generator_pyExport.cmake
[1.626s] -- Up-to-date: /workspace/install/assessment_interfaces/share/assessment_interfaces/cmake/export_assessment_interfaces__rosidl_generator_pyExport-noconfig.cmake
[1.633s] Invoked command in '/workspace/build/assessment_interfaces' returned '0': CMAKE_PREFIX_PATH=/opt/ros/humble /usr/bin/cmake --install /workspace/build/assessment_interfaces
