running develop
running egg_info
creating week_3.egg-info
writing week_3.egg-info/PKG-INFO
writing dependency_links to week_3.egg-info/dependency_links.txt
writing entry points to week_3.egg-info/entry_points.txt
writing requirements to week_3.egg-info/requires.txt
writing top-level names to week_3.egg-info/top_level.txt
writing manifest file 'week_3.egg-info/SOURCES.txt'
reading manifest file 'week_3.egg-info/SOURCES.txt'
writing manifest file 'week_3.egg-info/SOURCES.txt'
running build_ext
Creating /workspace/install/week_3/lib/python3.10/site-packages/week-3.egg-link (link to .)
Installing rviz_text_marker script to /workspace/install/week_3/lib/week_3
Installing turtlebot3_fsm script to /workspace/install/week_3/lib/week_3
Installing turtlebot3_fsm_rc script to /workspace/install/week_3/lib/week_3
Installing turtlebot3_random_walk script to /workspace/install/week_3/lib/week_3

Installed /workspace/build/week_3
running symlink_data
creating /workspace/install/week_3/share/ament_index
creating /workspace/install/week_3/share/ament_index/resource_index
creating /workspace/install/week_3/share/ament_index/resource_index/packages
symbolically linking /workspace/build/week_3/resource/week_3 -> /workspace/install/week_3/share/ament_index/resource_index/packages
symbolically linking /workspace/build/week_3/package.xml -> /workspace/install/week_3/share/week_3
creating /workspace/install/week_3/share/week_3/launch
symbolically linking /workspace/build/week_3/launch/turtlebot3_sim_launch.py -> /workspace/install/week_3/share/week_3/launch
symbolically linking /workspace/build/week_3/launch/turtlebot3_simulation_launch.py -> /workspace/install/week_3/share/week_3/launch
