[1.789s] Invoking command in '/workspace/build/week_4': AMENT_PREFIX_PATH=/workspace/install/auro_interfaces:${AMENT_PREFIX_PATH} CMAKE_PREFIX_PATH=/workspace/install/auro_interfaces LD_LIBRARY_PATH=/workspace/install/auro_interfaces/lib:/opt/ros/humble/opt/rviz_ogre_vendor/lib:/opt/ros/humble/lib/x86_64-linux-gnu:/opt/ros/humble/lib:/usr/lib/x86_64-linux-gnu/gazebo-11/plugins PYTHONPATH=/workspace/build/week_4/prefix_override:/usr/lib/python3/dist-packages/colcon_core/task/python/colcon_distutils_commands:/workspace/install/week_4/lib/python3.10/site-packages:/workspace/install/auro_interfaces/local/lib/python3.10/dist-packages:${PYTHONPATH} /usr/bin/python3 -W ignore:setup.py install is deprecated setup.py develop --editable --build-directory /workspace/build/week_4/build --no-deps symlink_data
[2.306s] running develop
[2.308s] /usr/lib/python3/dist-packages/setuptools/command/easy_install.py:158: EasyInstallDeprecationWarning: easy_install command is deprecated. Use build and pip and other standards-based tools.
[2.308s]   warnings.warn(
[2.621s] running egg_info
[2.622s] writing week_4.egg-info/PKG-INFO
[2.622s] writing dependency_links to week_4.egg-info/dependency_links.txt
[2.622s] writing entry points to week_4.egg-info/entry_points.txt
[2.623s] writing requirements to week_4.egg-info/requires.txt
[2.623s] writing top-level names to week_4.egg-info/top_level.txt
[2.625s] reading manifest file 'week_4.egg-info/SOURCES.txt'
[2.627s] writing manifest file 'week_4.egg-info/SOURCES.txt'
[2.630s] running build_ext
[2.630s] Creating /workspace/install/week_4/lib/python3.10/site-packages/week-4.egg-link (link to .)
[2.631s] Installing rc_driving script to /workspace/install/week_4/lib/week_4
[2.632s] Installing rc_obstacle_detector script to /workspace/install/week_4/lib/week_4
[2.633s] Installing robot_controller script to /workspace/install/week_4/lib/week_4
[2.634s] 
[2.634s] Installed /workspace/build/week_4
[2.634s] running symlink_data
[2.670s] Invoked command in '/workspace/build/week_4' returned '0': AMENT_PREFIX_PATH=/workspace/install/auro_interfaces:${AMENT_PREFIX_PATH} CMAKE_PREFIX_PATH=/workspace/install/auro_interfaces LD_LIBRARY_PATH=/workspace/install/auro_interfaces/lib:/opt/ros/humble/opt/rviz_ogre_vendor/lib:/opt/ros/humble/lib/x86_64-linux-gnu:/opt/ros/humble/lib:/usr/lib/x86_64-linux-gnu/gazebo-11/plugins PYTHONPATH=/workspace/build/week_4/prefix_override:/usr/lib/python3/dist-packages/colcon_core/task/python/colcon_distutils_commands:/workspace/install/week_4/lib/python3.10/site-packages:/workspace/install/auro_interfaces/local/lib/python3.10/dist-packages:${PYTHONPATH} /usr/bin/python3 -W ignore:setup.py install is deprecated setup.py develop --editable --build-directory /workspace/build/week_4/build --no-deps symlink_data
