[1.843s] Invoking command in '/workspace/build/solution': PYTHONPATH=/workspace/build/solution/prefix_override:/usr/lib/python3/dist-packages/colcon_core/task/python/colcon_distutils_commands:/workspace/install/solution/lib/python3.10/site-packages:${PYTHONPATH} /usr/bin/python3 -W ignore:setup.py install is deprecated setup.py develop --editable --build-directory /workspace/build/solution/build --no-deps symlink_data
[2.386s] running develop
[2.387s] /usr/lib/python3/dist-packages/setuptools/command/easy_install.py:158: EasyInstallDeprecationWarning: easy_install command is deprecated. Use build and pip and other standards-based tools.
[2.387s]   warnings.warn(
[2.719s] running egg_info
[2.720s] writing solution.egg-info/PKG-INFO
[2.720s] writing dependency_links to solution.egg-info/dependency_links.txt
[2.721s] writing entry points to solution.egg-info/entry_points.txt
[2.721s] writing requirements to solution.egg-info/requires.txt
[2.721s] writing top-level names to solution.egg-info/top_level.txt
[2.724s] reading manifest file 'solution.egg-info/SOURCES.txt'
[2.726s] writing manifest file 'solution.egg-info/SOURCES.txt'
[2.728s] running build_ext
[2.728s] Creating /workspace/install/solution/lib/python3.10/site-packages/solution.egg-link (link to .)
[2.729s] Installing data_logger script to /workspace/install/solution/lib/solution
[2.729s] Installing robot_controller script to /workspace/install/solution/lib/solution
[2.730s] 
[2.730s] Installed /workspace/build/solution
[2.730s] running symlink_data
[2.765s] Invoked command in '/workspace/build/solution' returned '0': PYTHONPATH=/workspace/build/solution/prefix_override:/usr/lib/python3/dist-packages/colcon_core/task/python/colcon_distutils_commands:/workspace/install/solution/lib/python3.10/site-packages:${PYTHONPATH} /usr/bin/python3 -W ignore:setup.py install is deprecated setup.py develop --editable --build-directory /workspace/build/solution/build --no-deps symlink_data
