[0.029s] Invoking command in '/workspace/build/assessment_interfaces': CMAKE_PREFIX_PATH=/opt/ros/humble /usr/bin/cmake --build /workspace/build/assessment_interfaces -- -j4 -l4
[0.393s] -- Found ament_cmake: 1.3.10 (/opt/ros/humble/share/ament_cmake/cmake)
[0.393s] -- Override CMake install command with custom implementation using symlinks instead of copying resources
[0.394s] -- Found rosidl_default_generators: 1.2.0 (/opt/ros/humble/share/rosidl_default_generators/cmake)
[0.394s] -- Using all available rosidl_typesupport_c: rosidl_typesupport_fastrtps_c;rosidl_typesupport_introspection_c
[0.395s] -- Found rosidl_adapter: 3.1.5 (/opt/ros/humble/share/rosidl_adapter/cmake)
[0.395s] -- Using all available rosidl_typesupport_cpp: rosidl_typesupport_fastrtps_cpp;rosidl_typesupport_introspection_cpp
[0.901s] -- Found ament_cmake_ros: 0.10.0 (/opt/ros/humble/share/ament_cmake_ros/cmake)
[1.205s] -- Using all available rosidl_typesupport_c: rosidl_typesupport_fastrtps_c;rosidl_typesupport_introspection_c
[1.599s] -- Using all available rosidl_typesupport_cpp: rosidl_typesupport_fastrtps_cpp;rosidl_typesupport_introspection_cpp
[1.639s] -- Found python_cmake_module: 0.10.0 (/opt/ros/humble/share/python_cmake_module/cmake)
[1.680s] -- Using PYTHON_EXECUTABLE: /usr/bin/python3
[1.681s] -- Using PYTHON_INCLUDE_DIRS: /usr/include/python3.10
[1.681s] -- Using PYTHON_LIBRARIES: /usr/lib/x86_64-linux-gnu/libpython3.10.so
[1.709s] -- Found ament_lint_auto: 0.12.11 (/opt/ros/humble/share/ament_lint_auto/cmake)
[1.741s] -- Added test 'lint_cmake' to check CMake code style
[1.744s] -- Added test 'xmllint' to check XML markup files
[1.751s] -- Configuring done
[1.837s] -- Generating done
[1.843s] -- Build files have been written to: /workspace/build/assessment_interfaces
[1.972s] [  0%] Built target ament_cmake_python_symlink_assessment_interfaces
[2.074s] [35m[1mConsolidate compiler generated dependencies of target assessment_interfaces__rosidl_generator_c[0m
[2.130s] [  1%] [32mBuilding C object CMakeFiles/assessment_interfaces__rosidl_generator_c.dir/rosidl_generator_c/assessment_interfaces/msg/detail/item_log__functions.c.o[0m
[2.170s] [  2%] [32mBuilding C object CMakeFiles/assessment_interfaces__rosidl_generator_c.dir/rosidl_generator_c/assessment_interfaces/msg/detail/item_holder__functions.c.o[0m
[2.282s] [  3%] Built target assessment_interfaces__cpp
[2.320s] [  4%] [32mBuilding C object CMakeFiles/assessment_interfaces__rosidl_generator_c.dir/rosidl_generator_c/assessment_interfaces/msg/detail/item_holders__functions.c.o[0m
[2.405s] [  5%] [32mBuilding C object CMakeFiles/assessment_interfaces__rosidl_generator_c.dir/rosidl_generator_c/assessment_interfaces/msg/detail/item__functions.c.o[0m
[2.439s] [35m[1mConsolidate compiler generated dependencies of target assessment_interfaces__rosidl_typesupport_cpp[0m
[2.461s] [35m[1mConsolidate compiler generated dependencies of target assessment_interfaces__rosidl_typesupport_fastrtps_cpp[0m
[2.515s] [  6%] [32mBuilding CXX object CMakeFiles/assessment_interfaces__rosidl_typesupport_cpp.dir/rosidl_typesupport_cpp/assessment_interfaces/msg/item_log__type_support.cpp.o[0m
[2.517s] [  7%] [32mBuilding CXX object CMakeFiles/assessment_interfaces__rosidl_typesupport_fastrtps_cpp.dir/rosidl_typesupport_fastrtps_cpp/assessment_interfaces/msg/detail/dds_fastrtps/item_log__type_support.cpp.o[0m
[2.618s] [  8%] [32mBuilding C object CMakeFiles/assessment_interfaces__rosidl_generator_c.dir/rosidl_generator_c/assessment_interfaces/msg/detail/item_list__functions.c.o[0m
[2.703s] running egg_info
[2.712s] writing assessment_interfaces.egg-info/PKG-INFO
[2.713s] writing dependency_links to assessment_interfaces.egg-info/dependency_links.txt
[2.713s] writing top-level names to assessment_interfaces.egg-info/top_level.txt
[2.713s] reading manifest file 'assessment_interfaces.egg-info/SOURCES.txt'
[2.714s] writing manifest file 'assessment_interfaces.egg-info/SOURCES.txt'
[2.783s] [  8%] Built target ament_cmake_python_build_assessment_interfaces_egg
[2.807s] [  9%] [32mBuilding C object CMakeFiles/assessment_interfaces__rosidl_generator_c.dir/rosidl_generator_c/assessment_interfaces/msg/detail/zone__functions.c.o[0m
[2.814s] [ 10%] [32mBuilding C object CMakeFiles/assessment_interfaces__rosidl_generator_c.dir/rosidl_generator_c/assessment_interfaces/msg/detail/zone_list__functions.c.o[0m
[2.984s] [ 11%] [32mBuilding C object CMakeFiles/assessment_interfaces__rosidl_generator_c.dir/rosidl_generator_c/assessment_interfaces/msg/detail/robot__functions.c.o[0m
[3.006s] [ 12%] [32mBuilding CXX object CMakeFiles/assessment_interfaces__rosidl_typesupport_cpp.dir/rosidl_typesupport_cpp/assessment_interfaces/msg/item_holder__type_support.cpp.o[0m
[3.245s] [ 13%] [32mBuilding C object CMakeFiles/assessment_interfaces__rosidl_generator_c.dir/rosidl_generator_c/assessment_interfaces/msg/detail/robot_list__functions.c.o[0m
[3.456s] [ 14%] [32m[1mLinking C shared library libassessment_interfaces__rosidl_generator_c.so[0m
[3.656s] [ 15%] Built target assessment_interfaces__rosidl_generator_c
[3.698s] [ 16%] [32mBuilding CXX object CMakeFiles/assessment_interfaces__rosidl_typesupport_cpp.dir/rosidl_typesupport_cpp/assessment_interfaces/msg/item_holders__type_support.cpp.o[0m
[3.896s] [ 17%] [32mBuilding CXX object CMakeFiles/assessment_interfaces__rosidl_typesupport_cpp.dir/rosidl_typesupport_cpp/assessment_interfaces/msg/item__type_support.cpp.o[0m
[4.000s] [ 18%] [32mBuilding CXX object CMakeFiles/assessment_interfaces__rosidl_typesupport_cpp.dir/rosidl_typesupport_cpp/assessment_interfaces/msg/item_list__type_support.cpp.o[0m
[4.569s] [ 20%] [32mBuilding CXX object CMakeFiles/assessment_interfaces__rosidl_typesupport_fastrtps_cpp.dir/rosidl_typesupport_fastrtps_cpp/assessment_interfaces/msg/detail/dds_fastrtps/item_holder__type_support.cpp.o[0m
[4.823s] [ 21%] [32mBuilding CXX object CMakeFiles/assessment_interfaces__rosidl_typesupport_fastrtps_cpp.dir/rosidl_typesupport_fastrtps_cpp/assessment_interfaces/msg/detail/dds_fastrtps/item_holders__type_support.cpp.o[0m
[4.841s] [ 22%] [32mBuilding CXX object CMakeFiles/assessment_interfaces__rosidl_typesupport_cpp.dir/rosidl_typesupport_cpp/assessment_interfaces/msg/zone__type_support.cpp.o[0m
[5.117s] [ 23%] [32mBuilding CXX object CMakeFiles/assessment_interfaces__rosidl_typesupport_cpp.dir/rosidl_typesupport_cpp/assessment_interfaces/msg/zone_list__type_support.cpp.o[0m
[5.695s] [ 24%] [32mBuilding CXX object CMakeFiles/assessment_interfaces__rosidl_typesupport_fastrtps_cpp.dir/rosidl_typesupport_fastrtps_cpp/assessment_interfaces/msg/detail/dds_fastrtps/item__type_support.cpp.o[0m
[6.232s] [ 25%] [32mBuilding CXX object CMakeFiles/assessment_interfaces__rosidl_typesupport_fastrtps_cpp.dir/rosidl_typesupport_fastrtps_cpp/assessment_interfaces/msg/detail/dds_fastrtps/item_list__type_support.cpp.o[0m
[6.343s] [ 26%] [32mBuilding CXX object CMakeFiles/assessment_interfaces__rosidl_typesupport_cpp.dir/rosidl_typesupport_cpp/assessment_interfaces/msg/robot__type_support.cpp.o[0m
[6.542s] [ 27%] [32mBuilding CXX object CMakeFiles/assessment_interfaces__rosidl_typesupport_cpp.dir/rosidl_typesupport_cpp/assessment_interfaces/msg/robot_list__type_support.cpp.o[0m
[7.950s] [35m[1mConsolidate compiler generated dependencies of target assessment_interfaces__rosidl_typesupport_introspection_cpp[0m
[8.020s] [ 28%] [32mBuilding CXX object CMakeFiles/assessment_interfaces__rosidl_typesupport_fastrtps_cpp.dir/rosidl_typesupport_fastrtps_cpp/assessment_interfaces/msg/detail/dds_fastrtps/zone__type_support.cpp.o[0m
[8.043s] [ 29%] [32mBuilding CXX object CMakeFiles/assessment_interfaces__rosidl_typesupport_introspection_cpp.dir/rosidl_typesupport_introspection_cpp/assessment_interfaces/msg/detail/item_log__type_support.cpp.o[0m
[8.113s] [ 30%] [32m[1mLinking CXX shared library libassessment_interfaces__rosidl_typesupport_cpp.so[0m
[8.333s] [ 31%] Built target assessment_interfaces__rosidl_typesupport_cpp
[8.384s] [35m[1mConsolidate compiler generated dependencies of target assessment_interfaces__rosidl_typesupport_fastrtps_c[0m
[8.467s] [ 32%] [32mBuilding CXX object CMakeFiles/assessment_interfaces__rosidl_typesupport_fastrtps_c.dir/rosidl_typesupport_fastrtps_c/assessment_interfaces/msg/detail/item_log__type_support_c.cpp.o[0m
[8.692s] [ 33%] [32mBuilding CXX object CMakeFiles/assessment_interfaces__rosidl_typesupport_fastrtps_cpp.dir/rosidl_typesupport_fastrtps_cpp/assessment_interfaces/msg/detail/dds_fastrtps/zone_list__type_support.cpp.o[0m
[9.316s] [ 34%] [32mBuilding CXX object CMakeFiles/assessment_interfaces__rosidl_typesupport_fastrtps_c.dir/rosidl_typesupport_fastrtps_c/assessment_interfaces/msg/detail/item_holder__type_support_c.cpp.o[0m
[9.803s] [ 35%] [32mBuilding CXX object CMakeFiles/assessment_interfaces__rosidl_typesupport_fastrtps_c.dir/rosidl_typesupport_fastrtps_c/assessment_interfaces/msg/detail/item_holders__type_support_c.cpp.o[0m
[10.228s] [ 36%] [32mBuilding CXX object CMakeFiles/assessment_interfaces__rosidl_typesupport_introspection_cpp.dir/rosidl_typesupport_introspection_cpp/assessment_interfaces/msg/detail/item_holder__type_support.cpp.o[0m
[10.581s] [ 37%] [32mBuilding CXX object CMakeFiles/assessment_interfaces__rosidl_typesupport_fastrtps_cpp.dir/rosidl_typesupport_fastrtps_cpp/assessment_interfaces/msg/detail/dds_fastrtps/robot__type_support.cpp.o[0m
[10.720s] [35m[1mConsolidate compiler generated dependencies of target assessment_interfaces__rosidl_typesupport_introspection_c[0m
[10.771s] [ 38%] [32mBuilding C object CMakeFiles/assessment_interfaces__rosidl_typesupport_introspection_c.dir/rosidl_typesupport_introspection_c/assessment_interfaces/msg/detail/item_log__type_support.c.o[0m
[10.889s] [ 40%] [32mBuilding C object CMakeFiles/assessment_interfaces__rosidl_typesupport_introspection_c.dir/rosidl_typesupport_introspection_c/assessment_interfaces/msg/detail/item_holder__type_support.c.o[0m
[11.025s] [ 41%] [32mBuilding C object CMakeFiles/assessment_interfaces__rosidl_typesupport_introspection_c.dir/rosidl_typesupport_introspection_c/assessment_interfaces/msg/detail/item_holders__type_support.c.o[0m
[11.239s] [ 42%] [32mBuilding C object CMakeFiles/assessment_interfaces__rosidl_typesupport_introspection_c.dir/rosidl_typesupport_introspection_c/assessment_interfaces/msg/detail/item__type_support.c.o[0m
[11.262s] [ 43%] [32mBuilding CXX object CMakeFiles/assessment_interfaces__rosidl_typesupport_fastrtps_c.dir/rosidl_typesupport_fastrtps_c/assessment_interfaces/msg/detail/item__type_support_c.cpp.o[0m
[11.433s] [ 44%] [32mBuilding C object CMakeFiles/assessment_interfaces__rosidl_typesupport_introspection_c.dir/rosidl_typesupport_introspection_c/assessment_interfaces/msg/detail/item_list__type_support.c.o[0m
[11.533s] [ 45%] [32mBuilding CXX object CMakeFiles/assessment_interfaces__rosidl_typesupport_introspection_cpp.dir/rosidl_typesupport_introspection_cpp/assessment_interfaces/msg/detail/item_holders__type_support.cpp.o[0m
[11.557s] [ 46%] [32mBuilding C object CMakeFiles/assessment_interfaces__rosidl_typesupport_introspection_c.dir/rosidl_typesupport_introspection_c/assessment_interfaces/msg/detail/zone__type_support.c.o[0m
[11.741s] [ 47%] [32mBuilding C object CMakeFiles/assessment_interfaces__rosidl_typesupport_introspection_c.dir/rosidl_typesupport_introspection_c/assessment_interfaces/msg/detail/zone_list__type_support.c.o[0m
[11.904s] [ 48%] [32mBuilding C object CMakeFiles/assessment_interfaces__rosidl_typesupport_introspection_c.dir/rosidl_typesupport_introspection_c/assessment_interfaces/msg/detail/robot__type_support.c.o[0m
[12.054s] [ 49%] [32mBuilding C object CMakeFiles/assessment_interfaces__rosidl_typesupport_introspection_c.dir/rosidl_typesupport_introspection_c/assessment_interfaces/msg/detail/robot_list__type_support.c.o[0m
[12.214s] [ 50%] [32m[1mLinking C shared library libassessment_interfaces__rosidl_typesupport_introspection_c.so[0m
[12.347s] [ 51%] Built target assessment_interfaces__rosidl_typesupport_introspection_c
[12.356s] [ 52%] [32mBuilding CXX object CMakeFiles/assessment_interfaces__rosidl_typesupport_fastrtps_cpp.dir/rosidl_typesupport_fastrtps_cpp/assessment_interfaces/msg/detail/dds_fastrtps/robot_list__type_support.cpp.o[0m
[12.386s] [ 53%] [32mBuilding CXX object CMakeFiles/assessment_interfaces__rosidl_typesupport_fastrtps_c.dir/rosidl_typesupport_fastrtps_c/assessment_interfaces/msg/detail/item_list__type_support_c.cpp.o[0m
[12.683s] [ 54%] [32mBuilding CXX object CMakeFiles/assessment_interfaces__rosidl_typesupport_introspection_cpp.dir/rosidl_typesupport_introspection_cpp/assessment_interfaces/msg/detail/item__type_support.cpp.o[0m
[12.890s] [ 55%] [32mBuilding CXX object CMakeFiles/assessment_interfaces__rosidl_typesupport_introspection_cpp.dir/rosidl_typesupport_introspection_cpp/assessment_interfaces/msg/detail/item_list__type_support.cpp.o[0m
[13.227s] [ 56%] [32mBuilding CXX object CMakeFiles/assessment_interfaces__rosidl_typesupport_fastrtps_c.dir/rosidl_typesupport_fastrtps_c/assessment_interfaces/msg/detail/zone__type_support_c.cpp.o[0m
[13.528s] [ 57%] [32m[1mLinking CXX shared library libassessment_interfaces__rosidl_typesupport_fastrtps_cpp.so[0m
[13.788s] [ 58%] Built target assessment_interfaces__rosidl_typesupport_fastrtps_cpp
[13.827s] [ 60%] [32mBuilding CXX object CMakeFiles/assessment_interfaces__rosidl_typesupport_fastrtps_c.dir/rosidl_typesupport_fastrtps_c/assessment_interfaces/msg/detail/zone_list__type_support_c.cpp.o[0m
[14.009s] [ 61%] [32mBuilding CXX object CMakeFiles/assessment_interfaces__rosidl_typesupport_introspection_cpp.dir/rosidl_typesupport_introspection_cpp/assessment_interfaces/msg/detail/zone__type_support.cpp.o[0m
[14.093s] [ 62%] [32mBuilding CXX object CMakeFiles/assessment_interfaces__rosidl_typesupport_fastrtps_c.dir/rosidl_typesupport_fastrtps_c/assessment_interfaces/msg/detail/robot__type_support_c.cpp.o[0m
[14.492s] [ 63%] [32mBuilding CXX object CMakeFiles/assessment_interfaces__rosidl_typesupport_introspection_cpp.dir/rosidl_typesupport_introspection_cpp/assessment_interfaces/msg/detail/zone_list__type_support.cpp.o[0m
[14.982s] [ 64%] [32mBuilding CXX object CMakeFiles/assessment_interfaces__rosidl_typesupport_fastrtps_c.dir/rosidl_typesupport_fastrtps_c/assessment_interfaces/msg/detail/robot_list__type_support_c.cpp.o[0m
[15.216s] [ 65%] [32mBuilding CXX object CMakeFiles/assessment_interfaces__rosidl_typesupport_introspection_cpp.dir/rosidl_typesupport_introspection_cpp/assessment_interfaces/msg/detail/robot__type_support.cpp.o[0m
[15.318s] [35m[1mConsolidate compiler generated dependencies of target assessment_interfaces__rosidl_typesupport_c[0m
[15.379s] [ 66%] [32mBuilding CXX object CMakeFiles/assessment_interfaces__rosidl_typesupport_c.dir/rosidl_typesupport_c/assessment_interfaces/msg/item_log__type_support.cpp.o[0m
[15.497s] [ 67%] [32mBuilding CXX object CMakeFiles/assessment_interfaces__rosidl_typesupport_c.dir/rosidl_typesupport_c/assessment_interfaces/msg/item_holder__type_support.cpp.o[0m
[15.608s] [ 68%] [32mBuilding CXX object CMakeFiles/assessment_interfaces__rosidl_typesupport_c.dir/rosidl_typesupport_c/assessment_interfaces/msg/item_holders__type_support.cpp.o[0m
[15.686s] [ 69%] [32mBuilding CXX object CMakeFiles/assessment_interfaces__rosidl_typesupport_c.dir/rosidl_typesupport_c/assessment_interfaces/msg/item__type_support.cpp.o[0m
[15.761s] [ 70%] [32m[1mLinking CXX shared library libassessment_interfaces__rosidl_typesupport_fastrtps_c.so[0m
[15.773s] [ 71%] [32mBuilding CXX object CMakeFiles/assessment_interfaces__rosidl_typesupport_c.dir/rosidl_typesupport_c/assessment_interfaces/msg/item_list__type_support.cpp.o[0m
[15.847s] [ 72%] [32mBuilding CXX object CMakeFiles/assessment_interfaces__rosidl_typesupport_c.dir/rosidl_typesupport_c/assessment_interfaces/msg/zone__type_support.cpp.o[0m
[15.856s] [ 73%] [32mBuilding CXX object CMakeFiles/assessment_interfaces__rosidl_typesupport_introspection_cpp.dir/rosidl_typesupport_introspection_cpp/assessment_interfaces/msg/detail/robot_list__type_support.cpp.o[0m
[15.930s] [ 74%] [32mBuilding CXX object CMakeFiles/assessment_interfaces__rosidl_typesupport_c.dir/rosidl_typesupport_c/assessment_interfaces/msg/zone_list__type_support.cpp.o[0m
[15.960s] [ 75%] Built target assessment_interfaces__rosidl_typesupport_fastrtps_c
[15.980s] [ 76%] [32mBuilding CXX object CMakeFiles/assessment_interfaces__rosidl_typesupport_c.dir/rosidl_typesupport_c/assessment_interfaces/msg/robot__type_support.cpp.o[0m
[16.022s] [ 77%] [32mBuilding CXX object CMakeFiles/assessment_interfaces__rosidl_typesupport_c.dir/rosidl_typesupport_c/assessment_interfaces/msg/robot_list__type_support.cpp.o[0m
[16.094s] [ 78%] [32m[1mLinking CXX shared library libassessment_interfaces__rosidl_typesupport_c.so[0m
[16.172s] [ 80%] Built target assessment_interfaces__rosidl_typesupport_c
[16.564s] [ 81%] [32m[1mLinking CXX shared library libassessment_interfaces__rosidl_typesupport_introspection_cpp.so[0m
[16.681s] [ 82%] Built target assessment_interfaces__rosidl_typesupport_introspection_cpp
[16.710s] [ 82%] Built target assessment_interfaces
[16.740s] [ 83%] Built target assessment_interfaces__py
[16.765s] [35m[1mConsolidate compiler generated dependencies of target assessment_interfaces__rosidl_generator_py[0m
[16.810s] [ 84%] [32mBuilding C object CMakeFiles/assessment_interfaces__rosidl_generator_py.dir/rosidl_generator_py/assessment_interfaces/msg/_item_s.c.o[0m
[16.818s] [ 85%] [32mBuilding C object CMakeFiles/assessment_interfaces__rosidl_generator_py.dir/rosidl_generator_py/assessment_interfaces/msg/_item_log_s.c.o[0m
[16.825s] [ 86%] [32mBuilding C object CMakeFiles/assessment_interfaces__rosidl_generator_py.dir/rosidl_generator_py/assessment_interfaces/msg/_item_holder_s.c.o[0m
[16.825s] [ 87%] [32mBuilding C object CMakeFiles/assessment_interfaces__rosidl_generator_py.dir/rosidl_generator_py/assessment_interfaces/msg/_item_holders_s.c.o[0m
[17.066s] [ 88%] [32mBuilding C object CMakeFiles/assessment_interfaces__rosidl_generator_py.dir/rosidl_generator_py/assessment_interfaces/msg/_item_list_s.c.o[0m
[17.078s] [ 89%] [32mBuilding C object CMakeFiles/assessment_interfaces__rosidl_generator_py.dir/rosidl_generator_py/assessment_interfaces/msg/_zone_s.c.o[0m
[17.141s] [ 90%] [32mBuilding C object CMakeFiles/assessment_interfaces__rosidl_generator_py.dir/rosidl_generator_py/assessment_interfaces/msg/_zone_list_s.c.o[0m
[17.292s] [ 91%] [32mBuilding C object CMakeFiles/assessment_interfaces__rosidl_generator_py.dir/rosidl_generator_py/assessment_interfaces/msg/_robot_s.c.o[0m
[17.364s] [ 92%] [32mBuilding C object CMakeFiles/assessment_interfaces__rosidl_generator_py.dir/rosidl_generator_py/assessment_interfaces/msg/_robot_list_s.c.o[0m
[17.573s] [ 93%] [32m[1mLinking C shared library rosidl_generator_py/assessment_interfaces/libassessment_interfaces__rosidl_generator_py.so[0m
[17.632s] [ 93%] Built target assessment_interfaces__rosidl_generator_py
[17.655s] [35m[1mConsolidate compiler generated dependencies of target assessment_interfaces__rosidl_typesupport_fastrtps_c__pyext[0m
[17.655s] [35m[1mConsolidate compiler generated dependencies of target assessment_interfaces__rosidl_typesupport_c__pyext[0m
[17.656s] [35m[1mConsolidate compiler generated dependencies of target assessment_interfaces__rosidl_typesupport_introspection_c__pyext[0m
[17.682s] [ 95%] [32mBuilding C object CMakeFiles/assessment_interfaces__rosidl_typesupport_fastrtps_c__pyext.dir/rosidl_generator_py/assessment_interfaces/_assessment_interfaces_s.ep.rosidl_typesupport_fastrtps_c.c.o[0m
[17.682s] [ 95%] [32mBuilding C object CMakeFiles/assessment_interfaces__rosidl_typesupport_c__pyext.dir/rosidl_generator_py/assessment_interfaces/_assessment_interfaces_s.ep.rosidl_typesupport_c.c.o[0m
[17.690s] [ 96%] [32mBuilding C object CMakeFiles/assessment_interfaces__rosidl_typesupport_introspection_c__pyext.dir/rosidl_generator_py/assessment_interfaces/_assessment_interfaces_s.ep.rosidl_typesupport_introspection_c.c.o[0m
[17.949s] [ 97%] [32m[1mLinking C shared library rosidl_generator_py/assessment_interfaces/assessment_interfaces_s__rosidl_typesupport_c.cpython-310-x86_64-linux-gnu.so[0m
[17.962s] [ 98%] [32m[1mLinking C shared library rosidl_generator_py/assessment_interfaces/assessment_interfaces_s__rosidl_typesupport_fastrtps_c.cpython-310-x86_64-linux-gnu.so[0m
[17.982s] [100%] [32m[1mLinking C shared library rosidl_generator_py/assessment_interfaces/assessment_interfaces_s__rosidl_typesupport_introspection_c.cpython-310-x86_64-linux-gnu.so[0m
[18.021s] [100%] Built target assessment_interfaces__rosidl_typesupport_c__pyext
[18.033s] [100%] Built target assessment_interfaces__rosidl_typesupport_fastrtps_c__pyext
[18.054s] [100%] Built target assessment_interfaces__rosidl_typesupport_introspection_c__pyext
[18.072s] Invoked command in '/workspace/build/assessment_interfaces' returned '0': CMAKE_PREFIX_PATH=/opt/ros/humble /usr/bin/cmake --build /workspace/build/assessment_interfaces -- -j4 -l4
[18.377s] Invoking command in '/workspace/build/assessment_interfaces': CMAKE_PREFIX_PATH=/opt/ros/humble /usr/bin/cmake --install /workspace/build/assessment_interfaces
[18.390s] -- Install configuration: ""
[18.391s] -- Execute custom install script
[18.392s] -- Up-to-date symlink: /workspace/install/assessment_interfaces/share/ament_index/resource_index/rosidl_interfaces/assessment_interfaces
[18.393s] -- Up-to-date symlink: /workspace/install/assessment_interfaces/include/assessment_interfaces/assessment_interfaces/msg/detail/item__functions.h
[18.393s] -- Up-to-date symlink: /workspace/install/assessment_interfaces/include/assessment_interfaces/assessment_interfaces/msg/detail/item__struct.h
[18.393s] -- Up-to-date symlink: /workspace/install/assessment_interfaces/include/assessment_interfaces/assessment_interfaces/msg/detail/item__type_support.h
[18.393s] -- Up-to-date symlink: /workspace/install/assessment_interfaces/include/assessment_interfaces/assessment_interfaces/msg/detail/item_holder__functions.h
[18.393s] -- Up-to-date symlink: /workspace/install/assessment_interfaces/include/assessment_interfaces/assessment_interfaces/msg/detail/item_holder__struct.h
[18.394s] -- Up-to-date symlink: /workspace/install/assessment_interfaces/include/assessment_interfaces/assessment_interfaces/msg/detail/item_holder__type_support.h
[18.394s] -- Up-to-date symlink: /workspace/install/assessment_interfaces/include/assessment_interfaces/assessment_interfaces/msg/detail/item_holders__functions.h
[18.394s] -- Up-to-date symlink: /workspace/install/assessment_interfaces/include/assessment_interfaces/assessment_interfaces/msg/detail/item_holders__struct.h
[18.394s] -- Up-to-date symlink: /workspace/install/assessment_interfaces/include/assessment_interfaces/assessment_interfaces/msg/detail/item_holders__type_support.h
[18.394s] -- Up-to-date symlink: /workspace/install/assessment_interfaces/include/assessment_interfaces/assessment_interfaces/msg/detail/item_list__functions.h
[18.395s] -- Up-to-date symlink: /workspace/install/assessment_interfaces/include/assessment_interfaces/assessment_interfaces/msg/detail/item_list__struct.h
[18.395s] -- Up-to-date symlink: /workspace/install/assessment_interfaces/include/assessment_interfaces/assessment_interfaces/msg/detail/item_list__type_support.h
[18.395s] -- Up-to-date symlink: /workspace/install/assessment_interfaces/include/assessment_interfaces/assessment_interfaces/msg/detail/item_log__functions.h
[18.395s] -- Up-to-date symlink: /workspace/install/assessment_interfaces/include/assessment_interfaces/assessment_interfaces/msg/detail/item_log__struct.h
[18.396s] -- Up-to-date symlink: /workspace/install/assessment_interfaces/include/assessment_interfaces/assessment_interfaces/msg/detail/item_log__type_support.h
[18.396s] -- Up-to-date symlink: /workspace/install/assessment_interfaces/include/assessment_interfaces/assessment_interfaces/msg/detail/robot__functions.h
[18.396s] -- Up-to-date symlink: /workspace/install/assessment_interfaces/include/assessment_interfaces/assessment_interfaces/msg/detail/robot__struct.h
[18.397s] -- Up-to-date symlink: /workspace/install/assessment_interfaces/include/assessment_interfaces/assessment_interfaces/msg/detail/robot__type_support.h
[18.397s] -- Up-to-date symlink: /workspace/install/assessment_interfaces/include/assessment_interfaces/assessment_interfaces/msg/detail/robot_list__functions.h
[18.397s] -- Up-to-date symlink: /workspace/install/assessment_interfaces/include/assessment_interfaces/assessment_interfaces/msg/detail/robot_list__struct.h
[18.397s] -- Up-to-date symlink: /workspace/install/assessment_interfaces/include/assessment_interfaces/assessment_interfaces/msg/detail/robot_list__type_support.h
[18.397s] -- Up-to-date symlink: /workspace/install/assessment_interfaces/include/assessment_interfaces/assessment_interfaces/msg/detail/zone__functions.h
[18.398s] -- Up-to-date symlink: /workspace/install/assessment_interfaces/include/assessment_interfaces/assessment_interfaces/msg/detail/zone__struct.h
[18.398s] -- Up-to-date symlink: /workspace/install/assessment_interfaces/include/assessment_interfaces/assessment_interfaces/msg/detail/zone__type_support.h
[18.398s] -- Up-to-date symlink: /workspace/install/assessment_interfaces/include/assessment_interfaces/assessment_interfaces/msg/detail/zone_list__functions.h
[18.399s] -- Up-to-date symlink: /workspace/install/assessment_interfaces/include/assessment_interfaces/assessment_interfaces/msg/detail/zone_list__struct.h
[18.399s] -- Up-to-date symlink: /workspace/install/assessment_interfaces/include/assessment_interfaces/assessment_interfaces/msg/detail/zone_list__type_support.h
[18.399s] -- Up-to-date symlink: /workspace/install/assessment_interfaces/include/assessment_interfaces/assessment_interfaces/msg/item.h
[18.399s] -- Up-to-date symlink: /workspace/install/assessment_interfaces/include/assessment_interfaces/assessment_interfaces/msg/item_holder.h
[18.399s] -- Up-to-date symlink: /workspace/install/assessment_interfaces/include/assessment_interfaces/assessment_interfaces/msg/item_holders.h
[18.399s] -- Up-to-date symlink: /workspace/install/assessment_interfaces/include/assessment_interfaces/assessment_interfaces/msg/item_list.h
[18.400s] -- Up-to-date symlink: /workspace/install/assessment_interfaces/include/assessment_interfaces/assessment_interfaces/msg/item_log.h
[18.400s] -- Up-to-date symlink: /workspace/install/assessment_interfaces/include/assessment_interfaces/assessment_interfaces/msg/robot.h
[18.400s] -- Up-to-date symlink: /workspace/install/assessment_interfaces/include/assessment_interfaces/assessment_interfaces/msg/robot_list.h
[18.400s] -- Up-to-date symlink: /workspace/install/assessment_interfaces/include/assessment_interfaces/assessment_interfaces/msg/rosidl_generator_c__visibility_control.h
[18.400s] -- Up-to-date symlink: /workspace/install/assessment_interfaces/include/assessment_interfaces/assessment_interfaces/msg/zone.h
[18.401s] -- Up-to-date symlink: /workspace/install/assessment_interfaces/include/assessment_interfaces/assessment_interfaces/msg/zone_list.h
[18.401s] -- Up-to-date symlink: /workspace/install/assessment_interfaces/share/assessment_interfaces/environment/library_path.sh
[18.401s] -- Up-to-date symlink: /workspace/install/assessment_interfaces/share/assessment_interfaces/environment/library_path.dsv
[18.403s] -- Up-to-date symlink: /workspace/install/assessment_interfaces/include/assessment_interfaces/assessment_interfaces/msg/detail/item__rosidl_typesupport_fastrtps_c.h
[18.403s] -- Up-to-date symlink: /workspace/install/assessment_interfaces/include/assessment_interfaces/assessment_interfaces/msg/detail/item_holder__rosidl_typesupport_fastrtps_c.h
[18.404s] -- Up-to-date symlink: /workspace/install/assessment_interfaces/include/assessment_interfaces/assessment_interfaces/msg/detail/item_holders__rosidl_typesupport_fastrtps_c.h
[18.404s] -- Up-to-date symlink: /workspace/install/assessment_interfaces/include/assessment_interfaces/assessment_interfaces/msg/detail/item_list__rosidl_typesupport_fastrtps_c.h
[18.404s] -- Up-to-date symlink: /workspace/install/assessment_interfaces/include/assessment_interfaces/assessment_interfaces/msg/detail/item_log__rosidl_typesupport_fastrtps_c.h
[18.404s] -- Up-to-date symlink: /workspace/install/assessment_interfaces/include/assessment_interfaces/assessment_interfaces/msg/detail/robot__rosidl_typesupport_fastrtps_c.h
[18.405s] -- Up-to-date symlink: /workspace/install/assessment_interfaces/include/assessment_interfaces/assessment_interfaces/msg/detail/robot_list__rosidl_typesupport_fastrtps_c.h
[18.405s] -- Up-to-date symlink: /workspace/install/assessment_interfaces/include/assessment_interfaces/assessment_interfaces/msg/detail/zone__rosidl_typesupport_fastrtps_c.h
[18.405s] -- Up-to-date symlink: /workspace/install/assessment_interfaces/include/assessment_interfaces/assessment_interfaces/msg/detail/zone_list__rosidl_typesupport_fastrtps_c.h
[18.405s] -- Up-to-date symlink: /workspace/install/assessment_interfaces/include/assessment_interfaces/assessment_interfaces/msg/rosidl_typesupport_fastrtps_c__visibility_control.h
[18.406s] -- Up-to-date symlink: /workspace/install/assessment_interfaces/include/assessment_interfaces/assessment_interfaces/msg/detail/item__rosidl_typesupport_introspection_c.h
[18.407s] -- Up-to-date symlink: /workspace/install/assessment_interfaces/include/assessment_interfaces/assessment_interfaces/msg/detail/item_holder__rosidl_typesupport_introspection_c.h
[18.407s] -- Up-to-date symlink: /workspace/install/assessment_interfaces/include/assessment_interfaces/assessment_interfaces/msg/detail/item_holders__rosidl_typesupport_introspection_c.h
[18.407s] -- Up-to-date symlink: /workspace/install/assessment_interfaces/include/assessment_interfaces/assessment_interfaces/msg/detail/item_list__rosidl_typesupport_introspection_c.h
[18.407s] -- Up-to-date symlink: /workspace/install/assessment_interfaces/include/assessment_interfaces/assessment_interfaces/msg/detail/item_log__rosidl_typesupport_introspection_c.h
[18.408s] -- Up-to-date symlink: /workspace/install/assessment_interfaces/include/assessment_interfaces/assessment_interfaces/msg/detail/robot__rosidl_typesupport_introspection_c.h
[18.408s] -- Up-to-date symlink: /workspace/install/assessment_interfaces/include/assessment_interfaces/assessment_interfaces/msg/detail/robot_list__rosidl_typesupport_introspection_c.h
[18.408s] -- Up-to-date symlink: /workspace/install/assessment_interfaces/include/assessment_interfaces/assessment_interfaces/msg/detail/zone__rosidl_typesupport_introspection_c.h
[18.408s] -- Up-to-date symlink: /workspace/install/assessment_interfaces/include/assessment_interfaces/assessment_interfaces/msg/detail/zone_list__rosidl_typesupport_introspection_c.h
[18.409s] -- Up-to-date symlink: /workspace/install/assessment_interfaces/include/assessment_interfaces/assessment_interfaces/msg/rosidl_typesupport_introspection_c__visibility_control.h
[18.410s] -- Up-to-date symlink: /workspace/install/assessment_interfaces/include/assessment_interfaces/assessment_interfaces/msg/detail/item__builder.hpp
[18.411s] -- Up-to-date symlink: /workspace/install/assessment_interfaces/include/assessment_interfaces/assessment_interfaces/msg/detail/item__struct.hpp
[18.411s] -- Up-to-date symlink: /workspace/install/assessment_interfaces/include/assessment_interfaces/assessment_interfaces/msg/detail/item__traits.hpp
[18.411s] -- Up-to-date symlink: /workspace/install/assessment_interfaces/include/assessment_interfaces/assessment_interfaces/msg/detail/item_holder__builder.hpp
[18.411s] -- Up-to-date symlink: /workspace/install/assessment_interfaces/include/assessment_interfaces/assessment_interfaces/msg/detail/item_holder__struct.hpp
[18.412s] -- Up-to-date symlink: /workspace/install/assessment_interfaces/include/assessment_interfaces/assessment_interfaces/msg/detail/item_holder__traits.hpp
[18.412s] -- Up-to-date symlink: /workspace/install/assessment_interfaces/include/assessment_interfaces/assessment_interfaces/msg/detail/item_holders__builder.hpp
[18.412s] -- Up-to-date symlink: /workspace/install/assessment_interfaces/include/assessment_interfaces/assessment_interfaces/msg/detail/item_holders__struct.hpp
[18.412s] -- Up-to-date symlink: /workspace/install/assessment_interfaces/include/assessment_interfaces/assessment_interfaces/msg/detail/item_holders__traits.hpp
[18.413s] -- Up-to-date symlink: /workspace/install/assessment_interfaces/include/assessment_interfaces/assessment_interfaces/msg/detail/item_list__builder.hpp
[18.413s] -- Up-to-date symlink: /workspace/install/assessment_interfaces/include/assessment_interfaces/assessment_interfaces/msg/detail/item_list__struct.hpp
[18.413s] -- Up-to-date symlink: /workspace/install/assessment_interfaces/include/assessment_interfaces/assessment_interfaces/msg/detail/item_list__traits.hpp
[18.414s] -- Up-to-date symlink: /workspace/install/assessment_interfaces/include/assessment_interfaces/assessment_interfaces/msg/detail/item_log__builder.hpp
[18.414s] -- Up-to-date symlink: /workspace/install/assessment_interfaces/include/assessment_interfaces/assessment_interfaces/msg/detail/item_log__struct.hpp
[18.414s] -- Up-to-date symlink: /workspace/install/assessment_interfaces/include/assessment_interfaces/assessment_interfaces/msg/detail/item_log__traits.hpp
[18.414s] -- Up-to-date symlink: /workspace/install/assessment_interfaces/include/assessment_interfaces/assessment_interfaces/msg/detail/robot__builder.hpp
[18.415s] -- Up-to-date symlink: /workspace/install/assessment_interfaces/include/assessment_interfaces/assessment_interfaces/msg/detail/robot__struct.hpp
[18.415s] -- Up-to-date symlink: /workspace/install/assessment_interfaces/include/assessment_interfaces/assessment_interfaces/msg/detail/robot__traits.hpp
[18.415s] -- Up-to-date symlink: /workspace/install/assessment_interfaces/include/assessment_interfaces/assessment_interfaces/msg/detail/robot_list__builder.hpp
[18.416s] -- Up-to-date symlink: /workspace/install/assessment_interfaces/include/assessment_interfaces/assessment_interfaces/msg/detail/robot_list__struct.hpp
[18.416s] -- Up-to-date symlink: /workspace/install/assessment_interfaces/include/assessment_interfaces/assessment_interfaces/msg/detail/robot_list__traits.hpp
[18.417s] -- Up-to-date symlink: /workspace/install/assessment_interfaces/include/assessment_interfaces/assessment_interfaces/msg/detail/zone__builder.hpp
[18.417s] -- Up-to-date symlink: /workspace/install/assessment_interfaces/include/assessment_interfaces/assessment_interfaces/msg/detail/zone__struct.hpp
[18.417s] -- Up-to-date symlink: /workspace/install/assessment_interfaces/include/assessment_interfaces/assessment_interfaces/msg/detail/zone__traits.hpp
[18.418s] -- Up-to-date symlink: /workspace/install/assessment_interfaces/include/assessment_interfaces/assessment_interfaces/msg/detail/zone_list__builder.hpp
[18.418s] -- Up-to-date symlink: /workspace/install/assessment_interfaces/include/assessment_interfaces/assessment_interfaces/msg/detail/zone_list__struct.hpp
[18.418s] -- Up-to-date symlink: /workspace/install/assessment_interfaces/include/assessment_interfaces/assessment_interfaces/msg/detail/zone_list__traits.hpp
[18.418s] -- Up-to-date symlink: /workspace/install/assessment_interfaces/include/assessment_interfaces/assessment_interfaces/msg/item.hpp
[18.418s] -- Up-to-date symlink: /workspace/install/assessment_interfaces/include/assessment_interfaces/assessment_interfaces/msg/item_holder.hpp
[18.419s] -- Up-to-date symlink: /workspace/install/assessment_interfaces/include/assessment_interfaces/assessment_interfaces/msg/item_holders.hpp
[18.419s] -- Up-to-date symlink: /workspace/install/assessment_interfaces/include/assessment_interfaces/assessment_interfaces/msg/item_list.hpp
[18.419s] -- Up-to-date symlink: /workspace/install/assessment_interfaces/include/assessment_interfaces/assessment_interfaces/msg/item_log.hpp
[18.419s] -- Up-to-date symlink: /workspace/install/assessment_interfaces/include/assessment_interfaces/assessment_interfaces/msg/robot.hpp
[18.419s] -- Up-to-date symlink: /workspace/install/assessment_interfaces/include/assessment_interfaces/assessment_interfaces/msg/robot_list.hpp
[18.420s] -- Up-to-date symlink: /workspace/install/assessment_interfaces/include/assessment_interfaces/assessment_interfaces/msg/zone.hpp
[18.420s] -- Up-to-date symlink: /workspace/install/assessment_interfaces/include/assessment_interfaces/assessment_interfaces/msg/zone_list.hpp
[18.421s] -- Up-to-date symlink: /workspace/install/assessment_interfaces/include/assessment_interfaces/assessment_interfaces/msg/detail/item__rosidl_typesupport_fastrtps_cpp.hpp
[18.422s] -- Up-to-date symlink: /workspace/install/assessment_interfaces/include/assessment_interfaces/assessment_interfaces/msg/detail/item_holder__rosidl_typesupport_fastrtps_cpp.hpp
[18.422s] -- Up-to-date symlink: /workspace/install/assessment_interfaces/include/assessment_interfaces/assessment_interfaces/msg/detail/item_holders__rosidl_typesupport_fastrtps_cpp.hpp
[18.422s] -- Up-to-date symlink: /workspace/install/assessment_interfaces/include/assessment_interfaces/assessment_interfaces/msg/detail/item_list__rosidl_typesupport_fastrtps_cpp.hpp
[18.423s] -- Up-to-date symlink: /workspace/install/assessment_interfaces/include/assessment_interfaces/assessment_interfaces/msg/detail/item_log__rosidl_typesupport_fastrtps_cpp.hpp
[18.423s] -- Up-to-date symlink: /workspace/install/assessment_interfaces/include/assessment_interfaces/assessment_interfaces/msg/detail/robot__rosidl_typesupport_fastrtps_cpp.hpp
[18.423s] -- Up-to-date symlink: /workspace/install/assessment_interfaces/include/assessment_interfaces/assessment_interfaces/msg/detail/robot_list__rosidl_typesupport_fastrtps_cpp.hpp
[18.423s] -- Up-to-date symlink: /workspace/install/assessment_interfaces/include/assessment_interfaces/assessment_interfaces/msg/detail/zone__rosidl_typesupport_fastrtps_cpp.hpp
[18.424s] -- Up-to-date symlink: /workspace/install/assessment_interfaces/include/assessment_interfaces/assessment_interfaces/msg/detail/zone_list__rosidl_typesupport_fastrtps_cpp.hpp
[18.424s] -- Up-to-date symlink: /workspace/install/assessment_interfaces/include/assessment_interfaces/assessment_interfaces/msg/rosidl_typesupport_fastrtps_cpp__visibility_control.h
[18.425s] -- Up-to-date symlink: /workspace/install/assessment_interfaces/include/assessment_interfaces/assessment_interfaces/msg/detail/item__rosidl_typesupport_introspection_cpp.hpp
[18.425s] -- Up-to-date symlink: /workspace/install/assessment_interfaces/include/assessment_interfaces/assessment_interfaces/msg/detail/item_holder__rosidl_typesupport_introspection_cpp.hpp
[18.425s] -- Up-to-date symlink: /workspace/install/assessment_interfaces/include/assessment_interfaces/assessment_interfaces/msg/detail/item_holders__rosidl_typesupport_introspection_cpp.hpp
[18.425s] -- Up-to-date symlink: /workspace/install/assessment_interfaces/include/assessment_interfaces/assessment_interfaces/msg/detail/item_list__rosidl_typesupport_introspection_cpp.hpp
[18.426s] -- Up-to-date symlink: /workspace/install/assessment_interfaces/include/assessment_interfaces/assessment_interfaces/msg/detail/item_log__rosidl_typesupport_introspection_cpp.hpp
[18.426s] -- Up-to-date symlink: /workspace/install/assessment_interfaces/include/assessment_interfaces/assessment_interfaces/msg/detail/robot__rosidl_typesupport_introspection_cpp.hpp
[18.426s] -- Up-to-date symlink: /workspace/install/assessment_interfaces/include/assessment_interfaces/assessment_interfaces/msg/detail/robot_list__rosidl_typesupport_introspection_cpp.hpp
[18.427s] -- Up-to-date symlink: /workspace/install/assessment_interfaces/include/assessment_interfaces/assessment_interfaces/msg/detail/zone__rosidl_typesupport_introspection_cpp.hpp
[18.427s] -- Up-to-date symlink: /workspace/install/assessment_interfaces/include/assessment_interfaces/assessment_interfaces/msg/detail/zone_list__rosidl_typesupport_introspection_cpp.hpp
[18.427s] -- Up-to-date symlink: /workspace/install/assessment_interfaces/share/assessment_interfaces/environment/pythonpath.sh
[18.428s] -- Up-to-date symlink: /workspace/install/assessment_interfaces/share/assessment_interfaces/environment/pythonpath.dsv
[18.428s] -- Up-to-date symlink: /workspace/install/assessment_interfaces/local/lib/python3.10/dist-packages/assessment_interfaces-0.0.0-py3.10.egg-info/PKG-INFO
[18.428s] -- Up-to-date symlink: /workspace/install/assessment_interfaces/local/lib/python3.10/dist-packages/assessment_interfaces-0.0.0-py3.10.egg-info/SOURCES.txt
[18.429s] -- Up-to-date symlink: /workspace/install/assessment_interfaces/local/lib/python3.10/dist-packages/assessment_interfaces-0.0.0-py3.10.egg-info/dependency_links.txt
[18.429s] -- Up-to-date symlink: /workspace/install/assessment_interfaces/local/lib/python3.10/dist-packages/assessment_interfaces-0.0.0-py3.10.egg-info/top_level.txt
[18.431s] -- Up-to-date symlink: /workspace/install/assessment_interfaces/local/lib/python3.10/dist-packages/assessment_interfaces/__init__.py
[18.431s] -- Up-to-date symlink: /workspace/install/assessment_interfaces/local/lib/python3.10/dist-packages/assessment_interfaces/_assessment_interfaces_s.ep.rosidl_typesupport_c.c
[18.431s] -- Up-to-date symlink: /workspace/install/assessment_interfaces/local/lib/python3.10/dist-packages/assessment_interfaces/_assessment_interfaces_s.ep.rosidl_typesupport_fastrtps_c.c
[18.432s] -- Up-to-date symlink: /workspace/install/assessment_interfaces/local/lib/python3.10/dist-packages/assessment_interfaces/_assessment_interfaces_s.ep.rosidl_typesupport_introspection_c.c
[18.432s] -- Up-to-date symlink: /workspace/install/assessment_interfaces/local/lib/python3.10/dist-packages/assessment_interfaces/assessment_interfaces_s__rosidl_typesupport_c.cpython-310-x86_64-linux-gnu.so
[18.432s] -- Up-to-date symlink: /workspace/install/assessment_interfaces/local/lib/python3.10/dist-packages/assessment_interfaces/assessment_interfaces_s__rosidl_typesupport_fastrtps_c.cpython-310-x86_64-linux-gnu.so
[18.432s] -- Up-to-date symlink: /workspace/install/assessment_interfaces/local/lib/python3.10/dist-packages/assessment_interfaces/assessment_interfaces_s__rosidl_typesupport_introspection_c.cpython-310-x86_64-linux-gnu.so
[18.433s] -- Up-to-date symlink: /workspace/install/assessment_interfaces/local/lib/python3.10/dist-packages/assessment_interfaces/libassessment_interfaces__rosidl_generator_py.so
[18.433s] -- Up-to-date symlink: /workspace/install/assessment_interfaces/local/lib/python3.10/dist-packages/assessment_interfaces/msg/__init__.py
[18.433s] -- Up-to-date symlink: /workspace/install/assessment_interfaces/local/lib/python3.10/dist-packages/assessment_interfaces/msg/_item.py
[18.433s] -- Up-to-date symlink: /workspace/install/assessment_interfaces/local/lib/python3.10/dist-packages/assessment_interfaces/msg/_item_holder.py
[18.434s] -- Up-to-date symlink: /workspace/install/assessment_interfaces/local/lib/python3.10/dist-packages/assessment_interfaces/msg/_item_holder_s.c
[18.434s] -- Up-to-date symlink: /workspace/install/assessment_interfaces/local/lib/python3.10/dist-packages/assessment_interfaces/msg/_item_holders.py
[18.434s] -- Up-to-date symlink: /workspace/install/assessment_interfaces/local/lib/python3.10/dist-packages/assessment_interfaces/msg/_item_holders_s.c
[18.434s] -- Up-to-date symlink: /workspace/install/assessment_interfaces/local/lib/python3.10/dist-packages/assessment_interfaces/msg/_item_list.py
[18.435s] -- Up-to-date symlink: /workspace/install/assessment_interfaces/local/lib/python3.10/dist-packages/assessment_interfaces/msg/_item_list_s.c
[18.435s] -- Up-to-date symlink: /workspace/install/assessment_interfaces/local/lib/python3.10/dist-packages/assessment_interfaces/msg/_item_log.py
[18.435s] -- Up-to-date symlink: /workspace/install/assessment_interfaces/local/lib/python3.10/dist-packages/assessment_interfaces/msg/_item_log_s.c
[18.435s] -- Up-to-date symlink: /workspace/install/assessment_interfaces/local/lib/python3.10/dist-packages/assessment_interfaces/msg/_item_s.c
[18.436s] -- Up-to-date symlink: /workspace/install/assessment_interfaces/local/lib/python3.10/dist-packages/assessment_interfaces/msg/_robot.py
[18.436s] -- Up-to-date symlink: /workspace/install/assessment_interfaces/local/lib/python3.10/dist-packages/assessment_interfaces/msg/_robot_list.py
[18.436s] -- Up-to-date symlink: /workspace/install/assessment_interfaces/local/lib/python3.10/dist-packages/assessment_interfaces/msg/_robot_list_s.c
[18.436s] -- Up-to-date symlink: /workspace/install/assessment_interfaces/local/lib/python3.10/dist-packages/assessment_interfaces/msg/_robot_s.c
[18.437s] -- Up-to-date symlink: /workspace/install/assessment_interfaces/local/lib/python3.10/dist-packages/assessment_interfaces/msg/_zone.py
[18.437s] -- Up-to-date symlink: /workspace/install/assessment_interfaces/local/lib/python3.10/dist-packages/assessment_interfaces/msg/_zone_list.py
[18.437s] -- Up-to-date symlink: /workspace/install/assessment_interfaces/local/lib/python3.10/dist-packages/assessment_interfaces/msg/_zone_list_s.c
[18.437s] -- Up-to-date symlink: /workspace/install/assessment_interfaces/local/lib/python3.10/dist-packages/assessment_interfaces/msg/_zone_s.c
[18.438s] -- Up-to-date symlink: /workspace/install/assessment_interfaces/local/lib/python3.10/dist-packages/assessment_interfaces/assessment_interfaces_s__rosidl_typesupport_fastrtps_c.cpython-310-x86_64-linux-gnu.so
[18.438s] -- Up-to-date symlink: /workspace/install/assessment_interfaces/local/lib/python3.10/dist-packages/assessment_interfaces/assessment_interfaces_s__rosidl_typesupport_introspection_c.cpython-310-x86_64-linux-gnu.so
[18.438s] -- Up-to-date symlink: /workspace/install/assessment_interfaces/local/lib/python3.10/dist-packages/assessment_interfaces/assessment_interfaces_s__rosidl_typesupport_c.cpython-310-x86_64-linux-gnu.so
[18.439s] -- Up-to-date symlink: /workspace/install/assessment_interfaces/share/assessment_interfaces/msg/ItemLog.idl
[18.439s] -- Up-to-date symlink: /workspace/install/assessment_interfaces/share/assessment_interfaces/msg/ItemHolder.idl
[18.439s] -- Up-to-date symlink: /workspace/install/assessment_interfaces/share/assessment_interfaces/msg/ItemHolders.idl
[18.439s] -- Up-to-date symlink: /workspace/install/assessment_interfaces/share/assessment_interfaces/msg/Item.idl
[18.440s] -- Up-to-date symlink: /workspace/install/assessment_interfaces/share/assessment_interfaces/msg/ItemList.idl
[18.440s] -- Up-to-date symlink: /workspace/install/assessment_interfaces/share/assessment_interfaces/msg/Zone.idl
[18.440s] -- Up-to-date symlink: /workspace/install/assessment_interfaces/share/assessment_interfaces/msg/ZoneList.idl
[18.440s] -- Up-to-date symlink: /workspace/install/assessment_interfaces/share/assessment_interfaces/msg/Robot.idl
[18.441s] -- Up-to-date symlink: /workspace/install/assessment_interfaces/share/assessment_interfaces/msg/RobotList.idl
[18.441s] -- Up-to-date symlink: /workspace/install/assessment_interfaces/share/assessment_interfaces/msg/ItemLog.msg
[18.441s] -- Up-to-date symlink: /workspace/install/assessment_interfaces/share/assessment_interfaces/msg/ItemHolder.msg
[18.441s] -- Up-to-date symlink: /workspace/install/assessment_interfaces/share/assessment_interfaces/msg/ItemHolders.msg
[18.442s] -- Up-to-date symlink: /workspace/install/assessment_interfaces/share/assessment_interfaces/msg/Item.msg
[18.442s] -- Up-to-date symlink: /workspace/install/assessment_interfaces/share/assessment_interfaces/msg/ItemList.msg
[18.442s] -- Up-to-date symlink: /workspace/install/assessment_interfaces/share/assessment_interfaces/msg/Zone.msg
[18.442s] -- Up-to-date symlink: /workspace/install/assessment_interfaces/share/assessment_interfaces/msg/ZoneList.msg
[18.443s] -- Up-to-date symlink: /workspace/install/assessment_interfaces/share/assessment_interfaces/msg/Robot.msg
[18.443s] -- Up-to-date symlink: /workspace/install/assessment_interfaces/share/assessment_interfaces/msg/RobotList.msg
[18.443s] -- Up-to-date symlink: /workspace/install/assessment_interfaces/share/ament_index/resource_index/package_run_dependencies/assessment_interfaces
[18.443s] -- Up-to-date symlink: /workspace/install/assessment_interfaces/share/ament_index/resource_index/parent_prefix_path/assessment_interfaces
[18.444s] -- Up-to-date symlink: /workspace/install/assessment_interfaces/share/assessment_interfaces/environment/ament_prefix_path.sh
[18.444s] -- Up-to-date symlink: /workspace/install/assessment_interfaces/share/assessment_interfaces/environment/ament_prefix_path.dsv
[18.444s] -- Up-to-date symlink: /workspace/install/assessment_interfaces/share/assessment_interfaces/environment/path.sh
[18.444s] -- Up-to-date symlink: /workspace/install/assessment_interfaces/share/assessment_interfaces/environment/path.dsv
[18.444s] -- Up-to-date symlink: /workspace/install/assessment_interfaces/share/assessment_interfaces/local_setup.bash
[18.445s] -- Up-to-date symlink: /workspace/install/assessment_interfaces/share/assessment_interfaces/local_setup.sh
[18.445s] -- Up-to-date symlink: /workspace/install/assessment_interfaces/share/assessment_interfaces/local_setup.zsh
[18.445s] -- Up-to-date symlink: /workspace/install/assessment_interfaces/share/assessment_interfaces/local_setup.dsv
[18.445s] -- Symlinking: /workspace/install/assessment_interfaces/share/assessment_interfaces/package.dsv
[18.459s] -- Up-to-date symlink: /workspace/install/assessment_interfaces/share/ament_index/resource_index/packages/assessment_interfaces
[18.459s] -- Up-to-date symlink: /workspace/install/assessment_interfaces/share/assessment_interfaces/cmake/rosidl_cmake-extras.cmake
[18.459s] -- Up-to-date symlink: /workspace/install/assessment_interfaces/share/assessment_interfaces/cmake/ament_cmake_export_include_directories-extras.cmake
[18.459s] -- Up-to-date symlink: /workspace/install/assessment_interfaces/share/assessment_interfaces/cmake/ament_cmake_export_libraries-extras.cmake
[18.460s] -- Up-to-date symlink: /workspace/install/assessment_interfaces/share/assessment_interfaces/cmake/ament_cmake_export_targets-extras.cmake
[18.460s] -- Up-to-date symlink: /workspace/install/assessment_interfaces/share/assessment_interfaces/cmake/rosidl_cmake_export_typesupport_targets-extras.cmake
[18.460s] -- Up-to-date symlink: /workspace/install/assessment_interfaces/share/assessment_interfaces/cmake/ament_cmake_export_dependencies-extras.cmake
[18.460s] -- Up-to-date symlink: /workspace/install/assessment_interfaces/share/assessment_interfaces/cmake/rosidl_cmake_export_typesupport_libraries-extras.cmake
[18.461s] -- Up-to-date symlink: /workspace/install/assessment_interfaces/share/assessment_interfaces/cmake/assessment_interfacesConfig.cmake
[18.461s] -- Up-to-date symlink: /workspace/install/assessment_interfaces/share/assessment_interfaces/cmake/assessment_interfacesConfig-version.cmake
[18.461s] -- Up-to-date symlink: /workspace/install/assessment_interfaces/share/assessment_interfaces/package.xml
[18.462s] -- Installing: /workspace/install/assessment_interfaces/lib/libassessment_interfaces__rosidl_generator_c.so
[18.463s] -- Set runtime path of "/workspace/install/assessment_interfaces/lib/libassessment_interfaces__rosidl_generator_c.so" to ""
[18.463s] -- Installing: /workspace/install/assessment_interfaces/lib/libassessment_interfaces__rosidl_typesupport_fastrtps_c.so
[18.464s] -- Set runtime path of "/workspace/install/assessment_interfaces/lib/libassessment_interfaces__rosidl_typesupport_fastrtps_c.so" to ""
[18.464s] -- Installing: /workspace/install/assessment_interfaces/lib/libassessment_interfaces__rosidl_typesupport_introspection_c.so
[18.464s] -- Set runtime path of "/workspace/install/assessment_interfaces/lib/libassessment_interfaces__rosidl_typesupport_introspection_c.so" to ""
[18.465s] -- Installing: /workspace/install/assessment_interfaces/lib/libassessment_interfaces__rosidl_typesupport_c.so
[18.465s] -- Set runtime path of "/workspace/install/assessment_interfaces/lib/libassessment_interfaces__rosidl_typesupport_c.so" to ""
[18.466s] -- Installing: /workspace/install/assessment_interfaces/lib/libassessment_interfaces__rosidl_typesupport_fastrtps_cpp.so
[18.467s] -- Set runtime path of "/workspace/install/assessment_interfaces/lib/libassessment_interfaces__rosidl_typesupport_fastrtps_cpp.so" to ""
[18.467s] -- Installing: /workspace/install/assessment_interfaces/lib/libassessment_interfaces__rosidl_typesupport_introspection_cpp.so
[18.468s] -- Set runtime path of "/workspace/install/assessment_interfaces/lib/libassessment_interfaces__rosidl_typesupport_introspection_cpp.so" to ""
[18.468s] -- Installing: /workspace/install/assessment_interfaces/lib/libassessment_interfaces__rosidl_typesupport_cpp.so
[18.469s] -- Set runtime path of "/workspace/install/assessment_interfaces/lib/libassessment_interfaces__rosidl_typesupport_cpp.so" to ""
[18.535s] Listing '/workspace/install/assessment_interfaces/local/lib/python3.10/dist-packages/assessment_interfaces'...
[18.535s] Compiling '/workspace/install/assessment_interfaces/local/lib/python3.10/dist-packages/assessment_interfaces/__init__.py'...
[18.535s] Listing '/workspace/install/assessment_interfaces/local/lib/python3.10/dist-packages/assessment_interfaces/msg'...
[18.536s] Compiling '/workspace/install/assessment_interfaces/local/lib/python3.10/dist-packages/assessment_interfaces/msg/__init__.py'...
[18.536s] Compiling '/workspace/install/assessment_interfaces/local/lib/python3.10/dist-packages/assessment_interfaces/msg/_item.py'...
[18.536s] Compiling '/workspace/install/assessment_interfaces/local/lib/python3.10/dist-packages/assessment_interfaces/msg/_item_holder.py'...
[18.536s] Compiling '/workspace/install/assessment_interfaces/local/lib/python3.10/dist-packages/assessment_interfaces/msg/_item_holders.py'...
[18.536s] Compiling '/workspace/install/assessment_interfaces/local/lib/python3.10/dist-packages/assessment_interfaces/msg/_item_list.py'...
[18.536s] Compiling '/workspace/install/assessment_interfaces/local/lib/python3.10/dist-packages/assessment_interfaces/msg/_item_log.py'...
[18.536s] Compiling '/workspace/install/assessment_interfaces/local/lib/python3.10/dist-packages/assessment_interfaces/msg/_robot.py'...
[18.536s] Compiling '/workspace/install/assessment_interfaces/local/lib/python3.10/dist-packages/assessment_interfaces/msg/_robot_list.py'...
[18.536s] Compiling '/workspace/install/assessment_interfaces/local/lib/python3.10/dist-packages/assessment_interfaces/msg/_zone.py'...
[18.536s] Compiling '/workspace/install/assessment_interfaces/local/lib/python3.10/dist-packages/assessment_interfaces/msg/_zone_list.py'...
[18.542s] -- Installing: /workspace/install/assessment_interfaces/lib/libassessment_interfaces__rosidl_generator_py.so
[18.543s] -- Set runtime path of "/workspace/install/assessment_interfaces/lib/libassessment_interfaces__rosidl_generator_py.so" to ""
[18.543s] -- Up-to-date: /workspace/install/assessment_interfaces/share/assessment_interfaces/cmake/export_assessment_interfaces__rosidl_generator_cExport.cmake
[18.543s] -- Up-to-date: /workspace/install/assessment_interfaces/share/assessment_interfaces/cmake/export_assessment_interfaces__rosidl_generator_cExport-noconfig.cmake
[18.543s] -- Up-to-date: /workspace/install/assessment_interfaces/share/assessment_interfaces/cmake/export_assessment_interfaces__rosidl_typesupport_fastrtps_cExport.cmake
[18.544s] -- Up-to-date: /workspace/install/assessment_interfaces/share/assessment_interfaces/cmake/export_assessment_interfaces__rosidl_typesupport_fastrtps_cExport-noconfig.cmake
[18.544s] -- Up-to-date: /workspace/install/assessment_interfaces/share/assessment_interfaces/cmake/assessment_interfaces__rosidl_typesupport_introspection_cExport.cmake
[18.544s] -- Up-to-date: /workspace/install/assessment_interfaces/share/assessment_interfaces/cmake/assessment_interfaces__rosidl_typesupport_introspection_cExport-noconfig.cmake
[18.544s] -- Up-to-date: /workspace/install/assessment_interfaces/share/assessment_interfaces/cmake/assessment_interfaces__rosidl_typesupport_cExport.cmake
[18.544s] -- Up-to-date: /workspace/install/assessment_interfaces/share/assessment_interfaces/cmake/assessment_interfaces__rosidl_typesupport_cExport-noconfig.cmake
[18.545s] -- Up-to-date: /workspace/install/assessment_interfaces/share/assessment_interfaces/cmake/export_assessment_interfaces__rosidl_generator_cppExport.cmake
[18.545s] -- Up-to-date: /workspace/install/assessment_interfaces/share/assessment_interfaces/cmake/export_assessment_interfaces__rosidl_typesupport_fastrtps_cppExport.cmake
[18.545s] -- Up-to-date: /workspace/install/assessment_interfaces/share/assessment_interfaces/cmake/export_assessment_interfaces__rosidl_typesupport_fastrtps_cppExport-noconfig.cmake
[18.545s] -- Up-to-date: /workspace/install/assessment_interfaces/share/assessment_interfaces/cmake/assessment_interfaces__rosidl_typesupport_introspection_cppExport.cmake
[18.545s] -- Up-to-date: /workspace/install/assessment_interfaces/share/assessment_interfaces/cmake/assessment_interfaces__rosidl_typesupport_introspection_cppExport-noconfig.cmake
[18.546s] -- Up-to-date: /workspace/install/assessment_interfaces/share/assessment_interfaces/cmake/assessment_interfaces__rosidl_typesupport_cppExport.cmake
[18.546s] -- Up-to-date: /workspace/install/assessment_interfaces/share/assessment_interfaces/cmake/assessment_interfaces__rosidl_typesupport_cppExport-noconfig.cmake
[18.546s] -- Up-to-date: /workspace/install/assessment_interfaces/share/assessment_interfaces/cmake/export_assessment_interfaces__rosidl_generator_pyExport.cmake
[18.546s] -- Up-to-date: /workspace/install/assessment_interfaces/share/assessment_interfaces/cmake/export_assessment_interfaces__rosidl_generator_pyExport-noconfig.cmake
[18.549s] Invoked command in '/workspace/build/assessment_interfaces' returned '0': CMAKE_PREFIX_PATH=/opt/ros/humble /usr/bin/cmake --install /workspace/build/assessment_interfaces
