[2.438s] Invoking command in '/workspace/build/solution': PYTHONPATH=/workspace/build/solution/prefix_override:/usr/lib/python3/dist-packages/colcon_core/task/python/colcon_distutils_commands:/workspace/install/solution/lib/python3.10/site-packages:${PYTHONPATH} /usr/bin/python3 -W ignore:setup.py install is deprecated setup.py develop --editable --build-directory /workspace/build/solution/build --no-deps symlink_data
[2.886s] running develop
[2.888s] /usr/lib/python3/dist-packages/setuptools/command/easy_install.py:158: EasyInstallDeprecationWarning: easy_install command is deprecated. Use build and pip and other standards-based tools.
[2.889s]   warnings.warn(
[3.137s] running egg_info
[3.138s] writing solution.egg-info/PKG-INFO
[3.139s] writing dependency_links to solution.egg-info/dependency_links.txt
[3.140s] writing entry points to solution.egg-info/entry_points.txt
[3.140s] writing requirements to solution.egg-info/requires.txt
[3.141s] writing top-level names to solution.egg-info/top_level.txt
[3.143s] reading manifest file 'solution.egg-info/SOURCES.txt'
[3.146s] writing manifest file 'solution.egg-info/SOURCES.txt'
[3.149s] running build_ext
[3.151s] Creating /workspace/install/solution/lib/python3.10/site-packages/solution.egg-link (link to .)
[3.154s] Installing data_logger script to /workspace/install/solution/lib/solution
[3.155s] Installing robot_controller script to /workspace/install/solution/lib/solution
[3.155s] 
[3.155s] Installed /workspace/build/solution
[3.155s] running symlink_data
[3.207s] Invoked command in '/workspace/build/solution' returned '0': PYTHONPATH=/workspace/build/solution/prefix_override:/usr/lib/python3/dist-packages/colcon_core/task/python/colcon_distutils_commands:/workspace/install/solution/lib/python3.10/site-packages:${PYTHONPATH} /usr/bin/python3 -W ignore:setup.py install is deprecated setup.py develop --editable --build-directory /workspace/build/solution/build --no-deps symlink_data
