running develop
running egg_info
creating week_7.egg-info
writing week_7.egg-info/PKG-INFO
writing dependency_links to week_7.egg-info/dependency_links.txt
writing entry points to week_7.egg-info/entry_points.txt
writing requirements to week_7.egg-info/requires.txt
writing top-level names to week_7.egg-info/top_level.txt
writing manifest file 'week_7.egg-info/SOURCES.txt'
reading manifest file 'week_7.egg-info/SOURCES.txt'
writing manifest file 'week_7.egg-info/SOURCES.txt'
running build_ext
Creating /workspace/install/week_7/lib/python3.10/site-packages/week-7.egg-link (link to .)

Installed /workspace/build/week_7
running symlink_data
creating /workspace/install/week_7/share/ament_index
creating /workspace/install/week_7/share/ament_index/resource_index
creating /workspace/install/week_7/share/ament_index/resource_index/packages
symbolically linking /workspace/build/week_7/resource/week_7 -> /workspace/install/week_7/share/ament_index/resource_index/packages
symbolically linking /workspace/build/week_7/package.xml -> /workspace/install/week_7/share/week_7
creating /workspace/install/week_7/share/week_7/models
creating /workspace/install/week_7/share/week_7/models/turtlebot3_world_auro
symbolically linking /workspace/build/week_7/models/turtlebot3_world_auro/model.config -> /workspace/install/week_7/share/week_7/models/turtlebot3_world_auro
symbolically linking /workspace/build/week_7/models/turtlebot3_world_auro/model.sdf -> /workspace/install/week_7/share/week_7/models/turtlebot3_world_auro
creating /workspace/install/week_7/share/week_7/launch
symbolically linking /workspace/build/week_7/launch/turtlebot3_world_auro.launch.py -> /workspace/install/week_7/share/week_7/launch/
creating /workspace/install/week_7/share/week_7/worlds
symbolically linking /workspace/build/week_7/worlds/turtlebot3_world_empty.world -> /workspace/install/week_7/share/week_7/worlds/
symbolically linking /workspace/build/week_7/worlds/turtlebot3_world_auro.world -> /workspace/install/week_7/share/week_7/worlds/
