[5.921s] Invoking command in '/workspace/build/week_7': PYTHONPATH=/workspace/build/week_7/prefix_override:/usr/lib/python3/dist-packages/colcon_core/task/python/colcon_distutils_commands:/workspace/install/week_7/lib/python3.10/site-packages:${PYTHONPATH} /usr/bin/python3 -W ignore:setup.py install is deprecated setup.py develop --editable --build-directory /workspace/build/week_7/build --no-deps symlink_data
[7.572s] /usr/lib/python3/dist-packages/setuptools/command/easy_install.py:158: EasyInstallDeprecationWarning: easy_install command is deprecated. Use build and pip and other standards-based tools.
[7.572s]   warnings.warn(
[7.577s] running develop
[8.819s] running egg_info
[8.819s] creating week_7.egg-info
[8.819s] writing week_7.egg-info/PKG-INFO
[8.819s] writing dependency_links to week_7.egg-info/dependency_links.txt
[8.820s] writing entry points to week_7.egg-info/entry_points.txt
[8.821s] writing requirements to week_7.egg-info/requires.txt
[8.825s] writing top-level names to week_7.egg-info/top_level.txt
[8.828s] writing manifest file 'week_7.egg-info/SOURCES.txt'
[8.832s] reading manifest file 'week_7.egg-info/SOURCES.txt'
[8.834s] writing manifest file 'week_7.egg-info/SOURCES.txt'
[8.840s] running build_ext
[8.846s] Creating /workspace/install/week_7/lib/python3.10/site-packages/week-7.egg-link (link to .)
[8.846s] 
[8.847s] Installed /workspace/build/week_7
[8.847s] running symlink_data
[8.848s] creating /workspace/install/week_7/share/ament_index
[8.848s] creating /workspace/install/week_7/share/ament_index/resource_index
[8.849s] creating /workspace/install/week_7/share/ament_index/resource_index/packages
[8.849s] symbolically linking /workspace/build/week_7/resource/week_7 -> /workspace/install/week_7/share/ament_index/resource_index/packages
[8.853s] symbolically linking /workspace/build/week_7/package.xml -> /workspace/install/week_7/share/week_7
[8.853s] creating /workspace/install/week_7/share/week_7/models
[8.853s] creating /workspace/install/week_7/share/week_7/models/turtlebot3_world_auro
[8.854s] symbolically linking /workspace/build/week_7/models/turtlebot3_world_auro/model.config -> /workspace/install/week_7/share/week_7/models/turtlebot3_world_auro
[8.854s] symbolically linking /workspace/build/week_7/models/turtlebot3_world_auro/model.sdf -> /workspace/install/week_7/share/week_7/models/turtlebot3_world_auro
[8.856s] creating /workspace/install/week_7/share/week_7/launch
[8.856s] symbolically linking /workspace/build/week_7/launch/turtlebot3_world_auro.launch.py -> /workspace/install/week_7/share/week_7/launch/
[8.857s] creating /workspace/install/week_7/share/week_7/worlds
[8.857s] symbolically linking /workspace/build/week_7/worlds/turtlebot3_world_empty.world -> /workspace/install/week_7/share/week_7/worlds/
[8.862s] symbolically linking /workspace/build/week_7/worlds/turtlebot3_world_auro.world -> /workspace/install/week_7/share/week_7/worlds/
[8.975s] Invoked command in '/workspace/build/week_7' returned '0': PYTHONPATH=/workspace/build/week_7/prefix_override:/usr/lib/python3/dist-packages/colcon_core/task/python/colcon_distutils_commands:/workspace/install/week_7/lib/python3.10/site-packages:${PYTHONPATH} /usr/bin/python3 -W ignore:setup.py install is deprecated setup.py develop --editable --build-directory /workspace/build/week_7/build --no-deps symlink_data
