running develop
running egg_info
creating week_2.egg-info
writing week_2.egg-info/PKG-INFO
writing dependency_links to week_2.egg-info/dependency_links.txt
writing entry points to week_2.egg-info/entry_points.txt
writing requirements to week_2.egg-info/requires.txt
writing top-level names to week_2.egg-info/top_level.txt
writing manifest file 'week_2.egg-info/SOURCES.txt'
reading manifest file 'week_2.egg-info/SOURCES.txt'
writing manifest file 'week_2.egg-info/SOURCES.txt'
running build_ext
Creating /workspace/install/week_2/lib/python3.10/site-packages/week-2.egg-link (link to .)
Installing turtlebot3_drive_python script to /workspace/install/week_2/lib/week_2

Installed /workspace/build/week_2
running symlink_data
creating /workspace/install/week_2/share/ament_index
creating /workspace/install/week_2/share/ament_index/resource_index
creating /workspace/install/week_2/share/ament_index/resource_index/packages
symbolically linking /workspace/build/week_2/resource/week_2 -> /workspace/install/week_2/share/ament_index/resource_index/packages
symbolically linking /workspace/build/week_2/package.xml -> /workspace/install/week_2/share/week_2
creating /workspace/install/week_2/share/week_2/launch
symbolically linking /workspace/build/week_2/launch/joint_launch.py -> /workspace/install/week_2/share/week_2/launch
