[2.778s] Invoking command in '/workspace/build/week_2': PYTHONPATH=/workspace/build/week_2/prefix_override:/usr/lib/python3/dist-packages/colcon_core/task/python/colcon_distutils_commands:/workspace/install/week_2/lib/python3.10/site-packages:${PYTHONPATH} /usr/bin/python3 -W ignore:setup.py install is deprecated setup.py develop --editable --build-directory /workspace/build/week_2/build --no-deps symlink_data
[4.236s] running develop
[4.237s] /usr/lib/python3/dist-packages/setuptools/command/easy_install.py:158: EasyInstallDeprecationWarning: easy_install command is deprecated. Use build and pip and other standards-based tools.
[4.237s]   warnings.warn(
[5.495s] running egg_info
[5.495s] creating week_2.egg-info
[5.503s] writing week_2.egg-info/PKG-INFO
[5.503s] writing dependency_links to week_2.egg-info/dependency_links.txt
[5.503s] writing entry points to week_2.egg-info/entry_points.txt
[5.503s] writing requirements to week_2.egg-info/requires.txt
[5.503s] writing top-level names to week_2.egg-info/top_level.txt
[5.504s] writing manifest file 'week_2.egg-info/SOURCES.txt'
[5.514s] reading manifest file 'week_2.egg-info/SOURCES.txt'
[5.520s] writing manifest file 'week_2.egg-info/SOURCES.txt'
[5.539s] running build_ext
[5.539s] Creating /workspace/install/week_2/lib/python3.10/site-packages/week-2.egg-link (link to .)
[5.543s] Installing turtlebot3_drive_python script to /workspace/install/week_2/lib/week_2
[5.548s] 
[5.548s] Installed /workspace/build/week_2
[5.549s] running symlink_data
[5.549s] creating /workspace/install/week_2/share/ament_index
[5.549s] creating /workspace/install/week_2/share/ament_index/resource_index
[5.549s] creating /workspace/install/week_2/share/ament_index/resource_index/packages
[5.549s] symbolically linking /workspace/build/week_2/resource/week_2 -> /workspace/install/week_2/share/ament_index/resource_index/packages
[5.549s] symbolically linking /workspace/build/week_2/package.xml -> /workspace/install/week_2/share/week_2
[5.550s] creating /workspace/install/week_2/share/week_2/launch
[5.550s] symbolically linking /workspace/build/week_2/launch/joint_launch.py -> /workspace/install/week_2/share/week_2/launch
[5.846s] Invoked command in '/workspace/build/week_2' returned '0': PYTHONPATH=/workspace/build/week_2/prefix_override:/usr/lib/python3/dist-packages/colcon_core/task/python/colcon_distutils_commands:/workspace/install/week_2/lib/python3.10/site-packages:${PYTHONPATH} /usr/bin/python3 -W ignore:setup.py install is deprecated setup.py develop --editable --build-directory /workspace/build/week_2/build --no-deps symlink_data
