[1.023s] Invoking command in '/workspace/build/week_8': PYTHONPATH=/workspace/build/week_8/prefix_override:/usr/lib/python3/dist-packages/colcon_core/task/python/colcon_distutils_commands:/workspace/install/week_8/lib/python3.10/site-packages:${PYTHONPATH} /usr/bin/python3 -W ignore:setup.py install is deprecated setup.py develop --editable --build-directory /workspace/build/week_8/build --no-deps symlink_data
[1.377s] running develop
[1.377s] /usr/lib/python3/dist-packages/setuptools/command/easy_install.py:158: EasyInstallDeprecationWarning: easy_install command is deprecated. Use build and pip and other standards-based tools.
[1.377s]   warnings.warn(
[1.565s] running egg_info
[1.566s] writing week_8.egg-info/PKG-INFO
[1.566s] writing dependency_links to week_8.egg-info/dependency_links.txt
[1.566s] writing entry points to week_8.egg-info/entry_points.txt
[1.566s] writing requirements to week_8.egg-info/requires.txt
[1.570s] writing top-level names to week_8.egg-info/top_level.txt
[1.571s] reading manifest file 'week_8.egg-info/SOURCES.txt'
[1.575s] writing manifest file 'week_8.egg-info/SOURCES.txt'
[1.576s] running build_ext
[1.577s] Creating /workspace/install/week_8/lib/python3.10/site-packages/week-8.egg-link (link to .)
[1.580s] Installing autonomous_navigation script to /workspace/install/week_8/lib/week_8
[1.582s] Installing autonomous_navigation_multithreaded script to /workspace/install/week_8/lib/week_8
[1.582s] Installing joint_state_republisher script to /workspace/install/week_8/lib/week_8
[1.585s] Installing path_publisher script to /workspace/install/week_8/lib/week_8
[1.586s] Installing robot_controller script to /workspace/install/week_8/lib/week_8
[1.586s] Installing simple_commander script to /workspace/install/week_8/lib/week_8
[1.590s] 
[1.595s] Installed /workspace/build/week_8
[1.595s] running symlink_data
[1.993s] Invoked command in '/workspace/build/week_8' returned '0': PYTHONPATH=/workspace/build/week_8/prefix_override:/usr/lib/python3/dist-packages/colcon_core/task/python/colcon_distutils_commands:/workspace/install/week_8/lib/python3.10/site-packages:${PYTHONPATH} /usr/bin/python3 -W ignore:setup.py install is deprecated setup.py develop --editable --build-directory /workspace/build/week_8/build --no-deps symlink_data
