[2.824s] Invoking command in '/workspace/build/week_3': PYTHONPATH=/workspace/build/week_3/prefix_override:/usr/lib/python3/dist-packages/colcon_core/task/python/colcon_distutils_commands:/workspace/install/week_3/lib/python3.10/site-packages:${PYTHONPATH} /usr/bin/python3 -W ignore:setup.py install is deprecated setup.py develop --editable --build-directory /workspace/build/week_3/build --no-deps symlink_data
[3.419s] running develop
[3.419s] /usr/lib/python3/dist-packages/setuptools/command/easy_install.py:158: EasyInstallDeprecationWarning: easy_install command is deprecated. Use build and pip and other standards-based tools.
[3.419s]   warnings.warn(
[3.769s] running egg_info
[3.769s] writing week_3.egg-info/PKG-INFO
[3.769s] writing dependency_links to week_3.egg-info/dependency_links.txt
[3.769s] writing entry points to week_3.egg-info/entry_points.txt
[3.775s] writing requirements to week_3.egg-info/requires.txt
[3.775s] writing top-level names to week_3.egg-info/top_level.txt
[3.777s] reading manifest file 'week_3.egg-info/SOURCES.txt'
[3.780s] writing manifest file 'week_3.egg-info/SOURCES.txt'
[3.785s] running build_ext
[3.786s] Creating /workspace/install/week_3/lib/python3.10/site-packages/week-3.egg-link (link to .)
[3.790s] Installing rviz_text_marker script to /workspace/install/week_3/lib/week_3
[3.791s] Installing turtlebot3_fsm script to /workspace/install/week_3/lib/week_3
[3.791s] Installing turtlebot3_fsm_rc script to /workspace/install/week_3/lib/week_3
[3.792s] Installing turtlebot3_random_walk script to /workspace/install/week_3/lib/week_3
[3.798s] 
[3.798s] Installed /workspace/build/week_3
[3.798s] running symlink_data
[3.850s] Invoked command in '/workspace/build/week_3' returned '0': PYTHONPATH=/workspace/build/week_3/prefix_override:/usr/lib/python3/dist-packages/colcon_core/task/python/colcon_distutils_commands:/workspace/install/week_3/lib/python3.10/site-packages:${PYTHONPATH} /usr/bin/python3 -W ignore:setup.py install is deprecated setup.py develop --editable --build-directory /workspace/build/week_3/build --no-deps symlink_data
