running develop
running egg_info
creating week_4.egg-info
writing week_4.egg-info/PKG-INFO
writing dependency_links to week_4.egg-info/dependency_links.txt
writing entry points to week_4.egg-info/entry_points.txt
writing requirements to week_4.egg-info/requires.txt
writing top-level names to week_4.egg-info/top_level.txt
writing manifest file 'week_4.egg-info/SOURCES.txt'
reading manifest file 'week_4.egg-info/SOURCES.txt'
writing manifest file 'week_4.egg-info/SOURCES.txt'
running build_ext
Creating /workspace/install/week_4/lib/python3.10/site-packages/week-4.egg-link (link to .)
Installing rc_driving script to /workspace/install/week_4/lib/week_4
Installing rc_obstacle_detector script to /workspace/install/week_4/lib/week_4
Installing robot_controller script to /workspace/install/week_4/lib/week_4

Installed /workspace/build/week_4
running symlink_data
creating /workspace/install/week_4/share/ament_index
creating /workspace/install/week_4/share/ament_index/resource_index
creating /workspace/install/week_4/share/ament_index/resource_index/packages
symbolically linking /workspace/build/week_4/resource/week_4 -> /workspace/install/week_4/share/ament_index/resource_index/packages
symbolically linking /workspace/build/week_4/package.xml -> /workspace/install/week_4/share/week_4
creating /workspace/install/week_4/share/week_4/models
creating /workspace/install/week_4/share/week_4/models/week_4_world
symbolically linking /workspace/build/week_4/models/week_4_world/model.config -> /workspace/install/week_4/share/week_4/models/week_4_world
symbolically linking /workspace/build/week_4/models/week_4_world/model.sdf -> /workspace/install/week_4/share/week_4/models/week_4_world
creating /workspace/install/week_4/share/week_4/launch
symbolically linking /workspace/build/week_4/launch/week_4_rc_launch.py -> /workspace/install/week_4/share/week_4/launch/
symbolically linking /workspace/build/week_4/launch/week_4_launch.py -> /workspace/install/week_4/share/week_4/launch/
creating /workspace/install/week_4/share/week_4/worlds
symbolically linking /workspace/build/week_4/worlds/week_4_world.world -> /workspace/install/week_4/share/week_4/worlds/
