[2.367s] Invoking command in '/workspace/build/week_4': AMENT_PREFIX_PATH=/workspace/install/auro_interfaces:${AMENT_PREFIX_PATH} CMAKE_PREFIX_PATH=/workspace/install/auro_interfaces LD_LIBRARY_PATH=/workspace/install/auro_interfaces/lib:/opt/ros/humble/opt/rviz_ogre_vendor/lib:/opt/ros/humble/lib/x86_64-linux-gnu:/opt/ros/humble/lib:/usr/lib/x86_64-linux-gnu/gazebo-11/plugins PYTHONPATH=/workspace/build/week_4/prefix_override:/usr/lib/python3/dist-packages/colcon_core/task/python/colcon_distutils_commands:/workspace/install/week_4/lib/python3.10/site-packages:/workspace/install/auro_interfaces/local/lib/python3.10/dist-packages:${PYTHONPATH} /usr/bin/python3 -W ignore:setup.py install is deprecated setup.py develop --editable --build-directory /workspace/build/week_4/build --no-deps symlink_data
[3.105s] running develop
[3.106s] /usr/lib/python3/dist-packages/setuptools/command/easy_install.py:158: EasyInstallDeprecationWarning: easy_install command is deprecated. Use build and pip and other standards-based tools.
[3.106s]   warnings.warn(
[3.708s] running egg_info
[3.708s] creating week_4.egg-info
[3.710s] writing week_4.egg-info/PKG-INFO
[3.712s] writing dependency_links to week_4.egg-info/dependency_links.txt
[3.713s] writing entry points to week_4.egg-info/entry_points.txt
[3.713s] writing requirements to week_4.egg-info/requires.txt
[3.715s] writing top-level names to week_4.egg-info/top_level.txt
[3.715s] writing manifest file 'week_4.egg-info/SOURCES.txt'
[3.722s] reading manifest file 'week_4.egg-info/SOURCES.txt'
[3.726s] writing manifest file 'week_4.egg-info/SOURCES.txt'
[3.731s] running build_ext
[3.734s] Creating /workspace/install/week_4/lib/python3.10/site-packages/week-4.egg-link (link to .)
[3.734s] Installing rc_driving script to /workspace/install/week_4/lib/week_4
[3.734s] Installing rc_obstacle_detector script to /workspace/install/week_4/lib/week_4
[3.739s] Installing robot_controller script to /workspace/install/week_4/lib/week_4
[3.739s] 
[3.740s] Installed /workspace/build/week_4
[3.740s] running symlink_data
[3.740s] creating /workspace/install/week_4/share/ament_index
[3.741s] creating /workspace/install/week_4/share/ament_index/resource_index
[3.741s] creating /workspace/install/week_4/share/ament_index/resource_index/packages
[3.743s] symbolically linking /workspace/build/week_4/resource/week_4 -> /workspace/install/week_4/share/ament_index/resource_index/packages
[3.743s] symbolically linking /workspace/build/week_4/package.xml -> /workspace/install/week_4/share/week_4
[3.744s] creating /workspace/install/week_4/share/week_4/models
[3.744s] creating /workspace/install/week_4/share/week_4/models/week_4_world
[3.745s] symbolically linking /workspace/build/week_4/models/week_4_world/model.config -> /workspace/install/week_4/share/week_4/models/week_4_world
[3.745s] symbolically linking /workspace/build/week_4/models/week_4_world/model.sdf -> /workspace/install/week_4/share/week_4/models/week_4_world
[3.745s] creating /workspace/install/week_4/share/week_4/launch
[3.745s] symbolically linking /workspace/build/week_4/launch/week_4_rc_launch.py -> /workspace/install/week_4/share/week_4/launch/
[3.745s] symbolically linking /workspace/build/week_4/launch/week_4_launch.py -> /workspace/install/week_4/share/week_4/launch/
[3.746s] creating /workspace/install/week_4/share/week_4/worlds
[3.746s] symbolically linking /workspace/build/week_4/worlds/week_4_world.world -> /workspace/install/week_4/share/week_4/worlds/
[3.833s] Invoked command in '/workspace/build/week_4' returned '0': AMENT_PREFIX_PATH=/workspace/install/auro_interfaces:${AMENT_PREFIX_PATH} CMAKE_PREFIX_PATH=/workspace/install/auro_interfaces LD_LIBRARY_PATH=/workspace/install/auro_interfaces/lib:/opt/ros/humble/opt/rviz_ogre_vendor/lib:/opt/ros/humble/lib/x86_64-linux-gnu:/opt/ros/humble/lib:/usr/lib/x86_64-linux-gnu/gazebo-11/plugins PYTHONPATH=/workspace/build/week_4/prefix_override:/usr/lib/python3/dist-packages/colcon_core/task/python/colcon_distutils_commands:/workspace/install/week_4/lib/python3.10/site-packages:/workspace/install/auro_interfaces/local/lib/python3.10/dist-packages:${PYTHONPATH} /usr/bin/python3 -W ignore:setup.py install is deprecated setup.py develop --editable --build-directory /workspace/build/week_4/build --no-deps symlink_data
