[2.343s] Invoking command in '/workspace/build/week_3': PYTHONPATH=/workspace/build/week_3/prefix_override:/usr/lib/python3/dist-packages/colcon_core/task/python/colcon_distutils_commands:/workspace/install/week_3/lib/python3.10/site-packages:${PYTHONPATH} /usr/bin/python3 -W ignore:setup.py install is deprecated setup.py develop --editable --build-directory /workspace/build/week_3/build --no-deps symlink_data
[4.060s] running develop
[4.066s] /usr/lib/python3/dist-packages/setuptools/command/easy_install.py:158: EasyInstallDeprecationWarning: easy_install command is deprecated. Use build and pip and other standards-based tools.
[4.067s]   warnings.warn(
[4.561s] running egg_info
[4.562s] writing week_3.egg-info/PKG-INFO
[4.563s] writing dependency_links to week_3.egg-info/dependency_links.txt
[4.565s] writing entry points to week_3.egg-info/entry_points.txt
[4.567s] writing requirements to week_3.egg-info/requires.txt
[4.568s] writing top-level names to week_3.egg-info/top_level.txt
[4.571s] reading manifest file 'week_3.egg-info/SOURCES.txt'
[4.577s] writing manifest file 'week_3.egg-info/SOURCES.txt'
[4.583s] running build_ext
[4.583s] Creating /workspace/install/week_3/lib/python3.10/site-packages/week-3.egg-link (link to .)
[4.585s] Installing rviz_text_marker script to /workspace/install/week_3/lib/week_3
[4.586s] Installing turtlebot3_fsm script to /workspace/install/week_3/lib/week_3
[4.590s] Installing turtlebot3_fsm_rc script to /workspace/install/week_3/lib/week_3
[4.590s] Installing turtlebot3_random_walk script to /workspace/install/week_3/lib/week_3
[4.590s] 
[4.591s] Installed /workspace/build/week_3
[4.591s] running symlink_data
[5.339s] Invoked command in '/workspace/build/week_3' returned '0': PYTHONPATH=/workspace/build/week_3/prefix_override:/usr/lib/python3/dist-packages/colcon_core/task/python/colcon_distutils_commands:/workspace/install/week_3/lib/python3.10/site-packages:${PYTHONPATH} /usr/bin/python3 -W ignore:setup.py install is deprecated setup.py develop --editable --build-directory /workspace/build/week_3/build --no-deps symlink_data
