[0.128s] DEBUG:colcon:Command line arguments: ['/usr/bin/colcon', 'build', '--symlink-install']
[0.128s] DEBUG:colcon:Parsed command line arguments: Namespace(log_base=None, log_level=None, verb_name='build', build_base='build', install_base='install', merge_install=False, symlink_install=True, test_result_base=None, continue_on_error=False, executor='parallel', parallel_workers=4, event_handlers=None, ignore_user_meta=False, metas=['./colcon.meta'], base_paths=['.'], packages_ignore=None, packages_ignore_regex=None, paths=None, packages_up_to=None, packages_up_to_regex=None, packages_above=None, packages_above_and_dependencies=None, packages_above_depth=None, packages_select_by_dep=None, packages_skip_by_dep=None, packages_skip_up_to=None, packages_select_build_failed=False, packages_skip_build_finished=False, packages_select_test_failures=False, packages_skip_test_passed=False, packages_select=None, packages_skip=None, packages_select_regex=None, packages_skip_regex=None, packages_start=None, packages_end=None, cmake_args=None, cmake_target=None, cmake_target_skip_unavailable=False, cmake_clean_cache=False, cmake_clean_first=False, cmake_force_configure=False, ament_cmake_args=None, catkin_cmake_args=None, catkin_skip_building_tests=False, mixin_files=None, mixin=None, verb_parser=<colcon_mixin.mixin.mixin_argument.MixinArgumentDecorator object at 0x70fc5a0e4970>, verb_extension=<colcon_core.verb.build.BuildVerb object at 0x70fc5a2bbfd0>, main=<bound method BuildVerb.main of <colcon_core.verb.build.BuildVerb object at 0x70fc5a2bbfd0>>, mixin_verb=('build',))
[0.284s] Level 1:colcon.colcon_core.package_discovery:discover_packages(colcon_meta) check parameters
[0.284s] INFO:colcon.colcon_metadata.package_discovery.colcon_meta:Using configuration from '/root/.colcon/metadata/default/Gazebo.meta'
[0.285s] INFO:colcon.colcon_metadata.package_discovery.colcon_meta:Using configuration from '/root/.colcon/metadata/default/fastrtps.meta'
[0.285s] Level 1:colcon.colcon_core.package_discovery:discover_packages(recursive) check parameters
[0.285s] Level 1:colcon.colcon_core.package_discovery:discover_packages(ignore) check parameters
[0.285s] Level 1:colcon.colcon_core.package_discovery:discover_packages(path) check parameters
[0.285s] Level 1:colcon.colcon_core.package_discovery:discover_packages(colcon_meta) discover
[0.285s] Level 1:colcon.colcon_core.package_discovery:discover_packages(recursive) discover
[0.285s] INFO:colcon.colcon_core.package_discovery:Crawling recursively for packages in '/workspace'
[0.285s] Level 1:colcon.colcon_core.package_identification:_identify(.) by extensions ['ignore', 'ignore_ament_install']
[0.285s] Level 1:colcon.colcon_core.package_identification:_identify(.) by extension 'ignore'
[0.285s] Level 1:colcon.colcon_core.package_identification:_identify(.) by extension 'ignore_ament_install'
[0.285s] Level 1:colcon.colcon_core.package_identification:_identify(.) by extensions ['colcon_pkg']
[0.285s] Level 1:colcon.colcon_core.package_identification:_identify(.) by extension 'colcon_pkg'
[0.286s] Level 1:colcon.colcon_core.package_identification:_identify(.) by extensions ['colcon_meta']
[0.286s] Level 1:colcon.colcon_core.package_identification:_identify(.) by extension 'colcon_meta'
[0.286s] Level 1:colcon.colcon_core.package_identification:_identify(.) by extensions ['ros']
[0.286s] Level 1:colcon.colcon_core.package_identification:_identify(.) by extension 'ros'
[0.298s] Level 1:colcon.colcon_core.package_identification:_identify(.) by extensions ['cmake', 'python']
[0.298s] Level 1:colcon.colcon_core.package_identification:_identify(.) by extension 'cmake'
[0.298s] Level 1:colcon.colcon_core.package_identification:_identify(.) by extension 'python'
[0.298s] Level 1:colcon.colcon_core.package_identification:_identify(.) by extensions ['python_setup_py']
[0.298s] Level 1:colcon.colcon_core.package_identification:_identify(.) by extension 'python_setup_py'
[0.298s] Level 1:colcon.colcon_core.package_identification:_identify(AURO) by extensions ['ignore', 'ignore_ament_install']
[0.298s] Level 1:colcon.colcon_core.package_identification:_identify(AURO) by extension 'ignore'
[0.298s] Level 1:colcon.colcon_core.package_identification:_identify(AURO) by extension 'ignore_ament_install'
[0.298s] Level 1:colcon.colcon_core.package_identification:_identify(AURO) by extensions ['colcon_pkg']
[0.298s] Level 1:colcon.colcon_core.package_identification:_identify(AURO) by extension 'colcon_pkg'
[0.298s] Level 1:colcon.colcon_core.package_identification:_identify(AURO) by extensions ['colcon_meta']
[0.298s] Level 1:colcon.colcon_core.package_identification:_identify(AURO) by extension 'colcon_meta'
[0.298s] Level 1:colcon.colcon_core.package_identification:_identify(AURO) by extensions ['ros']
[0.299s] Level 1:colcon.colcon_core.package_identification:_identify(AURO) by extension 'ros'
[0.299s] Level 1:colcon.colcon_core.package_identification:_identify(AURO) by extensions ['cmake', 'python']
[0.299s] Level 1:colcon.colcon_core.package_identification:_identify(AURO) by extension 'cmake'
[0.299s] Level 1:colcon.colcon_core.package_identification:_identify(AURO) by extension 'python'
[0.299s] Level 1:colcon.colcon_core.package_identification:_identify(AURO) by extensions ['python_setup_py']
[0.299s] Level 1:colcon.colcon_core.package_identification:_identify(AURO) by extension 'python_setup_py'
[0.299s] Level 1:colcon.colcon_core.package_identification:_identify(AURO/assessment) by extensions ['ignore', 'ignore_ament_install']
[0.299s] Level 1:colcon.colcon_core.package_identification:_identify(AURO/assessment) by extension 'ignore'
[0.299s] Level 1:colcon.colcon_core.package_identification:_identify(AURO/assessment) by extension 'ignore_ament_install'
[0.299s] Level 1:colcon.colcon_core.package_identification:_identify(AURO/assessment) by extensions ['colcon_pkg']
[0.299s] Level 1:colcon.colcon_core.package_identification:_identify(AURO/assessment) by extension 'colcon_pkg'
[0.299s] Level 1:colcon.colcon_core.package_identification:_identify(AURO/assessment) by extensions ['colcon_meta']
[0.299s] Level 1:colcon.colcon_core.package_identification:_identify(AURO/assessment) by extension 'colcon_meta'
[0.299s] Level 1:colcon.colcon_core.package_identification:_identify(AURO/assessment) by extensions ['ros']
[0.299s] Level 1:colcon.colcon_core.package_identification:_identify(AURO/assessment) by extension 'ros'
[0.302s] DEBUG:colcon.colcon_core.package_identification:Package 'AURO/assessment' with type 'ros.ament_python' and name 'assessment'
[0.302s] Level 1:colcon.colcon_core.package_identification:_identify(AURO/assessment_interfaces) by extensions ['ignore', 'ignore_ament_install']
[0.302s] Level 1:colcon.colcon_core.package_identification:_identify(AURO/assessment_interfaces) by extension 'ignore'
[0.302s] Level 1:colcon.colcon_core.package_identification:_identify(AURO/assessment_interfaces) by extension 'ignore_ament_install'
[0.302s] Level 1:colcon.colcon_core.package_identification:_identify(AURO/assessment_interfaces) by extensions ['colcon_pkg']
[0.302s] Level 1:colcon.colcon_core.package_identification:_identify(AURO/assessment_interfaces) by extension 'colcon_pkg'
[0.302s] Level 1:colcon.colcon_core.package_identification:_identify(AURO/assessment_interfaces) by extensions ['colcon_meta']
[0.302s] Level 1:colcon.colcon_core.package_identification:_identify(AURO/assessment_interfaces) by extension 'colcon_meta'
[0.302s] Level 1:colcon.colcon_core.package_identification:_identify(AURO/assessment_interfaces) by extensions ['ros']
[0.302s] Level 1:colcon.colcon_core.package_identification:_identify(AURO/assessment_interfaces) by extension 'ros'
[0.303s] DEBUG:colcon.colcon_core.package_identification:Package 'AURO/assessment_interfaces' with type 'ros.ament_cmake' and name 'assessment_interfaces'
[0.303s] Level 1:colcon.colcon_core.package_identification:_identify(AURO/auro_interfaces) by extensions ['ignore', 'ignore_ament_install']
[0.303s] Level 1:colcon.colcon_core.package_identification:_identify(AURO/auro_interfaces) by extension 'ignore'
[0.303s] Level 1:colcon.colcon_core.package_identification:_identify(AURO/auro_interfaces) by extension 'ignore_ament_install'
[0.303s] Level 1:colcon.colcon_core.package_identification:_identify(AURO/auro_interfaces) by extensions ['colcon_pkg']
[0.303s] Level 1:colcon.colcon_core.package_identification:_identify(AURO/auro_interfaces) by extension 'colcon_pkg'
[0.303s] Level 1:colcon.colcon_core.package_identification:_identify(AURO/auro_interfaces) by extensions ['colcon_meta']
[0.303s] Level 1:colcon.colcon_core.package_identification:_identify(AURO/auro_interfaces) by extension 'colcon_meta'
[0.303s] Level 1:colcon.colcon_core.package_identification:_identify(AURO/auro_interfaces) by extensions ['ros']
[0.303s] Level 1:colcon.colcon_core.package_identification:_identify(AURO/auro_interfaces) by extension 'ros'
[0.304s] DEBUG:colcon.colcon_core.package_identification:Package 'AURO/auro_interfaces' with type 'ros.ament_cmake' and name 'auro_interfaces'
[0.304s] Level 1:colcon.colcon_core.package_identification:_identify(AURO/solution) by extensions ['ignore', 'ignore_ament_install']
[0.304s] Level 1:colcon.colcon_core.package_identification:_identify(AURO/solution) by extension 'ignore'
[0.304s] Level 1:colcon.colcon_core.package_identification:_identify(AURO/solution) by extension 'ignore_ament_install'
[0.304s] Level 1:colcon.colcon_core.package_identification:_identify(AURO/solution) by extensions ['colcon_pkg']
[0.304s] Level 1:colcon.colcon_core.package_identification:_identify(AURO/solution) by extension 'colcon_pkg'
[0.304s] Level 1:colcon.colcon_core.package_identification:_identify(AURO/solution) by extensions ['colcon_meta']
[0.304s] Level 1:colcon.colcon_core.package_identification:_identify(AURO/solution) by extension 'colcon_meta'
[0.304s] Level 1:colcon.colcon_core.package_identification:_identify(AURO/solution) by extensions ['ros']
[0.305s] Level 1:colcon.colcon_core.package_identification:_identify(AURO/solution) by extension 'ros'
[0.305s] DEBUG:colcon.colcon_core.package_identification:Package 'AURO/solution' with type 'ros.ament_python' and name 'solution'
[0.305s] Level 1:colcon.colcon_core.package_identification:_identify(AURO/tf_relay) by extensions ['ignore', 'ignore_ament_install']
[0.305s] Level 1:colcon.colcon_core.package_identification:_identify(AURO/tf_relay) by extension 'ignore'
[0.305s] Level 1:colcon.colcon_core.package_identification:_identify(AURO/tf_relay) by extension 'ignore_ament_install'
[0.305s] Level 1:colcon.colcon_core.package_identification:_identify(AURO/tf_relay) by extensions ['colcon_pkg']
[0.305s] Level 1:colcon.colcon_core.package_identification:_identify(AURO/tf_relay) by extension 'colcon_pkg'
[0.305s] Level 1:colcon.colcon_core.package_identification:_identify(AURO/tf_relay) by extensions ['colcon_meta']
[0.305s] Level 1:colcon.colcon_core.package_identification:_identify(AURO/tf_relay) by extension 'colcon_meta'
[0.306s] Level 1:colcon.colcon_core.package_identification:_identify(AURO/tf_relay) by extensions ['ros']
[0.306s] Level 1:colcon.colcon_core.package_identification:_identify(AURO/tf_relay) by extension 'ros'
[0.306s] DEBUG:colcon.colcon_core.package_identification:Package 'AURO/tf_relay' with type 'ros.ament_python' and name 'tf_relay'
[0.306s] Level 1:colcon.colcon_core.package_identification:_identify(assessment.egg-info) by extensions ['ignore', 'ignore_ament_install']
[0.306s] Level 1:colcon.colcon_core.package_identification:_identify(assessment.egg-info) by extension 'ignore'
[0.306s] Level 1:colcon.colcon_core.package_identification:_identify(assessment.egg-info) by extension 'ignore_ament_install'
[0.306s] Level 1:colcon.colcon_core.package_identification:_identify(assessment.egg-info) by extensions ['colcon_pkg']
[0.306s] Level 1:colcon.colcon_core.package_identification:_identify(assessment.egg-info) by extension 'colcon_pkg'
[0.306s] Level 1:colcon.colcon_core.package_identification:_identify(assessment.egg-info) by extensions ['colcon_meta']
[0.306s] Level 1:colcon.colcon_core.package_identification:_identify(assessment.egg-info) by extension 'colcon_meta'
[0.307s] Level 1:colcon.colcon_core.package_identification:_identify(assessment.egg-info) by extensions ['ros']
[0.307s] Level 1:colcon.colcon_core.package_identification:_identify(assessment.egg-info) by extension 'ros'
[0.307s] Level 1:colcon.colcon_core.package_identification:_identify(assessment.egg-info) by extensions ['cmake', 'python']
[0.307s] Level 1:colcon.colcon_core.package_identification:_identify(assessment.egg-info) by extension 'cmake'
[0.307s] Level 1:colcon.colcon_core.package_identification:_identify(assessment.egg-info) by extension 'python'
[0.307s] Level 1:colcon.colcon_core.package_identification:_identify(assessment.egg-info) by extensions ['python_setup_py']
[0.307s] Level 1:colcon.colcon_core.package_identification:_identify(assessment.egg-info) by extension 'python_setup_py'
[0.307s] Level 1:colcon.colcon_core.package_identification:_identify(build) by extensions ['ignore', 'ignore_ament_install']
[0.307s] Level 1:colcon.colcon_core.package_identification:_identify(build) by extension 'ignore'
[0.307s] Level 1:colcon.colcon_core.package_identification:_identify(build) ignored
[0.307s] Level 1:colcon.colcon_core.package_identification:_identify(install) by extensions ['ignore', 'ignore_ament_install']
[0.307s] Level 1:colcon.colcon_core.package_identification:_identify(install) by extension 'ignore'
[0.307s] Level 1:colcon.colcon_core.package_identification:_identify(install) ignored
[0.307s] Level 1:colcon.colcon_core.package_identification:_identify(log) by extensions ['ignore', 'ignore_ament_install']
[0.308s] Level 1:colcon.colcon_core.package_identification:_identify(log) by extension 'ignore'
[0.308s] Level 1:colcon.colcon_core.package_identification:_identify(log) ignored
[0.308s] Level 1:colcon.colcon_core.package_discovery:discover_packages(recursive) using defaults
[0.308s] Level 1:colcon.colcon_core.package_discovery:discover_packages(ignore) discover
[0.308s] Level 1:colcon.colcon_core.package_discovery:discover_packages(ignore) using defaults
[0.308s] Level 1:colcon.colcon_core.package_discovery:discover_packages(path) discover
[0.308s] Level 1:colcon.colcon_core.package_discovery:discover_packages(path) using defaults
[0.328s] Level 5:colcon.colcon_core.verb:set package 'assessment_interfaces' build argument 'cmake_args' from command line to 'None'
[0.328s] Level 5:colcon.colcon_core.verb:set package 'assessment_interfaces' build argument 'cmake_target' from command line to 'None'
[0.329s] Level 5:colcon.colcon_core.verb:set package 'assessment_interfaces' build argument 'cmake_target_skip_unavailable' from command line to 'False'
[0.329s] Level 5:colcon.colcon_core.verb:set package 'assessment_interfaces' build argument 'cmake_clean_cache' from command line to 'False'
[0.329s] Level 5:colcon.colcon_core.verb:set package 'assessment_interfaces' build argument 'cmake_clean_first' from command line to 'False'
[0.329s] Level 5:colcon.colcon_core.verb:set package 'assessment_interfaces' build argument 'cmake_force_configure' from command line to 'False'
[0.329s] Level 5:colcon.colcon_core.verb:set package 'assessment_interfaces' build argument 'ament_cmake_args' from command line to 'None'
[0.329s] Level 5:colcon.colcon_core.verb:set package 'assessment_interfaces' build argument 'catkin_cmake_args' from command line to 'None'
[0.329s] Level 5:colcon.colcon_core.verb:set package 'assessment_interfaces' build argument 'catkin_skip_building_tests' from command line to 'False'
[0.329s] DEBUG:colcon.colcon_core.verb:Building package 'assessment_interfaces' with the following arguments: {'ament_cmake_args': None, 'build_base': '/workspace/build/assessment_interfaces', 'catkin_cmake_args': None, 'catkin_skip_building_tests': False, 'cmake_args': None, 'cmake_clean_cache': False, 'cmake_clean_first': False, 'cmake_force_configure': False, 'cmake_target': None, 'cmake_target_skip_unavailable': False, 'install_base': '/workspace/install/assessment_interfaces', 'merge_install': False, 'path': '/workspace/AURO/assessment_interfaces', 'symlink_install': True, 'test_result_base': None}
[0.329s] Level 5:colcon.colcon_core.verb:set package 'auro_interfaces' build argument 'cmake_args' from command line to 'None'
[0.329s] Level 5:colcon.colcon_core.verb:set package 'auro_interfaces' build argument 'cmake_target' from command line to 'None'
[0.329s] Level 5:colcon.colcon_core.verb:set package 'auro_interfaces' build argument 'cmake_target_skip_unavailable' from command line to 'False'
[0.329s] Level 5:colcon.colcon_core.verb:set package 'auro_interfaces' build argument 'cmake_clean_cache' from command line to 'False'
[0.329s] Level 5:colcon.colcon_core.verb:set package 'auro_interfaces' build argument 'cmake_clean_first' from command line to 'False'
[0.329s] Level 5:colcon.colcon_core.verb:set package 'auro_interfaces' build argument 'cmake_force_configure' from command line to 'False'
[0.329s] Level 5:colcon.colcon_core.verb:set package 'auro_interfaces' build argument 'ament_cmake_args' from command line to 'None'
[0.329s] Level 5:colcon.colcon_core.verb:set package 'auro_interfaces' build argument 'catkin_cmake_args' from command line to 'None'
[0.329s] Level 5:colcon.colcon_core.verb:set package 'auro_interfaces' build argument 'catkin_skip_building_tests' from command line to 'False'
[0.329s] DEBUG:colcon.colcon_core.verb:Building package 'auro_interfaces' with the following arguments: {'ament_cmake_args': None, 'build_base': '/workspace/build/auro_interfaces', 'catkin_cmake_args': None, 'catkin_skip_building_tests': False, 'cmake_args': None, 'cmake_clean_cache': False, 'cmake_clean_first': False, 'cmake_force_configure': False, 'cmake_target': None, 'cmake_target_skip_unavailable': False, 'install_base': '/workspace/install/auro_interfaces', 'merge_install': False, 'path': '/workspace/AURO/auro_interfaces', 'symlink_install': True, 'test_result_base': None}
[0.330s] Level 5:colcon.colcon_core.verb:set package 'solution' build argument 'cmake_args' from command line to 'None'
[0.330s] Level 5:colcon.colcon_core.verb:set package 'solution' build argument 'cmake_target' from command line to 'None'
[0.330s] Level 5:colcon.colcon_core.verb:set package 'solution' build argument 'cmake_target_skip_unavailable' from command line to 'False'
[0.330s] Level 5:colcon.colcon_core.verb:set package 'solution' build argument 'cmake_clean_cache' from command line to 'False'
[0.330s] Level 5:colcon.colcon_core.verb:set package 'solution' build argument 'cmake_clean_first' from command line to 'False'
[0.330s] Level 5:colcon.colcon_core.verb:set package 'solution' build argument 'cmake_force_configure' from command line to 'False'
[0.330s] Level 5:colcon.colcon_core.verb:set package 'solution' build argument 'ament_cmake_args' from command line to 'None'
[0.330s] Level 5:colcon.colcon_core.verb:set package 'solution' build argument 'catkin_cmake_args' from command line to 'None'
[0.330s] Level 5:colcon.colcon_core.verb:set package 'solution' build argument 'catkin_skip_building_tests' from command line to 'False'
[0.330s] DEBUG:colcon.colcon_core.verb:Building package 'solution' with the following arguments: {'ament_cmake_args': None, 'build_base': '/workspace/build/solution', 'catkin_cmake_args': None, 'catkin_skip_building_tests': False, 'cmake_args': None, 'cmake_clean_cache': False, 'cmake_clean_first': False, 'cmake_force_configure': False, 'cmake_target': None, 'cmake_target_skip_unavailable': False, 'install_base': '/workspace/install/solution', 'merge_install': False, 'path': '/workspace/AURO/solution', 'symlink_install': True, 'test_result_base': None}
[0.330s] Level 5:colcon.colcon_core.verb:set package 'tf_relay' build argument 'cmake_args' from command line to 'None'
[0.330s] Level 5:colcon.colcon_core.verb:set package 'tf_relay' build argument 'cmake_target' from command line to 'None'
[0.330s] Level 5:colcon.colcon_core.verb:set package 'tf_relay' build argument 'cmake_target_skip_unavailable' from command line to 'False'
[0.330s] Level 5:colcon.colcon_core.verb:set package 'tf_relay' build argument 'cmake_clean_cache' from command line to 'False'
[0.330s] Level 5:colcon.colcon_core.verb:set package 'tf_relay' build argument 'cmake_clean_first' from command line to 'False'
[0.330s] Level 5:colcon.colcon_core.verb:set package 'tf_relay' build argument 'cmake_force_configure' from command line to 'False'
[0.330s] Level 5:colcon.colcon_core.verb:set package 'tf_relay' build argument 'ament_cmake_args' from command line to 'None'
[0.330s] Level 5:colcon.colcon_core.verb:set package 'tf_relay' build argument 'catkin_cmake_args' from command line to 'None'
[0.331s] Level 5:colcon.colcon_core.verb:set package 'tf_relay' build argument 'catkin_skip_building_tests' from command line to 'False'
[0.331s] DEBUG:colcon.colcon_core.verb:Building package 'tf_relay' with the following arguments: {'ament_cmake_args': None, 'build_base': '/workspace/build/tf_relay', 'catkin_cmake_args': None, 'catkin_skip_building_tests': False, 'cmake_args': None, 'cmake_clean_cache': False, 'cmake_clean_first': False, 'cmake_force_configure': False, 'cmake_target': None, 'cmake_target_skip_unavailable': False, 'install_base': '/workspace/install/tf_relay', 'merge_install': False, 'path': '/workspace/AURO/tf_relay', 'symlink_install': True, 'test_result_base': None}
[0.331s] Level 5:colcon.colcon_core.verb:set package 'assessment' build argument 'cmake_args' from command line to 'None'
[0.331s] Level 5:colcon.colcon_core.verb:set package 'assessment' build argument 'cmake_target' from command line to 'None'
[0.331s] Level 5:colcon.colcon_core.verb:set package 'assessment' build argument 'cmake_target_skip_unavailable' from command line to 'False'
[0.331s] Level 5:colcon.colcon_core.verb:set package 'assessment' build argument 'cmake_clean_cache' from command line to 'False'
[0.331s] Level 5:colcon.colcon_core.verb:set package 'assessment' build argument 'cmake_clean_first' from command line to 'False'
[0.331s] Level 5:colcon.colcon_core.verb:set package 'assessment' build argument 'cmake_force_configure' from command line to 'False'
[0.331s] Level 5:colcon.colcon_core.verb:set package 'assessment' build argument 'ament_cmake_args' from command line to 'None'
[0.331s] Level 5:colcon.colcon_core.verb:set package 'assessment' build argument 'catkin_cmake_args' from command line to 'None'
[0.331s] Level 5:colcon.colcon_core.verb:set package 'assessment' build argument 'catkin_skip_building_tests' from command line to 'False'
[0.331s] DEBUG:colcon.colcon_core.verb:Building package 'assessment' with the following arguments: {'ament_cmake_args': None, 'build_base': '/workspace/build/assessment', 'catkin_cmake_args': None, 'catkin_skip_building_tests': False, 'cmake_args': None, 'cmake_clean_cache': False, 'cmake_clean_first': False, 'cmake_force_configure': False, 'cmake_target': None, 'cmake_target_skip_unavailable': False, 'install_base': '/workspace/install/assessment', 'merge_install': False, 'path': '/workspace/AURO/assessment', 'symlink_install': True, 'test_result_base': None}
[0.331s] INFO:colcon.colcon_core.executor:Executing jobs using 'parallel' executor
[0.333s] DEBUG:colcon.colcon_parallel_executor.executor.parallel:run_until_complete
[0.333s] INFO:colcon.colcon_ros.task.ament_cmake.build:Building ROS package in '/workspace/AURO/auro_interfaces' with build type 'ament_cmake'
[0.333s] INFO:colcon.colcon_cmake.task.cmake.build:Building CMake package in '/workspace/AURO/auro_interfaces'
[0.336s] INFO:colcon.colcon_core.plugin_system:Skipping extension 'colcon_core.shell.bat': Not used on non-Windows systems
[0.336s] INFO:colcon.colcon_core.shell:Skip shell extension 'powershell' for command environment: Not usable outside of PowerShell
[0.336s] DEBUG:colcon.colcon_core.shell:Skip shell extension 'dsv' for command environment
[0.341s] INFO:colcon.colcon_ros.task.ament_cmake.build:Building ROS package in '/workspace/AURO/assessment_interfaces' with build type 'ament_cmake'
[0.341s] INFO:colcon.colcon_cmake.task.cmake.build:Building CMake package in '/workspace/AURO/assessment_interfaces'
[0.342s] INFO:colcon.colcon_core.shell:Skip shell extension 'powershell' for command environment: Not usable outside of PowerShell
[0.342s] DEBUG:colcon.colcon_core.shell:Skip shell extension 'dsv' for command environment
[0.347s] INFO:colcon.colcon_ros.task.ament_python.build:Building ROS package in '/workspace/AURO/solution' with build type 'ament_python'
[0.347s] Level 1:colcon.colcon_core.shell:create_environment_hook('solution', 'ament_prefix_path')
[0.348s] INFO:colcon.colcon_core.shell:Creating environment hook '/workspace/install/solution/share/solution/hook/ament_prefix_path.ps1'
[0.349s] INFO:colcon.colcon_core.shell:Creating environment descriptor '/workspace/install/solution/share/solution/hook/ament_prefix_path.dsv'
[0.349s] INFO:colcon.colcon_core.shell:Creating environment hook '/workspace/install/solution/share/solution/hook/ament_prefix_path.sh'
[0.350s] INFO:colcon.colcon_core.shell:Skip shell extension 'powershell' for command environment: Not usable outside of PowerShell
[0.350s] DEBUG:colcon.colcon_core.shell:Skip shell extension 'dsv' for command environment
[0.353s] INFO:colcon.colcon_ros.task.ament_python.build:Building ROS package in '/workspace/AURO/tf_relay' with build type 'ament_python'
[0.354s] Level 1:colcon.colcon_core.shell:create_environment_hook('tf_relay', 'ament_prefix_path')
[0.354s] INFO:colcon.colcon_core.shell:Creating environment hook '/workspace/install/tf_relay/share/tf_relay/hook/ament_prefix_path.ps1'
[0.354s] INFO:colcon.colcon_core.shell:Creating environment descriptor '/workspace/install/tf_relay/share/tf_relay/hook/ament_prefix_path.dsv'
[0.355s] INFO:colcon.colcon_core.shell:Creating environment hook '/workspace/install/tf_relay/share/tf_relay/hook/ament_prefix_path.sh'
[0.355s] INFO:colcon.colcon_core.shell:Skip shell extension 'powershell' for command environment: Not usable outside of PowerShell
[0.356s] DEBUG:colcon.colcon_core.shell:Skip shell extension 'dsv' for command environment
[0.365s] DEBUG:colcon.colcon_core.event_handler.log_command:Invoking command in '/workspace/build/auro_interfaces': CMAKE_PREFIX_PATH=/opt/ros/humble /usr/bin/cmake --build /workspace/build/auro_interfaces -- -j4 -l4
[0.370s] DEBUG:colcon.colcon_core.event_handler.log_command:Invoking command in '/workspace/build/assessment_interfaces': CMAKE_PREFIX_PATH=/opt/ros/humble /usr/bin/cmake --build /workspace/build/assessment_interfaces -- -j4 -l4
[1.102s] INFO:colcon.colcon_core.task.python.build:Building Python package in '/workspace/AURO/solution'
[1.102s] INFO:colcon.colcon_core.shell:Skip shell extension 'powershell' for command environment: Not usable outside of PowerShell
[1.103s] DEBUG:colcon.colcon_core.shell:Skip shell extension 'dsv' for command environment
[1.433s] INFO:colcon.colcon_core.task.python.build:Building Python package in '/workspace/AURO/tf_relay'
[1.433s] INFO:colcon.colcon_core.shell:Skip shell extension 'powershell' for command environment: Not usable outside of PowerShell
[1.433s] DEBUG:colcon.colcon_core.shell:Skip shell extension 'dsv' for command environment
[1.443s] DEBUG:colcon.colcon_core.event_handler.log_command:Invoked command in '/workspace/build/assessment_interfaces' returned '0': CMAKE_PREFIX_PATH=/opt/ros/humble /usr/bin/cmake --build /workspace/build/assessment_interfaces -- -j4 -l4
[1.445s] DEBUG:colcon.colcon_core.event_handler.log_command:Invoked command in '/workspace/build/auro_interfaces' returned '0': CMAKE_PREFIX_PATH=/opt/ros/humble /usr/bin/cmake --build /workspace/build/auro_interfaces -- -j4 -l4
[1.719s] DEBUG:colcon.colcon_core.event_handler.log_command:Invoking command in '/workspace/build/auro_interfaces': CMAKE_PREFIX_PATH=/opt/ros/humble /usr/bin/cmake --install /workspace/build/auro_interfaces
[1.898s] Level 1:colcon.colcon_core.environment:create_environment_scripts_only(auro_interfaces)
[1.899s] DEBUG:colcon.colcon_core.event_handler.log_command:Invoking command in '/workspace/build/assessment_interfaces': CMAKE_PREFIX_PATH=/opt/ros/humble /usr/bin/cmake --install /workspace/build/assessment_interfaces
[1.901s] DEBUG:colcon.colcon_core.event_handler.log_command:Invoked command in '/workspace/build/auro_interfaces' returned '0': CMAKE_PREFIX_PATH=/opt/ros/humble /usr/bin/cmake --install /workspace/build/auro_interfaces
[1.909s] Level 1:colcon.colcon_core.environment:checking '/workspace/install/auro_interfaces' for CMake module files
[1.910s] Level 1:colcon.colcon_core.environment:checking '/workspace/install/auro_interfaces' for CMake config files
[1.911s] Level 1:colcon.colcon_core.shell:create_environment_hook('auro_interfaces', 'cmake_prefix_path')
[1.912s] INFO:colcon.colcon_core.shell:Creating environment hook '/workspace/install/auro_interfaces/share/auro_interfaces/hook/cmake_prefix_path.ps1'
[1.914s] INFO:colcon.colcon_core.shell:Creating environment descriptor '/workspace/install/auro_interfaces/share/auro_interfaces/hook/cmake_prefix_path.dsv'
[1.916s] INFO:colcon.colcon_core.shell:Creating environment hook '/workspace/install/auro_interfaces/share/auro_interfaces/hook/cmake_prefix_path.sh'
[1.920s] Level 1:colcon.colcon_core.environment:checking '/workspace/install/auro_interfaces/lib'
[1.921s] Level 1:colcon.colcon_core.shell:create_environment_hook('auro_interfaces', 'ld_library_path_lib')
[1.921s] INFO:colcon.colcon_core.shell:Creating environment hook '/workspace/install/auro_interfaces/share/auro_interfaces/hook/ld_library_path_lib.ps1'
[1.923s] INFO:colcon.colcon_core.shell:Creating environment descriptor '/workspace/install/auro_interfaces/share/auro_interfaces/hook/ld_library_path_lib.dsv'
[1.924s] INFO:colcon.colcon_core.shell:Creating environment hook '/workspace/install/auro_interfaces/share/auro_interfaces/hook/ld_library_path_lib.sh'
[1.926s] Level 1:colcon.colcon_core.environment:checking '/workspace/install/auro_interfaces/bin'
[1.926s] Level 1:colcon.colcon_core.environment:checking '/workspace/install/auro_interfaces/lib/pkgconfig/auro_interfaces.pc'
[1.929s] Level 1:colcon.colcon_core.environment:checking '/workspace/install/auro_interfaces/lib/python3.10/site-packages'
[1.930s] Level 1:colcon.colcon_core.environment:checking '/workspace/install/auro_interfaces/bin'
[1.932s] INFO:colcon.colcon_core.shell:Creating package script '/workspace/install/auro_interfaces/share/auro_interfaces/package.ps1'
[1.935s] INFO:colcon.colcon_core.shell:Creating package descriptor '/workspace/install/auro_interfaces/share/auro_interfaces/package.dsv'
[1.941s] INFO:colcon.colcon_core.shell:Creating package script '/workspace/install/auro_interfaces/share/auro_interfaces/package.sh'
[1.949s] INFO:colcon.colcon_core.shell:Creating package script '/workspace/install/auro_interfaces/share/auro_interfaces/package.bash'
[1.958s] INFO:colcon.colcon_core.shell:Creating package script '/workspace/install/auro_interfaces/share/auro_interfaces/package.zsh'
[1.962s] Level 1:colcon.colcon_core.environment:create_file_with_runtime_dependencies(/workspace/install/auro_interfaces/share/colcon-core/packages/auro_interfaces)
[2.169s] Level 1:colcon.colcon_core.environment:create_environment_scripts_only(assessment_interfaces)
[2.170s] Level 1:colcon.colcon_core.environment:checking '/workspace/install/assessment_interfaces' for CMake module files
[2.169s] DEBUG:colcon.colcon_core.event_handler.log_command:Invoked command in '/workspace/build/assessment_interfaces' returned '0': CMAKE_PREFIX_PATH=/opt/ros/humble /usr/bin/cmake --install /workspace/build/assessment_interfaces
[2.171s] Level 1:colcon.colcon_core.environment:checking '/workspace/install/assessment_interfaces' for CMake config files
[2.172s] Level 1:colcon.colcon_core.shell:create_environment_hook('assessment_interfaces', 'cmake_prefix_path')
[2.173s] INFO:colcon.colcon_core.shell:Creating environment hook '/workspace/install/assessment_interfaces/share/assessment_interfaces/hook/cmake_prefix_path.ps1'
[2.173s] INFO:colcon.colcon_core.shell:Creating environment descriptor '/workspace/install/assessment_interfaces/share/assessment_interfaces/hook/cmake_prefix_path.dsv'
[2.174s] INFO:colcon.colcon_core.shell:Creating environment hook '/workspace/install/assessment_interfaces/share/assessment_interfaces/hook/cmake_prefix_path.sh'
[2.175s] Level 1:colcon.colcon_core.environment:checking '/workspace/install/assessment_interfaces/lib'
[2.175s] Level 1:colcon.colcon_core.shell:create_environment_hook('assessment_interfaces', 'ld_library_path_lib')
[2.176s] INFO:colcon.colcon_core.shell:Creating environment hook '/workspace/install/assessment_interfaces/share/assessment_interfaces/hook/ld_library_path_lib.ps1'
[2.177s] INFO:colcon.colcon_core.shell:Creating environment descriptor '/workspace/install/assessment_interfaces/share/assessment_interfaces/hook/ld_library_path_lib.dsv'
[2.177s] INFO:colcon.colcon_core.shell:Creating environment hook '/workspace/install/assessment_interfaces/share/assessment_interfaces/hook/ld_library_path_lib.sh'
[2.178s] Level 1:colcon.colcon_core.environment:checking '/workspace/install/assessment_interfaces/bin'
[2.178s] Level 1:colcon.colcon_core.environment:checking '/workspace/install/assessment_interfaces/lib/pkgconfig/assessment_interfaces.pc'
[2.179s] Level 1:colcon.colcon_core.environment:checking '/workspace/install/assessment_interfaces/lib/python3.10/site-packages'
[2.179s] Level 1:colcon.colcon_core.environment:checking '/workspace/install/assessment_interfaces/bin'
[2.180s] INFO:colcon.colcon_core.shell:Creating package script '/workspace/install/assessment_interfaces/share/assessment_interfaces/package.ps1'
[2.181s] INFO:colcon.colcon_core.shell:Creating package descriptor '/workspace/install/assessment_interfaces/share/assessment_interfaces/package.dsv'
[2.182s] INFO:colcon.colcon_core.shell:Creating package script '/workspace/install/assessment_interfaces/share/assessment_interfaces/package.sh'
[2.183s] INFO:colcon.colcon_core.shell:Creating package script '/workspace/install/assessment_interfaces/share/assessment_interfaces/package.bash'
[2.184s] INFO:colcon.colcon_core.shell:Creating package script '/workspace/install/assessment_interfaces/share/assessment_interfaces/package.zsh'
[2.184s] Level 1:colcon.colcon_core.environment:create_file_with_runtime_dependencies(/workspace/install/assessment_interfaces/share/colcon-core/packages/assessment_interfaces)
[2.189s] DEBUG:colcon.colcon_core.event_handler.log_command:Invoking command in '/workspace/build/tf_relay': PYTHONPATH=/workspace/build/tf_relay/prefix_override:/usr/lib/python3/dist-packages/colcon_core/task/python/colcon_distutils_commands:/workspace/install/tf_relay/lib/python3.10/site-packages:${PYTHONPATH} /usr/bin/python3 -W ignore:setup.py install is deprecated setup.py develop --editable --build-directory /workspace/build/tf_relay/build --no-deps symlink_data
[2.237s] DEBUG:colcon.colcon_core.event_handler.log_command:Invoking command in '/workspace/build/solution': PYTHONPATH=/workspace/build/solution/prefix_override:/usr/lib/python3/dist-packages/colcon_core/task/python/colcon_distutils_commands:/workspace/install/solution/lib/python3.10/site-packages:${PYTHONPATH} /usr/bin/python3 -W ignore:setup.py install is deprecated setup.py develop --editable --build-directory /workspace/build/solution/build --no-deps symlink_data
[2.338s] Level 1:colcon.colcon_core.environment:create_environment_scripts_only(auro_interfaces)
[2.341s] Level 1:colcon.colcon_core.environment:checking '/workspace/install/auro_interfaces' for CMake module files
[2.343s] Level 1:colcon.colcon_core.environment:checking '/workspace/install/auro_interfaces' for CMake config files
[2.344s] Level 1:colcon.colcon_core.shell:create_environment_hook('auro_interfaces', 'cmake_prefix_path')
[2.344s] INFO:colcon.colcon_core.shell:Creating environment hook '/workspace/install/auro_interfaces/share/auro_interfaces/hook/cmake_prefix_path.ps1'
[2.346s] INFO:colcon.colcon_core.shell:Creating environment descriptor '/workspace/install/auro_interfaces/share/auro_interfaces/hook/cmake_prefix_path.dsv'
[2.348s] INFO:colcon.colcon_core.shell:Creating environment hook '/workspace/install/auro_interfaces/share/auro_interfaces/hook/cmake_prefix_path.sh'
[2.351s] Level 1:colcon.colcon_core.environment:checking '/workspace/install/auro_interfaces/lib'
[2.352s] Level 1:colcon.colcon_core.shell:create_environment_hook('auro_interfaces', 'ld_library_path_lib')
[2.352s] INFO:colcon.colcon_core.shell:Creating environment hook '/workspace/install/auro_interfaces/share/auro_interfaces/hook/ld_library_path_lib.ps1'
[2.354s] INFO:colcon.colcon_core.shell:Creating environment descriptor '/workspace/install/auro_interfaces/share/auro_interfaces/hook/ld_library_path_lib.dsv'
[2.356s] INFO:colcon.colcon_core.shell:Creating environment hook '/workspace/install/auro_interfaces/share/auro_interfaces/hook/ld_library_path_lib.sh'
[2.359s] Level 1:colcon.colcon_core.environment:checking '/workspace/install/auro_interfaces/bin'
[2.360s] Level 1:colcon.colcon_core.environment:checking '/workspace/install/auro_interfaces/lib/pkgconfig/auro_interfaces.pc'
[2.360s] Level 1:colcon.colcon_core.environment:checking '/workspace/install/auro_interfaces/lib/python3.10/site-packages'
[2.361s] Level 1:colcon.colcon_core.environment:checking '/workspace/install/auro_interfaces/bin'
[2.362s] INFO:colcon.colcon_core.shell:Creating package script '/workspace/install/auro_interfaces/share/auro_interfaces/package.ps1'
[2.364s] INFO:colcon.colcon_core.shell:Creating package descriptor '/workspace/install/auro_interfaces/share/auro_interfaces/package.dsv'
[2.366s] INFO:colcon.colcon_core.shell:Creating package script '/workspace/install/auro_interfaces/share/auro_interfaces/package.sh'
[2.367s] INFO:colcon.colcon_core.shell:Creating package script '/workspace/install/auro_interfaces/share/auro_interfaces/package.bash'
[2.369s] INFO:colcon.colcon_core.shell:Creating package script '/workspace/install/auro_interfaces/share/auro_interfaces/package.zsh'
[2.370s] Level 1:colcon.colcon_core.environment:create_file_with_runtime_dependencies(/workspace/install/auro_interfaces/share/colcon-core/packages/auro_interfaces)
[2.372s] INFO:colcon.colcon_ros.task.ament_python.build:Building ROS package in '/workspace/AURO/assessment' with build type 'ament_python'
[2.373s] Level 1:colcon.colcon_core.shell:create_environment_hook('assessment', 'ament_prefix_path')
[2.374s] INFO:colcon.colcon_core.shell:Creating environment hook '/workspace/install/assessment/share/assessment/hook/ament_prefix_path.ps1'
[2.376s] INFO:colcon.colcon_core.shell:Creating environment descriptor '/workspace/install/assessment/share/assessment/hook/ament_prefix_path.dsv'
[2.378s] INFO:colcon.colcon_core.shell:Creating environment hook '/workspace/install/assessment/share/assessment/hook/ament_prefix_path.sh'
[2.380s] INFO:colcon.colcon_core.shell:Skip shell extension 'powershell' for command environment: Not usable outside of PowerShell
[2.380s] DEBUG:colcon.colcon_core.shell:Skip shell extension 'dsv' for command environment
[2.972s] INFO:colcon.colcon_core.task.python.build:Building Python package in '/workspace/AURO/assessment'
[2.972s] INFO:colcon.colcon_core.shell:Skip shell extension 'powershell' for command environment: Not usable outside of PowerShell
[2.972s] DEBUG:colcon.colcon_core.shell:Skip shell extension 'dsv' for command environment
[2.979s] Level 1:colcon.colcon_core.environment:create_environment_scripts_only(assessment_interfaces)
[2.980s] Level 1:colcon.colcon_core.environment:checking '/workspace/install/assessment_interfaces' for CMake module files
[2.982s] Level 1:colcon.colcon_core.environment:checking '/workspace/install/assessment_interfaces' for CMake config files
[2.983s] Level 1:colcon.colcon_core.shell:create_environment_hook('assessment_interfaces', 'cmake_prefix_path')
[2.984s] INFO:colcon.colcon_core.shell:Creating environment hook '/workspace/install/assessment_interfaces/share/assessment_interfaces/hook/cmake_prefix_path.ps1'
[2.985s] INFO:colcon.colcon_core.shell:Creating environment descriptor '/workspace/install/assessment_interfaces/share/assessment_interfaces/hook/cmake_prefix_path.dsv'
[2.985s] INFO:colcon.colcon_core.shell:Creating environment hook '/workspace/install/assessment_interfaces/share/assessment_interfaces/hook/cmake_prefix_path.sh'
[2.986s] Level 1:colcon.colcon_core.environment:checking '/workspace/install/assessment_interfaces/lib'
[2.986s] Level 1:colcon.colcon_core.shell:create_environment_hook('assessment_interfaces', 'ld_library_path_lib')
[2.987s] INFO:colcon.colcon_core.shell:Creating environment hook '/workspace/install/assessment_interfaces/share/assessment_interfaces/hook/ld_library_path_lib.ps1'
[2.987s] INFO:colcon.colcon_core.shell:Creating environment descriptor '/workspace/install/assessment_interfaces/share/assessment_interfaces/hook/ld_library_path_lib.dsv'
[2.988s] INFO:colcon.colcon_core.shell:Creating environment hook '/workspace/install/assessment_interfaces/share/assessment_interfaces/hook/ld_library_path_lib.sh'
[2.989s] Level 1:colcon.colcon_core.environment:checking '/workspace/install/assessment_interfaces/bin'
[2.989s] Level 1:colcon.colcon_core.environment:checking '/workspace/install/assessment_interfaces/lib/pkgconfig/assessment_interfaces.pc'
[2.989s] Level 1:colcon.colcon_core.environment:checking '/workspace/install/assessment_interfaces/lib/python3.10/site-packages'
[2.990s] Level 1:colcon.colcon_core.environment:checking '/workspace/install/assessment_interfaces/bin'
[2.991s] INFO:colcon.colcon_core.shell:Creating package script '/workspace/install/assessment_interfaces/share/assessment_interfaces/package.ps1'
[2.992s] INFO:colcon.colcon_core.shell:Creating package descriptor '/workspace/install/assessment_interfaces/share/assessment_interfaces/package.dsv'
[2.993s] INFO:colcon.colcon_core.shell:Creating package script '/workspace/install/assessment_interfaces/share/assessment_interfaces/package.sh'
[2.994s] INFO:colcon.colcon_core.shell:Creating package script '/workspace/install/assessment_interfaces/share/assessment_interfaces/package.bash'
[2.995s] INFO:colcon.colcon_core.shell:Creating package script '/workspace/install/assessment_interfaces/share/assessment_interfaces/package.zsh'
[2.996s] Level 1:colcon.colcon_core.environment:create_file_with_runtime_dependencies(/workspace/install/assessment_interfaces/share/colcon-core/packages/assessment_interfaces)
[3.088s] Level 1:colcon.colcon_core.shell:create_environment_hook('solution', 'pythonpath_develop')
[3.089s] DEBUG:colcon.colcon_core.event_handler.log_command:Invoked command in '/workspace/build/solution' returned '0': PYTHONPATH=/workspace/build/solution/prefix_override:/usr/lib/python3/dist-packages/colcon_core/task/python/colcon_distutils_commands:/workspace/install/solution/lib/python3.10/site-packages:${PYTHONPATH} /usr/bin/python3 -W ignore:setup.py install is deprecated setup.py develop --editable --build-directory /workspace/build/solution/build --no-deps symlink_data
[3.090s] INFO:colcon.colcon_core.shell:Creating environment hook '/workspace/build/solution/share/solution/hook/pythonpath_develop.ps1'
[3.091s] INFO:colcon.colcon_core.shell:Creating environment descriptor '/workspace/build/solution/share/solution/hook/pythonpath_develop.dsv'
[3.091s] INFO:colcon.colcon_core.shell:Creating environment hook '/workspace/build/solution/share/solution/hook/pythonpath_develop.sh'
[3.093s] Level 1:colcon.colcon_core.environment:checking '/workspace/install/solution' for CMake module files
[3.094s] Level 1:colcon.colcon_core.environment:checking '/workspace/install/solution' for CMake config files
[3.095s] Level 1:colcon.colcon_core.environment:checking '/workspace/install/solution/lib'
[3.095s] Level 1:colcon.colcon_core.environment:checking '/workspace/install/solution/bin'
[3.095s] Level 1:colcon.colcon_core.environment:checking '/workspace/install/solution/lib/pkgconfig/solution.pc'
[3.096s] Level 1:colcon.colcon_core.environment:checking '/workspace/install/solution/lib/python3.10/site-packages'
[3.096s] Level 1:colcon.colcon_core.shell:create_environment_hook('solution', 'pythonpath')
[3.097s] INFO:colcon.colcon_core.shell:Creating environment hook '/workspace/install/solution/share/solution/hook/pythonpath.ps1'
[3.098s] INFO:colcon.colcon_core.shell:Creating environment descriptor '/workspace/install/solution/share/solution/hook/pythonpath.dsv'
[3.098s] INFO:colcon.colcon_core.shell:Creating environment hook '/workspace/install/solution/share/solution/hook/pythonpath.sh'
[3.100s] Level 1:colcon.colcon_core.environment:checking '/workspace/install/solution/bin'
[3.100s] Level 1:colcon.colcon_core.environment:create_environment_scripts_only(solution)
[3.100s] INFO:colcon.colcon_core.shell:Creating package script '/workspace/install/solution/share/solution/package.ps1'
[3.102s] INFO:colcon.colcon_core.shell:Creating package descriptor '/workspace/install/solution/share/solution/package.dsv'
[3.103s] INFO:colcon.colcon_core.shell:Creating package script '/workspace/install/solution/share/solution/package.sh'
[3.104s] INFO:colcon.colcon_core.shell:Creating package script '/workspace/install/solution/share/solution/package.bash'
[3.105s] INFO:colcon.colcon_core.shell:Creating package script '/workspace/install/solution/share/solution/package.zsh'
[3.105s] Level 1:colcon.colcon_core.environment:create_file_with_runtime_dependencies(/workspace/install/solution/share/colcon-core/packages/solution)
[3.192s] Level 1:colcon.colcon_core.shell:create_environment_hook('tf_relay', 'pythonpath_develop')
[3.193s] INFO:colcon.colcon_core.shell:Creating environment hook '/workspace/build/tf_relay/share/tf_relay/hook/pythonpath_develop.ps1'
[3.193s] DEBUG:colcon.colcon_core.event_handler.log_command:Invoked command in '/workspace/build/tf_relay' returned '0': PYTHONPATH=/workspace/build/tf_relay/prefix_override:/usr/lib/python3/dist-packages/colcon_core/task/python/colcon_distutils_commands:/workspace/install/tf_relay/lib/python3.10/site-packages:${PYTHONPATH} /usr/bin/python3 -W ignore:setup.py install is deprecated setup.py develop --editable --build-directory /workspace/build/tf_relay/build --no-deps symlink_data
[3.194s] INFO:colcon.colcon_core.shell:Creating environment descriptor '/workspace/build/tf_relay/share/tf_relay/hook/pythonpath_develop.dsv'
[3.194s] INFO:colcon.colcon_core.shell:Creating environment hook '/workspace/build/tf_relay/share/tf_relay/hook/pythonpath_develop.sh'
[3.196s] Level 1:colcon.colcon_core.environment:checking '/workspace/install/tf_relay' for CMake module files
[3.197s] Level 1:colcon.colcon_core.environment:checking '/workspace/install/tf_relay' for CMake config files
[3.198s] Level 1:colcon.colcon_core.environment:checking '/workspace/install/tf_relay/lib'
[3.198s] Level 1:colcon.colcon_core.environment:checking '/workspace/install/tf_relay/bin'
[3.198s] Level 1:colcon.colcon_core.environment:checking '/workspace/install/tf_relay/lib/pkgconfig/tf_relay.pc'
[3.199s] Level 1:colcon.colcon_core.environment:checking '/workspace/install/tf_relay/lib/python3.10/site-packages'
[3.199s] Level 1:colcon.colcon_core.shell:create_environment_hook('tf_relay', 'pythonpath')
[3.200s] INFO:colcon.colcon_core.shell:Creating environment hook '/workspace/install/tf_relay/share/tf_relay/hook/pythonpath.ps1'
[3.200s] INFO:colcon.colcon_core.shell:Creating environment descriptor '/workspace/install/tf_relay/share/tf_relay/hook/pythonpath.dsv'
[3.201s] INFO:colcon.colcon_core.shell:Creating environment hook '/workspace/install/tf_relay/share/tf_relay/hook/pythonpath.sh'
[3.202s] Level 1:colcon.colcon_core.environment:checking '/workspace/install/tf_relay/bin'
[3.202s] Level 1:colcon.colcon_core.environment:create_environment_scripts_only(tf_relay)
[3.204s] INFO:colcon.colcon_core.shell:Creating package script '/workspace/install/tf_relay/share/tf_relay/package.ps1'
[3.205s] INFO:colcon.colcon_core.shell:Creating package descriptor '/workspace/install/tf_relay/share/tf_relay/package.dsv'
[3.206s] INFO:colcon.colcon_core.shell:Creating package script '/workspace/install/tf_relay/share/tf_relay/package.sh'
[3.207s] INFO:colcon.colcon_core.shell:Creating package script '/workspace/install/tf_relay/share/tf_relay/package.bash'
[3.208s] INFO:colcon.colcon_core.shell:Creating package script '/workspace/install/tf_relay/share/tf_relay/package.zsh'
[3.208s] Level 1:colcon.colcon_core.environment:create_file_with_runtime_dependencies(/workspace/install/tf_relay/share/colcon-core/packages/tf_relay)
[3.597s] DEBUG:colcon.colcon_core.event_handler.log_command:Invoking command in '/workspace/build/assessment': AMENT_PREFIX_PATH=/workspace/install/auro_interfaces:${AMENT_PREFIX_PATH} CMAKE_PREFIX_PATH=/workspace/install/auro_interfaces LD_LIBRARY_PATH=/workspace/install/auro_interfaces/lib:/opt/ros/humble/opt/rviz_ogre_vendor/lib:/opt/ros/humble/lib/x86_64-linux-gnu:/opt/ros/humble/lib:/usr/lib/x86_64-linux-gnu/gazebo-11/plugins PYTHONPATH=/workspace/build/assessment/prefix_override:/usr/lib/python3/dist-packages/colcon_core/task/python/colcon_distutils_commands:/workspace/install/assessment/lib/python3.10/site-packages:/workspace/install/auro_interfaces/local/lib/python3.10/dist-packages:${PYTHONPATH} /usr/bin/python3 -W ignore:setup.py install is deprecated setup.py develop --editable --build-directory /workspace/build/assessment/build --no-deps symlink_data
[4.175s] Level 1:colcon.colcon_core.shell:create_environment_hook('assessment', 'pythonpath_develop')
[4.175s] INFO:colcon.colcon_core.shell:Creating environment hook '/workspace/build/assessment/share/assessment/hook/pythonpath_develop.ps1'
[4.176s] DEBUG:colcon.colcon_core.event_handler.log_command:Invoked command in '/workspace/build/assessment' returned '0': AMENT_PREFIX_PATH=/workspace/install/auro_interfaces:${AMENT_PREFIX_PATH} CMAKE_PREFIX_PATH=/workspace/install/auro_interfaces LD_LIBRARY_PATH=/workspace/install/auro_interfaces/lib:/opt/ros/humble/opt/rviz_ogre_vendor/lib:/opt/ros/humble/lib/x86_64-linux-gnu:/opt/ros/humble/lib:/usr/lib/x86_64-linux-gnu/gazebo-11/plugins PYTHONPATH=/workspace/build/assessment/prefix_override:/usr/lib/python3/dist-packages/colcon_core/task/python/colcon_distutils_commands:/workspace/install/assessment/lib/python3.10/site-packages:/workspace/install/auro_interfaces/local/lib/python3.10/dist-packages:${PYTHONPATH} /usr/bin/python3 -W ignore:setup.py install is deprecated setup.py develop --editable --build-directory /workspace/build/assessment/build --no-deps symlink_data
[4.176s] INFO:colcon.colcon_core.shell:Creating environment descriptor '/workspace/build/assessment/share/assessment/hook/pythonpath_develop.dsv'
[4.177s] INFO:colcon.colcon_core.shell:Creating environment hook '/workspace/build/assessment/share/assessment/hook/pythonpath_develop.sh'
[4.177s] Level 1:colcon.colcon_core.environment:checking '/workspace/install/assessment' for CMake module files
[4.178s] Level 1:colcon.colcon_core.environment:checking '/workspace/install/assessment' for CMake config files
[4.179s] Level 1:colcon.colcon_core.environment:checking '/workspace/install/assessment/lib'
[4.179s] Level 1:colcon.colcon_core.environment:checking '/workspace/install/assessment/bin'
[4.179s] Level 1:colcon.colcon_core.environment:checking '/workspace/install/assessment/lib/pkgconfig/assessment.pc'
[4.180s] Level 1:colcon.colcon_core.environment:checking '/workspace/install/assessment/lib/python3.10/site-packages'
[4.180s] Level 1:colcon.colcon_core.shell:create_environment_hook('assessment', 'pythonpath')
[4.180s] INFO:colcon.colcon_core.shell:Creating environment hook '/workspace/install/assessment/share/assessment/hook/pythonpath.ps1'
[4.180s] INFO:colcon.colcon_core.shell:Creating environment descriptor '/workspace/install/assessment/share/assessment/hook/pythonpath.dsv'
[4.181s] INFO:colcon.colcon_core.shell:Creating environment hook '/workspace/install/assessment/share/assessment/hook/pythonpath.sh'
[4.181s] Level 1:colcon.colcon_core.environment:checking '/workspace/install/assessment/bin'
[4.182s] Level 1:colcon.colcon_core.environment:create_environment_scripts_only(assessment)
[4.182s] INFO:colcon.colcon_core.shell:Creating package script '/workspace/install/assessment/share/assessment/package.ps1'
[4.183s] INFO:colcon.colcon_core.shell:Creating package descriptor '/workspace/install/assessment/share/assessment/package.dsv'
[4.183s] INFO:colcon.colcon_core.shell:Creating package script '/workspace/install/assessment/share/assessment/package.sh'
[4.184s] INFO:colcon.colcon_core.shell:Creating package script '/workspace/install/assessment/share/assessment/package.bash'
[4.184s] INFO:colcon.colcon_core.shell:Creating package script '/workspace/install/assessment/share/assessment/package.zsh'
[4.185s] Level 1:colcon.colcon_core.environment:create_file_with_runtime_dependencies(/workspace/install/assessment/share/colcon-core/packages/assessment)
[4.185s] DEBUG:colcon.colcon_parallel_executor.executor.parallel:closing loop
[4.185s] DEBUG:colcon.colcon_parallel_executor.executor.parallel:loop closed
[4.186s] DEBUG:colcon.colcon_parallel_executor.executor.parallel:run_until_complete finished with '0'
[4.186s] DEBUG:colcon.colcon_core.event_reactor:joining thread
[4.195s] INFO:colcon.colcon_core.plugin_system:Skipping extension 'colcon_notification.desktop_notification.notify_send': Could not find 'notify-send'
[4.195s] INFO:colcon.colcon_core.plugin_system:Skipping extension 'colcon_notification.desktop_notification.terminal_notifier': Not used on non-Darwin systems
[4.195s] INFO:colcon.colcon_core.plugin_system:Skipping extension 'colcon_notification.desktop_notification.win32': Not used on non-Windows systems
[4.195s] INFO:colcon.colcon_notification.desktop_notification:Sending desktop notification using 'notify2'
[4.199s] DEBUG:colcon.colcon_notification.desktop_notification.notify2:Failed to initialize notify2: org.freedesktop.DBus.Error.Spawn.ExecFailed: /usr/bin/dbus-launch terminated abnormally without any error message
[4.199s] DEBUG:colcon.colcon_core.event_reactor:joined thread
[4.200s] INFO:colcon.colcon_core.shell:Creating prefix script '/workspace/install/local_setup.ps1'
[4.202s] INFO:colcon.colcon_core.shell:Creating prefix util module '/workspace/install/_local_setup_util_ps1.py'
[4.204s] INFO:colcon.colcon_core.shell:Creating prefix chain script '/workspace/install/setup.ps1'
[4.205s] INFO:colcon.colcon_core.shell:Creating prefix script '/workspace/install/local_setup.sh'
[4.206s] INFO:colcon.colcon_core.shell:Creating prefix util module '/workspace/install/_local_setup_util_sh.py'
[4.206s] INFO:colcon.colcon_core.shell:Creating prefix chain script '/workspace/install/setup.sh'
[4.208s] INFO:colcon.colcon_core.shell:Creating prefix script '/workspace/install/local_setup.bash'
[4.208s] INFO:colcon.colcon_core.shell:Creating prefix chain script '/workspace/install/setup.bash'
[4.210s] INFO:colcon.colcon_core.shell:Creating prefix script '/workspace/install/local_setup.zsh'
[4.210s] INFO:colcon.colcon_core.shell:Creating prefix chain script '/workspace/install/setup.zsh'
