[3.750s] Invoking command in '/workspace/build/assessment': AMENT_PREFIX_PATH=/workspace/install/auro_interfaces:${AMENT_PREFIX_PATH} CMAKE_PREFIX_PATH=/workspace/install/auro_interfaces LD_LIBRARY_PATH=/workspace/install/auro_interfaces/lib:/opt/ros/humble/opt/rviz_ogre_vendor/lib:/opt/ros/humble/lib/x86_64-linux-gnu:/opt/ros/humble/lib:/usr/lib/x86_64-linux-gnu/gazebo-11/plugins PYTHONPATH=/workspace/build/assessment/prefix_override:/usr/lib/python3/dist-packages/colcon_core/task/python/colcon_distutils_commands:/workspace/install/assessment/lib/python3.10/site-packages:/workspace/install/auro_interfaces/local/lib/python3.10/dist-packages:${PYTHONPATH} /usr/bin/python3 -W ignore:setup.py install is deprecated setup.py develop --editable --build-directory /workspace/build/assessment/build --no-deps symlink_data
[4.568s] running develop
[4.569s] /usr/lib/python3/dist-packages/setuptools/command/easy_install.py:158: EasyInstallDeprecationWarning: easy_install command is deprecated. Use build and pip and other standards-based tools.
[4.570s]   warnings.warn(
[4.922s] running egg_info
[4.923s] writing assessment.egg-info/PKG-INFO
[4.925s] writing dependency_links to assessment.egg-info/dependency_links.txt
[4.926s] writing entry points to assessment.egg-info/entry_points.txt
[4.928s] writing requirements to assessment.egg-info/requires.txt
[4.929s] writing top-level names to assessment.egg-info/top_level.txt
[4.935s] reading manifest file 'assessment.egg-info/SOURCES.txt'
[4.942s] writing manifest file 'assessment.egg-info/SOURCES.txt'
[4.944s] running build_ext
[4.944s] Creating /workspace/install/assessment/lib/python3.10/site-packages/assessment.egg-link (link to .)
[4.944s] Installing item_manager script to /workspace/install/assessment/lib/assessment
[4.945s] Installing item_sensor script to /workspace/install/assessment/lib/assessment
[4.945s] Installing robot_sensor script to /workspace/install/assessment/lib/assessment
[4.945s] Installing zone_sensor script to /workspace/install/assessment/lib/assessment
[4.945s] 
[4.945s] Installed /workspace/build/assessment
[4.945s] running symlink_data
[5.036s] Invoked command in '/workspace/build/assessment' returned '0': AMENT_PREFIX_PATH=/workspace/install/auro_interfaces:${AMENT_PREFIX_PATH} CMAKE_PREFIX_PATH=/workspace/install/auro_interfaces LD_LIBRARY_PATH=/workspace/install/auro_interfaces/lib:/opt/ros/humble/opt/rviz_ogre_vendor/lib:/opt/ros/humble/lib/x86_64-linux-gnu:/opt/ros/humble/lib:/usr/lib/x86_64-linux-gnu/gazebo-11/plugins PYTHONPATH=/workspace/build/assessment/prefix_override:/usr/lib/python3/dist-packages/colcon_core/task/python/colcon_distutils_commands:/workspace/install/assessment/lib/python3.10/site-packages:/workspace/install/auro_interfaces/local/lib/python3.10/dist-packages:${PYTHONPATH} /usr/bin/python3 -W ignore:setup.py install is deprecated setup.py develop --editable --build-directory /workspace/build/assessment/build --no-deps symlink_data
