[1.815s] Invoking command in '/workspace/build/week_1': PYTHONPATH=/workspace/build/week_1/prefix_override:/usr/lib/python3/dist-packages/colcon_core/task/python/colcon_distutils_commands:/workspace/install/week_1/lib/python3.10/site-packages:${PYTHONPATH} /usr/bin/python3 -W ignore:setup.py install is deprecated setup.py develop --editable --build-directory /workspace/build/week_1/build --no-deps symlink_data
[2.274s] running develop
[2.274s] /usr/lib/python3/dist-packages/setuptools/command/easy_install.py:158: EasyInstallDeprecationWarning: easy_install command is deprecated. Use build and pip and other standards-based tools.
[2.274s]   warnings.warn(
[2.559s] running egg_info
[2.560s] writing week_1.egg-info/PKG-INFO
[2.562s] writing dependency_links to week_1.egg-info/dependency_links.txt
[2.563s] writing entry points to week_1.egg-info/entry_points.txt
[2.563s] writing requirements to week_1.egg-info/requires.txt
[2.567s] writing top-level names to week_1.egg-info/top_level.txt
[2.567s] reading manifest file 'week_1.egg-info/SOURCES.txt'
[2.567s] writing manifest file 'week_1.egg-info/SOURCES.txt'
[2.572s] running build_ext
[2.574s] Creating /workspace/install/week_1/lib/python3.10/site-packages/week-1.egg-link (link to .)
[2.575s] Installing turtle_controller script to /workspace/install/week_1/lib/week_1
[2.576s] Installing turtle_listener script to /workspace/install/week_1/lib/week_1
[2.576s] 
[2.576s] Installed /workspace/build/week_1
[2.576s] running symlink_data
[2.651s] Invoked command in '/workspace/build/week_1' returned '0': PYTHONPATH=/workspace/build/week_1/prefix_override:/usr/lib/python3/dist-packages/colcon_core/task/python/colcon_distutils_commands:/workspace/install/week_1/lib/python3.10/site-packages:${PYTHONPATH} /usr/bin/python3 -W ignore:setup.py install is deprecated setup.py develop --editable --build-directory /workspace/build/week_1/build --no-deps symlink_data
