-- The C compiler identification is GNU 11.4.0
-- The CXX compiler identification is GNU 11.4.0
-- Detecting C compiler ABI info
-- Detecting C compiler ABI info - done
-- Check for working C compiler: /usr/bin/cc - skipped
-- Detecting C compile features
-- Detecting C compile features - done
-- Detecting CXX compiler ABI info
-- Detecting CXX compiler ABI info - done
-- Check for working CXX compiler: /usr/bin/c++ - skipped
-- Detecting CXX compile features
-- Detecting CXX compile features - done
-- Found ament_cmake: 1.3.10 (/opt/ros/humble/share/ament_cmake/cmake)
-- Found Python3: /usr/bin/python3 (found version "3.10.12") found components: Interpreter 
-- Override CMake install command with custom implementation using symlinks instead of copying resources
-- Found geometry_msgs: 4.2.4 (/opt/ros/humble/share/geometry_msgs/cmake)
-- Found rosidl_generator_c: 3.1.5 (/opt/ros/humble/share/rosidl_generator_c/cmake)
-- Found rosidl_adapter: 3.1.5 (/opt/ros/humble/share/rosidl_adapter/cmake)
-- Found rosidl_generator_cpp: 3.1.5 (/opt/ros/humble/share/rosidl_generator_cpp/cmake)
-- Using all available rosidl_typesupport_c: rosidl_typesupport_fastrtps_c;rosidl_typesupport_introspection_c
-- Using all available rosidl_typesupport_cpp: rosidl_typesupport_fastrtps_cpp;rosidl_typesupport_introspection_cpp
-- Found rosidl_default_generators: 1.2.0 (/opt/ros/humble/share/rosidl_default_generators/cmake)
-- Found ament_cmake_ros: 0.10.0 (/opt/ros/humble/share/ament_cmake_ros/cmake)
-- Using all available rosidl_typesupport_c: rosidl_typesupport_fastrtps_c;rosidl_typesupport_introspection_c
-- Using all available rosidl_typesupport_cpp: rosidl_typesupport_fastrtps_cpp;rosidl_typesupport_introspection_cpp
-- Found PythonInterp: /usr/bin/python3 (found suitable version "3.10.12", minimum required is "3.6") 
-- Found python_cmake_module: 0.10.0 (/opt/ros/humble/share/python_cmake_module/cmake)
-- Found PythonLibs: /usr/lib/x86_64-linux-gnu/libpython3.10.so (found suitable version "3.10.12", minimum required is "3.5") 
-- Using PYTHON_EXECUTABLE: /usr/bin/python3
-- Using PYTHON_INCLUDE_DIRS: /usr/include/python3.10
-- Using PYTHON_LIBRARIES: /usr/lib/x86_64-linux-gnu/libpython3.10.so
-- Found PythonExtra: .so  
-- Found ament_lint_auto: 0.12.11 (/opt/ros/humble/share/ament_lint_auto/cmake)
-- Added test 'lint_cmake' to check CMake code style
-- Added test 'xmllint' to check XML markup files
-- Configuring done
-- Generating done
-- Build files have been written to: /workspace/build/auro_interfaces
[  1%] [34m[1mGenerating C code for ROS interfaces[0m
[  3%] [34m[1mGenerating C++ code for ROS interfaces[0m
[  3%] Built target ament_cmake_python_symlink_auro_interfaces
running egg_info
creating auro_interfaces.egg-info
writing auro_interfaces.egg-info/PKG-INFO
writing dependency_links to auro_interfaces.egg-info/dependency_links.txt
writing top-level names to auro_interfaces.egg-info/top_level.txt
writing manifest file 'auro_interfaces.egg-info/SOURCES.txt'
reading manifest file 'auro_interfaces.egg-info/SOURCES.txt'
writing manifest file 'auro_interfaces.egg-info/SOURCES.txt'
[  3%] Built target ament_cmake_python_build_auro_interfaces_egg
[  4%] [32mBuilding C object CMakeFiles/auro_interfaces__rosidl_generator_c.dir/rosidl_generator_c/auro_interfaces/msg/detail/item__functions.c.o[0m
[  6%] [32mBuilding C object CMakeFiles/auro_interfaces__rosidl_generator_c.dir/rosidl_generator_c/auro_interfaces/msg/detail/string_with_pose__functions.c.o[0m
[  7%] [32mBuilding C object CMakeFiles/auro_interfaces__rosidl_generator_c.dir/rosidl_generator_c/auro_interfaces/msg/detail/item_list__functions.c.o[0m
[  9%] [32mBuilding C object CMakeFiles/auro_interfaces__rosidl_generator_c.dir/rosidl_generator_c/auro_interfaces/srv/detail/item_request__functions.c.o[0m
[ 11%] [32mBuilding C object CMakeFiles/auro_interfaces__rosidl_generator_c.dir/rosidl_generator_c/auro_interfaces/msg/detail/direction__functions.c.o[0m
[ 12%] [32m[1mLinking C shared library libauro_interfaces__rosidl_generator_c.so[0m
[ 12%] Built target auro_interfaces__rosidl_generator_c
[ 12%] Built target auro_interfaces__cpp
[ 14%] [34m[1mGenerating C type support for eProsima Fast-RTPS[0m
[ 15%] [34m[1mGenerating C introspection for ROS interfaces[0m
[ 17%] [34m[1mGenerating C++ type support dispatch for ROS interfaces[0m
[ 19%] [34m[1mGenerating C type support dispatch for ROS interfaces[0m
[ 20%] [32mBuilding CXX object CMakeFiles/auro_interfaces__rosidl_typesupport_cpp.dir/rosidl_typesupport_cpp/auro_interfaces/msg/string_with_pose__type_support.cpp.o[0m
[ 22%] [32mBuilding CXX object CMakeFiles/auro_interfaces__rosidl_typesupport_c.dir/rosidl_typesupport_c/auro_interfaces/msg/string_with_pose__type_support.cpp.o[0m
[ 23%] [32mBuilding CXX object CMakeFiles/auro_interfaces__rosidl_typesupport_c.dir/rosidl_typesupport_c/auro_interfaces/msg/item__type_support.cpp.o[0m
[ 25%] [32mBuilding CXX object CMakeFiles/auro_interfaces__rosidl_typesupport_c.dir/rosidl_typesupport_c/auro_interfaces/msg/item_list__type_support.cpp.o[0m
[ 26%] [32mBuilding CXX object CMakeFiles/auro_interfaces__rosidl_typesupport_c.dir/rosidl_typesupport_c/auro_interfaces/msg/direction__type_support.cpp.o[0m
[ 28%] [32mBuilding CXX object CMakeFiles/auro_interfaces__rosidl_typesupport_c.dir/rosidl_typesupport_c/auro_interfaces/srv/item_request__type_support.cpp.o[0m
[ 30%] [32mBuilding CXX object CMakeFiles/auro_interfaces__rosidl_typesupport_fastrtps_c.dir/rosidl_typesupport_fastrtps_c/auro_interfaces/msg/detail/string_with_pose__type_support_c.cpp.o[0m
[ 31%] [32m[1mLinking CXX shared library libauro_interfaces__rosidl_typesupport_c.so[0m
[ 31%] Built target auro_interfaces__rosidl_typesupport_c
[ 33%] [32mBuilding CXX object CMakeFiles/auro_interfaces__rosidl_typesupport_cpp.dir/rosidl_typesupport_cpp/auro_interfaces/msg/item__type_support.cpp.o[0m
[ 34%] [32mBuilding C object CMakeFiles/auro_interfaces__rosidl_typesupport_introspection_c.dir/rosidl_typesupport_introspection_c/auro_interfaces/msg/detail/string_with_pose__type_support.c.o[0m
[ 36%] [32mBuilding C object CMakeFiles/auro_interfaces__rosidl_typesupport_introspection_c.dir/rosidl_typesupport_introspection_c/auro_interfaces/msg/detail/item__type_support.c.o[0m
[ 38%] [32mBuilding CXX object CMakeFiles/auro_interfaces__rosidl_typesupport_cpp.dir/rosidl_typesupport_cpp/auro_interfaces/msg/item_list__type_support.cpp.o[0m
[ 39%] [32mBuilding C object CMakeFiles/auro_interfaces__rosidl_typesupport_introspection_c.dir/rosidl_typesupport_introspection_c/auro_interfaces/msg/detail/item_list__type_support.c.o[0m
[ 41%] [32mBuilding C object CMakeFiles/auro_interfaces__rosidl_typesupport_introspection_c.dir/rosidl_typesupport_introspection_c/auro_interfaces/msg/detail/direction__type_support.c.o[0m
[ 42%] [32mBuilding CXX object CMakeFiles/auro_interfaces__rosidl_typesupport_fastrtps_c.dir/rosidl_typesupport_fastrtps_c/auro_interfaces/msg/detail/item__type_support_c.cpp.o[0m
[ 44%] [32mBuilding CXX object CMakeFiles/auro_interfaces__rosidl_typesupport_fastrtps_c.dir/rosidl_typesupport_fastrtps_c/auro_interfaces/msg/detail/item_list__type_support_c.cpp.o[0m
[ 46%] [32mBuilding C object CMakeFiles/auro_interfaces__rosidl_typesupport_introspection_c.dir/rosidl_typesupport_introspection_c/auro_interfaces/srv/detail/item_request__type_support.c.o[0m
[ 47%] [32m[1mLinking C shared library libauro_interfaces__rosidl_typesupport_introspection_c.so[0m
[ 47%] Built target auro_interfaces__rosidl_typesupport_introspection_c
[ 49%] [34m[1mGenerating C++ type support for eProsima Fast-RTPS[0m
[ 50%] [32mBuilding CXX object CMakeFiles/auro_interfaces__rosidl_typesupport_cpp.dir/rosidl_typesupport_cpp/auro_interfaces/msg/direction__type_support.cpp.o[0m
[ 52%] [34m[1mGenerating C++ introspection for ROS interfaces[0m
[ 53%] [32mBuilding CXX object CMakeFiles/auro_interfaces__rosidl_typesupport_fastrtps_c.dir/rosidl_typesupport_fastrtps_c/auro_interfaces/msg/detail/direction__type_support_c.cpp.o[0m
[ 55%] [32mBuilding CXX object CMakeFiles/auro_interfaces__rosidl_typesupport_cpp.dir/rosidl_typesupport_cpp/auro_interfaces/srv/item_request__type_support.cpp.o[0m
[ 57%] [32m[1mLinking CXX shared library libauro_interfaces__rosidl_typesupport_cpp.so[0m
[ 57%] Built target auro_interfaces__rosidl_typesupport_cpp
[ 58%] [32mBuilding CXX object CMakeFiles/auro_interfaces__rosidl_typesupport_fastrtps_c.dir/rosidl_typesupport_fastrtps_c/auro_interfaces/srv/detail/item_request__type_support_c.cpp.o[0m
[ 60%] [32mBuilding CXX object CMakeFiles/auro_interfaces__rosidl_typesupport_fastrtps_cpp.dir/rosidl_typesupport_fastrtps_cpp/auro_interfaces/msg/detail/dds_fastrtps/string_with_pose__type_support.cpp.o[0m
[ 61%] [32mBuilding CXX object CMakeFiles/auro_interfaces__rosidl_typesupport_introspection_cpp.dir/rosidl_typesupport_introspection_cpp/auro_interfaces/msg/detail/string_with_pose__type_support.cpp.o[0m
[ 63%] [32mBuilding CXX object CMakeFiles/auro_interfaces__rosidl_typesupport_fastrtps_cpp.dir/rosidl_typesupport_fastrtps_cpp/auro_interfaces/msg/detail/dds_fastrtps/item__type_support.cpp.o[0m
[ 65%] [32mBuilding CXX object CMakeFiles/auro_interfaces__rosidl_typesupport_introspection_cpp.dir/rosidl_typesupport_introspection_cpp/auro_interfaces/msg/detail/item__type_support.cpp.o[0m
[ 66%] [32mBuilding CXX object CMakeFiles/auro_interfaces__rosidl_typesupport_fastrtps_cpp.dir/rosidl_typesupport_fastrtps_cpp/auro_interfaces/msg/detail/dds_fastrtps/item_list__type_support.cpp.o[0m
[ 68%] [32mBuilding CXX object CMakeFiles/auro_interfaces__rosidl_typesupport_introspection_cpp.dir/rosidl_typesupport_introspection_cpp/auro_interfaces/msg/detail/item_list__type_support.cpp.o[0m
[ 69%] [32m[1mLinking CXX shared library libauro_interfaces__rosidl_typesupport_fastrtps_c.so[0m
[ 71%] [32mBuilding CXX object CMakeFiles/auro_interfaces__rosidl_typesupport_fastrtps_cpp.dir/rosidl_typesupport_fastrtps_cpp/auro_interfaces/msg/detail/dds_fastrtps/direction__type_support.cpp.o[0m
[ 71%] Built target auro_interfaces__rosidl_typesupport_fastrtps_c
[ 73%] [32mBuilding CXX object CMakeFiles/auro_interfaces__rosidl_typesupport_introspection_cpp.dir/rosidl_typesupport_introspection_cpp/auro_interfaces/msg/detail/direction__type_support.cpp.o[0m
[ 74%] [32mBuilding CXX object CMakeFiles/auro_interfaces__rosidl_typesupport_fastrtps_cpp.dir/rosidl_typesupport_fastrtps_cpp/auro_interfaces/srv/detail/dds_fastrtps/item_request__type_support.cpp.o[0m
[ 76%] [32mBuilding CXX object CMakeFiles/auro_interfaces__rosidl_typesupport_introspection_cpp.dir/rosidl_typesupport_introspection_cpp/auro_interfaces/srv/detail/item_request__type_support.cpp.o[0m
[ 77%] [32m[1mLinking CXX shared library libauro_interfaces__rosidl_typesupport_fastrtps_cpp.so[0m
[ 77%] Built target auro_interfaces__rosidl_typesupport_fastrtps_cpp
[ 79%] [32m[1mLinking CXX shared library libauro_interfaces__rosidl_typesupport_introspection_cpp.so[0m
[ 79%] Built target auro_interfaces__rosidl_typesupport_introspection_cpp
[ 79%] Built target auro_interfaces
[ 80%] [34m[1mGenerating Python code for ROS interfaces[0m
[ 80%] Built target auro_interfaces__py
[ 82%] [32mBuilding C object CMakeFiles/auro_interfaces__rosidl_generator_py.dir/rosidl_generator_py/auro_interfaces/msg/_string_with_pose_s.c.o[0m
[ 84%] [32mBuilding C object CMakeFiles/auro_interfaces__rosidl_generator_py.dir/rosidl_generator_py/auro_interfaces/msg/_direction_s.c.o[0m
[ 85%] [32mBuilding C object CMakeFiles/auro_interfaces__rosidl_generator_py.dir/rosidl_generator_py/auro_interfaces/srv/_item_request_s.c.o[0m
[ 87%] [32mBuilding C object CMakeFiles/auro_interfaces__rosidl_generator_py.dir/rosidl_generator_py/auro_interfaces/msg/_item_list_s.c.o[0m
[ 88%] [32mBuilding C object CMakeFiles/auro_interfaces__rosidl_generator_py.dir/rosidl_generator_py/auro_interfaces/msg/_item_s.c.o[0m
[ 90%] [32m[1mLinking C shared library rosidl_generator_py/auro_interfaces/libauro_interfaces__rosidl_generator_py.so[0m
[ 90%] Built target auro_interfaces__rosidl_generator_py
[ 92%] [32mBuilding C object CMakeFiles/auro_interfaces__rosidl_typesupport_fastrtps_c__pyext.dir/rosidl_generator_py/auro_interfaces/_auro_interfaces_s.ep.rosidl_typesupport_fastrtps_c.c.o[0m
[ 93%] [32m[1mLinking C shared library rosidl_generator_py/auro_interfaces/auro_interfaces_s__rosidl_typesupport_fastrtps_c.cpython-310-x86_64-linux-gnu.so[0m
[ 93%] Built target auro_interfaces__rosidl_typesupport_fastrtps_c__pyext
[ 95%] [32mBuilding C object CMakeFiles/auro_interfaces__rosidl_typesupport_c__pyext.dir/rosidl_generator_py/auro_interfaces/_auro_interfaces_s.ep.rosidl_typesupport_c.c.o[0m
[ 96%] [32m[1mLinking C shared library rosidl_generator_py/auro_interfaces/auro_interfaces_s__rosidl_typesupport_c.cpython-310-x86_64-linux-gnu.so[0m
[ 96%] Built target auro_interfaces__rosidl_typesupport_c__pyext
[ 98%] [32mBuilding C object CMakeFiles/auro_interfaces__rosidl_typesupport_introspection_c__pyext.dir/rosidl_generator_py/auro_interfaces/_auro_interfaces_s.ep.rosidl_typesupport_introspection_c.c.o[0m
[100%] [32m[1mLinking C shared library rosidl_generator_py/auro_interfaces/auro_interfaces_s__rosidl_typesupport_introspection_c.cpython-310-x86_64-linux-gnu.so[0m
[100%] Built target auro_interfaces__rosidl_typesupport_introspection_c__pyext
-- Install configuration: ""
-- Execute custom install script
-- Symlinking: /workspace/install/auro_interfaces/share/ament_index/resource_index/rosidl_interfaces/auro_interfaces
-- Symlinking: /workspace/install/auro_interfaces/include/auro_interfaces/auro_interfaces/msg/detail/direction__functions.h
-- Symlinking: /workspace/install/auro_interfaces/include/auro_interfaces/auro_interfaces/msg/detail/direction__struct.h
-- Symlinking: /workspace/install/auro_interfaces/include/auro_interfaces/auro_interfaces/msg/detail/direction__type_support.h
-- Symlinking: /workspace/install/auro_interfaces/include/auro_interfaces/auro_interfaces/msg/detail/item__functions.h
-- Symlinking: /workspace/install/auro_interfaces/include/auro_interfaces/auro_interfaces/msg/detail/item__struct.h
-- Symlinking: /workspace/install/auro_interfaces/include/auro_interfaces/auro_interfaces/msg/detail/item__type_support.h
-- Symlinking: /workspace/install/auro_interfaces/include/auro_interfaces/auro_interfaces/msg/detail/item_list__functions.h
-- Symlinking: /workspace/install/auro_interfaces/include/auro_interfaces/auro_interfaces/msg/detail/item_list__struct.h
-- Symlinking: /workspace/install/auro_interfaces/include/auro_interfaces/auro_interfaces/msg/detail/item_list__type_support.h
-- Symlinking: /workspace/install/auro_interfaces/include/auro_interfaces/auro_interfaces/msg/detail/string_with_pose__functions.h
-- Symlinking: /workspace/install/auro_interfaces/include/auro_interfaces/auro_interfaces/msg/detail/string_with_pose__struct.h
-- Symlinking: /workspace/install/auro_interfaces/include/auro_interfaces/auro_interfaces/msg/detail/string_with_pose__type_support.h
-- Symlinking: /workspace/install/auro_interfaces/include/auro_interfaces/auro_interfaces/msg/direction.h
-- Symlinking: /workspace/install/auro_interfaces/include/auro_interfaces/auro_interfaces/msg/item.h
-- Symlinking: /workspace/install/auro_interfaces/include/auro_interfaces/auro_interfaces/msg/item_list.h
-- Symlinking: /workspace/install/auro_interfaces/include/auro_interfaces/auro_interfaces/msg/rosidl_generator_c__visibility_control.h
-- Symlinking: /workspace/install/auro_interfaces/include/auro_interfaces/auro_interfaces/msg/string_with_pose.h
-- Symlinking: /workspace/install/auro_interfaces/include/auro_interfaces/auro_interfaces/srv/detail/item_request__functions.h
-- Symlinking: /workspace/install/auro_interfaces/include/auro_interfaces/auro_interfaces/srv/detail/item_request__struct.h
-- Symlinking: /workspace/install/auro_interfaces/include/auro_interfaces/auro_interfaces/srv/detail/item_request__type_support.h
-- Symlinking: /workspace/install/auro_interfaces/include/auro_interfaces/auro_interfaces/srv/item_request.h
-- Symlinking: /workspace/install/auro_interfaces/share/auro_interfaces/environment/library_path.sh
-- Symlinking: /workspace/install/auro_interfaces/share/auro_interfaces/environment/library_path.dsv
-- Symlinking: /workspace/install/auro_interfaces/include/auro_interfaces/auro_interfaces/msg/detail/direction__rosidl_typesupport_fastrtps_c.h
-- Symlinking: /workspace/install/auro_interfaces/include/auro_interfaces/auro_interfaces/msg/detail/item__rosidl_typesupport_fastrtps_c.h
-- Symlinking: /workspace/install/auro_interfaces/include/auro_interfaces/auro_interfaces/msg/detail/item_list__rosidl_typesupport_fastrtps_c.h
-- Symlinking: /workspace/install/auro_interfaces/include/auro_interfaces/auro_interfaces/msg/detail/string_with_pose__rosidl_typesupport_fastrtps_c.h
-- Symlinking: /workspace/install/auro_interfaces/include/auro_interfaces/auro_interfaces/msg/rosidl_typesupport_fastrtps_c__visibility_control.h
-- Symlinking: /workspace/install/auro_interfaces/include/auro_interfaces/auro_interfaces/srv/detail/item_request__rosidl_typesupport_fastrtps_c.h
-- Symlinking: /workspace/install/auro_interfaces/include/auro_interfaces/auro_interfaces/msg/detail/direction__builder.hpp
-- Symlinking: /workspace/install/auro_interfaces/include/auro_interfaces/auro_interfaces/msg/detail/direction__struct.hpp
-- Symlinking: /workspace/install/auro_interfaces/include/auro_interfaces/auro_interfaces/msg/detail/direction__traits.hpp
-- Symlinking: /workspace/install/auro_interfaces/include/auro_interfaces/auro_interfaces/msg/detail/item__builder.hpp
-- Symlinking: /workspace/install/auro_interfaces/include/auro_interfaces/auro_interfaces/msg/detail/item__struct.hpp
-- Symlinking: /workspace/install/auro_interfaces/include/auro_interfaces/auro_interfaces/msg/detail/item__traits.hpp
-- Symlinking: /workspace/install/auro_interfaces/include/auro_interfaces/auro_interfaces/msg/detail/item_list__builder.hpp
-- Symlinking: /workspace/install/auro_interfaces/include/auro_interfaces/auro_interfaces/msg/detail/item_list__struct.hpp
-- Symlinking: /workspace/install/auro_interfaces/include/auro_interfaces/auro_interfaces/msg/detail/item_list__traits.hpp
-- Symlinking: /workspace/install/auro_interfaces/include/auro_interfaces/auro_interfaces/msg/detail/string_with_pose__builder.hpp
-- Symlinking: /workspace/install/auro_interfaces/include/auro_interfaces/auro_interfaces/msg/detail/string_with_pose__struct.hpp
-- Symlinking: /workspace/install/auro_interfaces/include/auro_interfaces/auro_interfaces/msg/detail/string_with_pose__traits.hpp
-- Symlinking: /workspace/install/auro_interfaces/include/auro_interfaces/auro_interfaces/msg/direction.hpp
-- Symlinking: /workspace/install/auro_interfaces/include/auro_interfaces/auro_interfaces/msg/item.hpp
-- Symlinking: /workspace/install/auro_interfaces/include/auro_interfaces/auro_interfaces/msg/item_list.hpp
-- Symlinking: /workspace/install/auro_interfaces/include/auro_interfaces/auro_interfaces/msg/string_with_pose.hpp
-- Symlinking: /workspace/install/auro_interfaces/include/auro_interfaces/auro_interfaces/srv/detail/item_request__builder.hpp
-- Symlinking: /workspace/install/auro_interfaces/include/auro_interfaces/auro_interfaces/srv/detail/item_request__struct.hpp
-- Symlinking: /workspace/install/auro_interfaces/include/auro_interfaces/auro_interfaces/srv/detail/item_request__traits.hpp
-- Symlinking: /workspace/install/auro_interfaces/include/auro_interfaces/auro_interfaces/srv/item_request.hpp
-- Symlinking: /workspace/install/auro_interfaces/include/auro_interfaces/auro_interfaces/msg/detail/direction__rosidl_typesupport_fastrtps_cpp.hpp
-- Symlinking: /workspace/install/auro_interfaces/include/auro_interfaces/auro_interfaces/msg/detail/item__rosidl_typesupport_fastrtps_cpp.hpp
-- Symlinking: /workspace/install/auro_interfaces/include/auro_interfaces/auro_interfaces/msg/detail/item_list__rosidl_typesupport_fastrtps_cpp.hpp
-- Symlinking: /workspace/install/auro_interfaces/include/auro_interfaces/auro_interfaces/msg/detail/string_with_pose__rosidl_typesupport_fastrtps_cpp.hpp
-- Symlinking: /workspace/install/auro_interfaces/include/auro_interfaces/auro_interfaces/msg/rosidl_typesupport_fastrtps_cpp__visibility_control.h
-- Symlinking: /workspace/install/auro_interfaces/include/auro_interfaces/auro_interfaces/srv/detail/item_request__rosidl_typesupport_fastrtps_cpp.hpp
-- Symlinking: /workspace/install/auro_interfaces/include/auro_interfaces/auro_interfaces/msg/detail/direction__rosidl_typesupport_introspection_c.h
-- Symlinking: /workspace/install/auro_interfaces/include/auro_interfaces/auro_interfaces/msg/detail/item__rosidl_typesupport_introspection_c.h
-- Symlinking: /workspace/install/auro_interfaces/include/auro_interfaces/auro_interfaces/msg/detail/item_list__rosidl_typesupport_introspection_c.h
-- Symlinking: /workspace/install/auro_interfaces/include/auro_interfaces/auro_interfaces/msg/detail/string_with_pose__rosidl_typesupport_introspection_c.h
-- Symlinking: /workspace/install/auro_interfaces/include/auro_interfaces/auro_interfaces/msg/rosidl_typesupport_introspection_c__visibility_control.h
-- Symlinking: /workspace/install/auro_interfaces/include/auro_interfaces/auro_interfaces/srv/detail/item_request__rosidl_typesupport_introspection_c.h
-- Symlinking: /workspace/install/auro_interfaces/include/auro_interfaces/auro_interfaces/msg/detail/direction__rosidl_typesupport_introspection_cpp.hpp
-- Symlinking: /workspace/install/auro_interfaces/include/auro_interfaces/auro_interfaces/msg/detail/item__rosidl_typesupport_introspection_cpp.hpp
-- Symlinking: /workspace/install/auro_interfaces/include/auro_interfaces/auro_interfaces/msg/detail/item_list__rosidl_typesupport_introspection_cpp.hpp
-- Symlinking: /workspace/install/auro_interfaces/include/auro_interfaces/auro_interfaces/msg/detail/string_with_pose__rosidl_typesupport_introspection_cpp.hpp
-- Symlinking: /workspace/install/auro_interfaces/include/auro_interfaces/auro_interfaces/srv/detail/item_request__rosidl_typesupport_introspection_cpp.hpp
-- Symlinking: /workspace/install/auro_interfaces/share/auro_interfaces/environment/pythonpath.sh
-- Symlinking: /workspace/install/auro_interfaces/share/auro_interfaces/environment/pythonpath.dsv
-- Symlinking: /workspace/install/auro_interfaces/local/lib/python3.10/dist-packages/auro_interfaces-0.0.0-py3.10.egg-info/PKG-INFO
-- Symlinking: /workspace/install/auro_interfaces/local/lib/python3.10/dist-packages/auro_interfaces-0.0.0-py3.10.egg-info/SOURCES.txt
-- Symlinking: /workspace/install/auro_interfaces/local/lib/python3.10/dist-packages/auro_interfaces-0.0.0-py3.10.egg-info/dependency_links.txt
-- Symlinking: /workspace/install/auro_interfaces/local/lib/python3.10/dist-packages/auro_interfaces-0.0.0-py3.10.egg-info/top_level.txt
-- Symlinking: /workspace/install/auro_interfaces/local/lib/python3.10/dist-packages/auro_interfaces/__init__.py
-- Symlinking: /workspace/install/auro_interfaces/local/lib/python3.10/dist-packages/auro_interfaces/_auro_interfaces_s.ep.rosidl_typesupport_c.c
-- Symlinking: /workspace/install/auro_interfaces/local/lib/python3.10/dist-packages/auro_interfaces/_auro_interfaces_s.ep.rosidl_typesupport_fastrtps_c.c
-- Symlinking: /workspace/install/auro_interfaces/local/lib/python3.10/dist-packages/auro_interfaces/_auro_interfaces_s.ep.rosidl_typesupport_introspection_c.c
-- Symlinking: /workspace/install/auro_interfaces/local/lib/python3.10/dist-packages/auro_interfaces/auro_interfaces_s__rosidl_typesupport_c.cpython-310-x86_64-linux-gnu.so
-- Symlinking: /workspace/install/auro_interfaces/local/lib/python3.10/dist-packages/auro_interfaces/auro_interfaces_s__rosidl_typesupport_fastrtps_c.cpython-310-x86_64-linux-gnu.so
-- Symlinking: /workspace/install/auro_interfaces/local/lib/python3.10/dist-packages/auro_interfaces/auro_interfaces_s__rosidl_typesupport_introspection_c.cpython-310-x86_64-linux-gnu.so
-- Symlinking: /workspace/install/auro_interfaces/local/lib/python3.10/dist-packages/auro_interfaces/libauro_interfaces__rosidl_generator_py.so
-- Symlinking: /workspace/install/auro_interfaces/local/lib/python3.10/dist-packages/auro_interfaces/msg/__init__.py
-- Symlinking: /workspace/install/auro_interfaces/local/lib/python3.10/dist-packages/auro_interfaces/msg/_direction.py
-- Symlinking: /workspace/install/auro_interfaces/local/lib/python3.10/dist-packages/auro_interfaces/msg/_direction_s.c
-- Symlinking: /workspace/install/auro_interfaces/local/lib/python3.10/dist-packages/auro_interfaces/msg/_item.py
-- Symlinking: /workspace/install/auro_interfaces/local/lib/python3.10/dist-packages/auro_interfaces/msg/_item_list.py
-- Symlinking: /workspace/install/auro_interfaces/local/lib/python3.10/dist-packages/auro_interfaces/msg/_item_list_s.c
-- Symlinking: /workspace/install/auro_interfaces/local/lib/python3.10/dist-packages/auro_interfaces/msg/_item_s.c
-- Symlinking: /workspace/install/auro_interfaces/local/lib/python3.10/dist-packages/auro_interfaces/msg/_string_with_pose.py
-- Symlinking: /workspace/install/auro_interfaces/local/lib/python3.10/dist-packages/auro_interfaces/msg/_string_with_pose_s.c
-- Symlinking: /workspace/install/auro_interfaces/local/lib/python3.10/dist-packages/auro_interfaces/srv/__init__.py
-- Symlinking: /workspace/install/auro_interfaces/local/lib/python3.10/dist-packages/auro_interfaces/srv/_item_request.py
-- Symlinking: /workspace/install/auro_interfaces/local/lib/python3.10/dist-packages/auro_interfaces/srv/_item_request_s.c
-- Up-to-date symlink: /workspace/install/auro_interfaces/local/lib/python3.10/dist-packages/auro_interfaces/auro_interfaces_s__rosidl_typesupport_fastrtps_c.cpython-310-x86_64-linux-gnu.so
-- Up-to-date symlink: /workspace/install/auro_interfaces/local/lib/python3.10/dist-packages/auro_interfaces/auro_interfaces_s__rosidl_typesupport_introspection_c.cpython-310-x86_64-linux-gnu.so
-- Up-to-date symlink: /workspace/install/auro_interfaces/local/lib/python3.10/dist-packages/auro_interfaces/auro_interfaces_s__rosidl_typesupport_c.cpython-310-x86_64-linux-gnu.so
-- Symlinking: /workspace/install/auro_interfaces/share/auro_interfaces/msg/StringWithPose.idl
-- Symlinking: /workspace/install/auro_interfaces/share/auro_interfaces/msg/Item.idl
-- Symlinking: /workspace/install/auro_interfaces/share/auro_interfaces/msg/ItemList.idl
-- Symlinking: /workspace/install/auro_interfaces/share/auro_interfaces/msg/Direction.idl
-- Symlinking: /workspace/install/auro_interfaces/share/auro_interfaces/srv/ItemRequest.idl
-- Symlinking: /workspace/install/auro_interfaces/share/auro_interfaces/msg/StringWithPose.msg
-- Symlinking: /workspace/install/auro_interfaces/share/auro_interfaces/msg/Item.msg
-- Symlinking: /workspace/install/auro_interfaces/share/auro_interfaces/msg/ItemList.msg
-- Symlinking: /workspace/install/auro_interfaces/share/auro_interfaces/msg/Direction.msg
-- Symlinking: /workspace/install/auro_interfaces/share/auro_interfaces/srv/ItemRequest.srv
-- Symlinking: /workspace/install/auro_interfaces/share/auro_interfaces/srv/ItemRequest_Request.msg
-- Symlinking: /workspace/install/auro_interfaces/share/auro_interfaces/srv/ItemRequest_Response.msg
-- Symlinking: /workspace/install/auro_interfaces/share/ament_index/resource_index/package_run_dependencies/auro_interfaces
-- Symlinking: /workspace/install/auro_interfaces/share/ament_index/resource_index/parent_prefix_path/auro_interfaces
-- Symlinking: /workspace/install/auro_interfaces/share/auro_interfaces/environment/ament_prefix_path.sh
-- Symlinking: /workspace/install/auro_interfaces/share/auro_interfaces/environment/ament_prefix_path.dsv
-- Symlinking: /workspace/install/auro_interfaces/share/auro_interfaces/environment/path.sh
-- Symlinking: /workspace/install/auro_interfaces/share/auro_interfaces/environment/path.dsv
-- Symlinking: /workspace/install/auro_interfaces/share/auro_interfaces/local_setup.bash
-- Symlinking: /workspace/install/auro_interfaces/share/auro_interfaces/local_setup.sh
-- Symlinking: /workspace/install/auro_interfaces/share/auro_interfaces/local_setup.zsh
-- Symlinking: /workspace/install/auro_interfaces/share/auro_interfaces/local_setup.dsv
-- Symlinking: /workspace/install/auro_interfaces/share/auro_interfaces/package.dsv
-- Symlinking: /workspace/install/auro_interfaces/share/ament_index/resource_index/packages/auro_interfaces
-- Symlinking: /workspace/install/auro_interfaces/share/auro_interfaces/cmake/rosidl_cmake-extras.cmake
-- Symlinking: /workspace/install/auro_interfaces/share/auro_interfaces/cmake/ament_cmake_export_dependencies-extras.cmake
-- Symlinking: /workspace/install/auro_interfaces/share/auro_interfaces/cmake/ament_cmake_export_include_directories-extras.cmake
-- Symlinking: /workspace/install/auro_interfaces/share/auro_interfaces/cmake/ament_cmake_export_libraries-extras.cmake
-- Symlinking: /workspace/install/auro_interfaces/share/auro_interfaces/cmake/ament_cmake_export_targets-extras.cmake
-- Symlinking: /workspace/install/auro_interfaces/share/auro_interfaces/cmake/rosidl_cmake_export_typesupport_targets-extras.cmake
-- Symlinking: /workspace/install/auro_interfaces/share/auro_interfaces/cmake/rosidl_cmake_export_typesupport_libraries-extras.cmake
-- Symlinking: /workspace/install/auro_interfaces/share/auro_interfaces/cmake/auro_interfacesConfig.cmake
-- Symlinking: /workspace/install/auro_interfaces/share/auro_interfaces/cmake/auro_interfacesConfig-version.cmake
-- Symlinking: /workspace/install/auro_interfaces/share/auro_interfaces/package.xml
-- Installing: /workspace/install/auro_interfaces/lib/libauro_interfaces__rosidl_generator_c.so
-- Set runtime path of "/workspace/install/auro_interfaces/lib/libauro_interfaces__rosidl_generator_c.so" to ""
-- Installing: /workspace/install/auro_interfaces/lib/libauro_interfaces__rosidl_typesupport_fastrtps_c.so
-- Set runtime path of "/workspace/install/auro_interfaces/lib/libauro_interfaces__rosidl_typesupport_fastrtps_c.so" to ""
-- Installing: /workspace/install/auro_interfaces/lib/libauro_interfaces__rosidl_typesupport_fastrtps_cpp.so
-- Set runtime path of "/workspace/install/auro_interfaces/lib/libauro_interfaces__rosidl_typesupport_fastrtps_cpp.so" to ""
-- Installing: /workspace/install/auro_interfaces/lib/libauro_interfaces__rosidl_typesupport_introspection_c.so
-- Set runtime path of "/workspace/install/auro_interfaces/lib/libauro_interfaces__rosidl_typesupport_introspection_c.so" to ""
-- Installing: /workspace/install/auro_interfaces/lib/libauro_interfaces__rosidl_typesupport_c.so
-- Set runtime path of "/workspace/install/auro_interfaces/lib/libauro_interfaces__rosidl_typesupport_c.so" to ""
-- Installing: /workspace/install/auro_interfaces/lib/libauro_interfaces__rosidl_typesupport_introspection_cpp.so
-- Set runtime path of "/workspace/install/auro_interfaces/lib/libauro_interfaces__rosidl_typesupport_introspection_cpp.so" to ""
-- Installing: /workspace/install/auro_interfaces/lib/libauro_interfaces__rosidl_typesupport_cpp.so
-- Set runtime path of "/workspace/install/auro_interfaces/lib/libauro_interfaces__rosidl_typesupport_cpp.so" to ""
Listing '/workspace/install/auro_interfaces/local/lib/python3.10/dist-packages/auro_interfaces'...
Compiling '/workspace/install/auro_interfaces/local/lib/python3.10/dist-packages/auro_interfaces/__init__.py'...
Listing '/workspace/install/auro_interfaces/local/lib/python3.10/dist-packages/auro_interfaces/msg'...
Compiling '/workspace/install/auro_interfaces/local/lib/python3.10/dist-packages/auro_interfaces/msg/__init__.py'...
Compiling '/workspace/install/auro_interfaces/local/lib/python3.10/dist-packages/auro_interfaces/msg/_direction.py'...
Compiling '/workspace/install/auro_interfaces/local/lib/python3.10/dist-packages/auro_interfaces/msg/_item.py'...
Compiling '/workspace/install/auro_interfaces/local/lib/python3.10/dist-packages/auro_interfaces/msg/_item_list.py'...
Compiling '/workspace/install/auro_interfaces/local/lib/python3.10/dist-packages/auro_interfaces/msg/_string_with_pose.py'...
Listing '/workspace/install/auro_interfaces/local/lib/python3.10/dist-packages/auro_interfaces/srv'...
Compiling '/workspace/install/auro_interfaces/local/lib/python3.10/dist-packages/auro_interfaces/srv/__init__.py'...
Compiling '/workspace/install/auro_interfaces/local/lib/python3.10/dist-packages/auro_interfaces/srv/_item_request.py'...
-- Installing: /workspace/install/auro_interfaces/lib/libauro_interfaces__rosidl_generator_py.so
-- Set runtime path of "/workspace/install/auro_interfaces/lib/libauro_interfaces__rosidl_generator_py.so" to ""
-- Installing: /workspace/install/auro_interfaces/share/auro_interfaces/cmake/export_auro_interfaces__rosidl_generator_cExport.cmake
-- Installing: /workspace/install/auro_interfaces/share/auro_interfaces/cmake/export_auro_interfaces__rosidl_generator_cExport-noconfig.cmake
-- Installing: /workspace/install/auro_interfaces/share/auro_interfaces/cmake/export_auro_interfaces__rosidl_typesupport_fastrtps_cExport.cmake
-- Installing: /workspace/install/auro_interfaces/share/auro_interfaces/cmake/export_auro_interfaces__rosidl_typesupport_fastrtps_cExport-noconfig.cmake
-- Installing: /workspace/install/auro_interfaces/share/auro_interfaces/cmake/export_auro_interfaces__rosidl_generator_cppExport.cmake
-- Installing: /workspace/install/auro_interfaces/share/auro_interfaces/cmake/export_auro_interfaces__rosidl_typesupport_fastrtps_cppExport.cmake
-- Installing: /workspace/install/auro_interfaces/share/auro_interfaces/cmake/export_auro_interfaces__rosidl_typesupport_fastrtps_cppExport-noconfig.cmake
-- Installing: /workspace/install/auro_interfaces/share/auro_interfaces/cmake/auro_interfaces__rosidl_typesupport_introspection_cExport.cmake
-- Installing: /workspace/install/auro_interfaces/share/auro_interfaces/cmake/auro_interfaces__rosidl_typesupport_introspection_cExport-noconfig.cmake
-- Installing: /workspace/install/auro_interfaces/share/auro_interfaces/cmake/auro_interfaces__rosidl_typesupport_cExport.cmake
-- Installing: /workspace/install/auro_interfaces/share/auro_interfaces/cmake/auro_interfaces__rosidl_typesupport_cExport-noconfig.cmake
-- Installing: /workspace/install/auro_interfaces/share/auro_interfaces/cmake/auro_interfaces__rosidl_typesupport_introspection_cppExport.cmake
-- Installing: /workspace/install/auro_interfaces/share/auro_interfaces/cmake/auro_interfaces__rosidl_typesupport_introspection_cppExport-noconfig.cmake
-- Installing: /workspace/install/auro_interfaces/share/auro_interfaces/cmake/auro_interfaces__rosidl_typesupport_cppExport.cmake
-- Installing: /workspace/install/auro_interfaces/share/auro_interfaces/cmake/auro_interfaces__rosidl_typesupport_cppExport-noconfig.cmake
-- Installing: /workspace/install/auro_interfaces/share/auro_interfaces/cmake/export_auro_interfaces__rosidl_generator_pyExport.cmake
-- Installing: /workspace/install/auro_interfaces/share/auro_interfaces/cmake/export_auro_interfaces__rosidl_generator_pyExport-noconfig.cmake
