[0.036s] Invoking command in '/workspace/build/auro_interfaces': CMAKE_PREFIX_PATH=/opt/ros/humble /usr/bin/cmake /workspace/AURO/auro_interfaces -DAMENT_CMAKE_SYMLINK_INSTALL=1 -DCMAKE_INSTALL_PREFIX=/workspace/install/auro_interfaces
[0.433s] -- The C compiler identification is GNU 11.4.0
[0.434s] -- The CXX compiler identification is GNU 11.4.0
[0.435s] -- Detecting C compiler ABI info
[0.523s] -- Detecting C compiler ABI info - done
[0.538s] -- Check for working C compiler: /usr/bin/cc - skipped
[0.538s] -- Detecting C compile features
[0.539s] -- Detecting C compile features - done
[0.547s] -- Detecting CXX compiler ABI info
[0.664s] -- Detecting CXX compiler ABI info - done
[0.679s] -- Check for working CXX compiler: /usr/bin/c++ - skipped
[0.680s] -- Detecting CXX compile features
[0.680s] -- Detecting CXX compile features - done
[0.693s] -- Found ament_cmake: 1.3.10 (/opt/ros/humble/share/ament_cmake/cmake)
[0.939s] -- Found Python3: /usr/bin/python3 (found version "3.10.12") found components: Interpreter 
[1.064s] -- Override CMake install command with custom implementation using symlinks instead of copying resources
[1.156s] -- Found geometry_msgs: 4.2.4 (/opt/ros/humble/share/geometry_msgs/cmake)
[1.265s] -- Found rosidl_generator_c: 3.1.5 (/opt/ros/humble/share/rosidl_generator_c/cmake)
[1.277s] -- Found rosidl_adapter: 3.1.5 (/opt/ros/humble/share/rosidl_adapter/cmake)
[1.299s] -- Found rosidl_generator_cpp: 3.1.5 (/opt/ros/humble/share/rosidl_generator_cpp/cmake)
[1.335s] -- Using all available rosidl_typesupport_c: rosidl_typesupport_fastrtps_c;rosidl_typesupport_introspection_c
[1.371s] -- Using all available rosidl_typesupport_cpp: rosidl_typesupport_fastrtps_cpp;rosidl_typesupport_introspection_cpp
[1.478s] -- Found rosidl_default_generators: 1.2.0 (/opt/ros/humble/share/rosidl_default_generators/cmake)
[2.296s] -- Found ament_cmake_ros: 0.10.0 (/opt/ros/humble/share/ament_cmake_ros/cmake)
[3.779s] -- Using all available rosidl_typesupport_c: rosidl_typesupport_fastrtps_c;rosidl_typesupport_introspection_c
[4.372s] -- Using all available rosidl_typesupport_cpp: rosidl_typesupport_fastrtps_cpp;rosidl_typesupport_introspection_cpp
[4.442s] -- Found PythonInterp: /usr/bin/python3 (found suitable version "3.10.12", minimum required is "3.6") 
[4.445s] -- Found python_cmake_module: 0.10.0 (/opt/ros/humble/share/python_cmake_module/cmake)
[4.523s] -- Found PythonLibs: /usr/lib/x86_64-linux-gnu/libpython3.10.so (found suitable version "3.10.12", minimum required is "3.5") 
[4.523s] -- Using PYTHON_EXECUTABLE: /usr/bin/python3
[4.524s] -- Using PYTHON_INCLUDE_DIRS: /usr/include/python3.10
[4.524s] -- Using PYTHON_LIBRARIES: /usr/lib/x86_64-linux-gnu/libpython3.10.so
[4.575s] -- Found PythonExtra: .so  
[4.735s] -- Found ament_lint_auto: 0.12.11 (/opt/ros/humble/share/ament_lint_auto/cmake)
[4.794s] -- Added test 'lint_cmake' to check CMake code style
[4.797s] -- Added test 'xmllint' to check XML markup files
[4.806s] -- Configuring done
[4.919s] -- Generating done
[4.921s] -- Build files have been written to: /workspace/build/auro_interfaces
[4.943s] Invoked command in '/workspace/build/auro_interfaces' returned '0': CMAKE_PREFIX_PATH=/opt/ros/humble /usr/bin/cmake /workspace/AURO/auro_interfaces -DAMENT_CMAKE_SYMLINK_INSTALL=1 -DCMAKE_INSTALL_PREFIX=/workspace/install/auro_interfaces
[4.952s] Invoking command in '/workspace/build/auro_interfaces': CMAKE_PREFIX_PATH=/opt/ros/humble /usr/bin/cmake --build /workspace/build/auro_interfaces -- -j4 -l4
[5.200s] [  1%] [34m[1mGenerating C code for ROS interfaces[0m
[5.313s] [  3%] [34m[1mGenerating C++ code for ROS interfaces[0m
[5.353s] [  3%] Built target ament_cmake_python_symlink_auro_interfaces
[6.229s] running egg_info
[6.233s] creating auro_interfaces.egg-info
[6.233s] writing auro_interfaces.egg-info/PKG-INFO
[6.233s] writing dependency_links to auro_interfaces.egg-info/dependency_links.txt
[6.233s] writing top-level names to auro_interfaces.egg-info/top_level.txt
[6.233s] writing manifest file 'auro_interfaces.egg-info/SOURCES.txt'
[6.236s] reading manifest file 'auro_interfaces.egg-info/SOURCES.txt'
[6.238s] writing manifest file 'auro_interfaces.egg-info/SOURCES.txt'
[6.307s] [  3%] Built target ament_cmake_python_build_auro_interfaces_egg
[7.800s] [  4%] [32mBuilding C object CMakeFiles/auro_interfaces__rosidl_generator_c.dir/rosidl_generator_c/auro_interfaces/msg/detail/item__functions.c.o[0m
[7.808s] [  6%] [32mBuilding C object CMakeFiles/auro_interfaces__rosidl_generator_c.dir/rosidl_generator_c/auro_interfaces/msg/detail/string_with_pose__functions.c.o[0m
[7.822s] [  7%] [32mBuilding C object CMakeFiles/auro_interfaces__rosidl_generator_c.dir/rosidl_generator_c/auro_interfaces/msg/detail/item_list__functions.c.o[0m
[8.062s] [  9%] [32mBuilding C object CMakeFiles/auro_interfaces__rosidl_generator_c.dir/rosidl_generator_c/auro_interfaces/srv/detail/item_request__functions.c.o[0m
[8.062s] [ 11%] [32mBuilding C object CMakeFiles/auro_interfaces__rosidl_generator_c.dir/rosidl_generator_c/auro_interfaces/msg/detail/direction__functions.c.o[0m
[8.452s] [ 12%] [32m[1mLinking C shared library libauro_interfaces__rosidl_generator_c.so[0m
[8.693s] [ 12%] Built target auro_interfaces__rosidl_generator_c
[8.726s] [ 12%] Built target auro_interfaces__cpp
[8.733s] [ 14%] [34m[1mGenerating C type support for eProsima Fast-RTPS[0m
[8.778s] [ 15%] [34m[1mGenerating C introspection for ROS interfaces[0m
[8.778s] [ 17%] [34m[1mGenerating C++ type support dispatch for ROS interfaces[0m
[8.789s] [ 19%] [34m[1mGenerating C type support dispatch for ROS interfaces[0m
[10.363s] [ 20%] [32mBuilding CXX object CMakeFiles/auro_interfaces__rosidl_typesupport_cpp.dir/rosidl_typesupport_cpp/auro_interfaces/msg/string_with_pose__type_support.cpp.o[0m
[10.564s] [ 22%] [32mBuilding CXX object CMakeFiles/auro_interfaces__rosidl_typesupport_c.dir/rosidl_typesupport_c/auro_interfaces/msg/string_with_pose__type_support.cpp.o[0m
[10.720s] [ 23%] [32mBuilding CXX object CMakeFiles/auro_interfaces__rosidl_typesupport_c.dir/rosidl_typesupport_c/auro_interfaces/msg/item__type_support.cpp.o[0m
[10.812s] [ 25%] [32mBuilding CXX object CMakeFiles/auro_interfaces__rosidl_typesupport_c.dir/rosidl_typesupport_c/auro_interfaces/msg/item_list__type_support.cpp.o[0m
[10.902s] [ 26%] [32mBuilding CXX object CMakeFiles/auro_interfaces__rosidl_typesupport_c.dir/rosidl_typesupport_c/auro_interfaces/msg/direction__type_support.cpp.o[0m
[11.173s] [ 28%] [32mBuilding CXX object CMakeFiles/auro_interfaces__rosidl_typesupport_c.dir/rosidl_typesupport_c/auro_interfaces/srv/item_request__type_support.cpp.o[0m
[11.178s] [ 30%] [32mBuilding CXX object CMakeFiles/auro_interfaces__rosidl_typesupport_fastrtps_c.dir/rosidl_typesupport_fastrtps_c/auro_interfaces/msg/detail/string_with_pose__type_support_c.cpp.o[0m
[11.357s] [ 31%] [32m[1mLinking CXX shared library libauro_interfaces__rosidl_typesupport_c.so[0m
[11.669s] [ 31%] Built target auro_interfaces__rosidl_typesupport_c
[11.734s] [ 33%] [32mBuilding CXX object CMakeFiles/auro_interfaces__rosidl_typesupport_cpp.dir/rosidl_typesupport_cpp/auro_interfaces/msg/item__type_support.cpp.o[0m
[12.211s] [ 34%] [32mBuilding C object CMakeFiles/auro_interfaces__rosidl_typesupport_introspection_c.dir/rosidl_typesupport_introspection_c/auro_interfaces/msg/detail/string_with_pose__type_support.c.o[0m
[12.480s] [ 36%] [32mBuilding C object CMakeFiles/auro_interfaces__rosidl_typesupport_introspection_c.dir/rosidl_typesupport_introspection_c/auro_interfaces/msg/detail/item__type_support.c.o[0m
[12.576s] [ 38%] [32mBuilding CXX object CMakeFiles/auro_interfaces__rosidl_typesupport_cpp.dir/rosidl_typesupport_cpp/auro_interfaces/msg/item_list__type_support.cpp.o[0m
[12.827s] [ 39%] [32mBuilding C object CMakeFiles/auro_interfaces__rosidl_typesupport_introspection_c.dir/rosidl_typesupport_introspection_c/auro_interfaces/msg/detail/item_list__type_support.c.o[0m
[13.159s] [ 41%] [32mBuilding C object CMakeFiles/auro_interfaces__rosidl_typesupport_introspection_c.dir/rosidl_typesupport_introspection_c/auro_interfaces/msg/detail/direction__type_support.c.o[0m
[13.340s] [ 42%] [32mBuilding CXX object CMakeFiles/auro_interfaces__rosidl_typesupport_fastrtps_c.dir/rosidl_typesupport_fastrtps_c/auro_interfaces/msg/detail/item__type_support_c.cpp.o[0m
[13.457s] [ 44%] [32mBuilding CXX object CMakeFiles/auro_interfaces__rosidl_typesupport_fastrtps_c.dir/rosidl_typesupport_fastrtps_c/auro_interfaces/msg/detail/item_list__type_support_c.cpp.o[0m
[13.463s] [ 46%] [32mBuilding C object CMakeFiles/auro_interfaces__rosidl_typesupport_introspection_c.dir/rosidl_typesupport_introspection_c/auro_interfaces/srv/detail/item_request__type_support.c.o[0m
[13.939s] [ 47%] [32m[1mLinking C shared library libauro_interfaces__rosidl_typesupport_introspection_c.so[0m
[14.248s] [ 47%] Built target auro_interfaces__rosidl_typesupport_introspection_c
[14.450s] [ 49%] [34m[1mGenerating C++ type support for eProsima Fast-RTPS[0m
[15.567s] [ 50%] [32mBuilding CXX object CMakeFiles/auro_interfaces__rosidl_typesupport_cpp.dir/rosidl_typesupport_cpp/auro_interfaces/msg/direction__type_support.cpp.o[0m
[16.337s] [ 52%] [34m[1mGenerating C++ introspection for ROS interfaces[0m
[16.554s] [ 53%] [32mBuilding CXX object CMakeFiles/auro_interfaces__rosidl_typesupport_fastrtps_c.dir/rosidl_typesupport_fastrtps_c/auro_interfaces/msg/detail/direction__type_support_c.cpp.o[0m
[16.672s] [ 55%] [32mBuilding CXX object CMakeFiles/auro_interfaces__rosidl_typesupport_cpp.dir/rosidl_typesupport_cpp/auro_interfaces/srv/item_request__type_support.cpp.o[0m
[18.067s] [ 57%] [32m[1mLinking CXX shared library libauro_interfaces__rosidl_typesupport_cpp.so[0m
[18.419s] [ 57%] Built target auro_interfaces__rosidl_typesupport_cpp
[18.536s] [ 58%] [32mBuilding CXX object CMakeFiles/auro_interfaces__rosidl_typesupport_fastrtps_c.dir/rosidl_typesupport_fastrtps_c/auro_interfaces/srv/detail/item_request__type_support_c.cpp.o[0m
[18.709s] [ 60%] [32mBuilding CXX object CMakeFiles/auro_interfaces__rosidl_typesupport_fastrtps_cpp.dir/rosidl_typesupport_fastrtps_cpp/auro_interfaces/msg/detail/dds_fastrtps/string_with_pose__type_support.cpp.o[0m
[19.089s] [ 61%] [32mBuilding CXX object CMakeFiles/auro_interfaces__rosidl_typesupport_introspection_cpp.dir/rosidl_typesupport_introspection_cpp/auro_interfaces/msg/detail/string_with_pose__type_support.cpp.o[0m
[19.146s] [ 63%] [32mBuilding CXX object CMakeFiles/auro_interfaces__rosidl_typesupport_fastrtps_cpp.dir/rosidl_typesupport_fastrtps_cpp/auro_interfaces/msg/detail/dds_fastrtps/item__type_support.cpp.o[0m
[20.582s] [ 65%] [32mBuilding CXX object CMakeFiles/auro_interfaces__rosidl_typesupport_introspection_cpp.dir/rosidl_typesupport_introspection_cpp/auro_interfaces/msg/detail/item__type_support.cpp.o[0m
[20.602s] [ 66%] [32mBuilding CXX object CMakeFiles/auro_interfaces__rosidl_typesupport_fastrtps_cpp.dir/rosidl_typesupport_fastrtps_cpp/auro_interfaces/msg/detail/dds_fastrtps/item_list__type_support.cpp.o[0m
[21.554s] [ 68%] [32mBuilding CXX object CMakeFiles/auro_interfaces__rosidl_typesupport_introspection_cpp.dir/rosidl_typesupport_introspection_cpp/auro_interfaces/msg/detail/item_list__type_support.cpp.o[0m
[21.944s] [ 69%] [32m[1mLinking CXX shared library libauro_interfaces__rosidl_typesupport_fastrtps_c.so[0m
[22.174s] [ 71%] [32mBuilding CXX object CMakeFiles/auro_interfaces__rosidl_typesupport_fastrtps_cpp.dir/rosidl_typesupport_fastrtps_cpp/auro_interfaces/msg/detail/dds_fastrtps/direction__type_support.cpp.o[0m
[22.323s] [ 71%] Built target auro_interfaces__rosidl_typesupport_fastrtps_c
[22.400s] [ 73%] [32mBuilding CXX object CMakeFiles/auro_interfaces__rosidl_typesupport_introspection_cpp.dir/rosidl_typesupport_introspection_cpp/auro_interfaces/msg/detail/direction__type_support.cpp.o[0m
[23.937s] [ 74%] [32mBuilding CXX object CMakeFiles/auro_interfaces__rosidl_typesupport_fastrtps_cpp.dir/rosidl_typesupport_fastrtps_cpp/auro_interfaces/srv/detail/dds_fastrtps/item_request__type_support.cpp.o[0m
[24.794s] [ 76%] [32mBuilding CXX object CMakeFiles/auro_interfaces__rosidl_typesupport_introspection_cpp.dir/rosidl_typesupport_introspection_cpp/auro_interfaces/srv/detail/item_request__type_support.cpp.o[0m
[25.448s] [ 77%] [32m[1mLinking CXX shared library libauro_interfaces__rosidl_typesupport_fastrtps_cpp.so[0m
[25.739s] [ 77%] Built target auro_interfaces__rosidl_typesupport_fastrtps_cpp
[25.920s] [ 79%] [32m[1mLinking CXX shared library libauro_interfaces__rosidl_typesupport_introspection_cpp.so[0m
[26.138s] [ 79%] Built target auro_interfaces__rosidl_typesupport_introspection_cpp
[26.181s] [ 79%] Built target auro_interfaces
[26.230s] [ 80%] [34m[1mGenerating Python code for ROS interfaces[0m
[28.244s] [ 80%] Built target auro_interfaces__py
[28.274s] [ 82%] [32mBuilding C object CMakeFiles/auro_interfaces__rosidl_generator_py.dir/rosidl_generator_py/auro_interfaces/msg/_string_with_pose_s.c.o[0m
[28.485s] [ 84%] [32mBuilding C object CMakeFiles/auro_interfaces__rosidl_generator_py.dir/rosidl_generator_py/auro_interfaces/msg/_direction_s.c.o[0m
[28.675s] [ 85%] [32mBuilding C object CMakeFiles/auro_interfaces__rosidl_generator_py.dir/rosidl_generator_py/auro_interfaces/srv/_item_request_s.c.o[0m
[28.837s] [ 87%] [32mBuilding C object CMakeFiles/auro_interfaces__rosidl_generator_py.dir/rosidl_generator_py/auro_interfaces/msg/_item_list_s.c.o[0m
[28.996s] [ 88%] [32mBuilding C object CMakeFiles/auro_interfaces__rosidl_generator_py.dir/rosidl_generator_py/auro_interfaces/msg/_item_s.c.o[0m
[29.148s] [ 90%] [32m[1mLinking C shared library rosidl_generator_py/auro_interfaces/libauro_interfaces__rosidl_generator_py.so[0m
[29.215s] [ 90%] Built target auro_interfaces__rosidl_generator_py
[29.246s] [ 92%] [32mBuilding C object CMakeFiles/auro_interfaces__rosidl_typesupport_fastrtps_c__pyext.dir/rosidl_generator_py/auro_interfaces/_auro_interfaces_s.ep.rosidl_typesupport_fastrtps_c.c.o[0m
[29.446s] [ 93%] [32m[1mLinking C shared library rosidl_generator_py/auro_interfaces/auro_interfaces_s__rosidl_typesupport_fastrtps_c.cpython-310-x86_64-linux-gnu.so[0m
[29.508s] [ 93%] Built target auro_interfaces__rosidl_typesupport_fastrtps_c__pyext
[29.543s] [ 95%] [32mBuilding C object CMakeFiles/auro_interfaces__rosidl_typesupport_c__pyext.dir/rosidl_generator_py/auro_interfaces/_auro_interfaces_s.ep.rosidl_typesupport_c.c.o[0m
[29.734s] [ 96%] [32m[1mLinking C shared library rosidl_generator_py/auro_interfaces/auro_interfaces_s__rosidl_typesupport_c.cpython-310-x86_64-linux-gnu.so[0m
[29.793s] [ 96%] Built target auro_interfaces__rosidl_typesupport_c__pyext
[29.823s] [ 98%] [32mBuilding C object CMakeFiles/auro_interfaces__rosidl_typesupport_introspection_c__pyext.dir/rosidl_generator_py/auro_interfaces/_auro_interfaces_s.ep.rosidl_typesupport_introspection_c.c.o[0m
[30.002s] [100%] [32m[1mLinking C shared library rosidl_generator_py/auro_interfaces/auro_interfaces_s__rosidl_typesupport_introspection_c.cpython-310-x86_64-linux-gnu.so[0m
[30.068s] [100%] Built target auro_interfaces__rosidl_typesupport_introspection_c__pyext
[30.087s] Invoked command in '/workspace/build/auro_interfaces' returned '0': CMAKE_PREFIX_PATH=/opt/ros/humble /usr/bin/cmake --build /workspace/build/auro_interfaces -- -j4 -l4
[30.302s] Invoking command in '/workspace/build/auro_interfaces': CMAKE_PREFIX_PATH=/opt/ros/humble /usr/bin/cmake --install /workspace/build/auro_interfaces
[30.312s] -- Install configuration: ""
[30.313s] -- Execute custom install script
[30.313s] -- Symlinking: /workspace/install/auro_interfaces/share/ament_index/resource_index/rosidl_interfaces/auro_interfaces
[30.327s] -- Symlinking: /workspace/install/auro_interfaces/include/auro_interfaces/auro_interfaces/msg/detail/direction__functions.h
[30.341s] -- Symlinking: /workspace/install/auro_interfaces/include/auro_interfaces/auro_interfaces/msg/detail/direction__struct.h
[30.353s] -- Symlinking: /workspace/install/auro_interfaces/include/auro_interfaces/auro_interfaces/msg/detail/direction__type_support.h
[30.366s] -- Symlinking: /workspace/install/auro_interfaces/include/auro_interfaces/auro_interfaces/msg/detail/item__functions.h
[30.379s] -- Symlinking: /workspace/install/auro_interfaces/include/auro_interfaces/auro_interfaces/msg/detail/item__struct.h
[30.391s] -- Symlinking: /workspace/install/auro_interfaces/include/auro_interfaces/auro_interfaces/msg/detail/item__type_support.h
[30.404s] -- Symlinking: /workspace/install/auro_interfaces/include/auro_interfaces/auro_interfaces/msg/detail/item_list__functions.h
[30.416s] -- Symlinking: /workspace/install/auro_interfaces/include/auro_interfaces/auro_interfaces/msg/detail/item_list__struct.h
[30.429s] -- Symlinking: /workspace/install/auro_interfaces/include/auro_interfaces/auro_interfaces/msg/detail/item_list__type_support.h
[30.443s] -- Symlinking: /workspace/install/auro_interfaces/include/auro_interfaces/auro_interfaces/msg/detail/string_with_pose__functions.h
[30.455s] -- Symlinking: /workspace/install/auro_interfaces/include/auro_interfaces/auro_interfaces/msg/detail/string_with_pose__struct.h
[30.468s] -- Symlinking: /workspace/install/auro_interfaces/include/auro_interfaces/auro_interfaces/msg/detail/string_with_pose__type_support.h
[30.481s] -- Symlinking: /workspace/install/auro_interfaces/include/auro_interfaces/auro_interfaces/msg/direction.h
[30.494s] -- Symlinking: /workspace/install/auro_interfaces/include/auro_interfaces/auro_interfaces/msg/item.h
[30.507s] -- Symlinking: /workspace/install/auro_interfaces/include/auro_interfaces/auro_interfaces/msg/item_list.h
[30.519s] -- Symlinking: /workspace/install/auro_interfaces/include/auro_interfaces/auro_interfaces/msg/rosidl_generator_c__visibility_control.h
[30.532s] -- Symlinking: /workspace/install/auro_interfaces/include/auro_interfaces/auro_interfaces/msg/string_with_pose.h
[30.545s] -- Symlinking: /workspace/install/auro_interfaces/include/auro_interfaces/auro_interfaces/srv/detail/item_request__functions.h
[30.558s] -- Symlinking: /workspace/install/auro_interfaces/include/auro_interfaces/auro_interfaces/srv/detail/item_request__struct.h
[30.571s] -- Symlinking: /workspace/install/auro_interfaces/include/auro_interfaces/auro_interfaces/srv/detail/item_request__type_support.h
[30.584s] -- Symlinking: /workspace/install/auro_interfaces/include/auro_interfaces/auro_interfaces/srv/item_request.h
[30.597s] -- Symlinking: /workspace/install/auro_interfaces/share/auro_interfaces/environment/library_path.sh
[30.610s] -- Symlinking: /workspace/install/auro_interfaces/share/auro_interfaces/environment/library_path.dsv
[30.625s] -- Symlinking: /workspace/install/auro_interfaces/include/auro_interfaces/auro_interfaces/msg/detail/direction__rosidl_typesupport_fastrtps_c.h
[30.642s] -- Symlinking: /workspace/install/auro_interfaces/include/auro_interfaces/auro_interfaces/msg/detail/item__rosidl_typesupport_fastrtps_c.h
[30.655s] -- Symlinking: /workspace/install/auro_interfaces/include/auro_interfaces/auro_interfaces/msg/detail/item_list__rosidl_typesupport_fastrtps_c.h
[30.669s] -- Symlinking: /workspace/install/auro_interfaces/include/auro_interfaces/auro_interfaces/msg/detail/string_with_pose__rosidl_typesupport_fastrtps_c.h
[30.681s] -- Symlinking: /workspace/install/auro_interfaces/include/auro_interfaces/auro_interfaces/msg/rosidl_typesupport_fastrtps_c__visibility_control.h
[30.695s] -- Symlinking: /workspace/install/auro_interfaces/include/auro_interfaces/auro_interfaces/srv/detail/item_request__rosidl_typesupport_fastrtps_c.h
[30.709s] -- Symlinking: /workspace/install/auro_interfaces/include/auro_interfaces/auro_interfaces/msg/detail/direction__builder.hpp
[30.721s] -- Symlinking: /workspace/install/auro_interfaces/include/auro_interfaces/auro_interfaces/msg/detail/direction__struct.hpp
[30.735s] -- Symlinking: /workspace/install/auro_interfaces/include/auro_interfaces/auro_interfaces/msg/detail/direction__traits.hpp
[30.747s] -- Symlinking: /workspace/install/auro_interfaces/include/auro_interfaces/auro_interfaces/msg/detail/item__builder.hpp
[30.759s] -- Symlinking: /workspace/install/auro_interfaces/include/auro_interfaces/auro_interfaces/msg/detail/item__struct.hpp
[30.772s] -- Symlinking: /workspace/install/auro_interfaces/include/auro_interfaces/auro_interfaces/msg/detail/item__traits.hpp
[30.784s] -- Symlinking: /workspace/install/auro_interfaces/include/auro_interfaces/auro_interfaces/msg/detail/item_list__builder.hpp
[30.796s] -- Symlinking: /workspace/install/auro_interfaces/include/auro_interfaces/auro_interfaces/msg/detail/item_list__struct.hpp
[30.808s] -- Symlinking: /workspace/install/auro_interfaces/include/auro_interfaces/auro_interfaces/msg/detail/item_list__traits.hpp
[30.821s] -- Symlinking: /workspace/install/auro_interfaces/include/auro_interfaces/auro_interfaces/msg/detail/string_with_pose__builder.hpp
[30.834s] -- Symlinking: /workspace/install/auro_interfaces/include/auro_interfaces/auro_interfaces/msg/detail/string_with_pose__struct.hpp
[30.846s] -- Symlinking: /workspace/install/auro_interfaces/include/auro_interfaces/auro_interfaces/msg/detail/string_with_pose__traits.hpp
[30.858s] -- Symlinking: /workspace/install/auro_interfaces/include/auro_interfaces/auro_interfaces/msg/direction.hpp
[30.871s] -- Symlinking: /workspace/install/auro_interfaces/include/auro_interfaces/auro_interfaces/msg/item.hpp
[30.883s] -- Symlinking: /workspace/install/auro_interfaces/include/auro_interfaces/auro_interfaces/msg/item_list.hpp
[30.895s] -- Symlinking: /workspace/install/auro_interfaces/include/auro_interfaces/auro_interfaces/msg/string_with_pose.hpp
[30.908s] -- Symlinking: /workspace/install/auro_interfaces/include/auro_interfaces/auro_interfaces/srv/detail/item_request__builder.hpp
[30.920s] -- Symlinking: /workspace/install/auro_interfaces/include/auro_interfaces/auro_interfaces/srv/detail/item_request__struct.hpp
[30.933s] -- Symlinking: /workspace/install/auro_interfaces/include/auro_interfaces/auro_interfaces/srv/detail/item_request__traits.hpp
[30.946s] -- Symlinking: /workspace/install/auro_interfaces/include/auro_interfaces/auro_interfaces/srv/item_request.hpp
[30.959s] -- Symlinking: /workspace/install/auro_interfaces/include/auro_interfaces/auro_interfaces/msg/detail/direction__rosidl_typesupport_fastrtps_cpp.hpp
[30.972s] -- Symlinking: /workspace/install/auro_interfaces/include/auro_interfaces/auro_interfaces/msg/detail/item__rosidl_typesupport_fastrtps_cpp.hpp
[30.984s] -- Symlinking: /workspace/install/auro_interfaces/include/auro_interfaces/auro_interfaces/msg/detail/item_list__rosidl_typesupport_fastrtps_cpp.hpp
[30.997s] -- Symlinking: /workspace/install/auro_interfaces/include/auro_interfaces/auro_interfaces/msg/detail/string_with_pose__rosidl_typesupport_fastrtps_cpp.hpp
[31.009s] -- Symlinking: /workspace/install/auro_interfaces/include/auro_interfaces/auro_interfaces/msg/rosidl_typesupport_fastrtps_cpp__visibility_control.h
[31.021s] -- Symlinking: /workspace/install/auro_interfaces/include/auro_interfaces/auro_interfaces/srv/detail/item_request__rosidl_typesupport_fastrtps_cpp.hpp
[31.035s] -- Symlinking: /workspace/install/auro_interfaces/include/auro_interfaces/auro_interfaces/msg/detail/direction__rosidl_typesupport_introspection_c.h
[31.052s] -- Symlinking: /workspace/install/auro_interfaces/include/auro_interfaces/auro_interfaces/msg/detail/item__rosidl_typesupport_introspection_c.h
[31.063s] -- Symlinking: /workspace/install/auro_interfaces/include/auro_interfaces/auro_interfaces/msg/detail/item_list__rosidl_typesupport_introspection_c.h
[31.076s] -- Symlinking: /workspace/install/auro_interfaces/include/auro_interfaces/auro_interfaces/msg/detail/string_with_pose__rosidl_typesupport_introspection_c.h
[31.088s] -- Symlinking: /workspace/install/auro_interfaces/include/auro_interfaces/auro_interfaces/msg/rosidl_typesupport_introspection_c__visibility_control.h
[31.100s] -- Symlinking: /workspace/install/auro_interfaces/include/auro_interfaces/auro_interfaces/srv/detail/item_request__rosidl_typesupport_introspection_c.h
[31.113s] -- Symlinking: /workspace/install/auro_interfaces/include/auro_interfaces/auro_interfaces/msg/detail/direction__rosidl_typesupport_introspection_cpp.hpp
[31.125s] -- Symlinking: /workspace/install/auro_interfaces/include/auro_interfaces/auro_interfaces/msg/detail/item__rosidl_typesupport_introspection_cpp.hpp
[31.138s] -- Symlinking: /workspace/install/auro_interfaces/include/auro_interfaces/auro_interfaces/msg/detail/item_list__rosidl_typesupport_introspection_cpp.hpp
[31.150s] -- Symlinking: /workspace/install/auro_interfaces/include/auro_interfaces/auro_interfaces/msg/detail/string_with_pose__rosidl_typesupport_introspection_cpp.hpp
[31.163s] -- Symlinking: /workspace/install/auro_interfaces/include/auro_interfaces/auro_interfaces/srv/detail/item_request__rosidl_typesupport_introspection_cpp.hpp
[31.176s] -- Symlinking: /workspace/install/auro_interfaces/share/auro_interfaces/environment/pythonpath.sh
[31.188s] -- Symlinking: /workspace/install/auro_interfaces/share/auro_interfaces/environment/pythonpath.dsv
[31.201s] -- Symlinking: /workspace/install/auro_interfaces/local/lib/python3.10/dist-packages/auro_interfaces-0.0.0-py3.10.egg-info/PKG-INFO
[31.213s] -- Symlinking: /workspace/install/auro_interfaces/local/lib/python3.10/dist-packages/auro_interfaces-0.0.0-py3.10.egg-info/SOURCES.txt
[31.225s] -- Symlinking: /workspace/install/auro_interfaces/local/lib/python3.10/dist-packages/auro_interfaces-0.0.0-py3.10.egg-info/dependency_links.txt
[31.239s] -- Symlinking: /workspace/install/auro_interfaces/local/lib/python3.10/dist-packages/auro_interfaces-0.0.0-py3.10.egg-info/top_level.txt
[31.257s] -- Symlinking: /workspace/install/auro_interfaces/local/lib/python3.10/dist-packages/auro_interfaces/__init__.py
[31.272s] -- Symlinking: /workspace/install/auro_interfaces/local/lib/python3.10/dist-packages/auro_interfaces/_auro_interfaces_s.ep.rosidl_typesupport_c.c
[31.291s] -- Symlinking: /workspace/install/auro_interfaces/local/lib/python3.10/dist-packages/auro_interfaces/_auro_interfaces_s.ep.rosidl_typesupport_fastrtps_c.c
[31.307s] -- Symlinking: /workspace/install/auro_interfaces/local/lib/python3.10/dist-packages/auro_interfaces/_auro_interfaces_s.ep.rosidl_typesupport_introspection_c.c
[31.321s] -- Symlinking: /workspace/install/auro_interfaces/local/lib/python3.10/dist-packages/auro_interfaces/auro_interfaces_s__rosidl_typesupport_c.cpython-310-x86_64-linux-gnu.so
[31.335s] -- Symlinking: /workspace/install/auro_interfaces/local/lib/python3.10/dist-packages/auro_interfaces/auro_interfaces_s__rosidl_typesupport_fastrtps_c.cpython-310-x86_64-linux-gnu.so
[31.348s] -- Symlinking: /workspace/install/auro_interfaces/local/lib/python3.10/dist-packages/auro_interfaces/auro_interfaces_s__rosidl_typesupport_introspection_c.cpython-310-x86_64-linux-gnu.so
[31.362s] -- Symlinking: /workspace/install/auro_interfaces/local/lib/python3.10/dist-packages/auro_interfaces/libauro_interfaces__rosidl_generator_py.so
[31.375s] -- Symlinking: /workspace/install/auro_interfaces/local/lib/python3.10/dist-packages/auro_interfaces/msg/__init__.py
[31.391s] -- Symlinking: /workspace/install/auro_interfaces/local/lib/python3.10/dist-packages/auro_interfaces/msg/_direction.py
[31.404s] -- Symlinking: /workspace/install/auro_interfaces/local/lib/python3.10/dist-packages/auro_interfaces/msg/_direction_s.c
[31.417s] -- Symlinking: /workspace/install/auro_interfaces/local/lib/python3.10/dist-packages/auro_interfaces/msg/_item.py
[31.429s] -- Symlinking: /workspace/install/auro_interfaces/local/lib/python3.10/dist-packages/auro_interfaces/msg/_item_list.py
[31.442s] -- Symlinking: /workspace/install/auro_interfaces/local/lib/python3.10/dist-packages/auro_interfaces/msg/_item_list_s.c
[31.455s] -- Symlinking: /workspace/install/auro_interfaces/local/lib/python3.10/dist-packages/auro_interfaces/msg/_item_s.c
[31.467s] -- Symlinking: /workspace/install/auro_interfaces/local/lib/python3.10/dist-packages/auro_interfaces/msg/_string_with_pose.py
[31.480s] -- Symlinking: /workspace/install/auro_interfaces/local/lib/python3.10/dist-packages/auro_interfaces/msg/_string_with_pose_s.c
[31.493s] -- Symlinking: /workspace/install/auro_interfaces/local/lib/python3.10/dist-packages/auro_interfaces/srv/__init__.py
[31.510s] -- Symlinking: /workspace/install/auro_interfaces/local/lib/python3.10/dist-packages/auro_interfaces/srv/_item_request.py
[31.522s] -- Symlinking: /workspace/install/auro_interfaces/local/lib/python3.10/dist-packages/auro_interfaces/srv/_item_request_s.c
[31.536s] -- Up-to-date symlink: /workspace/install/auro_interfaces/local/lib/python3.10/dist-packages/auro_interfaces/auro_interfaces_s__rosidl_typesupport_fastrtps_c.cpython-310-x86_64-linux-gnu.so
[31.536s] -- Up-to-date symlink: /workspace/install/auro_interfaces/local/lib/python3.10/dist-packages/auro_interfaces/auro_interfaces_s__rosidl_typesupport_introspection_c.cpython-310-x86_64-linux-gnu.so
[31.537s] -- Up-to-date symlink: /workspace/install/auro_interfaces/local/lib/python3.10/dist-packages/auro_interfaces/auro_interfaces_s__rosidl_typesupport_c.cpython-310-x86_64-linux-gnu.so
[31.537s] -- Symlinking: /workspace/install/auro_interfaces/share/auro_interfaces/msg/StringWithPose.idl
[31.550s] -- Symlinking: /workspace/install/auro_interfaces/share/auro_interfaces/msg/Item.idl
[31.562s] -- Symlinking: /workspace/install/auro_interfaces/share/auro_interfaces/msg/ItemList.idl
[31.575s] -- Symlinking: /workspace/install/auro_interfaces/share/auro_interfaces/msg/Direction.idl
[31.587s] -- Symlinking: /workspace/install/auro_interfaces/share/auro_interfaces/srv/ItemRequest.idl
[31.599s] -- Symlinking: /workspace/install/auro_interfaces/share/auro_interfaces/msg/StringWithPose.msg
[31.612s] -- Symlinking: /workspace/install/auro_interfaces/share/auro_interfaces/msg/Item.msg
[31.625s] -- Symlinking: /workspace/install/auro_interfaces/share/auro_interfaces/msg/ItemList.msg
[31.638s] -- Symlinking: /workspace/install/auro_interfaces/share/auro_interfaces/msg/Direction.msg
[31.650s] -- Symlinking: /workspace/install/auro_interfaces/share/auro_interfaces/srv/ItemRequest.srv
[31.663s] -- Symlinking: /workspace/install/auro_interfaces/share/auro_interfaces/srv/ItemRequest_Request.msg
[31.675s] -- Symlinking: /workspace/install/auro_interfaces/share/auro_interfaces/srv/ItemRequest_Response.msg
[31.688s] -- Symlinking: /workspace/install/auro_interfaces/share/ament_index/resource_index/package_run_dependencies/auro_interfaces
[31.700s] -- Symlinking: /workspace/install/auro_interfaces/share/ament_index/resource_index/parent_prefix_path/auro_interfaces
[31.713s] -- Symlinking: /workspace/install/auro_interfaces/share/auro_interfaces/environment/ament_prefix_path.sh
[31.725s] -- Symlinking: /workspace/install/auro_interfaces/share/auro_interfaces/environment/ament_prefix_path.dsv
[31.739s] -- Symlinking: /workspace/install/auro_interfaces/share/auro_interfaces/environment/path.sh
[31.752s] -- Symlinking: /workspace/install/auro_interfaces/share/auro_interfaces/environment/path.dsv
[31.768s] -- Symlinking: /workspace/install/auro_interfaces/share/auro_interfaces/local_setup.bash
[31.780s] -- Symlinking: /workspace/install/auro_interfaces/share/auro_interfaces/local_setup.sh
[31.793s] -- Symlinking: /workspace/install/auro_interfaces/share/auro_interfaces/local_setup.zsh
[31.805s] -- Symlinking: /workspace/install/auro_interfaces/share/auro_interfaces/local_setup.dsv
[31.818s] -- Symlinking: /workspace/install/auro_interfaces/share/auro_interfaces/package.dsv
[31.831s] -- Symlinking: /workspace/install/auro_interfaces/share/ament_index/resource_index/packages/auro_interfaces
[31.844s] -- Symlinking: /workspace/install/auro_interfaces/share/auro_interfaces/cmake/rosidl_cmake-extras.cmake
[31.857s] -- Symlinking: /workspace/install/auro_interfaces/share/auro_interfaces/cmake/ament_cmake_export_dependencies-extras.cmake
[31.869s] -- Symlinking: /workspace/install/auro_interfaces/share/auro_interfaces/cmake/ament_cmake_export_include_directories-extras.cmake
[31.882s] -- Symlinking: /workspace/install/auro_interfaces/share/auro_interfaces/cmake/ament_cmake_export_libraries-extras.cmake
[31.895s] -- Symlinking: /workspace/install/auro_interfaces/share/auro_interfaces/cmake/ament_cmake_export_targets-extras.cmake
[31.907s] -- Symlinking: /workspace/install/auro_interfaces/share/auro_interfaces/cmake/rosidl_cmake_export_typesupport_targets-extras.cmake
[31.920s] -- Symlinking: /workspace/install/auro_interfaces/share/auro_interfaces/cmake/rosidl_cmake_export_typesupport_libraries-extras.cmake
[31.932s] -- Symlinking: /workspace/install/auro_interfaces/share/auro_interfaces/cmake/auro_interfacesConfig.cmake
[31.945s] -- Symlinking: /workspace/install/auro_interfaces/share/auro_interfaces/cmake/auro_interfacesConfig-version.cmake
[31.957s] -- Symlinking: /workspace/install/auro_interfaces/share/auro_interfaces/package.xml
[31.970s] -- Installing: /workspace/install/auro_interfaces/lib/libauro_interfaces__rosidl_generator_c.so
[31.971s] -- Set runtime path of "/workspace/install/auro_interfaces/lib/libauro_interfaces__rosidl_generator_c.so" to ""
[31.971s] -- Installing: /workspace/install/auro_interfaces/lib/libauro_interfaces__rosidl_typesupport_fastrtps_c.so
[31.972s] -- Set runtime path of "/workspace/install/auro_interfaces/lib/libauro_interfaces__rosidl_typesupport_fastrtps_c.so" to ""
[31.972s] -- Installing: /workspace/install/auro_interfaces/lib/libauro_interfaces__rosidl_typesupport_fastrtps_cpp.so
[31.973s] -- Set runtime path of "/workspace/install/auro_interfaces/lib/libauro_interfaces__rosidl_typesupport_fastrtps_cpp.so" to ""
[31.974s] -- Installing: /workspace/install/auro_interfaces/lib/libauro_interfaces__rosidl_typesupport_introspection_c.so
[31.974s] -- Set runtime path of "/workspace/install/auro_interfaces/lib/libauro_interfaces__rosidl_typesupport_introspection_c.so" to ""
[31.975s] -- Installing: /workspace/install/auro_interfaces/lib/libauro_interfaces__rosidl_typesupport_c.so
[31.975s] -- Set runtime path of "/workspace/install/auro_interfaces/lib/libauro_interfaces__rosidl_typesupport_c.so" to ""
[31.976s] -- Installing: /workspace/install/auro_interfaces/lib/libauro_interfaces__rosidl_typesupport_introspection_cpp.so
[31.977s] -- Set runtime path of "/workspace/install/auro_interfaces/lib/libauro_interfaces__rosidl_typesupport_introspection_cpp.so" to ""
[31.977s] -- Installing: /workspace/install/auro_interfaces/lib/libauro_interfaces__rosidl_typesupport_cpp.so
[31.977s] -- Set runtime path of "/workspace/install/auro_interfaces/lib/libauro_interfaces__rosidl_typesupport_cpp.so" to ""
[32.030s] Listing '/workspace/install/auro_interfaces/local/lib/python3.10/dist-packages/auro_interfaces'...
[32.030s] Compiling '/workspace/install/auro_interfaces/local/lib/python3.10/dist-packages/auro_interfaces/__init__.py'...
[32.030s] Listing '/workspace/install/auro_interfaces/local/lib/python3.10/dist-packages/auro_interfaces/msg'...
[32.030s] Compiling '/workspace/install/auro_interfaces/local/lib/python3.10/dist-packages/auro_interfaces/msg/__init__.py'...
[32.030s] Compiling '/workspace/install/auro_interfaces/local/lib/python3.10/dist-packages/auro_interfaces/msg/_direction.py'...
[32.030s] Compiling '/workspace/install/auro_interfaces/local/lib/python3.10/dist-packages/auro_interfaces/msg/_item.py'...
[32.031s] Compiling '/workspace/install/auro_interfaces/local/lib/python3.10/dist-packages/auro_interfaces/msg/_item_list.py'...
[32.031s] Compiling '/workspace/install/auro_interfaces/local/lib/python3.10/dist-packages/auro_interfaces/msg/_string_with_pose.py'...
[32.031s] Listing '/workspace/install/auro_interfaces/local/lib/python3.10/dist-packages/auro_interfaces/srv'...
[32.031s] Compiling '/workspace/install/auro_interfaces/local/lib/python3.10/dist-packages/auro_interfaces/srv/__init__.py'...
[32.031s] Compiling '/workspace/install/auro_interfaces/local/lib/python3.10/dist-packages/auro_interfaces/srv/_item_request.py'...
[32.037s] -- Installing: /workspace/install/auro_interfaces/lib/libauro_interfaces__rosidl_generator_py.so
[32.037s] -- Set runtime path of "/workspace/install/auro_interfaces/lib/libauro_interfaces__rosidl_generator_py.so" to ""
[32.038s] -- Installing: /workspace/install/auro_interfaces/share/auro_interfaces/cmake/export_auro_interfaces__rosidl_generator_cExport.cmake
[32.038s] -- Installing: /workspace/install/auro_interfaces/share/auro_interfaces/cmake/export_auro_interfaces__rosidl_generator_cExport-noconfig.cmake
[32.038s] -- Installing: /workspace/install/auro_interfaces/share/auro_interfaces/cmake/export_auro_interfaces__rosidl_typesupport_fastrtps_cExport.cmake
[32.039s] -- Installing: /workspace/install/auro_interfaces/share/auro_interfaces/cmake/export_auro_interfaces__rosidl_typesupport_fastrtps_cExport-noconfig.cmake
[32.039s] -- Installing: /workspace/install/auro_interfaces/share/auro_interfaces/cmake/export_auro_interfaces__rosidl_generator_cppExport.cmake
[32.039s] -- Installing: /workspace/install/auro_interfaces/share/auro_interfaces/cmake/export_auro_interfaces__rosidl_typesupport_fastrtps_cppExport.cmake
[32.040s] -- Installing: /workspace/install/auro_interfaces/share/auro_interfaces/cmake/export_auro_interfaces__rosidl_typesupport_fastrtps_cppExport-noconfig.cmake
[32.040s] -- Installing: /workspace/install/auro_interfaces/share/auro_interfaces/cmake/auro_interfaces__rosidl_typesupport_introspection_cExport.cmake
[32.040s] -- Installing: /workspace/install/auro_interfaces/share/auro_interfaces/cmake/auro_interfaces__rosidl_typesupport_introspection_cExport-noconfig.cmake
[32.041s] -- Installing: /workspace/install/auro_interfaces/share/auro_interfaces/cmake/auro_interfaces__rosidl_typesupport_cExport.cmake
[32.041s] -- Installing: /workspace/install/auro_interfaces/share/auro_interfaces/cmake/auro_interfaces__rosidl_typesupport_cExport-noconfig.cmake
[32.041s] -- Installing: /workspace/install/auro_interfaces/share/auro_interfaces/cmake/auro_interfaces__rosidl_typesupport_introspection_cppExport.cmake
[32.042s] -- Installing: /workspace/install/auro_interfaces/share/auro_interfaces/cmake/auro_interfaces__rosidl_typesupport_introspection_cppExport-noconfig.cmake
[32.042s] -- Installing: /workspace/install/auro_interfaces/share/auro_interfaces/cmake/auro_interfaces__rosidl_typesupport_cppExport.cmake
[32.042s] -- Installing: /workspace/install/auro_interfaces/share/auro_interfaces/cmake/auro_interfaces__rosidl_typesupport_cppExport-noconfig.cmake
[32.043s] -- Installing: /workspace/install/auro_interfaces/share/auro_interfaces/cmake/export_auro_interfaces__rosidl_generator_pyExport.cmake
[32.043s] -- Installing: /workspace/install/auro_interfaces/share/auro_interfaces/cmake/export_auro_interfaces__rosidl_generator_pyExport-noconfig.cmake
[32.047s] Invoked command in '/workspace/build/auro_interfaces' returned '0': CMAKE_PREFIX_PATH=/opt/ros/humble /usr/bin/cmake --install /workspace/build/auro_interfaces
