[1.922s] Invoking command in '/workspace/build/week_6': PYTHONPATH=/workspace/build/week_6/prefix_override:/usr/lib/python3/dist-packages/colcon_core/task/python/colcon_distutils_commands:/workspace/install/week_6/lib/python3.10/site-packages:${PYTHONPATH} /usr/bin/python3 -W ignore:setup.py install is deprecated setup.py develop --editable --build-directory /workspace/build/week_6/build --no-deps symlink_data
[2.526s] running develop
[2.528s] /usr/lib/python3/dist-packages/setuptools/command/easy_install.py:158: EasyInstallDeprecationWarning: easy_install command is deprecated. Use build and pip and other standards-based tools.
[2.528s]   warnings.warn(
[2.783s] running egg_info
[2.783s] writing week_6.egg-info/PKG-INFO
[2.783s] writing dependency_links to week_6.egg-info/dependency_links.txt
[2.784s] writing entry points to week_6.egg-info/entry_points.txt
[2.784s] writing requirements to week_6.egg-info/requires.txt
[2.784s] writing top-level names to week_6.egg-info/top_level.txt
[2.787s] reading manifest file 'week_6.egg-info/SOURCES.txt'
[2.790s] writing manifest file 'week_6.egg-info/SOURCES.txt'
[2.796s] running build_ext
[2.801s] Creating /workspace/install/week_6/lib/python3.10/site-packages/week-6.egg-link (link to .)
[2.802s] Installing lidar_fault script to /workspace/install/week_6/lib/week_6
[2.802s] Installing robot_controller script to /workspace/install/week_6/lib/week_6
[2.802s] 
[2.802s] Installed /workspace/build/week_6
[2.803s] running symlink_data
[3.375s] Invoked command in '/workspace/build/week_6' returned '0': PYTHONPATH=/workspace/build/week_6/prefix_override:/usr/lib/python3/dist-packages/colcon_core/task/python/colcon_distutils_commands:/workspace/install/week_6/lib/python3.10/site-packages:${PYTHONPATH} /usr/bin/python3 -W ignore:setup.py install is deprecated setup.py develop --editable --build-directory /workspace/build/week_6/build --no-deps symlink_data
