/usr/lib/python3/dist-packages/setuptools/command/easy_install.py:158: EasyInstallDeprecationWarning: easy_install command is deprecated. Use build and pip and other standards-based tools.
  warnings.warn(
running develop
running egg_info
creating tf_relay.egg-info
writing tf_relay.egg-info/PKG-INFO
writing dependency_links to tf_relay.egg-info/dependency_links.txt
writing entry points to tf_relay.egg-info/entry_points.txt
writing requirements to tf_relay.egg-info/requires.txt
writing top-level names to tf_relay.egg-info/top_level.txt
writing manifest file 'tf_relay.egg-info/SOURCES.txt'
reading manifest file 'tf_relay.egg-info/SOURCES.txt'
writing manifest file 'tf_relay.egg-info/SOURCES.txt'
running build_ext
Creating /workspace/install/tf_relay/lib/python3.10/site-packages/tf-relay.egg-link (link to .)
Installing relay script to /workspace/install/tf_relay/lib/tf_relay

Installed /workspace/build/tf_relay
running symlink_data
creating /workspace/install/tf_relay/share/ament_index
creating /workspace/install/tf_relay/share/ament_index/resource_index
creating /workspace/install/tf_relay/share/ament_index/resource_index/packages
symbolically linking /workspace/build/tf_relay/resource/tf_relay -> /workspace/install/tf_relay/share/ament_index/resource_index/packages
symbolically linking /workspace/build/tf_relay/package.xml -> /workspace/install/tf_relay/share/tf_relay
