[1.802s] Invoking command in '/workspace/build/tf_relay': PYTHONPATH=/workspace/build/tf_relay/prefix_override:/usr/lib/python3/dist-packages/colcon_core/task/python/colcon_distutils_commands:/workspace/install/tf_relay/lib/python3.10/site-packages:${PYTHONPATH} /usr/bin/python3 -W ignore:setup.py install is deprecated setup.py develop --editable --build-directory /workspace/build/tf_relay/build --no-deps symlink_data
[2.561s] /usr/lib/python3/dist-packages/setuptools/command/easy_install.py:158: EasyInstallDeprecationWarning: easy_install command is deprecated. Use build and pip and other standards-based tools.
[2.561s]   warnings.warn(
[2.562s] running develop
[2.941s] running egg_info
[2.941s] creating tf_relay.egg-info
[2.942s] writing tf_relay.egg-info/PKG-INFO
[2.942s] writing dependency_links to tf_relay.egg-info/dependency_links.txt
[2.942s] writing entry points to tf_relay.egg-info/entry_points.txt
[2.942s] writing requirements to tf_relay.egg-info/requires.txt
[2.942s] writing top-level names to tf_relay.egg-info/top_level.txt
[2.943s] writing manifest file 'tf_relay.egg-info/SOURCES.txt'
[2.946s] reading manifest file 'tf_relay.egg-info/SOURCES.txt'
[2.947s] writing manifest file 'tf_relay.egg-info/SOURCES.txt'
[2.950s] running build_ext
[2.950s] Creating /workspace/install/tf_relay/lib/python3.10/site-packages/tf-relay.egg-link (link to .)
[2.954s] Installing relay script to /workspace/install/tf_relay/lib/tf_relay
[2.954s] 
[2.954s] Installed /workspace/build/tf_relay
[2.954s] running symlink_data
[2.954s] creating /workspace/install/tf_relay/share/ament_index
[2.954s] creating /workspace/install/tf_relay/share/ament_index/resource_index
[2.955s] creating /workspace/install/tf_relay/share/ament_index/resource_index/packages
[2.955s] symbolically linking /workspace/build/tf_relay/resource/tf_relay -> /workspace/install/tf_relay/share/ament_index/resource_index/packages
[2.955s] symbolically linking /workspace/build/tf_relay/package.xml -> /workspace/install/tf_relay/share/tf_relay
[3.017s] Invoked command in '/workspace/build/tf_relay' returned '0': PYTHONPATH=/workspace/build/tf_relay/prefix_override:/usr/lib/python3/dist-packages/colcon_core/task/python/colcon_distutils_commands:/workspace/install/tf_relay/lib/python3.10/site-packages:${PYTHONPATH} /usr/bin/python3 -W ignore:setup.py install is deprecated setup.py develop --editable --build-directory /workspace/build/tf_relay/build --no-deps symlink_data
