[1.195s] Invoking command in '/workspace/build/assessment': LD_LIBRARY_PATH=/workspace/install/auro_interfaces/lib:/workspace/install/assessment_interfaces/lib:/opt/ros/humble/opt/rviz_ogre_vendor/lib:/opt/ros/humble/lib/x86_64-linux-gnu:/opt/ros/humble/lib:/usr/lib/x86_64-linux-gnu/gazebo-11/plugins PYTHONPATH=/workspace/build/assessment/prefix_override:/usr/lib/python3/dist-packages/colcon_core/task/python/colcon_distutils_commands:/workspace/install/assessment/lib/python3.10/site-packages:${PYTHONPATH} /usr/bin/python3 -W ignore:setup.py install is deprecated setup.py develop --editable --build-directory /workspace/build/assessment/build --no-deps symlink_data --force
[1.549s] running develop
[1.549s] /usr/lib/python3/dist-packages/setuptools/command/easy_install.py:158: EasyInstallDeprecationWarning: easy_install command is deprecated. Use build and pip and other standards-based tools.
[1.549s]   warnings.warn(
[1.755s] running egg_info
[1.755s] writing assessment.egg-info/PKG-INFO
[1.755s] writing dependency_links to assessment.egg-info/dependency_links.txt
[1.756s] writing entry points to assessment.egg-info/entry_points.txt
[1.756s] writing requirements to assessment.egg-info/requires.txt
[1.756s] writing top-level names to assessment.egg-info/top_level.txt
[1.760s] reading manifest file 'assessment.egg-info/SOURCES.txt'
[1.762s] writing manifest file 'assessment.egg-info/SOURCES.txt'
[1.764s] running build_ext
[1.765s] Creating /workspace/install/assessment/lib/python3.10/site-packages/assessment.egg-link (link to .)
[1.766s] Installing back_and_forth_controller script to /workspace/install/assessment/lib/assessment
[1.766s] Installing collision_detector script to /workspace/install/assessment/lib/assessment
[1.767s] Installing item_manager script to /workspace/install/assessment/lib/assessment
[1.767s] Installing item_sensor script to /workspace/install/assessment/lib/assessment
[1.767s] Installing lidar_sensor script to /workspace/install/assessment/lib/assessment
[1.767s] Installing priority_manager script to /workspace/install/assessment/lib/assessment
[1.767s] Installing robot_controller script to /workspace/install/assessment/lib/assessment
[1.768s] Installing robot_sensor script to /workspace/install/assessment/lib/assessment
[1.768s] Installing zone_sensor script to /workspace/install/assessment/lib/assessment
[1.768s] 
[1.768s] Installed /workspace/build/assessment
[1.768s] running symlink_data
[1.769s] symbolically linking /workspace/build/assessment/resource/assessment -> /workspace/install/assessment/share/ament_index/resource_index/packages
[1.769s] symbolically linking /workspace/build/assessment/package.xml -> /workspace/install/assessment/share/assessment
[1.769s] symbolically linking /workspace/build/assessment/models/media/materials/scripts/outline_vertex_shader.glsl -> /workspace/install/assessment/share/assessment/models/media/materials/scripts
[1.769s] symbolically linking /workspace/build/assessment/models/media/materials/scripts/assessment_materials.material -> /workspace/install/assessment/share/assessment/models/media/materials/scripts
[1.769s] symbolically linking /workspace/build/assessment/models/media/materials/scripts/outline_fragment_shader.glsl -> /workspace/install/assessment/share/assessment/models/media/materials/scripts
[1.770s] symbolically linking /workspace/build/assessment/models/waffle_pi_common/model.config -> /workspace/install/assessment/share/assessment/models/waffle_pi_common
[1.770s] symbolically linking /workspace/build/assessment/models/waffle_pi_common/meshes/lds_smooth.dae -> /workspace/install/assessment/share/assessment/models/waffle_pi_common/meshes
[1.770s] symbolically linking /workspace/build/assessment/models/waffle_pi_common/meshes/waffle_pi_base_smooth.dae -> /workspace/install/assessment/share/assessment/models/waffle_pi_common/meshes
[1.770s] symbolically linking /workspace/build/assessment/models/waffle_pi_common/meshes/tire_smooth.dae -> /workspace/install/assessment/share/assessment/models/waffle_pi_common/meshes
[1.771s] symbolically linking /workspace/build/assessment/models/waffle_pi/model.config -> /workspace/install/assessment/share/assessment/models/waffle_pi
[1.771s] symbolically linking /workspace/build/assessment/models/waffle_pi/model.sdf -> /workspace/install/assessment/share/assessment/models/waffle_pi
[1.771s] symbolically linking /workspace/build/assessment/models/item/model.config -> /workspace/install/assessment/share/assessment/models/item
[1.771s] symbolically linking /workspace/build/assessment/models/item/model.sdf -> /workspace/install/assessment/share/assessment/models/item
[1.771s] symbolically linking /workspace/build/assessment/models/assessment_world/model.config -> /workspace/install/assessment/share/assessment/models/assessment_world
[1.771s] symbolically linking /workspace/build/assessment/models/assessment_world/model.sdf -> /workspace/install/assessment/share/assessment/models/assessment_world
[1.772s] symbolically linking /workspace/build/assessment/launch/bringup_launch.py -> /workspace/install/assessment/share/assessment/launch/
[1.772s] symbolically linking /workspace/build/assessment/launch/assessment_launch.py -> /workspace/install/assessment/share/assessment/launch/
[1.772s] symbolically linking /workspace/build/assessment/launch/rviz_launch.py -> /workspace/install/assessment/share/assessment/launch/
[1.772s] symbolically linking /workspace/build/assessment/launch/spawn_robot_launch.py -> /workspace/install/assessment/share/assessment/launch/
[1.772s] symbolically linking /workspace/build/assessment/worlds/assessment_world.world -> /workspace/install/assessment/share/assessment/worlds/
[1.773s] symbolically linking /workspace/build/assessment/rviz/namespaced_nav2.rviz -> /workspace/install/assessment/share/assessment/rviz/
[1.773s] symbolically linking /workspace/build/assessment/rviz/namespaced.rviz -> /workspace/install/assessment/share/assessment/rviz/
[1.773s] symbolically linking /workspace/build/assessment/params/nav2_params_namespaced.yaml -> /workspace/install/assessment/share/assessment/params/
[1.773s] symbolically linking /workspace/build/assessment/maps/assessment_world.pgm -> /workspace/install/assessment/share/assessment/maps/
[1.773s] symbolically linking /workspace/build/assessment/maps/assessment_world.yaml -> /workspace/install/assessment/share/assessment/maps/
[1.774s] symbolically linking /workspace/build/assessment/config/initial_poses.yaml -> /workspace/install/assessment/share/assessment/config/
[1.774s] symbolically linking /workspace/build/assessment/config/rviz_windows.yaml -> /workspace/install/assessment/share/assessment/config/
[1.809s] Invoked command in '/workspace/build/assessment' returned '0': LD_LIBRARY_PATH=/workspace/install/auro_interfaces/lib:/workspace/install/assessment_interfaces/lib:/opt/ros/humble/opt/rviz_ogre_vendor/lib:/opt/ros/humble/lib/x86_64-linux-gnu:/opt/ros/humble/lib:/usr/lib/x86_64-linux-gnu/gazebo-11/plugins PYTHONPATH=/workspace/build/assessment/prefix_override:/usr/lib/python3/dist-packages/colcon_core/task/python/colcon_distutils_commands:/workspace/install/assessment/lib/python3.10/site-packages:${PYTHONPATH} /usr/bin/python3 -W ignore:setup.py install is deprecated setup.py develop --editable --build-directory /workspace/build/assessment/build --no-deps symlink_data --force
