[1.049s] Invoking command in '/workspace/build/assessment': LD_LIBRARY_PATH=/workspace/install/auro_interfaces/lib:/workspace/install/assessment_interfaces/lib:/opt/ros/humble/opt/rviz_ogre_vendor/lib:/opt/ros/humble/lib/x86_64-linux-gnu:/opt/ros/humble/lib:/usr/lib/x86_64-linux-gnu/gazebo-11/plugins PYTHONPATH=/workspace/build/assessment/prefix_override:/usr/lib/python3/dist-packages/colcon_core/task/python/colcon_distutils_commands:/workspace/install/assessment/lib/python3.10/site-packages:${PYTHONPATH} /usr/bin/python3 -W ignore:setup.py install is deprecated setup.py develop --editable --build-directory /workspace/build/assessment/build --no-deps symlink_data
[1.409s] running develop
[1.410s] /usr/lib/python3/dist-packages/setuptools/command/easy_install.py:158: EasyInstallDeprecationWarning: easy_install command is deprecated. Use build and pip and other standards-based tools.
[1.410s]   warnings.warn(
[1.612s] running egg_info
[1.612s] writing assessment.egg-info/PKG-INFO
[1.613s] writing dependency_links to assessment.egg-info/dependency_links.txt
[1.613s] writing entry points to assessment.egg-info/entry_points.txt
[1.613s] writing requirements to assessment.egg-info/requires.txt
[1.613s] writing top-level names to assessment.egg-info/top_level.txt
[1.616s] reading manifest file 'assessment.egg-info/SOURCES.txt'
[1.618s] writing manifest file 'assessment.egg-info/SOURCES.txt'
[1.620s] running build_ext
[1.620s] Creating /workspace/install/assessment/lib/python3.10/site-packages/assessment.egg-link (link to .)
[1.622s] Installing collision_detector script to /workspace/install/assessment/lib/assessment
[1.622s] Installing item_manager script to /workspace/install/assessment/lib/assessment
[1.622s] Installing item_sensor script to /workspace/install/assessment/lib/assessment
[1.622s] Installing lidar_sensor script to /workspace/install/assessment/lib/assessment
[1.623s] Installing priority_manager script to /workspace/install/assessment/lib/assessment
[1.623s] Installing robot_controller script to /workspace/install/assessment/lib/assessment
[1.623s] Installing robot_sensor script to /workspace/install/assessment/lib/assessment
[1.623s] Installing zone_sensor script to /workspace/install/assessment/lib/assessment
[1.624s] 
[1.624s] Installed /workspace/build/assessment
[1.624s] running symlink_data
[1.658s] Invoked command in '/workspace/build/assessment' returned '0': LD_LIBRARY_PATH=/workspace/install/auro_interfaces/lib:/workspace/install/assessment_interfaces/lib:/opt/ros/humble/opt/rviz_ogre_vendor/lib:/opt/ros/humble/lib/x86_64-linux-gnu:/opt/ros/humble/lib:/usr/lib/x86_64-linux-gnu/gazebo-11/plugins PYTHONPATH=/workspace/build/assessment/prefix_override:/usr/lib/python3/dist-packages/colcon_core/task/python/colcon_distutils_commands:/workspace/install/assessment/lib/python3.10/site-packages:${PYTHONPATH} /usr/bin/python3 -W ignore:setup.py install is deprecated setup.py develop --editable --build-directory /workspace/build/assessment/build --no-deps symlink_data
