[2.152s] Invoking command in '/workspace/build/solution': PYTHONPATH=/workspace/build/solution/prefix_override:/usr/lib/python3/dist-packages/colcon_core/task/python/colcon_distutils_commands:/workspace/install/solution/lib/python3.10/site-packages:${PYTHONPATH} /usr/bin/python3 -W ignore:setup.py install is deprecated setup.py develop --editable --build-directory /workspace/build/solution/build --no-deps symlink_data
[2.721s] running develop
[2.723s] /usr/lib/python3/dist-packages/setuptools/command/easy_install.py:158: EasyInstallDeprecationWarning: easy_install command is deprecated. Use build and pip and other standards-based tools.
[2.723s]   warnings.warn(
[3.066s] running egg_info
[3.068s] writing solution.egg-info/PKG-INFO
[3.068s] writing dependency_links to solution.egg-info/dependency_links.txt
[3.068s] writing entry points to solution.egg-info/entry_points.txt
[3.068s] writing requirements to solution.egg-info/requires.txt
[3.068s] writing top-level names to solution.egg-info/top_level.txt
[3.073s] reading manifest file 'solution.egg-info/SOURCES.txt'
[3.073s] writing manifest file 'solution.egg-info/SOURCES.txt'
[3.075s] running build_ext
[3.075s] Creating /workspace/install/solution/lib/python3.10/site-packages/solution.egg-link (link to .)
[3.078s] Installing data_logger script to /workspace/install/solution/lib/solution
[3.078s] Installing robot_controller script to /workspace/install/solution/lib/solution
[3.078s] 
[3.078s] Installed /workspace/build/solution
[3.079s] running symlink_data
[3.128s] Invoked command in '/workspace/build/solution' returned '0': PYTHONPATH=/workspace/build/solution/prefix_override:/usr/lib/python3/dist-packages/colcon_core/task/python/colcon_distutils_commands:/workspace/install/solution/lib/python3.10/site-packages:${PYTHONPATH} /usr/bin/python3 -W ignore:setup.py install is deprecated setup.py develop --editable --build-directory /workspace/build/solution/build --no-deps symlink_data
