[1.674s] Invoking command in '/workspace/build/week_8': PYTHONPATH=/workspace/build/week_8/prefix_override:/usr/lib/python3/dist-packages/colcon_core/task/python/colcon_distutils_commands:/workspace/install/week_8/lib/python3.10/site-packages:${PYTHONPATH} /usr/bin/python3 -W ignore:setup.py install is deprecated setup.py develop --editable --build-directory /workspace/build/week_8/build --no-deps symlink_data
[2.105s] running develop
[2.107s] /usr/lib/python3/dist-packages/setuptools/command/easy_install.py:158: EasyInstallDeprecationWarning: easy_install command is deprecated. Use build and pip and other standards-based tools.
[2.108s]   warnings.warn(
[2.348s] running egg_info
[2.348s] writing week_8.egg-info/PKG-INFO
[2.352s] writing dependency_links to week_8.egg-info/dependency_links.txt
[2.352s] writing entry points to week_8.egg-info/entry_points.txt
[2.352s] writing requirements to week_8.egg-info/requires.txt
[2.352s] writing top-level names to week_8.egg-info/top_level.txt
[2.358s] reading manifest file 'week_8.egg-info/SOURCES.txt'
[2.361s] writing manifest file 'week_8.egg-info/SOURCES.txt'
[2.367s] running build_ext
[2.367s] Creating /workspace/install/week_8/lib/python3.10/site-packages/week-8.egg-link (link to .)
[2.371s] Installing autonomous_navigation script to /workspace/install/week_8/lib/week_8
[2.371s] Installing autonomous_navigation_multithreaded script to /workspace/install/week_8/lib/week_8
[2.373s] Installing joint_state_republisher script to /workspace/install/week_8/lib/week_8
[2.375s] Installing path_publisher script to /workspace/install/week_8/lib/week_8
[2.380s] Installing robot_controller script to /workspace/install/week_8/lib/week_8
[2.380s] Installing simple_commander script to /workspace/install/week_8/lib/week_8
[2.380s] 
[2.380s] Installed /workspace/build/week_8
[2.380s] running symlink_data
[2.439s] Invoked command in '/workspace/build/week_8' returned '0': PYTHONPATH=/workspace/build/week_8/prefix_override:/usr/lib/python3/dist-packages/colcon_core/task/python/colcon_distutils_commands:/workspace/install/week_8/lib/python3.10/site-packages:${PYTHONPATH} /usr/bin/python3 -W ignore:setup.py install is deprecated setup.py develop --editable --build-directory /workspace/build/week_8/build --no-deps symlink_data
