[1.802s] Invoking command in '/workspace/build/solution': PYTHONPATH=/workspace/build/solution/prefix_override:/usr/lib/python3/dist-packages/colcon_core/task/python/colcon_distutils_commands:/workspace/install/solution/lib/python3.10/site-packages:${PYTHONPATH} /usr/bin/python3 -W ignore:setup.py install is deprecated setup.py develop --editable --build-directory /workspace/build/solution/build --no-deps symlink_data
[2.366s] running develop
[2.367s] /usr/lib/python3/dist-packages/setuptools/command/easy_install.py:158: EasyInstallDeprecationWarning: easy_install command is deprecated. Use build and pip and other standards-based tools.
[2.367s]   warnings.warn(
[2.714s] running egg_info
[2.716s] writing solution.egg-info/PKG-INFO
[2.718s] writing dependency_links to solution.egg-info/dependency_links.txt
[2.718s] writing entry points to solution.egg-info/entry_points.txt
[2.718s] writing requirements to solution.egg-info/requires.txt
[2.718s] writing top-level names to solution.egg-info/top_level.txt
[2.720s] reading manifest file 'solution.egg-info/SOURCES.txt'
[2.722s] writing manifest file 'solution.egg-info/SOURCES.txt'
[2.725s] running build_ext
[2.726s] Creating /workspace/install/solution/lib/python3.10/site-packages/solution.egg-link (link to .)
[2.728s] Installing data_logger script to /workspace/install/solution/lib/solution
[2.728s] Installing robot_controller script to /workspace/install/solution/lib/solution
[2.729s] 
[2.729s] Installed /workspace/build/solution
[2.729s] running symlink_data
[2.951s] Invoked command in '/workspace/build/solution' returned '0': PYTHONPATH=/workspace/build/solution/prefix_override:/usr/lib/python3/dist-packages/colcon_core/task/python/colcon_distutils_commands:/workspace/install/solution/lib/python3.10/site-packages:${PYTHONPATH} /usr/bin/python3 -W ignore:setup.py install is deprecated setup.py develop --editable --build-directory /workspace/build/solution/build --no-deps symlink_data
