[1.605s] Invoking command in '/workspace/build/week_6': PYTHONPATH=/workspace/build/week_6/prefix_override:/usr/lib/python3/dist-packages/colcon_core/task/python/colcon_distutils_commands:/workspace/install/week_6/lib/python3.10/site-packages:${PYTHONPATH} /usr/bin/python3 -W ignore:setup.py install is deprecated setup.py develop --editable --build-directory /workspace/build/week_6/build --no-deps symlink_data
[2.081s] running develop
[2.081s] /usr/lib/python3/dist-packages/setuptools/command/easy_install.py:158: EasyInstallDeprecationWarning: easy_install command is deprecated. Use build and pip and other standards-based tools.
[2.082s]   warnings.warn(
[2.269s] running egg_info
[2.269s] writing week_6.egg-info/PKG-INFO
[2.273s] writing dependency_links to week_6.egg-info/dependency_links.txt
[2.273s] writing entry points to week_6.egg-info/entry_points.txt
[2.273s] writing requirements to week_6.egg-info/requires.txt
[2.273s] writing top-level names to week_6.egg-info/top_level.txt
[2.274s] reading manifest file 'week_6.egg-info/SOURCES.txt'
[2.277s] writing manifest file 'week_6.egg-info/SOURCES.txt'
[2.280s] running build_ext
[2.280s] Creating /workspace/install/week_6/lib/python3.10/site-packages/week-6.egg-link (link to .)
[2.282s] Installing lidar_fault script to /workspace/install/week_6/lib/week_6
[2.282s] Installing robot_controller script to /workspace/install/week_6/lib/week_6
[2.282s] 
[2.283s] Installed /workspace/build/week_6
[2.283s] running symlink_data
[2.332s] Invoked command in '/workspace/build/week_6' returned '0': PYTHONPATH=/workspace/build/week_6/prefix_override:/usr/lib/python3/dist-packages/colcon_core/task/python/colcon_distutils_commands:/workspace/install/week_6/lib/python3.10/site-packages:${PYTHONPATH} /usr/bin/python3 -W ignore:setup.py install is deprecated setup.py develop --editable --build-directory /workspace/build/week_6/build --no-deps symlink_data
