[1.445s] Invoking command in '/workspace/build/week_3': PYTHONPATH=/workspace/build/week_3/prefix_override:/usr/lib/python3/dist-packages/colcon_core/task/python/colcon_distutils_commands:/workspace/install/week_3/lib/python3.10/site-packages:${PYTHONPATH} /usr/bin/python3 -W ignore:setup.py install is deprecated setup.py develop --editable --build-directory /workspace/build/week_3/build --no-deps symlink_data
[1.920s] /usr/lib/python3/dist-packages/setuptools/command/easy_install.py:158: EasyInstallDeprecationWarning: easy_install command is deprecated. Use build and pip and other standards-based tools.
[1.920s]   warnings.warn(
[1.921s] running develop
[2.114s] running egg_info
[2.115s] writing week_3.egg-info/PKG-INFO
[2.115s] writing dependency_links to week_3.egg-info/dependency_links.txt
[2.115s] writing entry points to week_3.egg-info/entry_points.txt
[2.115s] writing requirements to week_3.egg-info/requires.txt
[2.115s] writing top-level names to week_3.egg-info/top_level.txt
[2.118s] reading manifest file 'week_3.egg-info/SOURCES.txt'
[2.119s] writing manifest file 'week_3.egg-info/SOURCES.txt'
[2.121s] running build_ext
[2.121s] Creating /workspace/install/week_3/lib/python3.10/site-packages/week-3.egg-link (link to .)
[2.122s] Installing rviz_text_marker script to /workspace/install/week_3/lib/week_3
[2.122s] Installing turtlebot3_fsm script to /workspace/install/week_3/lib/week_3
[2.123s] Installing turtlebot3_fsm_rc script to /workspace/install/week_3/lib/week_3
[2.123s] Installing turtlebot3_random_walk script to /workspace/install/week_3/lib/week_3
[2.123s] 
[2.123s] Installed /workspace/build/week_3
[2.123s] running symlink_data
[2.286s] Invoked command in '/workspace/build/week_3' returned '0': PYTHONPATH=/workspace/build/week_3/prefix_override:/usr/lib/python3/dist-packages/colcon_core/task/python/colcon_distutils_commands:/workspace/install/week_3/lib/python3.10/site-packages:${PYTHONPATH} /usr/bin/python3 -W ignore:setup.py install is deprecated setup.py develop --editable --build-directory /workspace/build/week_3/build --no-deps symlink_data
