[0.135s] DEBUG:colcon:Command line arguments: ['/usr/bin/colcon', 'build', '--symlink-install']
[0.135s] DEBUG:colcon:Parsed command line arguments: Namespace(log_base=None, log_level=None, verb_name='build', build_base='build', install_base='install', merge_install=False, symlink_install=True, test_result_base=None, continue_on_error=False, executor='parallel', parallel_workers=4, event_handlers=None, ignore_user_meta=False, metas=['./colcon.meta'], base_paths=['.'], packages_ignore=None, packages_ignore_regex=None, paths=None, packages_up_to=None, packages_up_to_regex=None, packages_above=None, packages_above_and_dependencies=None, packages_above_depth=None, packages_select_by_dep=None, packages_skip_by_dep=None, packages_skip_up_to=None, packages_select_build_failed=False, packages_skip_build_finished=False, packages_select_test_failures=False, packages_skip_test_passed=False, packages_select=None, packages_skip=None, packages_select_regex=None, packages_skip_regex=None, packages_start=None, packages_end=None, cmake_args=None, cmake_target=None, cmake_target_skip_unavailable=False, cmake_clean_cache=False, cmake_clean_first=False, cmake_force_configure=False, ament_cmake_args=None, catkin_cmake_args=None, catkin_skip_building_tests=False, mixin_files=None, mixin=None, verb_parser=<colcon_mixin.mixin.mixin_argument.MixinArgumentDecorator object at 0x78141dcb0970>, verb_extension=<colcon_core.verb.build.BuildVerb object at 0x78141dc83fd0>, main=<bound method BuildVerb.main of <colcon_core.verb.build.BuildVerb object at 0x78141dc83fd0>>, mixin_verb=('build',))
[0.295s] Level 1:colcon.colcon_core.package_discovery:discover_packages(colcon_meta) check parameters
[0.295s] INFO:colcon.colcon_metadata.package_discovery.colcon_meta:Using configuration from '/root/.colcon/metadata/default/Gazebo.meta'
[0.296s] INFO:colcon.colcon_metadata.package_discovery.colcon_meta:Using configuration from '/root/.colcon/metadata/default/fastrtps.meta'
[0.296s] Level 1:colcon.colcon_core.package_discovery:discover_packages(recursive) check parameters
[0.296s] Level 1:colcon.colcon_core.package_discovery:discover_packages(ignore) check parameters
[0.296s] Level 1:colcon.colcon_core.package_discovery:discover_packages(path) check parameters
[0.296s] Level 1:colcon.colcon_core.package_discovery:discover_packages(colcon_meta) discover
[0.296s] Level 1:colcon.colcon_core.package_discovery:discover_packages(recursive) discover
[0.296s] INFO:colcon.colcon_core.package_discovery:Crawling recursively for packages in '/workspace'
[0.296s] Level 1:colcon.colcon_core.package_identification:_identify(.) by extensions ['ignore', 'ignore_ament_install']
[0.296s] Level 1:colcon.colcon_core.package_identification:_identify(.) by extension 'ignore'
[0.297s] Level 1:colcon.colcon_core.package_identification:_identify(.) by extension 'ignore_ament_install'
[0.297s] Level 1:colcon.colcon_core.package_identification:_identify(.) by extensions ['colcon_pkg']
[0.297s] Level 1:colcon.colcon_core.package_identification:_identify(.) by extension 'colcon_pkg'
[0.297s] Level 1:colcon.colcon_core.package_identification:_identify(.) by extensions ['colcon_meta']
[0.297s] Level 1:colcon.colcon_core.package_identification:_identify(.) by extension 'colcon_meta'
[0.297s] Level 1:colcon.colcon_core.package_identification:_identify(.) by extensions ['ros']
[0.297s] Level 1:colcon.colcon_core.package_identification:_identify(.) by extension 'ros'
[0.309s] Level 1:colcon.colcon_core.package_identification:_identify(.) by extensions ['cmake', 'python']
[0.309s] Level 1:colcon.colcon_core.package_identification:_identify(.) by extension 'cmake'
[0.309s] Level 1:colcon.colcon_core.package_identification:_identify(.) by extension 'python'
[0.309s] Level 1:colcon.colcon_core.package_identification:_identify(.) by extensions ['python_setup_py']
[0.309s] Level 1:colcon.colcon_core.package_identification:_identify(.) by extension 'python_setup_py'
[0.309s] Level 1:colcon.colcon_core.package_identification:_identify(AURO) by extensions ['ignore', 'ignore_ament_install']
[0.309s] Level 1:colcon.colcon_core.package_identification:_identify(AURO) by extension 'ignore'
[0.309s] Level 1:colcon.colcon_core.package_identification:_identify(AURO) by extension 'ignore_ament_install'
[0.309s] Level 1:colcon.colcon_core.package_identification:_identify(AURO) by extensions ['colcon_pkg']
[0.309s] Level 1:colcon.colcon_core.package_identification:_identify(AURO) by extension 'colcon_pkg'
[0.310s] Level 1:colcon.colcon_core.package_identification:_identify(AURO) by extensions ['colcon_meta']
[0.310s] Level 1:colcon.colcon_core.package_identification:_identify(AURO) by extension 'colcon_meta'
[0.310s] Level 1:colcon.colcon_core.package_identification:_identify(AURO) by extensions ['ros']
[0.310s] Level 1:colcon.colcon_core.package_identification:_identify(AURO) by extension 'ros'
[0.310s] Level 1:colcon.colcon_core.package_identification:_identify(AURO) by extensions ['cmake', 'python']
[0.310s] Level 1:colcon.colcon_core.package_identification:_identify(AURO) by extension 'cmake'
[0.310s] Level 1:colcon.colcon_core.package_identification:_identify(AURO) by extension 'python'
[0.310s] Level 1:colcon.colcon_core.package_identification:_identify(AURO) by extensions ['python_setup_py']
[0.310s] Level 1:colcon.colcon_core.package_identification:_identify(AURO) by extension 'python_setup_py'
[0.310s] Level 1:colcon.colcon_core.package_identification:_identify(AURO/assessment) by extensions ['ignore', 'ignore_ament_install']
[0.310s] Level 1:colcon.colcon_core.package_identification:_identify(AURO/assessment) by extension 'ignore'
[0.310s] Level 1:colcon.colcon_core.package_identification:_identify(AURO/assessment) by extension 'ignore_ament_install'
[0.310s] Level 1:colcon.colcon_core.package_identification:_identify(AURO/assessment) by extensions ['colcon_pkg']
[0.310s] Level 1:colcon.colcon_core.package_identification:_identify(AURO/assessment) by extension 'colcon_pkg'
[0.310s] Level 1:colcon.colcon_core.package_identification:_identify(AURO/assessment) by extensions ['colcon_meta']
[0.310s] Level 1:colcon.colcon_core.package_identification:_identify(AURO/assessment) by extension 'colcon_meta'
[0.310s] Level 1:colcon.colcon_core.package_identification:_identify(AURO/assessment) by extensions ['ros']
[0.310s] Level 1:colcon.colcon_core.package_identification:_identify(AURO/assessment) by extension 'ros'
[0.313s] DEBUG:colcon.colcon_core.package_identification:Package 'AURO/assessment' with type 'ros.ament_python' and name 'assessment'
[0.313s] Level 1:colcon.colcon_core.package_identification:_identify(AURO/assessment_interfaces) by extensions ['ignore', 'ignore_ament_install']
[0.313s] Level 1:colcon.colcon_core.package_identification:_identify(AURO/assessment_interfaces) by extension 'ignore'
[0.313s] Level 1:colcon.colcon_core.package_identification:_identify(AURO/assessment_interfaces) by extension 'ignore_ament_install'
[0.313s] Level 1:colcon.colcon_core.package_identification:_identify(AURO/assessment_interfaces) by extensions ['colcon_pkg']
[0.313s] Level 1:colcon.colcon_core.package_identification:_identify(AURO/assessment_interfaces) by extension 'colcon_pkg'
[0.313s] Level 1:colcon.colcon_core.package_identification:_identify(AURO/assessment_interfaces) by extensions ['colcon_meta']
[0.313s] Level 1:colcon.colcon_core.package_identification:_identify(AURO/assessment_interfaces) by extension 'colcon_meta'
[0.313s] Level 1:colcon.colcon_core.package_identification:_identify(AURO/assessment_interfaces) by extensions ['ros']
[0.313s] Level 1:colcon.colcon_core.package_identification:_identify(AURO/assessment_interfaces) by extension 'ros'
[0.314s] DEBUG:colcon.colcon_core.package_identification:Package 'AURO/assessment_interfaces' with type 'ros.ament_cmake' and name 'assessment_interfaces'
[0.314s] Level 1:colcon.colcon_core.package_identification:_identify(AURO/auro_interfaces) by extensions ['ignore', 'ignore_ament_install']
[0.314s] Level 1:colcon.colcon_core.package_identification:_identify(AURO/auro_interfaces) by extension 'ignore'
[0.314s] Level 1:colcon.colcon_core.package_identification:_identify(AURO/auro_interfaces) by extension 'ignore_ament_install'
[0.314s] Level 1:colcon.colcon_core.package_identification:_identify(AURO/auro_interfaces) by extensions ['colcon_pkg']
[0.314s] Level 1:colcon.colcon_core.package_identification:_identify(AURO/auro_interfaces) by extension 'colcon_pkg'
[0.314s] Level 1:colcon.colcon_core.package_identification:_identify(AURO/auro_interfaces) by extensions ['colcon_meta']
[0.314s] Level 1:colcon.colcon_core.package_identification:_identify(AURO/auro_interfaces) by extension 'colcon_meta'
[0.314s] Level 1:colcon.colcon_core.package_identification:_identify(AURO/auro_interfaces) by extensions ['ros']
[0.314s] Level 1:colcon.colcon_core.package_identification:_identify(AURO/auro_interfaces) by extension 'ros'
[0.315s] DEBUG:colcon.colcon_core.package_identification:Package 'AURO/auro_interfaces' with type 'ros.ament_cmake' and name 'auro_interfaces'
[0.315s] Level 1:colcon.colcon_core.package_identification:_identify(AURO/solution) by extensions ['ignore', 'ignore_ament_install']
[0.315s] Level 1:colcon.colcon_core.package_identification:_identify(AURO/solution) by extension 'ignore'
[0.315s] Level 1:colcon.colcon_core.package_identification:_identify(AURO/solution) by extension 'ignore_ament_install'
[0.315s] Level 1:colcon.colcon_core.package_identification:_identify(AURO/solution) by extensions ['colcon_pkg']
[0.315s] Level 1:colcon.colcon_core.package_identification:_identify(AURO/solution) by extension 'colcon_pkg'
[0.315s] Level 1:colcon.colcon_core.package_identification:_identify(AURO/solution) by extensions ['colcon_meta']
[0.315s] Level 1:colcon.colcon_core.package_identification:_identify(AURO/solution) by extension 'colcon_meta'
[0.316s] Level 1:colcon.colcon_core.package_identification:_identify(AURO/solution) by extensions ['ros']
[0.316s] Level 1:colcon.colcon_core.package_identification:_identify(AURO/solution) by extension 'ros'
[0.316s] DEBUG:colcon.colcon_core.package_identification:Package 'AURO/solution' with type 'ros.ament_python' and name 'solution'
[0.316s] Level 1:colcon.colcon_core.package_identification:_identify(AURO/tf_relay) by extensions ['ignore', 'ignore_ament_install']
[0.316s] Level 1:colcon.colcon_core.package_identification:_identify(AURO/tf_relay) by extension 'ignore'
[0.316s] Level 1:colcon.colcon_core.package_identification:_identify(AURO/tf_relay) by extension 'ignore_ament_install'
[0.316s] Level 1:colcon.colcon_core.package_identification:_identify(AURO/tf_relay) by extensions ['colcon_pkg']
[0.316s] Level 1:colcon.colcon_core.package_identification:_identify(AURO/tf_relay) by extension 'colcon_pkg'
[0.316s] Level 1:colcon.colcon_core.package_identification:_identify(AURO/tf_relay) by extensions ['colcon_meta']
[0.316s] Level 1:colcon.colcon_core.package_identification:_identify(AURO/tf_relay) by extension 'colcon_meta'
[0.317s] Level 1:colcon.colcon_core.package_identification:_identify(AURO/tf_relay) by extensions ['ros']
[0.317s] Level 1:colcon.colcon_core.package_identification:_identify(AURO/tf_relay) by extension 'ros'
[0.317s] DEBUG:colcon.colcon_core.package_identification:Package 'AURO/tf_relay' with type 'ros.ament_python' and name 'tf_relay'
[0.317s] Level 1:colcon.colcon_core.package_identification:_identify(assessment.egg-info) by extensions ['ignore', 'ignore_ament_install']
[0.317s] Level 1:colcon.colcon_core.package_identification:_identify(assessment.egg-info) by extension 'ignore'
[0.317s] Level 1:colcon.colcon_core.package_identification:_identify(assessment.egg-info) by extension 'ignore_ament_install'
[0.317s] Level 1:colcon.colcon_core.package_identification:_identify(assessment.egg-info) by extensions ['colcon_pkg']
[0.317s] Level 1:colcon.colcon_core.package_identification:_identify(assessment.egg-info) by extension 'colcon_pkg'
[0.317s] Level 1:colcon.colcon_core.package_identification:_identify(assessment.egg-info) by extensions ['colcon_meta']
[0.317s] Level 1:colcon.colcon_core.package_identification:_identify(assessment.egg-info) by extension 'colcon_meta'
[0.318s] Level 1:colcon.colcon_core.package_identification:_identify(assessment.egg-info) by extensions ['ros']
[0.318s] Level 1:colcon.colcon_core.package_identification:_identify(assessment.egg-info) by extension 'ros'
[0.318s] Level 1:colcon.colcon_core.package_identification:_identify(assessment.egg-info) by extensions ['cmake', 'python']
[0.318s] Level 1:colcon.colcon_core.package_identification:_identify(assessment.egg-info) by extension 'cmake'
[0.318s] Level 1:colcon.colcon_core.package_identification:_identify(assessment.egg-info) by extension 'python'
[0.318s] Level 1:colcon.colcon_core.package_identification:_identify(assessment.egg-info) by extensions ['python_setup_py']
[0.318s] Level 1:colcon.colcon_core.package_identification:_identify(assessment.egg-info) by extension 'python_setup_py'
[0.318s] Level 1:colcon.colcon_core.package_identification:_identify(build) by extensions ['ignore', 'ignore_ament_install']
[0.318s] Level 1:colcon.colcon_core.package_identification:_identify(build) by extension 'ignore'
[0.318s] Level 1:colcon.colcon_core.package_identification:_identify(build) ignored
[0.318s] Level 1:colcon.colcon_core.package_identification:_identify(install) by extensions ['ignore', 'ignore_ament_install']
[0.318s] Level 1:colcon.colcon_core.package_identification:_identify(install) by extension 'ignore'
[0.318s] Level 1:colcon.colcon_core.package_identification:_identify(install) ignored
[0.319s] Level 1:colcon.colcon_core.package_identification:_identify(log) by extensions ['ignore', 'ignore_ament_install']
[0.319s] Level 1:colcon.colcon_core.package_identification:_identify(log) by extension 'ignore'
[0.319s] Level 1:colcon.colcon_core.package_identification:_identify(log) ignored
[0.319s] Level 1:colcon.colcon_core.package_discovery:discover_packages(recursive) using defaults
[0.319s] Level 1:colcon.colcon_core.package_discovery:discover_packages(ignore) discover
[0.319s] Level 1:colcon.colcon_core.package_discovery:discover_packages(ignore) using defaults
[0.319s] Level 1:colcon.colcon_core.package_discovery:discover_packages(path) discover
[0.319s] Level 1:colcon.colcon_core.package_discovery:discover_packages(path) using defaults
[0.339s] Level 5:colcon.colcon_core.verb:set package 'assessment_interfaces' build argument 'cmake_args' from command line to 'None'
[0.340s] Level 5:colcon.colcon_core.verb:set package 'assessment_interfaces' build argument 'cmake_target' from command line to 'None'
[0.340s] Level 5:colcon.colcon_core.verb:set package 'assessment_interfaces' build argument 'cmake_target_skip_unavailable' from command line to 'False'
[0.340s] Level 5:colcon.colcon_core.verb:set package 'assessment_interfaces' build argument 'cmake_clean_cache' from command line to 'False'
[0.340s] Level 5:colcon.colcon_core.verb:set package 'assessment_interfaces' build argument 'cmake_clean_first' from command line to 'False'
[0.340s] Level 5:colcon.colcon_core.verb:set package 'assessment_interfaces' build argument 'cmake_force_configure' from command line to 'False'
[0.340s] Level 5:colcon.colcon_core.verb:set package 'assessment_interfaces' build argument 'ament_cmake_args' from command line to 'None'
[0.340s] Level 5:colcon.colcon_core.verb:set package 'assessment_interfaces' build argument 'catkin_cmake_args' from command line to 'None'
[0.340s] Level 5:colcon.colcon_core.verb:set package 'assessment_interfaces' build argument 'catkin_skip_building_tests' from command line to 'False'
[0.340s] DEBUG:colcon.colcon_core.verb:Building package 'assessment_interfaces' with the following arguments: {'ament_cmake_args': None, 'build_base': '/workspace/build/assessment_interfaces', 'catkin_cmake_args': None, 'catkin_skip_building_tests': False, 'cmake_args': None, 'cmake_clean_cache': False, 'cmake_clean_first': False, 'cmake_force_configure': False, 'cmake_target': None, 'cmake_target_skip_unavailable': False, 'install_base': '/workspace/install/assessment_interfaces', 'merge_install': False, 'path': '/workspace/AURO/assessment_interfaces', 'symlink_install': True, 'test_result_base': None}
[0.340s] Level 5:colcon.colcon_core.verb:set package 'auro_interfaces' build argument 'cmake_args' from command line to 'None'
[0.340s] Level 5:colcon.colcon_core.verb:set package 'auro_interfaces' build argument 'cmake_target' from command line to 'None'
[0.340s] Level 5:colcon.colcon_core.verb:set package 'auro_interfaces' build argument 'cmake_target_skip_unavailable' from command line to 'False'
[0.340s] Level 5:colcon.colcon_core.verb:set package 'auro_interfaces' build argument 'cmake_clean_cache' from command line to 'False'
[0.340s] Level 5:colcon.colcon_core.verb:set package 'auro_interfaces' build argument 'cmake_clean_first' from command line to 'False'
[0.340s] Level 5:colcon.colcon_core.verb:set package 'auro_interfaces' build argument 'cmake_force_configure' from command line to 'False'
[0.340s] Level 5:colcon.colcon_core.verb:set package 'auro_interfaces' build argument 'ament_cmake_args' from command line to 'None'
[0.340s] Level 5:colcon.colcon_core.verb:set package 'auro_interfaces' build argument 'catkin_cmake_args' from command line to 'None'
[0.340s] Level 5:colcon.colcon_core.verb:set package 'auro_interfaces' build argument 'catkin_skip_building_tests' from command line to 'False'
[0.340s] DEBUG:colcon.colcon_core.verb:Building package 'auro_interfaces' with the following arguments: {'ament_cmake_args': None, 'build_base': '/workspace/build/auro_interfaces', 'catkin_cmake_args': None, 'catkin_skip_building_tests': False, 'cmake_args': None, 'cmake_clean_cache': False, 'cmake_clean_first': False, 'cmake_force_configure': False, 'cmake_target': None, 'cmake_target_skip_unavailable': False, 'install_base': '/workspace/install/auro_interfaces', 'merge_install': False, 'path': '/workspace/AURO/auro_interfaces', 'symlink_install': True, 'test_result_base': None}
[0.341s] Level 5:colcon.colcon_core.verb:set package 'solution' build argument 'cmake_args' from command line to 'None'
[0.341s] Level 5:colcon.colcon_core.verb:set package 'solution' build argument 'cmake_target' from command line to 'None'
[0.341s] Level 5:colcon.colcon_core.verb:set package 'solution' build argument 'cmake_target_skip_unavailable' from command line to 'False'
[0.341s] Level 5:colcon.colcon_core.verb:set package 'solution' build argument 'cmake_clean_cache' from command line to 'False'
[0.341s] Level 5:colcon.colcon_core.verb:set package 'solution' build argument 'cmake_clean_first' from command line to 'False'
[0.341s] Level 5:colcon.colcon_core.verb:set package 'solution' build argument 'cmake_force_configure' from command line to 'False'
[0.341s] Level 5:colcon.colcon_core.verb:set package 'solution' build argument 'ament_cmake_args' from command line to 'None'
[0.341s] Level 5:colcon.colcon_core.verb:set package 'solution' build argument 'catkin_cmake_args' from command line to 'None'
[0.341s] Level 5:colcon.colcon_core.verb:set package 'solution' build argument 'catkin_skip_building_tests' from command line to 'False'
[0.341s] DEBUG:colcon.colcon_core.verb:Building package 'solution' with the following arguments: {'ament_cmake_args': None, 'build_base': '/workspace/build/solution', 'catkin_cmake_args': None, 'catkin_skip_building_tests': False, 'cmake_args': None, 'cmake_clean_cache': False, 'cmake_clean_first': False, 'cmake_force_configure': False, 'cmake_target': None, 'cmake_target_skip_unavailable': False, 'install_base': '/workspace/install/solution', 'merge_install': False, 'path': '/workspace/AURO/solution', 'symlink_install': True, 'test_result_base': None}
[0.341s] Level 5:colcon.colcon_core.verb:set package 'tf_relay' build argument 'cmake_args' from command line to 'None'
[0.341s] Level 5:colcon.colcon_core.verb:set package 'tf_relay' build argument 'cmake_target' from command line to 'None'
[0.341s] Level 5:colcon.colcon_core.verb:set package 'tf_relay' build argument 'cmake_target_skip_unavailable' from command line to 'False'
[0.342s] Level 5:colcon.colcon_core.verb:set package 'tf_relay' build argument 'cmake_clean_cache' from command line to 'False'
[0.342s] Level 5:colcon.colcon_core.verb:set package 'tf_relay' build argument 'cmake_clean_first' from command line to 'False'
[0.342s] Level 5:colcon.colcon_core.verb:set package 'tf_relay' build argument 'cmake_force_configure' from command line to 'False'
[0.342s] Level 5:colcon.colcon_core.verb:set package 'tf_relay' build argument 'ament_cmake_args' from command line to 'None'
[0.342s] Level 5:colcon.colcon_core.verb:set package 'tf_relay' build argument 'catkin_cmake_args' from command line to 'None'
[0.342s] Level 5:colcon.colcon_core.verb:set package 'tf_relay' build argument 'catkin_skip_building_tests' from command line to 'False'
[0.342s] DEBUG:colcon.colcon_core.verb:Building package 'tf_relay' with the following arguments: {'ament_cmake_args': None, 'build_base': '/workspace/build/tf_relay', 'catkin_cmake_args': None, 'catkin_skip_building_tests': False, 'cmake_args': None, 'cmake_clean_cache': False, 'cmake_clean_first': False, 'cmake_force_configure': False, 'cmake_target': None, 'cmake_target_skip_unavailable': False, 'install_base': '/workspace/install/tf_relay', 'merge_install': False, 'path': '/workspace/AURO/tf_relay', 'symlink_install': True, 'test_result_base': None}
[0.342s] Level 5:colcon.colcon_core.verb:set package 'assessment' build argument 'cmake_args' from command line to 'None'
[0.342s] Level 5:colcon.colcon_core.verb:set package 'assessment' build argument 'cmake_target' from command line to 'None'
[0.342s] Level 5:colcon.colcon_core.verb:set package 'assessment' build argument 'cmake_target_skip_unavailable' from command line to 'False'
[0.342s] Level 5:colcon.colcon_core.verb:set package 'assessment' build argument 'cmake_clean_cache' from command line to 'False'
[0.342s] Level 5:colcon.colcon_core.verb:set package 'assessment' build argument 'cmake_clean_first' from command line to 'False'
[0.342s] Level 5:colcon.colcon_core.verb:set package 'assessment' build argument 'cmake_force_configure' from command line to 'False'
[0.342s] Level 5:colcon.colcon_core.verb:set package 'assessment' build argument 'ament_cmake_args' from command line to 'None'
[0.342s] Level 5:colcon.colcon_core.verb:set package 'assessment' build argument 'catkin_cmake_args' from command line to 'None'
[0.342s] Level 5:colcon.colcon_core.verb:set package 'assessment' build argument 'catkin_skip_building_tests' from command line to 'False'
[0.342s] DEBUG:colcon.colcon_core.verb:Building package 'assessment' with the following arguments: {'ament_cmake_args': None, 'build_base': '/workspace/build/assessment', 'catkin_cmake_args': None, 'catkin_skip_building_tests': False, 'cmake_args': None, 'cmake_clean_cache': False, 'cmake_clean_first': False, 'cmake_force_configure': False, 'cmake_target': None, 'cmake_target_skip_unavailable': False, 'install_base': '/workspace/install/assessment', 'merge_install': False, 'path': '/workspace/AURO/assessment', 'symlink_install': True, 'test_result_base': None}
[0.342s] INFO:colcon.colcon_core.executor:Executing jobs using 'parallel' executor
[0.343s] DEBUG:colcon.colcon_parallel_executor.executor.parallel:run_until_complete
[0.344s] INFO:colcon.colcon_ros.task.ament_cmake.build:Building ROS package in '/workspace/AURO/auro_interfaces' with build type 'ament_cmake'
[0.344s] INFO:colcon.colcon_cmake.task.cmake.build:Building CMake package in '/workspace/AURO/auro_interfaces'
[0.347s] INFO:colcon.colcon_core.plugin_system:Skipping extension 'colcon_core.shell.bat': Not used on non-Windows systems
[0.347s] INFO:colcon.colcon_core.shell:Skip shell extension 'powershell' for command environment: Not usable outside of PowerShell
[0.347s] DEBUG:colcon.colcon_core.shell:Skip shell extension 'dsv' for command environment
[0.353s] INFO:colcon.colcon_ros.task.ament_cmake.build:Building ROS package in '/workspace/AURO/assessment_interfaces' with build type 'ament_cmake'
[0.353s] INFO:colcon.colcon_cmake.task.cmake.build:Building CMake package in '/workspace/AURO/assessment_interfaces'
[0.353s] INFO:colcon.colcon_core.shell:Skip shell extension 'powershell' for command environment: Not usable outside of PowerShell
[0.353s] DEBUG:colcon.colcon_core.shell:Skip shell extension 'dsv' for command environment
[0.358s] INFO:colcon.colcon_ros.task.ament_python.build:Building ROS package in '/workspace/AURO/solution' with build type 'ament_python'
[0.359s] Level 1:colcon.colcon_core.shell:create_environment_hook('solution', 'ament_prefix_path')
[0.359s] INFO:colcon.colcon_core.shell:Creating environment hook '/workspace/install/solution/share/solution/hook/ament_prefix_path.ps1'
[0.360s] INFO:colcon.colcon_core.shell:Creating environment descriptor '/workspace/install/solution/share/solution/hook/ament_prefix_path.dsv'
[0.361s] INFO:colcon.colcon_core.shell:Creating environment hook '/workspace/install/solution/share/solution/hook/ament_prefix_path.sh'
[0.362s] INFO:colcon.colcon_core.shell:Skip shell extension 'powershell' for command environment: Not usable outside of PowerShell
[0.362s] DEBUG:colcon.colcon_core.shell:Skip shell extension 'dsv' for command environment
[0.365s] INFO:colcon.colcon_ros.task.ament_python.build:Building ROS package in '/workspace/AURO/tf_relay' with build type 'ament_python'
[0.366s] Level 1:colcon.colcon_core.shell:create_environment_hook('tf_relay', 'ament_prefix_path')
[0.366s] INFO:colcon.colcon_core.shell:Creating environment hook '/workspace/install/tf_relay/share/tf_relay/hook/ament_prefix_path.ps1'
[0.366s] INFO:colcon.colcon_core.shell:Creating environment descriptor '/workspace/install/tf_relay/share/tf_relay/hook/ament_prefix_path.dsv'
[0.367s] INFO:colcon.colcon_core.shell:Creating environment hook '/workspace/install/tf_relay/share/tf_relay/hook/ament_prefix_path.sh'
[0.368s] INFO:colcon.colcon_core.shell:Skip shell extension 'powershell' for command environment: Not usable outside of PowerShell
[0.368s] DEBUG:colcon.colcon_core.shell:Skip shell extension 'dsv' for command environment
[0.378s] DEBUG:colcon.colcon_core.event_handler.log_command:Invoking command in '/workspace/build/auro_interfaces': CMAKE_PREFIX_PATH=/opt/ros/humble /usr/bin/cmake --build /workspace/build/auro_interfaces -- -j4 -l4
[0.383s] DEBUG:colcon.colcon_core.event_handler.log_command:Invoking command in '/workspace/build/assessment_interfaces': CMAKE_PREFIX_PATH=/opt/ros/humble /usr/bin/cmake --build /workspace/build/assessment_interfaces -- -j4 -l4
[1.109s] INFO:colcon.colcon_core.task.python.build:Building Python package in '/workspace/AURO/solution'
[1.109s] INFO:colcon.colcon_core.shell:Skip shell extension 'powershell' for command environment: Not usable outside of PowerShell
[1.109s] DEBUG:colcon.colcon_core.shell:Skip shell extension 'dsv' for command environment
[1.446s] INFO:colcon.colcon_core.task.python.build:Building Python package in '/workspace/AURO/tf_relay'
[1.447s] INFO:colcon.colcon_core.shell:Skip shell extension 'powershell' for command environment: Not usable outside of PowerShell
[1.447s] DEBUG:colcon.colcon_core.shell:Skip shell extension 'dsv' for command environment
[1.456s] DEBUG:colcon.colcon_core.event_handler.log_command:Invoked command in '/workspace/build/assessment_interfaces' returned '0': CMAKE_PREFIX_PATH=/opt/ros/humble /usr/bin/cmake --build /workspace/build/assessment_interfaces -- -j4 -l4
[1.458s] DEBUG:colcon.colcon_core.event_handler.log_command:Invoked command in '/workspace/build/auro_interfaces' returned '0': CMAKE_PREFIX_PATH=/opt/ros/humble /usr/bin/cmake --build /workspace/build/auro_interfaces -- -j4 -l4
[1.709s] DEBUG:colcon.colcon_core.event_handler.log_command:Invoking command in '/workspace/build/auro_interfaces': CMAKE_PREFIX_PATH=/opt/ros/humble /usr/bin/cmake --install /workspace/build/auro_interfaces
[1.897s] DEBUG:colcon.colcon_core.event_handler.log_command:Invoking command in '/workspace/build/assessment_interfaces': CMAKE_PREFIX_PATH=/opt/ros/humble /usr/bin/cmake --install /workspace/build/assessment_interfaces
[1.925s] Level 1:colcon.colcon_core.environment:create_environment_scripts_only(auro_interfaces)
[1.936s] DEBUG:colcon.colcon_core.event_handler.log_command:Invoked command in '/workspace/build/auro_interfaces' returned '0': CMAKE_PREFIX_PATH=/opt/ros/humble /usr/bin/cmake --install /workspace/build/auro_interfaces
[1.945s] Level 1:colcon.colcon_core.environment:checking '/workspace/install/auro_interfaces' for CMake module files
[1.951s] Level 1:colcon.colcon_core.environment:checking '/workspace/install/auro_interfaces' for CMake config files
[1.951s] Level 1:colcon.colcon_core.shell:create_environment_hook('auro_interfaces', 'cmake_prefix_path')
[1.952s] INFO:colcon.colcon_core.shell:Creating environment hook '/workspace/install/auro_interfaces/share/auro_interfaces/hook/cmake_prefix_path.ps1'
[1.956s] INFO:colcon.colcon_core.shell:Creating environment descriptor '/workspace/install/auro_interfaces/share/auro_interfaces/hook/cmake_prefix_path.dsv'
[1.958s] INFO:colcon.colcon_core.shell:Creating environment hook '/workspace/install/auro_interfaces/share/auro_interfaces/hook/cmake_prefix_path.sh'
[1.961s] Level 1:colcon.colcon_core.environment:checking '/workspace/install/auro_interfaces/lib'
[1.962s] Level 1:colcon.colcon_core.shell:create_environment_hook('auro_interfaces', 'ld_library_path_lib')
[1.963s] INFO:colcon.colcon_core.shell:Creating environment hook '/workspace/install/auro_interfaces/share/auro_interfaces/hook/ld_library_path_lib.ps1'
[1.970s] INFO:colcon.colcon_core.shell:Creating environment descriptor '/workspace/install/auro_interfaces/share/auro_interfaces/hook/ld_library_path_lib.dsv'
[1.971s] INFO:colcon.colcon_core.shell:Creating environment hook '/workspace/install/auro_interfaces/share/auro_interfaces/hook/ld_library_path_lib.sh'
[1.971s] Level 1:colcon.colcon_core.environment:checking '/workspace/install/auro_interfaces/bin'
[1.973s] Level 1:colcon.colcon_core.environment:checking '/workspace/install/auro_interfaces/lib/pkgconfig/auro_interfaces.pc'
[1.973s] Level 1:colcon.colcon_core.environment:checking '/workspace/install/auro_interfaces/lib/python3.10/site-packages'
[1.974s] Level 1:colcon.colcon_core.environment:checking '/workspace/install/auro_interfaces/bin'
[1.974s] INFO:colcon.colcon_core.shell:Creating package script '/workspace/install/auro_interfaces/share/auro_interfaces/package.ps1'
[1.983s] INFO:colcon.colcon_core.shell:Creating package descriptor '/workspace/install/auro_interfaces/share/auro_interfaces/package.dsv'
[1.986s] INFO:colcon.colcon_core.shell:Creating package script '/workspace/install/auro_interfaces/share/auro_interfaces/package.sh'
[1.991s] INFO:colcon.colcon_core.shell:Creating package script '/workspace/install/auro_interfaces/share/auro_interfaces/package.bash'
[1.995s] INFO:colcon.colcon_core.shell:Creating package script '/workspace/install/auro_interfaces/share/auro_interfaces/package.zsh'
[1.998s] Level 1:colcon.colcon_core.environment:create_file_with_runtime_dependencies(/workspace/install/auro_interfaces/share/colcon-core/packages/auro_interfaces)
[2.086s] Level 1:colcon.colcon_core.environment:create_environment_scripts_only(assessment_interfaces)
[2.087s] Level 1:colcon.colcon_core.environment:checking '/workspace/install/assessment_interfaces' for CMake module files
[2.088s] Level 1:colcon.colcon_core.environment:checking '/workspace/install/assessment_interfaces' for CMake config files
[2.091s] DEBUG:colcon.colcon_core.event_handler.log_command:Invoked command in '/workspace/build/assessment_interfaces' returned '0': CMAKE_PREFIX_PATH=/opt/ros/humble /usr/bin/cmake --install /workspace/build/assessment_interfaces
[2.093s] Level 1:colcon.colcon_core.shell:create_environment_hook('assessment_interfaces', 'cmake_prefix_path')
[2.093s] INFO:colcon.colcon_core.shell:Creating environment hook '/workspace/install/assessment_interfaces/share/assessment_interfaces/hook/cmake_prefix_path.ps1'
[2.094s] INFO:colcon.colcon_core.shell:Creating environment descriptor '/workspace/install/assessment_interfaces/share/assessment_interfaces/hook/cmake_prefix_path.dsv'
[2.096s] INFO:colcon.colcon_core.shell:Creating environment hook '/workspace/install/assessment_interfaces/share/assessment_interfaces/hook/cmake_prefix_path.sh'
[2.099s] Level 1:colcon.colcon_core.environment:checking '/workspace/install/assessment_interfaces/lib'
[2.099s] Level 1:colcon.colcon_core.shell:create_environment_hook('assessment_interfaces', 'ld_library_path_lib')
[2.101s] INFO:colcon.colcon_core.shell:Creating environment hook '/workspace/install/assessment_interfaces/share/assessment_interfaces/hook/ld_library_path_lib.ps1'
[2.102s] INFO:colcon.colcon_core.shell:Creating environment descriptor '/workspace/install/assessment_interfaces/share/assessment_interfaces/hook/ld_library_path_lib.dsv'
[2.105s] INFO:colcon.colcon_core.shell:Creating environment hook '/workspace/install/assessment_interfaces/share/assessment_interfaces/hook/ld_library_path_lib.sh'
[2.106s] Level 1:colcon.colcon_core.environment:checking '/workspace/install/assessment_interfaces/bin'
[2.106s] Level 1:colcon.colcon_core.environment:checking '/workspace/install/assessment_interfaces/lib/pkgconfig/assessment_interfaces.pc'
[2.107s] Level 1:colcon.colcon_core.environment:checking '/workspace/install/assessment_interfaces/lib/python3.10/site-packages'
[2.107s] Level 1:colcon.colcon_core.environment:checking '/workspace/install/assessment_interfaces/bin'
[2.108s] INFO:colcon.colcon_core.shell:Creating package script '/workspace/install/assessment_interfaces/share/assessment_interfaces/package.ps1'
[2.109s] INFO:colcon.colcon_core.shell:Creating package descriptor '/workspace/install/assessment_interfaces/share/assessment_interfaces/package.dsv'
[2.111s] INFO:colcon.colcon_core.shell:Creating package script '/workspace/install/assessment_interfaces/share/assessment_interfaces/package.sh'
[2.112s] INFO:colcon.colcon_core.shell:Creating package script '/workspace/install/assessment_interfaces/share/assessment_interfaces/package.bash'
[2.113s] INFO:colcon.colcon_core.shell:Creating package script '/workspace/install/assessment_interfaces/share/assessment_interfaces/package.zsh'
[2.115s] Level 1:colcon.colcon_core.environment:create_file_with_runtime_dependencies(/workspace/install/assessment_interfaces/share/colcon-core/packages/assessment_interfaces)
[2.248s] DEBUG:colcon.colcon_core.event_handler.log_command:Invoking command in '/workspace/build/solution': PYTHONPATH=/workspace/build/solution/prefix_override:/usr/lib/python3/dist-packages/colcon_core/task/python/colcon_distutils_commands:/workspace/install/solution/lib/python3.10/site-packages:${PYTHONPATH} /usr/bin/python3 -W ignore:setup.py install is deprecated setup.py develop --editable --build-directory /workspace/build/solution/build --no-deps symlink_data
[2.296s] DEBUG:colcon.colcon_core.event_handler.log_command:Invoking command in '/workspace/build/tf_relay': PYTHONPATH=/workspace/build/tf_relay/prefix_override:/usr/lib/python3/dist-packages/colcon_core/task/python/colcon_distutils_commands:/workspace/install/tf_relay/lib/python3.10/site-packages:${PYTHONPATH} /usr/bin/python3 -W ignore:setup.py install is deprecated setup.py develop --editable --build-directory /workspace/build/tf_relay/build --no-deps symlink_data
[2.395s] Level 1:colcon.colcon_core.environment:create_environment_scripts_only(auro_interfaces)
[2.396s] Level 1:colcon.colcon_core.environment:checking '/workspace/install/auro_interfaces' for CMake module files
[2.399s] Level 1:colcon.colcon_core.environment:checking '/workspace/install/auro_interfaces' for CMake config files
[2.400s] Level 1:colcon.colcon_core.shell:create_environment_hook('auro_interfaces', 'cmake_prefix_path')
[2.401s] INFO:colcon.colcon_core.shell:Creating environment hook '/workspace/install/auro_interfaces/share/auro_interfaces/hook/cmake_prefix_path.ps1'
[2.402s] INFO:colcon.colcon_core.shell:Creating environment descriptor '/workspace/install/auro_interfaces/share/auro_interfaces/hook/cmake_prefix_path.dsv'
[2.402s] INFO:colcon.colcon_core.shell:Creating environment hook '/workspace/install/auro_interfaces/share/auro_interfaces/hook/cmake_prefix_path.sh'
[2.403s] Level 1:colcon.colcon_core.environment:checking '/workspace/install/auro_interfaces/lib'
[2.403s] Level 1:colcon.colcon_core.shell:create_environment_hook('auro_interfaces', 'ld_library_path_lib')
[2.404s] INFO:colcon.colcon_core.shell:Creating environment hook '/workspace/install/auro_interfaces/share/auro_interfaces/hook/ld_library_path_lib.ps1'
[2.406s] INFO:colcon.colcon_core.shell:Creating environment descriptor '/workspace/install/auro_interfaces/share/auro_interfaces/hook/ld_library_path_lib.dsv'
[2.407s] INFO:colcon.colcon_core.shell:Creating environment hook '/workspace/install/auro_interfaces/share/auro_interfaces/hook/ld_library_path_lib.sh'
[2.409s] Level 1:colcon.colcon_core.environment:checking '/workspace/install/auro_interfaces/bin'
[2.409s] Level 1:colcon.colcon_core.environment:checking '/workspace/install/auro_interfaces/lib/pkgconfig/auro_interfaces.pc'
[2.410s] Level 1:colcon.colcon_core.environment:checking '/workspace/install/auro_interfaces/lib/python3.10/site-packages'
[2.410s] Level 1:colcon.colcon_core.environment:checking '/workspace/install/auro_interfaces/bin'
[2.411s] INFO:colcon.colcon_core.shell:Creating package script '/workspace/install/auro_interfaces/share/auro_interfaces/package.ps1'
[2.412s] INFO:colcon.colcon_core.shell:Creating package descriptor '/workspace/install/auro_interfaces/share/auro_interfaces/package.dsv'
[2.437s] INFO:colcon.colcon_core.shell:Creating package script '/workspace/install/auro_interfaces/share/auro_interfaces/package.sh'
[2.439s] INFO:colcon.colcon_core.shell:Creating package script '/workspace/install/auro_interfaces/share/auro_interfaces/package.bash'
[2.442s] INFO:colcon.colcon_core.shell:Creating package script '/workspace/install/auro_interfaces/share/auro_interfaces/package.zsh'
[2.444s] Level 1:colcon.colcon_core.environment:create_file_with_runtime_dependencies(/workspace/install/auro_interfaces/share/colcon-core/packages/auro_interfaces)
[2.445s] INFO:colcon.colcon_ros.task.ament_python.build:Building ROS package in '/workspace/AURO/assessment' with build type 'ament_python'
[2.446s] Level 1:colcon.colcon_core.shell:create_environment_hook('assessment', 'ament_prefix_path')
[2.447s] INFO:colcon.colcon_core.shell:Creating environment hook '/workspace/install/assessment/share/assessment/hook/ament_prefix_path.ps1'
[2.448s] INFO:colcon.colcon_core.shell:Creating environment descriptor '/workspace/install/assessment/share/assessment/hook/ament_prefix_path.dsv'
[2.450s] INFO:colcon.colcon_core.shell:Creating environment hook '/workspace/install/assessment/share/assessment/hook/ament_prefix_path.sh'
[2.451s] INFO:colcon.colcon_core.shell:Skip shell extension 'powershell' for command environment: Not usable outside of PowerShell
[2.452s] DEBUG:colcon.colcon_core.shell:Skip shell extension 'dsv' for command environment
[3.074s] INFO:colcon.colcon_core.task.python.build:Building Python package in '/workspace/AURO/assessment'
[3.075s] INFO:colcon.colcon_core.shell:Skip shell extension 'powershell' for command environment: Not usable outside of PowerShell
[3.075s] DEBUG:colcon.colcon_core.shell:Skip shell extension 'dsv' for command environment
[3.089s] Level 1:colcon.colcon_core.environment:create_environment_scripts_only(assessment_interfaces)
[3.090s] Level 1:colcon.colcon_core.environment:checking '/workspace/install/assessment_interfaces' for CMake module files
[3.092s] Level 1:colcon.colcon_core.environment:checking '/workspace/install/assessment_interfaces' for CMake config files
[3.092s] Level 1:colcon.colcon_core.shell:create_environment_hook('assessment_interfaces', 'cmake_prefix_path')
[3.093s] INFO:colcon.colcon_core.shell:Creating environment hook '/workspace/install/assessment_interfaces/share/assessment_interfaces/hook/cmake_prefix_path.ps1'
[3.094s] INFO:colcon.colcon_core.shell:Creating environment descriptor '/workspace/install/assessment_interfaces/share/assessment_interfaces/hook/cmake_prefix_path.dsv'
[3.095s] INFO:colcon.colcon_core.shell:Creating environment hook '/workspace/install/assessment_interfaces/share/assessment_interfaces/hook/cmake_prefix_path.sh'
[3.095s] Level 1:colcon.colcon_core.environment:checking '/workspace/install/assessment_interfaces/lib'
[3.096s] Level 1:colcon.colcon_core.shell:create_environment_hook('assessment_interfaces', 'ld_library_path_lib')
[3.096s] INFO:colcon.colcon_core.shell:Creating environment hook '/workspace/install/assessment_interfaces/share/assessment_interfaces/hook/ld_library_path_lib.ps1'
[3.097s] INFO:colcon.colcon_core.shell:Creating environment descriptor '/workspace/install/assessment_interfaces/share/assessment_interfaces/hook/ld_library_path_lib.dsv'
[3.098s] INFO:colcon.colcon_core.shell:Creating environment hook '/workspace/install/assessment_interfaces/share/assessment_interfaces/hook/ld_library_path_lib.sh'
[3.098s] Level 1:colcon.colcon_core.environment:checking '/workspace/install/assessment_interfaces/bin'
[3.099s] Level 1:colcon.colcon_core.environment:checking '/workspace/install/assessment_interfaces/lib/pkgconfig/assessment_interfaces.pc'
[3.099s] Level 1:colcon.colcon_core.environment:checking '/workspace/install/assessment_interfaces/lib/python3.10/site-packages'
[3.100s] Level 1:colcon.colcon_core.environment:checking '/workspace/install/assessment_interfaces/bin'
[3.100s] INFO:colcon.colcon_core.shell:Creating package script '/workspace/install/assessment_interfaces/share/assessment_interfaces/package.ps1'
[3.102s] INFO:colcon.colcon_core.shell:Creating package descriptor '/workspace/install/assessment_interfaces/share/assessment_interfaces/package.dsv'
[3.103s] INFO:colcon.colcon_core.shell:Creating package script '/workspace/install/assessment_interfaces/share/assessment_interfaces/package.sh'
[3.104s] INFO:colcon.colcon_core.shell:Creating package script '/workspace/install/assessment_interfaces/share/assessment_interfaces/package.bash'
[3.105s] INFO:colcon.colcon_core.shell:Creating package script '/workspace/install/assessment_interfaces/share/assessment_interfaces/package.zsh'
[3.106s] Level 1:colcon.colcon_core.environment:create_file_with_runtime_dependencies(/workspace/install/assessment_interfaces/share/colcon-core/packages/assessment_interfaces)
[3.112s] Level 1:colcon.colcon_core.shell:create_environment_hook('tf_relay', 'pythonpath_develop')
[3.113s] DEBUG:colcon.colcon_core.event_handler.log_command:Invoked command in '/workspace/build/tf_relay' returned '0': PYTHONPATH=/workspace/build/tf_relay/prefix_override:/usr/lib/python3/dist-packages/colcon_core/task/python/colcon_distutils_commands:/workspace/install/tf_relay/lib/python3.10/site-packages:${PYTHONPATH} /usr/bin/python3 -W ignore:setup.py install is deprecated setup.py develop --editable --build-directory /workspace/build/tf_relay/build --no-deps symlink_data
[3.114s] INFO:colcon.colcon_core.shell:Creating environment hook '/workspace/build/tf_relay/share/tf_relay/hook/pythonpath_develop.ps1'
[3.115s] INFO:colcon.colcon_core.shell:Creating environment descriptor '/workspace/build/tf_relay/share/tf_relay/hook/pythonpath_develop.dsv'
[3.115s] INFO:colcon.colcon_core.shell:Creating environment hook '/workspace/build/tf_relay/share/tf_relay/hook/pythonpath_develop.sh'
[3.116s] Level 1:colcon.colcon_core.environment:checking '/workspace/install/tf_relay' for CMake module files
[3.117s] Level 1:colcon.colcon_core.environment:checking '/workspace/install/tf_relay' for CMake config files
[3.118s] Level 1:colcon.colcon_core.environment:checking '/workspace/install/tf_relay/lib'
[3.119s] Level 1:colcon.colcon_core.environment:checking '/workspace/install/tf_relay/bin'
[3.119s] Level 1:colcon.colcon_core.environment:checking '/workspace/install/tf_relay/lib/pkgconfig/tf_relay.pc'
[3.120s] Level 1:colcon.colcon_core.environment:checking '/workspace/install/tf_relay/lib/python3.10/site-packages'
[3.120s] Level 1:colcon.colcon_core.shell:create_environment_hook('tf_relay', 'pythonpath')
[3.121s] INFO:colcon.colcon_core.shell:Creating environment hook '/workspace/install/tf_relay/share/tf_relay/hook/pythonpath.ps1'
[3.122s] INFO:colcon.colcon_core.shell:Creating environment descriptor '/workspace/install/tf_relay/share/tf_relay/hook/pythonpath.dsv'
[3.123s] INFO:colcon.colcon_core.shell:Creating environment hook '/workspace/install/tf_relay/share/tf_relay/hook/pythonpath.sh'
[3.124s] Level 1:colcon.colcon_core.environment:checking '/workspace/install/tf_relay/bin'
[3.124s] Level 1:colcon.colcon_core.environment:create_environment_scripts_only(tf_relay)
[3.125s] INFO:colcon.colcon_core.shell:Creating package script '/workspace/install/tf_relay/share/tf_relay/package.ps1'
[3.126s] INFO:colcon.colcon_core.shell:Creating package descriptor '/workspace/install/tf_relay/share/tf_relay/package.dsv'
[3.127s] INFO:colcon.colcon_core.shell:Creating package script '/workspace/install/tf_relay/share/tf_relay/package.sh'
[3.128s] INFO:colcon.colcon_core.shell:Creating package script '/workspace/install/tf_relay/share/tf_relay/package.bash'
[3.129s] INFO:colcon.colcon_core.shell:Creating package script '/workspace/install/tf_relay/share/tf_relay/package.zsh'
[3.129s] Level 1:colcon.colcon_core.environment:create_file_with_runtime_dependencies(/workspace/install/tf_relay/share/colcon-core/packages/tf_relay)
[3.261s] Level 1:colcon.colcon_core.shell:create_environment_hook('solution', 'pythonpath_develop')
[3.262s] INFO:colcon.colcon_core.shell:Creating environment hook '/workspace/build/solution/share/solution/hook/pythonpath_develop.ps1'
[3.262s] DEBUG:colcon.colcon_core.event_handler.log_command:Invoked command in '/workspace/build/solution' returned '0': PYTHONPATH=/workspace/build/solution/prefix_override:/usr/lib/python3/dist-packages/colcon_core/task/python/colcon_distutils_commands:/workspace/install/solution/lib/python3.10/site-packages:${PYTHONPATH} /usr/bin/python3 -W ignore:setup.py install is deprecated setup.py develop --editable --build-directory /workspace/build/solution/build --no-deps symlink_data
[3.263s] INFO:colcon.colcon_core.shell:Creating environment descriptor '/workspace/build/solution/share/solution/hook/pythonpath_develop.dsv'
[3.264s] INFO:colcon.colcon_core.shell:Creating environment hook '/workspace/build/solution/share/solution/hook/pythonpath_develop.sh'
[3.265s] Level 1:colcon.colcon_core.environment:checking '/workspace/install/solution' for CMake module files
[3.265s] Level 1:colcon.colcon_core.environment:checking '/workspace/install/solution' for CMake config files
[3.267s] Level 1:colcon.colcon_core.environment:checking '/workspace/install/solution/lib'
[3.267s] Level 1:colcon.colcon_core.environment:checking '/workspace/install/solution/bin'
[3.267s] Level 1:colcon.colcon_core.environment:checking '/workspace/install/solution/lib/pkgconfig/solution.pc'
[3.267s] Level 1:colcon.colcon_core.environment:checking '/workspace/install/solution/lib/python3.10/site-packages'
[3.267s] Level 1:colcon.colcon_core.shell:create_environment_hook('solution', 'pythonpath')
[3.268s] INFO:colcon.colcon_core.shell:Creating environment hook '/workspace/install/solution/share/solution/hook/pythonpath.ps1'
[3.269s] INFO:colcon.colcon_core.shell:Creating environment descriptor '/workspace/install/solution/share/solution/hook/pythonpath.dsv'
[3.269s] INFO:colcon.colcon_core.shell:Creating environment hook '/workspace/install/solution/share/solution/hook/pythonpath.sh'
[3.270s] Level 1:colcon.colcon_core.environment:checking '/workspace/install/solution/bin'
[3.270s] Level 1:colcon.colcon_core.environment:create_environment_scripts_only(solution)
[3.271s] INFO:colcon.colcon_core.shell:Creating package script '/workspace/install/solution/share/solution/package.ps1'
[3.272s] INFO:colcon.colcon_core.shell:Creating package descriptor '/workspace/install/solution/share/solution/package.dsv'
[3.273s] INFO:colcon.colcon_core.shell:Creating package script '/workspace/install/solution/share/solution/package.sh'
[3.274s] INFO:colcon.colcon_core.shell:Creating package script '/workspace/install/solution/share/solution/package.bash'
[3.274s] INFO:colcon.colcon_core.shell:Creating package script '/workspace/install/solution/share/solution/package.zsh'
[3.275s] Level 1:colcon.colcon_core.environment:create_file_with_runtime_dependencies(/workspace/install/solution/share/colcon-core/packages/solution)
[3.639s] DEBUG:colcon.colcon_core.event_handler.log_command:Invoking command in '/workspace/build/assessment': AMENT_PREFIX_PATH=/workspace/install/auro_interfaces:${AMENT_PREFIX_PATH} CMAKE_PREFIX_PATH=/workspace/install/auro_interfaces LD_LIBRARY_PATH=/workspace/install/auro_interfaces/lib:/opt/ros/humble/opt/rviz_ogre_vendor/lib:/opt/ros/humble/lib/x86_64-linux-gnu:/opt/ros/humble/lib:/usr/lib/x86_64-linux-gnu/gazebo-11/plugins PYTHONPATH=/workspace/build/assessment/prefix_override:/usr/lib/python3/dist-packages/colcon_core/task/python/colcon_distutils_commands:/workspace/install/assessment/lib/python3.10/site-packages:/workspace/install/auro_interfaces/local/lib/python3.10/dist-packages:${PYTHONPATH} /usr/bin/python3 -W ignore:setup.py install is deprecated setup.py develop --editable --build-directory /workspace/build/assessment/build --no-deps symlink_data
[4.213s] Level 1:colcon.colcon_core.shell:create_environment_hook('assessment', 'pythonpath_develop')
[4.213s] INFO:colcon.colcon_core.shell:Creating environment hook '/workspace/build/assessment/share/assessment/hook/pythonpath_develop.ps1'
[4.214s] DEBUG:colcon.colcon_core.event_handler.log_command:Invoked command in '/workspace/build/assessment' returned '0': AMENT_PREFIX_PATH=/workspace/install/auro_interfaces:${AMENT_PREFIX_PATH} CMAKE_PREFIX_PATH=/workspace/install/auro_interfaces LD_LIBRARY_PATH=/workspace/install/auro_interfaces/lib:/opt/ros/humble/opt/rviz_ogre_vendor/lib:/opt/ros/humble/lib/x86_64-linux-gnu:/opt/ros/humble/lib:/usr/lib/x86_64-linux-gnu/gazebo-11/plugins PYTHONPATH=/workspace/build/assessment/prefix_override:/usr/lib/python3/dist-packages/colcon_core/task/python/colcon_distutils_commands:/workspace/install/assessment/lib/python3.10/site-packages:/workspace/install/auro_interfaces/local/lib/python3.10/dist-packages:${PYTHONPATH} /usr/bin/python3 -W ignore:setup.py install is deprecated setup.py develop --editable --build-directory /workspace/build/assessment/build --no-deps symlink_data
[4.214s] INFO:colcon.colcon_core.shell:Creating environment descriptor '/workspace/build/assessment/share/assessment/hook/pythonpath_develop.dsv'
[4.215s] INFO:colcon.colcon_core.shell:Creating environment hook '/workspace/build/assessment/share/assessment/hook/pythonpath_develop.sh'
[4.216s] Level 1:colcon.colcon_core.environment:checking '/workspace/install/assessment' for CMake module files
[4.217s] Level 1:colcon.colcon_core.environment:checking '/workspace/install/assessment' for CMake config files
[4.218s] Level 1:colcon.colcon_core.environment:checking '/workspace/install/assessment/lib'
[4.218s] Level 1:colcon.colcon_core.environment:checking '/workspace/install/assessment/bin'
[4.218s] Level 1:colcon.colcon_core.environment:checking '/workspace/install/assessment/lib/pkgconfig/assessment.pc'
[4.219s] Level 1:colcon.colcon_core.environment:checking '/workspace/install/assessment/lib/python3.10/site-packages'
[4.219s] Level 1:colcon.colcon_core.shell:create_environment_hook('assessment', 'pythonpath')
[4.219s] INFO:colcon.colcon_core.shell:Creating environment hook '/workspace/install/assessment/share/assessment/hook/pythonpath.ps1'
[4.220s] INFO:colcon.colcon_core.shell:Creating environment descriptor '/workspace/install/assessment/share/assessment/hook/pythonpath.dsv'
[4.220s] INFO:colcon.colcon_core.shell:Creating environment hook '/workspace/install/assessment/share/assessment/hook/pythonpath.sh'
[4.221s] Level 1:colcon.colcon_core.environment:checking '/workspace/install/assessment/bin'
[4.221s] Level 1:colcon.colcon_core.environment:create_environment_scripts_only(assessment)
[4.222s] INFO:colcon.colcon_core.shell:Creating package script '/workspace/install/assessment/share/assessment/package.ps1'
[4.223s] INFO:colcon.colcon_core.shell:Creating package descriptor '/workspace/install/assessment/share/assessment/package.dsv'
[4.223s] INFO:colcon.colcon_core.shell:Creating package script '/workspace/install/assessment/share/assessment/package.sh'
[4.224s] INFO:colcon.colcon_core.shell:Creating package script '/workspace/install/assessment/share/assessment/package.bash'
[4.225s] INFO:colcon.colcon_core.shell:Creating package script '/workspace/install/assessment/share/assessment/package.zsh'
[4.225s] Level 1:colcon.colcon_core.environment:create_file_with_runtime_dependencies(/workspace/install/assessment/share/colcon-core/packages/assessment)
[4.226s] DEBUG:colcon.colcon_parallel_executor.executor.parallel:closing loop
[4.226s] DEBUG:colcon.colcon_parallel_executor.executor.parallel:loop closed
[4.227s] DEBUG:colcon.colcon_parallel_executor.executor.parallel:run_until_complete finished with '0'
[4.227s] DEBUG:colcon.colcon_core.event_reactor:joining thread
[4.234s] INFO:colcon.colcon_core.plugin_system:Skipping extension 'colcon_notification.desktop_notification.notify_send': Could not find 'notify-send'
[4.234s] INFO:colcon.colcon_core.plugin_system:Skipping extension 'colcon_notification.desktop_notification.terminal_notifier': Not used on non-Darwin systems
[4.235s] INFO:colcon.colcon_core.plugin_system:Skipping extension 'colcon_notification.desktop_notification.win32': Not used on non-Windows systems
[4.235s] INFO:colcon.colcon_notification.desktop_notification:Sending desktop notification using 'notify2'
[4.237s] DEBUG:colcon.colcon_notification.desktop_notification.notify2:Failed to initialize notify2: org.freedesktop.DBus.Error.Spawn.ExecFailed: /usr/bin/dbus-launch terminated abnormally without any error message
[4.238s] DEBUG:colcon.colcon_core.event_reactor:joined thread
[4.239s] INFO:colcon.colcon_core.shell:Creating prefix script '/workspace/install/local_setup.ps1'
[4.240s] INFO:colcon.colcon_core.shell:Creating prefix util module '/workspace/install/_local_setup_util_ps1.py'
[4.243s] INFO:colcon.colcon_core.shell:Creating prefix chain script '/workspace/install/setup.ps1'
[4.245s] INFO:colcon.colcon_core.shell:Creating prefix script '/workspace/install/local_setup.sh'
[4.246s] INFO:colcon.colcon_core.shell:Creating prefix util module '/workspace/install/_local_setup_util_sh.py'
[4.246s] INFO:colcon.colcon_core.shell:Creating prefix chain script '/workspace/install/setup.sh'
[4.248s] INFO:colcon.colcon_core.shell:Creating prefix script '/workspace/install/local_setup.bash'
[4.249s] INFO:colcon.colcon_core.shell:Creating prefix chain script '/workspace/install/setup.bash'
[4.250s] INFO:colcon.colcon_core.shell:Creating prefix script '/workspace/install/local_setup.zsh'
[4.250s] INFO:colcon.colcon_core.shell:Creating prefix chain script '/workspace/install/setup.zsh'
