[0.160s] DEBUG:colcon:Command line arguments: ['/usr/bin/colcon', 'build', '--symlink-install']
[0.160s] DEBUG:colcon:Parsed command line arguments: Namespace(log_base=None, log_level=None, verb_name='build', build_base='build', install_base='install', merge_install=False, symlink_install=True, test_result_base=None, continue_on_error=False, executor='parallel', parallel_workers=4, event_handlers=None, ignore_user_meta=False, metas=['./colcon.meta'], base_paths=['.'], packages_ignore=None, packages_ignore_regex=None, paths=None, packages_up_to=None, packages_up_to_regex=None, packages_above=None, packages_above_and_dependencies=None, packages_above_depth=None, packages_select_by_dep=None, packages_skip_by_dep=None, packages_skip_up_to=None, packages_select_build_failed=False, packages_skip_build_finished=False, packages_select_test_failures=False, packages_skip_test_passed=False, packages_select=None, packages_skip=None, packages_select_regex=None, packages_skip_regex=None, packages_start=None, packages_end=None, cmake_args=None, cmake_target=None, cmake_target_skip_unavailable=False, cmake_clean_cache=False, cmake_clean_first=False, cmake_force_configure=False, ament_cmake_args=None, catkin_cmake_args=None, catkin_skip_building_tests=False, mixin_files=None, mixin=None, verb_parser=<colcon_mixin.mixin.mixin_argument.MixinArgumentDecorator object at 0x7ff1d4849b70>, verb_extension=<colcon_core.verb.build.BuildVerb object at 0x7ff1d4849600>, main=<bound method BuildVerb.main of <colcon_core.verb.build.BuildVerb object at 0x7ff1d4849600>>, mixin_verb=('build',))
[0.321s] Level 1:colcon.colcon_core.package_discovery:discover_packages(colcon_meta) check parameters
[0.322s] INFO:colcon.colcon_metadata.package_discovery.colcon_meta:Using configuration from '/root/.colcon/metadata/default/Gazebo.meta'
[0.322s] INFO:colcon.colcon_metadata.package_discovery.colcon_meta:Using configuration from '/root/.colcon/metadata/default/fastrtps.meta'
[0.322s] Level 1:colcon.colcon_core.package_discovery:discover_packages(recursive) check parameters
[0.322s] Level 1:colcon.colcon_core.package_discovery:discover_packages(ignore) check parameters
[0.323s] Level 1:colcon.colcon_core.package_discovery:discover_packages(path) check parameters
[0.323s] Level 1:colcon.colcon_core.package_discovery:discover_packages(colcon_meta) discover
[0.323s] Level 1:colcon.colcon_core.package_discovery:discover_packages(recursive) discover
[0.323s] INFO:colcon.colcon_core.package_discovery:Crawling recursively for packages in '/workspace'
[0.323s] Level 1:colcon.colcon_core.package_identification:_identify(.) by extensions ['ignore', 'ignore_ament_install']
[0.323s] Level 1:colcon.colcon_core.package_identification:_identify(.) by extension 'ignore'
[0.323s] Level 1:colcon.colcon_core.package_identification:_identify(.) by extension 'ignore_ament_install'
[0.323s] Level 1:colcon.colcon_core.package_identification:_identify(.) by extensions ['colcon_pkg']
[0.323s] Level 1:colcon.colcon_core.package_identification:_identify(.) by extension 'colcon_pkg'
[0.323s] Level 1:colcon.colcon_core.package_identification:_identify(.) by extensions ['colcon_meta']
[0.323s] Level 1:colcon.colcon_core.package_identification:_identify(.) by extension 'colcon_meta'
[0.323s] Level 1:colcon.colcon_core.package_identification:_identify(.) by extensions ['ros']
[0.323s] Level 1:colcon.colcon_core.package_identification:_identify(.) by extension 'ros'
[0.335s] Level 1:colcon.colcon_core.package_identification:_identify(.) by extensions ['cmake', 'python']
[0.336s] Level 1:colcon.colcon_core.package_identification:_identify(.) by extension 'cmake'
[0.336s] Level 1:colcon.colcon_core.package_identification:_identify(.) by extension 'python'
[0.336s] Level 1:colcon.colcon_core.package_identification:_identify(.) by extensions ['python_setup_py']
[0.336s] Level 1:colcon.colcon_core.package_identification:_identify(.) by extension 'python_setup_py'
[0.336s] Level 1:colcon.colcon_core.package_identification:_identify(AURO) by extensions ['ignore', 'ignore_ament_install']
[0.336s] Level 1:colcon.colcon_core.package_identification:_identify(AURO) by extension 'ignore'
[0.336s] Level 1:colcon.colcon_core.package_identification:_identify(AURO) by extension 'ignore_ament_install'
[0.336s] Level 1:colcon.colcon_core.package_identification:_identify(AURO) by extensions ['colcon_pkg']
[0.336s] Level 1:colcon.colcon_core.package_identification:_identify(AURO) by extension 'colcon_pkg'
[0.336s] Level 1:colcon.colcon_core.package_identification:_identify(AURO) by extensions ['colcon_meta']
[0.336s] Level 1:colcon.colcon_core.package_identification:_identify(AURO) by extension 'colcon_meta'
[0.336s] Level 1:colcon.colcon_core.package_identification:_identify(AURO) by extensions ['ros']
[0.336s] Level 1:colcon.colcon_core.package_identification:_identify(AURO) by extension 'ros'
[0.336s] Level 1:colcon.colcon_core.package_identification:_identify(AURO) by extensions ['cmake', 'python']
[0.336s] Level 1:colcon.colcon_core.package_identification:_identify(AURO) by extension 'cmake'
[0.336s] Level 1:colcon.colcon_core.package_identification:_identify(AURO) by extension 'python'
[0.336s] Level 1:colcon.colcon_core.package_identification:_identify(AURO) by extensions ['python_setup_py']
[0.336s] Level 1:colcon.colcon_core.package_identification:_identify(AURO) by extension 'python_setup_py'
[0.337s] Level 1:colcon.colcon_core.package_identification:_identify(AURO/assessment) by extensions ['ignore', 'ignore_ament_install']
[0.337s] Level 1:colcon.colcon_core.package_identification:_identify(AURO/assessment) by extension 'ignore'
[0.337s] Level 1:colcon.colcon_core.package_identification:_identify(AURO/assessment) by extension 'ignore_ament_install'
[0.337s] Level 1:colcon.colcon_core.package_identification:_identify(AURO/assessment) by extensions ['colcon_pkg']
[0.337s] Level 1:colcon.colcon_core.package_identification:_identify(AURO/assessment) by extension 'colcon_pkg'
[0.337s] Level 1:colcon.colcon_core.package_identification:_identify(AURO/assessment) by extensions ['colcon_meta']
[0.337s] Level 1:colcon.colcon_core.package_identification:_identify(AURO/assessment) by extension 'colcon_meta'
[0.337s] Level 1:colcon.colcon_core.package_identification:_identify(AURO/assessment) by extensions ['ros']
[0.337s] Level 1:colcon.colcon_core.package_identification:_identify(AURO/assessment) by extension 'ros'
[0.339s] DEBUG:colcon.colcon_core.package_identification:Package 'AURO/assessment' with type 'ros.ament_python' and name 'assessment'
[0.339s] Level 1:colcon.colcon_core.package_identification:_identify(AURO/assessment_interfaces) by extensions ['ignore', 'ignore_ament_install']
[0.340s] Level 1:colcon.colcon_core.package_identification:_identify(AURO/assessment_interfaces) by extension 'ignore'
[0.340s] Level 1:colcon.colcon_core.package_identification:_identify(AURO/assessment_interfaces) by extension 'ignore_ament_install'
[0.340s] Level 1:colcon.colcon_core.package_identification:_identify(AURO/assessment_interfaces) by extensions ['colcon_pkg']
[0.340s] Level 1:colcon.colcon_core.package_identification:_identify(AURO/assessment_interfaces) by extension 'colcon_pkg'
[0.340s] Level 1:colcon.colcon_core.package_identification:_identify(AURO/assessment_interfaces) by extensions ['colcon_meta']
[0.340s] Level 1:colcon.colcon_core.package_identification:_identify(AURO/assessment_interfaces) by extension 'colcon_meta'
[0.340s] Level 1:colcon.colcon_core.package_identification:_identify(AURO/assessment_interfaces) by extensions ['ros']
[0.340s] Level 1:colcon.colcon_core.package_identification:_identify(AURO/assessment_interfaces) by extension 'ros'
[0.340s] DEBUG:colcon.colcon_core.package_identification:Package 'AURO/assessment_interfaces' with type 'ros.ament_cmake' and name 'assessment_interfaces'
[0.341s] Level 1:colcon.colcon_core.package_identification:_identify(AURO/auro_interfaces) by extensions ['ignore', 'ignore_ament_install']
[0.341s] Level 1:colcon.colcon_core.package_identification:_identify(AURO/auro_interfaces) by extension 'ignore'
[0.341s] Level 1:colcon.colcon_core.package_identification:_identify(AURO/auro_interfaces) by extension 'ignore_ament_install'
[0.341s] Level 1:colcon.colcon_core.package_identification:_identify(AURO/auro_interfaces) by extensions ['colcon_pkg']
[0.341s] Level 1:colcon.colcon_core.package_identification:_identify(AURO/auro_interfaces) by extension 'colcon_pkg'
[0.341s] Level 1:colcon.colcon_core.package_identification:_identify(AURO/auro_interfaces) by extensions ['colcon_meta']
[0.341s] Level 1:colcon.colcon_core.package_identification:_identify(AURO/auro_interfaces) by extension 'colcon_meta'
[0.341s] Level 1:colcon.colcon_core.package_identification:_identify(AURO/auro_interfaces) by extensions ['ros']
[0.341s] Level 1:colcon.colcon_core.package_identification:_identify(AURO/auro_interfaces) by extension 'ros'
[0.342s] DEBUG:colcon.colcon_core.package_identification:Package 'AURO/auro_interfaces' with type 'ros.ament_cmake' and name 'auro_interfaces'
[0.342s] Level 1:colcon.colcon_core.package_identification:_identify(AURO/solution) by extensions ['ignore', 'ignore_ament_install']
[0.342s] Level 1:colcon.colcon_core.package_identification:_identify(AURO/solution) by extension 'ignore'
[0.342s] Level 1:colcon.colcon_core.package_identification:_identify(AURO/solution) by extension 'ignore_ament_install'
[0.342s] Level 1:colcon.colcon_core.package_identification:_identify(AURO/solution) by extensions ['colcon_pkg']
[0.342s] Level 1:colcon.colcon_core.package_identification:_identify(AURO/solution) by extension 'colcon_pkg'
[0.342s] Level 1:colcon.colcon_core.package_identification:_identify(AURO/solution) by extensions ['colcon_meta']
[0.342s] Level 1:colcon.colcon_core.package_identification:_identify(AURO/solution) by extension 'colcon_meta'
[0.342s] Level 1:colcon.colcon_core.package_identification:_identify(AURO/solution) by extensions ['ros']
[0.342s] Level 1:colcon.colcon_core.package_identification:_identify(AURO/solution) by extension 'ros'
[0.343s] DEBUG:colcon.colcon_core.package_identification:Package 'AURO/solution' with type 'ros.ament_python' and name 'solution'
[0.343s] Level 1:colcon.colcon_core.package_identification:_identify(AURO/tf_relay) by extensions ['ignore', 'ignore_ament_install']
[0.343s] Level 1:colcon.colcon_core.package_identification:_identify(AURO/tf_relay) by extension 'ignore'
[0.343s] Level 1:colcon.colcon_core.package_identification:_identify(AURO/tf_relay) by extension 'ignore_ament_install'
[0.343s] Level 1:colcon.colcon_core.package_identification:_identify(AURO/tf_relay) by extensions ['colcon_pkg']
[0.343s] Level 1:colcon.colcon_core.package_identification:_identify(AURO/tf_relay) by extension 'colcon_pkg'
[0.343s] Level 1:colcon.colcon_core.package_identification:_identify(AURO/tf_relay) by extensions ['colcon_meta']
[0.343s] Level 1:colcon.colcon_core.package_identification:_identify(AURO/tf_relay) by extension 'colcon_meta'
[0.343s] Level 1:colcon.colcon_core.package_identification:_identify(AURO/tf_relay) by extensions ['ros']
[0.343s] Level 1:colcon.colcon_core.package_identification:_identify(AURO/tf_relay) by extension 'ros'
[0.344s] DEBUG:colcon.colcon_core.package_identification:Package 'AURO/tf_relay' with type 'ros.ament_python' and name 'tf_relay'
[0.344s] Level 1:colcon.colcon_core.package_identification:_identify(assessment.egg-info) by extensions ['ignore', 'ignore_ament_install']
[0.344s] Level 1:colcon.colcon_core.package_identification:_identify(assessment.egg-info) by extension 'ignore'
[0.344s] Level 1:colcon.colcon_core.package_identification:_identify(assessment.egg-info) by extension 'ignore_ament_install'
[0.344s] Level 1:colcon.colcon_core.package_identification:_identify(assessment.egg-info) by extensions ['colcon_pkg']
[0.344s] Level 1:colcon.colcon_core.package_identification:_identify(assessment.egg-info) by extension 'colcon_pkg'
[0.344s] Level 1:colcon.colcon_core.package_identification:_identify(assessment.egg-info) by extensions ['colcon_meta']
[0.344s] Level 1:colcon.colcon_core.package_identification:_identify(assessment.egg-info) by extension 'colcon_meta'
[0.344s] Level 1:colcon.colcon_core.package_identification:_identify(assessment.egg-info) by extensions ['ros']
[0.344s] Level 1:colcon.colcon_core.package_identification:_identify(assessment.egg-info) by extension 'ros'
[0.344s] Level 1:colcon.colcon_core.package_identification:_identify(assessment.egg-info) by extensions ['cmake', 'python']
[0.344s] Level 1:colcon.colcon_core.package_identification:_identify(assessment.egg-info) by extension 'cmake'
[0.344s] Level 1:colcon.colcon_core.package_identification:_identify(assessment.egg-info) by extension 'python'
[0.344s] Level 1:colcon.colcon_core.package_identification:_identify(assessment.egg-info) by extensions ['python_setup_py']
[0.344s] Level 1:colcon.colcon_core.package_identification:_identify(assessment.egg-info) by extension 'python_setup_py'
[0.345s] Level 1:colcon.colcon_core.package_identification:_identify(build) by extensions ['ignore', 'ignore_ament_install']
[0.345s] Level 1:colcon.colcon_core.package_identification:_identify(build) by extension 'ignore'
[0.345s] Level 1:colcon.colcon_core.package_identification:_identify(build) ignored
[0.345s] Level 1:colcon.colcon_core.package_identification:_identify(install) by extensions ['ignore', 'ignore_ament_install']
[0.345s] Level 1:colcon.colcon_core.package_identification:_identify(install) by extension 'ignore'
[0.345s] Level 1:colcon.colcon_core.package_identification:_identify(install) ignored
[0.345s] Level 1:colcon.colcon_core.package_identification:_identify(log) by extensions ['ignore', 'ignore_ament_install']
[0.345s] Level 1:colcon.colcon_core.package_identification:_identify(log) by extension 'ignore'
[0.345s] Level 1:colcon.colcon_core.package_identification:_identify(log) ignored
[0.345s] Level 1:colcon.colcon_core.package_discovery:discover_packages(recursive) using defaults
[0.345s] Level 1:colcon.colcon_core.package_discovery:discover_packages(ignore) discover
[0.345s] Level 1:colcon.colcon_core.package_discovery:discover_packages(ignore) using defaults
[0.345s] Level 1:colcon.colcon_core.package_discovery:discover_packages(path) discover
[0.345s] Level 1:colcon.colcon_core.package_discovery:discover_packages(path) using defaults
[0.372s] Level 5:colcon.colcon_core.verb:set package 'assessment_interfaces' build argument 'cmake_args' from command line to 'None'
[0.372s] Level 5:colcon.colcon_core.verb:set package 'assessment_interfaces' build argument 'cmake_target' from command line to 'None'
[0.372s] Level 5:colcon.colcon_core.verb:set package 'assessment_interfaces' build argument 'cmake_target_skip_unavailable' from command line to 'False'
[0.372s] Level 5:colcon.colcon_core.verb:set package 'assessment_interfaces' build argument 'cmake_clean_cache' from command line to 'False'
[0.372s] Level 5:colcon.colcon_core.verb:set package 'assessment_interfaces' build argument 'cmake_clean_first' from command line to 'False'
[0.372s] Level 5:colcon.colcon_core.verb:set package 'assessment_interfaces' build argument 'cmake_force_configure' from command line to 'False'
[0.372s] Level 5:colcon.colcon_core.verb:set package 'assessment_interfaces' build argument 'ament_cmake_args' from command line to 'None'
[0.372s] Level 5:colcon.colcon_core.verb:set package 'assessment_interfaces' build argument 'catkin_cmake_args' from command line to 'None'
[0.372s] Level 5:colcon.colcon_core.verb:set package 'assessment_interfaces' build argument 'catkin_skip_building_tests' from command line to 'False'
[0.372s] DEBUG:colcon.colcon_core.verb:Building package 'assessment_interfaces' with the following arguments: {'ament_cmake_args': None, 'build_base': '/workspace/build/assessment_interfaces', 'catkin_cmake_args': None, 'catkin_skip_building_tests': False, 'cmake_args': None, 'cmake_clean_cache': False, 'cmake_clean_first': False, 'cmake_force_configure': False, 'cmake_target': None, 'cmake_target_skip_unavailable': False, 'install_base': '/workspace/install/assessment_interfaces', 'merge_install': False, 'path': '/workspace/AURO/assessment_interfaces', 'symlink_install': True, 'test_result_base': None}
[0.372s] Level 5:colcon.colcon_core.verb:set package 'auro_interfaces' build argument 'cmake_args' from command line to 'None'
[0.372s] Level 5:colcon.colcon_core.verb:set package 'auro_interfaces' build argument 'cmake_target' from command line to 'None'
[0.372s] Level 5:colcon.colcon_core.verb:set package 'auro_interfaces' build argument 'cmake_target_skip_unavailable' from command line to 'False'
[0.372s] Level 5:colcon.colcon_core.verb:set package 'auro_interfaces' build argument 'cmake_clean_cache' from command line to 'False'
[0.372s] Level 5:colcon.colcon_core.verb:set package 'auro_interfaces' build argument 'cmake_clean_first' from command line to 'False'
[0.372s] Level 5:colcon.colcon_core.verb:set package 'auro_interfaces' build argument 'cmake_force_configure' from command line to 'False'
[0.372s] Level 5:colcon.colcon_core.verb:set package 'auro_interfaces' build argument 'ament_cmake_args' from command line to 'None'
[0.372s] Level 5:colcon.colcon_core.verb:set package 'auro_interfaces' build argument 'catkin_cmake_args' from command line to 'None'
[0.372s] Level 5:colcon.colcon_core.verb:set package 'auro_interfaces' build argument 'catkin_skip_building_tests' from command line to 'False'
[0.372s] DEBUG:colcon.colcon_core.verb:Building package 'auro_interfaces' with the following arguments: {'ament_cmake_args': None, 'build_base': '/workspace/build/auro_interfaces', 'catkin_cmake_args': None, 'catkin_skip_building_tests': False, 'cmake_args': None, 'cmake_clean_cache': False, 'cmake_clean_first': False, 'cmake_force_configure': False, 'cmake_target': None, 'cmake_target_skip_unavailable': False, 'install_base': '/workspace/install/auro_interfaces', 'merge_install': False, 'path': '/workspace/AURO/auro_interfaces', 'symlink_install': True, 'test_result_base': None}
[0.373s] Level 5:colcon.colcon_core.verb:set package 'solution' build argument 'cmake_args' from command line to 'None'
[0.373s] Level 5:colcon.colcon_core.verb:set package 'solution' build argument 'cmake_target' from command line to 'None'
[0.373s] Level 5:colcon.colcon_core.verb:set package 'solution' build argument 'cmake_target_skip_unavailable' from command line to 'False'
[0.373s] Level 5:colcon.colcon_core.verb:set package 'solution' build argument 'cmake_clean_cache' from command line to 'False'
[0.373s] Level 5:colcon.colcon_core.verb:set package 'solution' build argument 'cmake_clean_first' from command line to 'False'
[0.373s] Level 5:colcon.colcon_core.verb:set package 'solution' build argument 'cmake_force_configure' from command line to 'False'
[0.373s] Level 5:colcon.colcon_core.verb:set package 'solution' build argument 'ament_cmake_args' from command line to 'None'
[0.373s] Level 5:colcon.colcon_core.verb:set package 'solution' build argument 'catkin_cmake_args' from command line to 'None'
[0.373s] Level 5:colcon.colcon_core.verb:set package 'solution' build argument 'catkin_skip_building_tests' from command line to 'False'
[0.373s] DEBUG:colcon.colcon_core.verb:Building package 'solution' with the following arguments: {'ament_cmake_args': None, 'build_base': '/workspace/build/solution', 'catkin_cmake_args': None, 'catkin_skip_building_tests': False, 'cmake_args': None, 'cmake_clean_cache': False, 'cmake_clean_first': False, 'cmake_force_configure': False, 'cmake_target': None, 'cmake_target_skip_unavailable': False, 'install_base': '/workspace/install/solution', 'merge_install': False, 'path': '/workspace/AURO/solution', 'symlink_install': True, 'test_result_base': None}
[0.373s] Level 5:colcon.colcon_core.verb:set package 'tf_relay' build argument 'cmake_args' from command line to 'None'
[0.373s] Level 5:colcon.colcon_core.verb:set package 'tf_relay' build argument 'cmake_target' from command line to 'None'
[0.374s] Level 5:colcon.colcon_core.verb:set package 'tf_relay' build argument 'cmake_target_skip_unavailable' from command line to 'False'
[0.374s] Level 5:colcon.colcon_core.verb:set package 'tf_relay' build argument 'cmake_clean_cache' from command line to 'False'
[0.374s] Level 5:colcon.colcon_core.verb:set package 'tf_relay' build argument 'cmake_clean_first' from command line to 'False'
[0.374s] Level 5:colcon.colcon_core.verb:set package 'tf_relay' build argument 'cmake_force_configure' from command line to 'False'
[0.374s] Level 5:colcon.colcon_core.verb:set package 'tf_relay' build argument 'ament_cmake_args' from command line to 'None'
[0.374s] Level 5:colcon.colcon_core.verb:set package 'tf_relay' build argument 'catkin_cmake_args' from command line to 'None'
[0.374s] Level 5:colcon.colcon_core.verb:set package 'tf_relay' build argument 'catkin_skip_building_tests' from command line to 'False'
[0.374s] DEBUG:colcon.colcon_core.verb:Building package 'tf_relay' with the following arguments: {'ament_cmake_args': None, 'build_base': '/workspace/build/tf_relay', 'catkin_cmake_args': None, 'catkin_skip_building_tests': False, 'cmake_args': None, 'cmake_clean_cache': False, 'cmake_clean_first': False, 'cmake_force_configure': False, 'cmake_target': None, 'cmake_target_skip_unavailable': False, 'install_base': '/workspace/install/tf_relay', 'merge_install': False, 'path': '/workspace/AURO/tf_relay', 'symlink_install': True, 'test_result_base': None}
[0.374s] Level 5:colcon.colcon_core.verb:set package 'assessment' build argument 'cmake_args' from command line to 'None'
[0.374s] Level 5:colcon.colcon_core.verb:set package 'assessment' build argument 'cmake_target' from command line to 'None'
[0.374s] Level 5:colcon.colcon_core.verb:set package 'assessment' build argument 'cmake_target_skip_unavailable' from command line to 'False'
[0.374s] Level 5:colcon.colcon_core.verb:set package 'assessment' build argument 'cmake_clean_cache' from command line to 'False'
[0.374s] Level 5:colcon.colcon_core.verb:set package 'assessment' build argument 'cmake_clean_first' from command line to 'False'
[0.374s] Level 5:colcon.colcon_core.verb:set package 'assessment' build argument 'cmake_force_configure' from command line to 'False'
[0.374s] Level 5:colcon.colcon_core.verb:set package 'assessment' build argument 'ament_cmake_args' from command line to 'None'
[0.374s] Level 5:colcon.colcon_core.verb:set package 'assessment' build argument 'catkin_cmake_args' from command line to 'None'
[0.374s] Level 5:colcon.colcon_core.verb:set package 'assessment' build argument 'catkin_skip_building_tests' from command line to 'False'
[0.374s] DEBUG:colcon.colcon_core.verb:Building package 'assessment' with the following arguments: {'ament_cmake_args': None, 'build_base': '/workspace/build/assessment', 'catkin_cmake_args': None, 'catkin_skip_building_tests': False, 'cmake_args': None, 'cmake_clean_cache': False, 'cmake_clean_first': False, 'cmake_force_configure': False, 'cmake_target': None, 'cmake_target_skip_unavailable': False, 'install_base': '/workspace/install/assessment', 'merge_install': False, 'path': '/workspace/AURO/assessment', 'symlink_install': True, 'test_result_base': None}
[0.374s] INFO:colcon.colcon_core.executor:Executing jobs using 'parallel' executor
[0.376s] DEBUG:colcon.colcon_parallel_executor.executor.parallel:run_until_complete
[0.376s] INFO:colcon.colcon_ros.task.ament_cmake.build:Building ROS package in '/workspace/AURO/auro_interfaces' with build type 'ament_cmake'
[0.376s] INFO:colcon.colcon_cmake.task.cmake.build:Building CMake package in '/workspace/AURO/auro_interfaces'
[0.381s] INFO:colcon.colcon_core.plugin_system:Skipping extension 'colcon_core.shell.bat': Not used on non-Windows systems
[0.381s] INFO:colcon.colcon_core.shell:Skip shell extension 'powershell' for command environment: Not usable outside of PowerShell
[0.381s] DEBUG:colcon.colcon_core.shell:Skip shell extension 'dsv' for command environment
[0.389s] INFO:colcon.colcon_ros.task.ament_cmake.build:Building ROS package in '/workspace/AURO/assessment_interfaces' with build type 'ament_cmake'
[0.389s] INFO:colcon.colcon_cmake.task.cmake.build:Building CMake package in '/workspace/AURO/assessment_interfaces'
[0.389s] INFO:colcon.colcon_core.shell:Skip shell extension 'powershell' for command environment: Not usable outside of PowerShell
[0.390s] DEBUG:colcon.colcon_core.shell:Skip shell extension 'dsv' for command environment
[0.395s] INFO:colcon.colcon_ros.task.ament_python.build:Building ROS package in '/workspace/AURO/solution' with build type 'ament_python'
[0.395s] Level 1:colcon.colcon_core.shell:create_environment_hook('solution', 'ament_prefix_path')
[0.395s] INFO:colcon.colcon_core.shell:Creating environment hook '/workspace/install/solution/share/solution/hook/ament_prefix_path.ps1'
[0.396s] INFO:colcon.colcon_core.shell:Creating environment descriptor '/workspace/install/solution/share/solution/hook/ament_prefix_path.dsv'
[0.397s] INFO:colcon.colcon_core.shell:Creating environment hook '/workspace/install/solution/share/solution/hook/ament_prefix_path.sh'
[0.398s] INFO:colcon.colcon_core.shell:Skip shell extension 'powershell' for command environment: Not usable outside of PowerShell
[0.398s] DEBUG:colcon.colcon_core.shell:Skip shell extension 'dsv' for command environment
[0.402s] INFO:colcon.colcon_ros.task.ament_python.build:Building ROS package in '/workspace/AURO/tf_relay' with build type 'ament_python'
[0.402s] Level 1:colcon.colcon_core.shell:create_environment_hook('tf_relay', 'ament_prefix_path')
[0.403s] INFO:colcon.colcon_core.shell:Creating environment hook '/workspace/install/tf_relay/share/tf_relay/hook/ament_prefix_path.ps1'
[0.404s] INFO:colcon.colcon_core.shell:Creating environment descriptor '/workspace/install/tf_relay/share/tf_relay/hook/ament_prefix_path.dsv'
[0.404s] INFO:colcon.colcon_core.shell:Creating environment hook '/workspace/install/tf_relay/share/tf_relay/hook/ament_prefix_path.sh'
[0.405s] INFO:colcon.colcon_core.shell:Skip shell extension 'powershell' for command environment: Not usable outside of PowerShell
[0.406s] DEBUG:colcon.colcon_core.shell:Skip shell extension 'dsv' for command environment
[0.417s] DEBUG:colcon.colcon_core.event_handler.log_command:Invoking command in '/workspace/build/auro_interfaces': CMAKE_PREFIX_PATH=${CMAKE_PREFIX_PATH}:/workspace/install/tf_relay:/workspace/install/solution:/workspace/install/assessment:/opt/ros/humble /usr/bin/cmake --build /workspace/build/auro_interfaces -- -j4 -l4
[0.423s] DEBUG:colcon.colcon_core.event_handler.log_command:Invoking command in '/workspace/build/assessment_interfaces': CMAKE_PREFIX_PATH=${CMAKE_PREFIX_PATH}:/workspace/install/tf_relay:/workspace/install/solution:/workspace/install/assessment:/opt/ros/humble /usr/bin/cmake --build /workspace/build/assessment_interfaces -- -j4 -l4
[1.189s] INFO:colcon.colcon_core.task.python.build:Building Python package in '/workspace/AURO/solution'
[1.190s] INFO:colcon.colcon_core.shell:Skip shell extension 'powershell' for command environment: Not usable outside of PowerShell
[1.190s] DEBUG:colcon.colcon_core.shell:Skip shell extension 'dsv' for command environment
[1.507s] INFO:colcon.colcon_core.task.python.build:Building Python package in '/workspace/AURO/tf_relay'
[1.508s] INFO:colcon.colcon_core.shell:Skip shell extension 'powershell' for command environment: Not usable outside of PowerShell
[1.508s] DEBUG:colcon.colcon_core.shell:Skip shell extension 'dsv' for command environment
[1.519s] DEBUG:colcon.colcon_core.event_handler.log_command:Invoked command in '/workspace/build/auro_interfaces' returned '0': CMAKE_PREFIX_PATH=${CMAKE_PREFIX_PATH}:/workspace/install/tf_relay:/workspace/install/solution:/workspace/install/assessment:/opt/ros/humble /usr/bin/cmake --build /workspace/build/auro_interfaces -- -j4 -l4
[1.524s] DEBUG:colcon.colcon_core.event_handler.log_command:Invoked command in '/workspace/build/assessment_interfaces' returned '0': CMAKE_PREFIX_PATH=${CMAKE_PREFIX_PATH}:/workspace/install/tf_relay:/workspace/install/solution:/workspace/install/assessment:/opt/ros/humble /usr/bin/cmake --build /workspace/build/assessment_interfaces -- -j4 -l4
[1.802s] DEBUG:colcon.colcon_core.event_handler.log_command:Invoking command in '/workspace/build/auro_interfaces': CMAKE_PREFIX_PATH=${CMAKE_PREFIX_PATH}:/workspace/install/tf_relay:/workspace/install/solution:/workspace/install/assessment:/opt/ros/humble /usr/bin/cmake --install /workspace/build/auro_interfaces
[2.007s] DEBUG:colcon.colcon_core.event_handler.log_command:Invoking command in '/workspace/build/assessment_interfaces': CMAKE_PREFIX_PATH=${CMAKE_PREFIX_PATH}:/workspace/install/tf_relay:/workspace/install/solution:/workspace/install/assessment:/opt/ros/humble /usr/bin/cmake --install /workspace/build/assessment_interfaces
[2.033s] Level 1:colcon.colcon_core.environment:create_environment_scripts_only(auro_interfaces)
[2.035s] DEBUG:colcon.colcon_core.event_handler.log_command:Invoked command in '/workspace/build/auro_interfaces' returned '0': CMAKE_PREFIX_PATH=${CMAKE_PREFIX_PATH}:/workspace/install/tf_relay:/workspace/install/solution:/workspace/install/assessment:/opt/ros/humble /usr/bin/cmake --install /workspace/build/auro_interfaces
[2.047s] Level 1:colcon.colcon_core.environment:checking '/workspace/install/auro_interfaces' for CMake module files
[2.048s] Level 1:colcon.colcon_core.environment:checking '/workspace/install/auro_interfaces' for CMake config files
[2.052s] Level 1:colcon.colcon_core.shell:create_environment_hook('auro_interfaces', 'cmake_prefix_path')
[2.054s] INFO:colcon.colcon_core.shell:Creating environment hook '/workspace/install/auro_interfaces/share/auro_interfaces/hook/cmake_prefix_path.ps1'
[2.056s] INFO:colcon.colcon_core.shell:Creating environment descriptor '/workspace/install/auro_interfaces/share/auro_interfaces/hook/cmake_prefix_path.dsv'
[2.058s] INFO:colcon.colcon_core.shell:Creating environment hook '/workspace/install/auro_interfaces/share/auro_interfaces/hook/cmake_prefix_path.sh'
[2.068s] Level 1:colcon.colcon_core.environment:checking '/workspace/install/auro_interfaces/lib'
[2.071s] Level 1:colcon.colcon_core.shell:create_environment_hook('auro_interfaces', 'ld_library_path_lib')
[2.072s] INFO:colcon.colcon_core.shell:Creating environment hook '/workspace/install/auro_interfaces/share/auro_interfaces/hook/ld_library_path_lib.ps1'
[2.073s] INFO:colcon.colcon_core.shell:Creating environment descriptor '/workspace/install/auro_interfaces/share/auro_interfaces/hook/ld_library_path_lib.dsv'
[2.074s] INFO:colcon.colcon_core.shell:Creating environment hook '/workspace/install/auro_interfaces/share/auro_interfaces/hook/ld_library_path_lib.sh'
[2.076s] Level 1:colcon.colcon_core.environment:checking '/workspace/install/auro_interfaces/bin'
[2.077s] Level 1:colcon.colcon_core.environment:checking '/workspace/install/auro_interfaces/lib/pkgconfig/auro_interfaces.pc'
[2.080s] Level 1:colcon.colcon_core.environment:checking '/workspace/install/auro_interfaces/lib/python3.10/site-packages'
[2.081s] Level 1:colcon.colcon_core.environment:checking '/workspace/install/auro_interfaces/bin'
[2.084s] INFO:colcon.colcon_core.shell:Creating package script '/workspace/install/auro_interfaces/share/auro_interfaces/package.ps1'
[2.088s] INFO:colcon.colcon_core.shell:Creating package descriptor '/workspace/install/auro_interfaces/share/auro_interfaces/package.dsv'
[2.092s] INFO:colcon.colcon_core.shell:Creating package script '/workspace/install/auro_interfaces/share/auro_interfaces/package.sh'
[2.123s] INFO:colcon.colcon_core.shell:Creating package script '/workspace/install/auro_interfaces/share/auro_interfaces/package.bash'
[2.127s] INFO:colcon.colcon_core.shell:Creating package script '/workspace/install/auro_interfaces/share/auro_interfaces/package.zsh'
[2.131s] Level 1:colcon.colcon_core.environment:create_file_with_runtime_dependencies(/workspace/install/auro_interfaces/share/colcon-core/packages/auro_interfaces)
[2.319s] DEBUG:colcon.colcon_core.event_handler.log_command:Invoking command in '/workspace/build/solution': PYTHONPATH=/workspace/build/solution/prefix_override:/usr/lib/python3/dist-packages/colcon_core/task/python/colcon_distutils_commands:/workspace/install/solution/lib/python3.10/site-packages:${PYTHONPATH} /usr/bin/python3 -W ignore:setup.py install is deprecated setup.py develop --editable --build-directory /workspace/build/solution/build --no-deps symlink_data
[2.361s] Level 1:colcon.colcon_core.environment:create_environment_scripts_only(assessment_interfaces)
[2.362s] Level 1:colcon.colcon_core.environment:checking '/workspace/install/assessment_interfaces' for CMake module files
[2.363s] DEBUG:colcon.colcon_core.event_handler.log_command:Invoked command in '/workspace/build/assessment_interfaces' returned '0': CMAKE_PREFIX_PATH=${CMAKE_PREFIX_PATH}:/workspace/install/tf_relay:/workspace/install/solution:/workspace/install/assessment:/opt/ros/humble /usr/bin/cmake --install /workspace/build/assessment_interfaces
[2.365s] Level 1:colcon.colcon_core.environment:checking '/workspace/install/assessment_interfaces' for CMake config files
[2.365s] Level 1:colcon.colcon_core.shell:create_environment_hook('assessment_interfaces', 'cmake_prefix_path')
[2.366s] INFO:colcon.colcon_core.shell:Creating environment hook '/workspace/install/assessment_interfaces/share/assessment_interfaces/hook/cmake_prefix_path.ps1'
[2.367s] INFO:colcon.colcon_core.shell:Creating environment descriptor '/workspace/install/assessment_interfaces/share/assessment_interfaces/hook/cmake_prefix_path.dsv'
[2.368s] INFO:colcon.colcon_core.shell:Creating environment hook '/workspace/install/assessment_interfaces/share/assessment_interfaces/hook/cmake_prefix_path.sh'
[2.369s] Level 1:colcon.colcon_core.environment:checking '/workspace/install/assessment_interfaces/lib'
[2.369s] Level 1:colcon.colcon_core.shell:create_environment_hook('assessment_interfaces', 'ld_library_path_lib')
[2.370s] INFO:colcon.colcon_core.shell:Creating environment hook '/workspace/install/assessment_interfaces/share/assessment_interfaces/hook/ld_library_path_lib.ps1'
[2.371s] INFO:colcon.colcon_core.shell:Creating environment descriptor '/workspace/install/assessment_interfaces/share/assessment_interfaces/hook/ld_library_path_lib.dsv'
[2.371s] INFO:colcon.colcon_core.shell:Creating environment hook '/workspace/install/assessment_interfaces/share/assessment_interfaces/hook/ld_library_path_lib.sh'
[2.372s] Level 1:colcon.colcon_core.environment:checking '/workspace/install/assessment_interfaces/bin'
[2.372s] Level 1:colcon.colcon_core.environment:checking '/workspace/install/assessment_interfaces/lib/pkgconfig/assessment_interfaces.pc'
[2.373s] Level 1:colcon.colcon_core.environment:checking '/workspace/install/assessment_interfaces/lib/python3.10/site-packages'
[2.373s] Level 1:colcon.colcon_core.environment:checking '/workspace/install/assessment_interfaces/bin'
[2.374s] INFO:colcon.colcon_core.shell:Creating package script '/workspace/install/assessment_interfaces/share/assessment_interfaces/package.ps1'
[2.375s] INFO:colcon.colcon_core.shell:Creating package descriptor '/workspace/install/assessment_interfaces/share/assessment_interfaces/package.dsv'
[2.376s] INFO:colcon.colcon_core.shell:Creating package script '/workspace/install/assessment_interfaces/share/assessment_interfaces/package.sh'
[2.378s] INFO:colcon.colcon_core.shell:Creating package script '/workspace/install/assessment_interfaces/share/assessment_interfaces/package.bash'
[2.379s] INFO:colcon.colcon_core.shell:Creating package script '/workspace/install/assessment_interfaces/share/assessment_interfaces/package.zsh'
[2.380s] Level 1:colcon.colcon_core.environment:create_file_with_runtime_dependencies(/workspace/install/assessment_interfaces/share/colcon-core/packages/assessment_interfaces)
[2.393s] DEBUG:colcon.colcon_core.event_handler.log_command:Invoking command in '/workspace/build/tf_relay': PYTHONPATH=/workspace/build/tf_relay/prefix_override:/usr/lib/python3/dist-packages/colcon_core/task/python/colcon_distutils_commands:/workspace/install/tf_relay/lib/python3.10/site-packages:${PYTHONPATH} /usr/bin/python3 -W ignore:setup.py install is deprecated setup.py develop --editable --build-directory /workspace/build/tf_relay/build --no-deps symlink_data
[2.550s] Level 1:colcon.colcon_core.environment:create_environment_scripts_only(auro_interfaces)
[2.551s] Level 1:colcon.colcon_core.environment:checking '/workspace/install/auro_interfaces' for CMake module files
[2.554s] Level 1:colcon.colcon_core.environment:checking '/workspace/install/auro_interfaces' for CMake config files
[2.555s] Level 1:colcon.colcon_core.shell:create_environment_hook('auro_interfaces', 'cmake_prefix_path')
[2.556s] INFO:colcon.colcon_core.shell:Creating environment hook '/workspace/install/auro_interfaces/share/auro_interfaces/hook/cmake_prefix_path.ps1'
[2.557s] INFO:colcon.colcon_core.shell:Creating environment descriptor '/workspace/install/auro_interfaces/share/auro_interfaces/hook/cmake_prefix_path.dsv'
[2.560s] INFO:colcon.colcon_core.shell:Creating environment hook '/workspace/install/auro_interfaces/share/auro_interfaces/hook/cmake_prefix_path.sh'
[2.563s] Level 1:colcon.colcon_core.environment:checking '/workspace/install/auro_interfaces/lib'
[2.563s] Level 1:colcon.colcon_core.shell:create_environment_hook('auro_interfaces', 'ld_library_path_lib')
[2.564s] INFO:colcon.colcon_core.shell:Creating environment hook '/workspace/install/auro_interfaces/share/auro_interfaces/hook/ld_library_path_lib.ps1'
[2.567s] INFO:colcon.colcon_core.shell:Creating environment descriptor '/workspace/install/auro_interfaces/share/auro_interfaces/hook/ld_library_path_lib.dsv'
[2.569s] INFO:colcon.colcon_core.shell:Creating environment hook '/workspace/install/auro_interfaces/share/auro_interfaces/hook/ld_library_path_lib.sh'
[2.571s] Level 1:colcon.colcon_core.environment:checking '/workspace/install/auro_interfaces/bin'
[2.571s] Level 1:colcon.colcon_core.environment:checking '/workspace/install/auro_interfaces/lib/pkgconfig/auro_interfaces.pc'
[2.572s] Level 1:colcon.colcon_core.environment:checking '/workspace/install/auro_interfaces/lib/python3.10/site-packages'
[2.573s] Level 1:colcon.colcon_core.environment:checking '/workspace/install/auro_interfaces/bin'
[2.574s] INFO:colcon.colcon_core.shell:Creating package script '/workspace/install/auro_interfaces/share/auro_interfaces/package.ps1'
[2.576s] INFO:colcon.colcon_core.shell:Creating package descriptor '/workspace/install/auro_interfaces/share/auro_interfaces/package.dsv'
[2.579s] INFO:colcon.colcon_core.shell:Creating package script '/workspace/install/auro_interfaces/share/auro_interfaces/package.sh'
[2.581s] INFO:colcon.colcon_core.shell:Creating package script '/workspace/install/auro_interfaces/share/auro_interfaces/package.bash'
[2.583s] INFO:colcon.colcon_core.shell:Creating package script '/workspace/install/auro_interfaces/share/auro_interfaces/package.zsh'
[2.585s] Level 1:colcon.colcon_core.environment:create_file_with_runtime_dependencies(/workspace/install/auro_interfaces/share/colcon-core/packages/auro_interfaces)
[2.588s] INFO:colcon.colcon_ros.task.ament_python.build:Building ROS package in '/workspace/AURO/assessment' with build type 'ament_python'
[2.590s] Level 1:colcon.colcon_core.shell:create_environment_hook('assessment', 'ament_prefix_path')
[2.592s] INFO:colcon.colcon_core.shell:Creating environment hook '/workspace/install/assessment/share/assessment/hook/ament_prefix_path.ps1'
[2.598s] INFO:colcon.colcon_core.shell:Creating environment descriptor '/workspace/install/assessment/share/assessment/hook/ament_prefix_path.dsv'
[2.602s] INFO:colcon.colcon_core.shell:Creating environment hook '/workspace/install/assessment/share/assessment/hook/ament_prefix_path.sh'
[2.610s] INFO:colcon.colcon_core.shell:Skip shell extension 'powershell' for command environment: Not usable outside of PowerShell
[2.610s] DEBUG:colcon.colcon_core.shell:Skip shell extension 'dsv' for command environment
[3.095s] INFO:colcon.colcon_core.task.python.build:Building Python package in '/workspace/AURO/assessment'
[3.095s] INFO:colcon.colcon_core.shell:Skip shell extension 'powershell' for command environment: Not usable outside of PowerShell
[3.096s] DEBUG:colcon.colcon_core.shell:Skip shell extension 'dsv' for command environment
[3.103s] Level 1:colcon.colcon_core.environment:create_environment_scripts_only(assessment_interfaces)
[3.104s] Level 1:colcon.colcon_core.environment:checking '/workspace/install/assessment_interfaces' for CMake module files
[3.106s] Level 1:colcon.colcon_core.environment:checking '/workspace/install/assessment_interfaces' for CMake config files
[3.107s] Level 1:colcon.colcon_core.shell:create_environment_hook('assessment_interfaces', 'cmake_prefix_path')
[3.108s] INFO:colcon.colcon_core.shell:Creating environment hook '/workspace/install/assessment_interfaces/share/assessment_interfaces/hook/cmake_prefix_path.ps1'
[3.109s] INFO:colcon.colcon_core.shell:Creating environment descriptor '/workspace/install/assessment_interfaces/share/assessment_interfaces/hook/cmake_prefix_path.dsv'
[3.109s] INFO:colcon.colcon_core.shell:Creating environment hook '/workspace/install/assessment_interfaces/share/assessment_interfaces/hook/cmake_prefix_path.sh'
[3.111s] Level 1:colcon.colcon_core.environment:checking '/workspace/install/assessment_interfaces/lib'
[3.111s] Level 1:colcon.colcon_core.shell:create_environment_hook('assessment_interfaces', 'ld_library_path_lib')
[3.111s] INFO:colcon.colcon_core.shell:Creating environment hook '/workspace/install/assessment_interfaces/share/assessment_interfaces/hook/ld_library_path_lib.ps1'
[3.112s] INFO:colcon.colcon_core.shell:Creating environment descriptor '/workspace/install/assessment_interfaces/share/assessment_interfaces/hook/ld_library_path_lib.dsv'
[3.113s] INFO:colcon.colcon_core.shell:Creating environment hook '/workspace/install/assessment_interfaces/share/assessment_interfaces/hook/ld_library_path_lib.sh'
[3.114s] Level 1:colcon.colcon_core.environment:checking '/workspace/install/assessment_interfaces/bin'
[3.114s] Level 1:colcon.colcon_core.environment:checking '/workspace/install/assessment_interfaces/lib/pkgconfig/assessment_interfaces.pc'
[3.114s] Level 1:colcon.colcon_core.environment:checking '/workspace/install/assessment_interfaces/lib/python3.10/site-packages'
[3.115s] Level 1:colcon.colcon_core.environment:checking '/workspace/install/assessment_interfaces/bin'
[3.115s] INFO:colcon.colcon_core.shell:Creating package script '/workspace/install/assessment_interfaces/share/assessment_interfaces/package.ps1'
[3.116s] INFO:colcon.colcon_core.shell:Creating package descriptor '/workspace/install/assessment_interfaces/share/assessment_interfaces/package.dsv'
[3.117s] INFO:colcon.colcon_core.shell:Creating package script '/workspace/install/assessment_interfaces/share/assessment_interfaces/package.sh'
[3.118s] INFO:colcon.colcon_core.shell:Creating package script '/workspace/install/assessment_interfaces/share/assessment_interfaces/package.bash'
[3.118s] INFO:colcon.colcon_core.shell:Creating package script '/workspace/install/assessment_interfaces/share/assessment_interfaces/package.zsh'
[3.119s] Level 1:colcon.colcon_core.environment:create_file_with_runtime_dependencies(/workspace/install/assessment_interfaces/share/colcon-core/packages/assessment_interfaces)
[3.488s] Level 1:colcon.colcon_core.shell:create_environment_hook('tf_relay', 'pythonpath_develop')
[3.489s] INFO:colcon.colcon_core.shell:Creating environment hook '/workspace/build/tf_relay/share/tf_relay/hook/pythonpath_develop.ps1'
[3.490s] DEBUG:colcon.colcon_core.event_handler.log_command:Invoked command in '/workspace/build/tf_relay' returned '0': PYTHONPATH=/workspace/build/tf_relay/prefix_override:/usr/lib/python3/dist-packages/colcon_core/task/python/colcon_distutils_commands:/workspace/install/tf_relay/lib/python3.10/site-packages:${PYTHONPATH} /usr/bin/python3 -W ignore:setup.py install is deprecated setup.py develop --editable --build-directory /workspace/build/tf_relay/build --no-deps symlink_data
[3.490s] INFO:colcon.colcon_core.shell:Creating environment descriptor '/workspace/build/tf_relay/share/tf_relay/hook/pythonpath_develop.dsv'
[3.491s] INFO:colcon.colcon_core.shell:Creating environment hook '/workspace/build/tf_relay/share/tf_relay/hook/pythonpath_develop.sh'
[3.492s] Level 1:colcon.colcon_core.environment:checking '/workspace/install/tf_relay' for CMake module files
[3.493s] Level 1:colcon.colcon_core.environment:checking '/workspace/install/tf_relay' for CMake config files
[3.494s] Level 1:colcon.colcon_core.environment:checking '/workspace/install/tf_relay/lib'
[3.494s] Level 1:colcon.colcon_core.environment:checking '/workspace/install/tf_relay/bin'
[3.494s] Level 1:colcon.colcon_core.environment:checking '/workspace/install/tf_relay/lib/pkgconfig/tf_relay.pc'
[3.494s] Level 1:colcon.colcon_core.environment:checking '/workspace/install/tf_relay/lib/python3.10/site-packages'
[3.494s] Level 1:colcon.colcon_core.shell:create_environment_hook('tf_relay', 'pythonpath')
[3.495s] INFO:colcon.colcon_core.shell:Creating environment hook '/workspace/install/tf_relay/share/tf_relay/hook/pythonpath.ps1'
[3.496s] INFO:colcon.colcon_core.shell:Creating environment descriptor '/workspace/install/tf_relay/share/tf_relay/hook/pythonpath.dsv'
[3.496s] INFO:colcon.colcon_core.shell:Creating environment hook '/workspace/install/tf_relay/share/tf_relay/hook/pythonpath.sh'
[3.497s] Level 1:colcon.colcon_core.environment:checking '/workspace/install/tf_relay/bin'
[3.497s] Level 1:colcon.colcon_core.environment:create_environment_scripts_only(tf_relay)
[3.498s] INFO:colcon.colcon_core.shell:Creating package script '/workspace/install/tf_relay/share/tf_relay/package.ps1'
[3.499s] INFO:colcon.colcon_core.shell:Creating package descriptor '/workspace/install/tf_relay/share/tf_relay/package.dsv'
[3.500s] INFO:colcon.colcon_core.shell:Creating package script '/workspace/install/tf_relay/share/tf_relay/package.sh'
[3.500s] INFO:colcon.colcon_core.shell:Creating package script '/workspace/install/tf_relay/share/tf_relay/package.bash'
[3.501s] INFO:colcon.colcon_core.shell:Creating package script '/workspace/install/tf_relay/share/tf_relay/package.zsh'
[3.501s] Level 1:colcon.colcon_core.environment:create_file_with_runtime_dependencies(/workspace/install/tf_relay/share/colcon-core/packages/tf_relay)
[3.503s] Level 1:colcon.colcon_core.shell:create_environment_hook('solution', 'pythonpath_develop')
[3.503s] INFO:colcon.colcon_core.shell:Creating environment hook '/workspace/build/solution/share/solution/hook/pythonpath_develop.ps1'
[3.505s] DEBUG:colcon.colcon_core.event_handler.log_command:Invoked command in '/workspace/build/solution' returned '0': PYTHONPATH=/workspace/build/solution/prefix_override:/usr/lib/python3/dist-packages/colcon_core/task/python/colcon_distutils_commands:/workspace/install/solution/lib/python3.10/site-packages:${PYTHONPATH} /usr/bin/python3 -W ignore:setup.py install is deprecated setup.py develop --editable --build-directory /workspace/build/solution/build --no-deps symlink_data
[3.505s] INFO:colcon.colcon_core.shell:Creating environment descriptor '/workspace/build/solution/share/solution/hook/pythonpath_develop.dsv'
[3.505s] INFO:colcon.colcon_core.shell:Creating environment hook '/workspace/build/solution/share/solution/hook/pythonpath_develop.sh'
[3.506s] Level 1:colcon.colcon_core.environment:checking '/workspace/install/solution' for CMake module files
[3.508s] Level 1:colcon.colcon_core.environment:checking '/workspace/install/solution' for CMake config files
[3.509s] Level 1:colcon.colcon_core.environment:checking '/workspace/install/solution/lib'
[3.509s] Level 1:colcon.colcon_core.environment:checking '/workspace/install/solution/bin'
[3.509s] Level 1:colcon.colcon_core.environment:checking '/workspace/install/solution/lib/pkgconfig/solution.pc'
[3.509s] Level 1:colcon.colcon_core.environment:checking '/workspace/install/solution/lib/python3.10/site-packages'
[3.510s] Level 1:colcon.colcon_core.shell:create_environment_hook('solution', 'pythonpath')
[3.510s] INFO:colcon.colcon_core.shell:Creating environment hook '/workspace/install/solution/share/solution/hook/pythonpath.ps1'
[3.511s] INFO:colcon.colcon_core.shell:Creating environment descriptor '/workspace/install/solution/share/solution/hook/pythonpath.dsv'
[3.511s] INFO:colcon.colcon_core.shell:Creating environment hook '/workspace/install/solution/share/solution/hook/pythonpath.sh'
[3.512s] Level 1:colcon.colcon_core.environment:checking '/workspace/install/solution/bin'
[3.512s] Level 1:colcon.colcon_core.environment:create_environment_scripts_only(solution)
[3.512s] INFO:colcon.colcon_core.shell:Creating package script '/workspace/install/solution/share/solution/package.ps1'
[3.513s] INFO:colcon.colcon_core.shell:Creating package descriptor '/workspace/install/solution/share/solution/package.dsv'
[3.514s] INFO:colcon.colcon_core.shell:Creating package script '/workspace/install/solution/share/solution/package.sh'
[3.515s] INFO:colcon.colcon_core.shell:Creating package script '/workspace/install/solution/share/solution/package.bash'
[3.516s] INFO:colcon.colcon_core.shell:Creating package script '/workspace/install/solution/share/solution/package.zsh'
[3.516s] Level 1:colcon.colcon_core.environment:create_file_with_runtime_dependencies(/workspace/install/solution/share/colcon-core/packages/solution)
[3.640s] DEBUG:colcon.colcon_core.event_handler.log_command:Invoking command in '/workspace/build/assessment': LD_LIBRARY_PATH=/workspace/install/auro_interfaces/lib:/workspace/install/assessment_interfaces/lib:/opt/ros/humble/opt/rviz_ogre_vendor/lib:/opt/ros/humble/lib/x86_64-linux-gnu:/opt/ros/humble/lib:/usr/lib/x86_64-linux-gnu/gazebo-11/plugins PYTHONPATH=/workspace/build/assessment/prefix_override:/usr/lib/python3/dist-packages/colcon_core/task/python/colcon_distutils_commands:/workspace/install/assessment/lib/python3.10/site-packages:${PYTHONPATH} /usr/bin/python3 -W ignore:setup.py install is deprecated setup.py develop --editable --build-directory /workspace/build/assessment/build --no-deps symlink_data
[4.247s] Level 1:colcon.colcon_core.shell:create_environment_hook('assessment', 'pythonpath_develop')
[4.248s] INFO:colcon.colcon_core.shell:Creating environment hook '/workspace/build/assessment/share/assessment/hook/pythonpath_develop.ps1'
[4.248s] DEBUG:colcon.colcon_core.event_handler.log_command:Invoked command in '/workspace/build/assessment' returned '0': LD_LIBRARY_PATH=/workspace/install/auro_interfaces/lib:/workspace/install/assessment_interfaces/lib:/opt/ros/humble/opt/rviz_ogre_vendor/lib:/opt/ros/humble/lib/x86_64-linux-gnu:/opt/ros/humble/lib:/usr/lib/x86_64-linux-gnu/gazebo-11/plugins PYTHONPATH=/workspace/build/assessment/prefix_override:/usr/lib/python3/dist-packages/colcon_core/task/python/colcon_distutils_commands:/workspace/install/assessment/lib/python3.10/site-packages:${PYTHONPATH} /usr/bin/python3 -W ignore:setup.py install is deprecated setup.py develop --editable --build-directory /workspace/build/assessment/build --no-deps symlink_data
[4.249s] INFO:colcon.colcon_core.shell:Creating environment descriptor '/workspace/build/assessment/share/assessment/hook/pythonpath_develop.dsv'
[4.249s] INFO:colcon.colcon_core.shell:Creating environment hook '/workspace/build/assessment/share/assessment/hook/pythonpath_develop.sh'
[4.250s] Level 1:colcon.colcon_core.environment:checking '/workspace/install/assessment' for CMake module files
[4.251s] Level 1:colcon.colcon_core.environment:checking '/workspace/install/assessment' for CMake config files
[4.252s] Level 1:colcon.colcon_core.environment:checking '/workspace/install/assessment/lib'
[4.252s] Level 1:colcon.colcon_core.environment:checking '/workspace/install/assessment/bin'
[4.252s] Level 1:colcon.colcon_core.environment:checking '/workspace/install/assessment/lib/pkgconfig/assessment.pc'
[4.253s] Level 1:colcon.colcon_core.environment:checking '/workspace/install/assessment/lib/python3.10/site-packages'
[4.253s] Level 1:colcon.colcon_core.shell:create_environment_hook('assessment', 'pythonpath')
[4.253s] INFO:colcon.colcon_core.shell:Creating environment hook '/workspace/install/assessment/share/assessment/hook/pythonpath.ps1'
[4.254s] INFO:colcon.colcon_core.shell:Creating environment descriptor '/workspace/install/assessment/share/assessment/hook/pythonpath.dsv'
[4.254s] INFO:colcon.colcon_core.shell:Creating environment hook '/workspace/install/assessment/share/assessment/hook/pythonpath.sh'
[4.255s] Level 1:colcon.colcon_core.environment:checking '/workspace/install/assessment/bin'
[4.255s] Level 1:colcon.colcon_core.environment:create_environment_scripts_only(assessment)
[4.255s] INFO:colcon.colcon_core.shell:Creating package script '/workspace/install/assessment/share/assessment/package.ps1'
[4.256s] INFO:colcon.colcon_core.shell:Creating package descriptor '/workspace/install/assessment/share/assessment/package.dsv'
[4.257s] INFO:colcon.colcon_core.shell:Creating package script '/workspace/install/assessment/share/assessment/package.sh'
[4.257s] INFO:colcon.colcon_core.shell:Creating package script '/workspace/install/assessment/share/assessment/package.bash'
[4.258s] INFO:colcon.colcon_core.shell:Creating package script '/workspace/install/assessment/share/assessment/package.zsh'
[4.258s] Level 1:colcon.colcon_core.environment:create_file_with_runtime_dependencies(/workspace/install/assessment/share/colcon-core/packages/assessment)
[4.258s] DEBUG:colcon.colcon_parallel_executor.executor.parallel:closing loop
[4.259s] DEBUG:colcon.colcon_parallel_executor.executor.parallel:loop closed
[4.259s] DEBUG:colcon.colcon_parallel_executor.executor.parallel:run_until_complete finished with '0'
[4.259s] DEBUG:colcon.colcon_core.event_reactor:joining thread
[4.271s] INFO:colcon.colcon_core.plugin_system:Skipping extension 'colcon_notification.desktop_notification.notify_send': Could not find 'notify-send'
[4.271s] INFO:colcon.colcon_core.plugin_system:Skipping extension 'colcon_notification.desktop_notification.terminal_notifier': Not used on non-Darwin systems
[4.271s] INFO:colcon.colcon_core.plugin_system:Skipping extension 'colcon_notification.desktop_notification.win32': Not used on non-Windows systems
[4.271s] INFO:colcon.colcon_notification.desktop_notification:Sending desktop notification using 'notify2'
[4.274s] DEBUG:colcon.colcon_notification.desktop_notification.notify2:Failed to initialize notify2: org.freedesktop.DBus.Error.Spawn.ExecFailed: /usr/bin/dbus-launch terminated abnormally without any error message
[4.274s] DEBUG:colcon.colcon_core.event_reactor:joined thread
[4.275s] INFO:colcon.colcon_core.shell:Creating prefix script '/workspace/install/local_setup.ps1'
[4.277s] INFO:colcon.colcon_core.shell:Creating prefix util module '/workspace/install/_local_setup_util_ps1.py'
[4.279s] INFO:colcon.colcon_core.shell:Creating prefix chain script '/workspace/install/setup.ps1'
[4.281s] INFO:colcon.colcon_core.shell:Creating prefix script '/workspace/install/local_setup.sh'
[4.282s] INFO:colcon.colcon_core.shell:Creating prefix util module '/workspace/install/_local_setup_util_sh.py'
[4.283s] INFO:colcon.colcon_core.shell:Creating prefix chain script '/workspace/install/setup.sh'
[4.284s] INFO:colcon.colcon_core.shell:Creating prefix script '/workspace/install/local_setup.bash'
[4.285s] INFO:colcon.colcon_core.shell:Creating prefix chain script '/workspace/install/setup.bash'
[4.287s] INFO:colcon.colcon_core.shell:Creating prefix script '/workspace/install/local_setup.zsh'
[4.288s] INFO:colcon.colcon_core.shell:Creating prefix chain script '/workspace/install/setup.zsh'
