[1.258s] Invoking command in '/workspace/build/assessment': AMENT_PREFIX_PATH=/workspace/install/auro_interfaces:${AMENT_PREFIX_PATH} CMAKE_PREFIX_PATH=/workspace/install/auro_interfaces LD_LIBRARY_PATH=/workspace/install/auro_interfaces/lib:/opt/ros/humble/opt/rviz_ogre_vendor/lib:/opt/ros/humble/lib/x86_64-linux-gnu:/opt/ros/humble/lib:/usr/lib/x86_64-linux-gnu/gazebo-11/plugins PYTHONPATH=/workspace/build/assessment/prefix_override:/usr/lib/python3/dist-packages/colcon_core/task/python/colcon_distutils_commands:/workspace/install/assessment/lib/python3.10/site-packages:/workspace/install/auro_interfaces/local/lib/python3.10/dist-packages:${PYTHONPATH} /usr/bin/python3 -W ignore:setup.py install is deprecated setup.py develop --editable --build-directory /workspace/build/assessment/build --no-deps symlink_data
[1.590s] running develop
[1.590s] /usr/lib/python3/dist-packages/setuptools/command/easy_install.py:158: EasyInstallDeprecationWarning: easy_install command is deprecated. Use build and pip and other standards-based tools.
[1.590s]   warnings.warn(
[1.788s] running egg_info
[1.788s] writing assessment.egg-info/PKG-INFO
[1.788s] writing dependency_links to assessment.egg-info/dependency_links.txt
[1.789s] writing entry points to assessment.egg-info/entry_points.txt
[1.789s] writing requirements to assessment.egg-info/requires.txt
[1.789s] writing top-level names to assessment.egg-info/top_level.txt
[1.792s] reading manifest file 'assessment.egg-info/SOURCES.txt'
[1.794s] writing manifest file 'assessment.egg-info/SOURCES.txt'
[1.796s] running build_ext
[1.796s] Creating /workspace/install/assessment/lib/python3.10/site-packages/assessment.egg-link (link to .)
[1.797s] Installing collision_detector script to /workspace/install/assessment/lib/assessment
[1.797s] Installing item_manager script to /workspace/install/assessment/lib/assessment
[1.797s] Installing item_sensor script to /workspace/install/assessment/lib/assessment
[1.798s] Installing lidar_sensor script to /workspace/install/assessment/lib/assessment
[1.798s] Installing priority_manager script to /workspace/install/assessment/lib/assessment
[1.798s] Installing robot_controller script to /workspace/install/assessment/lib/assessment
[1.798s] Installing robot_sensor script to /workspace/install/assessment/lib/assessment
[1.798s] Installing zone_sensor script to /workspace/install/assessment/lib/assessment
[1.799s] 
[1.799s] Installed /workspace/build/assessment
[1.799s] running symlink_data
[1.832s] Invoked command in '/workspace/build/assessment' returned '0': AMENT_PREFIX_PATH=/workspace/install/auro_interfaces:${AMENT_PREFIX_PATH} CMAKE_PREFIX_PATH=/workspace/install/auro_interfaces LD_LIBRARY_PATH=/workspace/install/auro_interfaces/lib:/opt/ros/humble/opt/rviz_ogre_vendor/lib:/opt/ros/humble/lib/x86_64-linux-gnu:/opt/ros/humble/lib:/usr/lib/x86_64-linux-gnu/gazebo-11/plugins PYTHONPATH=/workspace/build/assessment/prefix_override:/usr/lib/python3/dist-packages/colcon_core/task/python/colcon_distutils_commands:/workspace/install/assessment/lib/python3.10/site-packages:/workspace/install/auro_interfaces/local/lib/python3.10/dist-packages:${PYTHONPATH} /usr/bin/python3 -W ignore:setup.py install is deprecated setup.py develop --editable --build-directory /workspace/build/assessment/build --no-deps symlink_data
