running develop
running egg_info
creating solution.egg-info
writing solution.egg-info/PKG-INFO
writing dependency_links to solution.egg-info/dependency_links.txt
writing entry points to solution.egg-info/entry_points.txt
writing requirements to solution.egg-info/requires.txt
writing top-level names to solution.egg-info/top_level.txt
writing manifest file 'solution.egg-info/SOURCES.txt'
reading manifest file 'solution.egg-info/SOURCES.txt'
writing manifest file 'solution.egg-info/SOURCES.txt'
running build_ext
Creating /workspace/install/solution/lib/python3.10/site-packages/solution.egg-link (link to .)
Installing data_logger script to /workspace/install/solution/lib/solution
Installing robot_controller script to /workspace/install/solution/lib/solution

Installed /workspace/build/solution
running symlink_data
creating /workspace/install/solution/share/ament_index
creating /workspace/install/solution/share/ament_index/resource_index
creating /workspace/install/solution/share/ament_index/resource_index/packages
symbolically linking /workspace/build/solution/resource/solution -> /workspace/install/solution/share/ament_index/resource_index/packages
symbolically linking /workspace/build/solution/package.xml -> /workspace/install/solution/share/solution
creating /workspace/install/solution/share/solution/launch
symbolically linking /workspace/build/solution/launch/solution_nav2_launch.py -> /workspace/install/solution/share/solution/launch/
symbolically linking /workspace/build/solution/launch/solution_launch.py -> /workspace/install/solution/share/solution/launch/
creating /workspace/install/solution/share/solution/config
symbolically linking /workspace/build/solution/config/initial_poses.yaml -> /workspace/install/solution/share/solution/config/
symbolically linking /workspace/build/solution/config/custom_rviz_windows.yaml -> /workspace/install/solution/share/solution/config/
creating /workspace/install/solution/share/solution/params
symbolically linking /workspace/build/solution/params/custom_nav2_params_namespaced.yaml -> /workspace/install/solution/share/solution/params/
