[1.713s] Invoking command in '/workspace/build/solution': PYTHONPATH=/workspace/build/solution/prefix_override:/usr/lib/python3/dist-packages/colcon_core/task/python/colcon_distutils_commands:/workspace/install/solution/lib/python3.10/site-packages:${PYTHONPATH} /usr/bin/python3 -W ignore:setup.py install is deprecated setup.py develop --editable --build-directory /workspace/build/solution/build --no-deps symlink_data
[2.388s] running develop
[2.391s] /usr/lib/python3/dist-packages/setuptools/command/easy_install.py:158: EasyInstallDeprecationWarning: easy_install command is deprecated. Use build and pip and other standards-based tools.
[2.392s]   warnings.warn(
[3.102s] running egg_info
[3.102s] creating solution.egg-info
[3.102s] writing solution.egg-info/PKG-INFO
[3.102s] writing dependency_links to solution.egg-info/dependency_links.txt
[3.104s] writing entry points to solution.egg-info/entry_points.txt
[3.104s] writing requirements to solution.egg-info/requires.txt
[3.105s] writing top-level names to solution.egg-info/top_level.txt
[3.105s] writing manifest file 'solution.egg-info/SOURCES.txt'
[3.105s] reading manifest file 'solution.egg-info/SOURCES.txt'
[3.120s] writing manifest file 'solution.egg-info/SOURCES.txt'
[3.121s] running build_ext
[3.122s] Creating /workspace/install/solution/lib/python3.10/site-packages/solution.egg-link (link to .)
[3.128s] Installing data_logger script to /workspace/install/solution/lib/solution
[3.135s] Installing robot_controller script to /workspace/install/solution/lib/solution
[3.135s] 
[3.136s] Installed /workspace/build/solution
[3.136s] running symlink_data
[3.136s] creating /workspace/install/solution/share/ament_index
[3.136s] creating /workspace/install/solution/share/ament_index/resource_index
[3.136s] creating /workspace/install/solution/share/ament_index/resource_index/packages
[3.136s] symbolically linking /workspace/build/solution/resource/solution -> /workspace/install/solution/share/ament_index/resource_index/packages
[3.144s] symbolically linking /workspace/build/solution/package.xml -> /workspace/install/solution/share/solution
[3.145s] creating /workspace/install/solution/share/solution/launch
[3.145s] symbolically linking /workspace/build/solution/launch/solution_nav2_launch.py -> /workspace/install/solution/share/solution/launch/
[3.145s] symbolically linking /workspace/build/solution/launch/solution_launch.py -> /workspace/install/solution/share/solution/launch/
[3.147s] creating /workspace/install/solution/share/solution/config
[3.147s] symbolically linking /workspace/build/solution/config/initial_poses.yaml -> /workspace/install/solution/share/solution/config/
[3.147s] symbolically linking /workspace/build/solution/config/custom_rviz_windows.yaml -> /workspace/install/solution/share/solution/config/
[3.147s] creating /workspace/install/solution/share/solution/params
[3.148s] symbolically linking /workspace/build/solution/params/custom_nav2_params_namespaced.yaml -> /workspace/install/solution/share/solution/params/
[3.954s] Invoked command in '/workspace/build/solution' returned '0': PYTHONPATH=/workspace/build/solution/prefix_override:/usr/lib/python3/dist-packages/colcon_core/task/python/colcon_distutils_commands:/workspace/install/solution/lib/python3.10/site-packages:${PYTHONPATH} /usr/bin/python3 -W ignore:setup.py install is deprecated setup.py develop --editable --build-directory /workspace/build/solution/build --no-deps symlink_data
