running develop
running egg_info
creating week_1.egg-info
writing week_1.egg-info/PKG-INFO
writing dependency_links to week_1.egg-info/dependency_links.txt
writing entry points to week_1.egg-info/entry_points.txt
writing requirements to week_1.egg-info/requires.txt
writing top-level names to week_1.egg-info/top_level.txt
writing manifest file 'week_1.egg-info/SOURCES.txt'
reading manifest file 'week_1.egg-info/SOURCES.txt'
writing manifest file 'week_1.egg-info/SOURCES.txt'
running build_ext
Creating /workspace/install/week_1/lib/python3.10/site-packages/week-1.egg-link (link to .)
Installing turtle_controller script to /workspace/install/week_1/lib/week_1
Installing turtle_listener script to /workspace/install/week_1/lib/week_1

Installed /workspace/build/week_1
running symlink_data
creating /workspace/install/week_1/share/ament_index
creating /workspace/install/week_1/share/ament_index/resource_index
creating /workspace/install/week_1/share/ament_index/resource_index/packages
symbolically linking /workspace/build/week_1/resource/week_1 -> /workspace/install/week_1/share/ament_index/resource_index/packages
symbolically linking /workspace/build/week_1/package.xml -> /workspace/install/week_1/share/week_1
