[2.106s] Invoking command in '/workspace/build/week_1': PYTHONPATH=/workspace/build/week_1/prefix_override:/usr/lib/python3/dist-packages/colcon_core/task/python/colcon_distutils_commands:/workspace/install/week_1/lib/python3.10/site-packages:${PYTHONPATH} /usr/bin/python3 -W ignore:setup.py install is deprecated setup.py develop --editable --build-directory /workspace/build/week_1/build --no-deps symlink_data
[3.924s] running develop
[3.924s] /usr/lib/python3/dist-packages/setuptools/command/easy_install.py:158: EasyInstallDeprecationWarning: easy_install command is deprecated. Use build and pip and other standards-based tools.
[3.924s]   warnings.warn(
[4.622s] running egg_info
[4.622s] creating week_1.egg-info
[4.622s] writing week_1.egg-info/PKG-INFO
[4.623s] writing dependency_links to week_1.egg-info/dependency_links.txt
[4.623s] writing entry points to week_1.egg-info/entry_points.txt
[4.623s] writing requirements to week_1.egg-info/requires.txt
[4.628s] writing top-level names to week_1.egg-info/top_level.txt
[4.628s] writing manifest file 'week_1.egg-info/SOURCES.txt'
[4.633s] reading manifest file 'week_1.egg-info/SOURCES.txt'
[4.635s] writing manifest file 'week_1.egg-info/SOURCES.txt'
[4.639s] running build_ext
[4.640s] Creating /workspace/install/week_1/lib/python3.10/site-packages/week-1.egg-link (link to .)
[4.641s] Installing turtle_controller script to /workspace/install/week_1/lib/week_1
[4.641s] Installing turtle_listener script to /workspace/install/week_1/lib/week_1
[4.641s] 
[4.642s] Installed /workspace/build/week_1
[4.642s] running symlink_data
[4.642s] creating /workspace/install/week_1/share/ament_index
[4.643s] creating /workspace/install/week_1/share/ament_index/resource_index
[4.643s] creating /workspace/install/week_1/share/ament_index/resource_index/packages
[4.643s] symbolically linking /workspace/build/week_1/resource/week_1 -> /workspace/install/week_1/share/ament_index/resource_index/packages
[4.644s] symbolically linking /workspace/build/week_1/package.xml -> /workspace/install/week_1/share/week_1
[4.757s] Invoked command in '/workspace/build/week_1' returned '0': PYTHONPATH=/workspace/build/week_1/prefix_override:/usr/lib/python3/dist-packages/colcon_core/task/python/colcon_distutils_commands:/workspace/install/week_1/lib/python3.10/site-packages:${PYTHONPATH} /usr/bin/python3 -W ignore:setup.py install is deprecated setup.py develop --editable --build-directory /workspace/build/week_1/build --no-deps symlink_data
