[2.453s] Invoking command in '/workspace/build/solution': PYTHONPATH=/workspace/build/solution/prefix_override:/usr/lib/python3/dist-packages/colcon_core/task/python/colcon_distutils_commands:/workspace/install/solution/lib/python3.10/site-packages:${PYTHONPATH} /usr/bin/python3 -W ignore:setup.py install is deprecated setup.py develop --editable --build-directory /workspace/build/solution/build --no-deps symlink_data
[2.875s] running develop
[2.877s] /usr/lib/python3/dist-packages/setuptools/command/easy_install.py:158: EasyInstallDeprecationWarning: easy_install command is deprecated. Use build and pip and other standards-based tools.
[2.877s]   warnings.warn(
[3.103s] running egg_info
[3.104s] writing solution.egg-info/PKG-INFO
[3.104s] writing dependency_links to solution.egg-info/dependency_links.txt
[3.107s] writing entry points to solution.egg-info/entry_points.txt
[3.107s] writing requirements to solution.egg-info/requires.txt
[3.107s] writing top-level names to solution.egg-info/top_level.txt
[3.108s] reading manifest file 'solution.egg-info/SOURCES.txt'
[3.111s] writing manifest file 'solution.egg-info/SOURCES.txt'
[3.112s] running build_ext
[3.112s] Creating /workspace/install/solution/lib/python3.10/site-packages/solution.egg-link (link to .)
[3.114s] Installing data_logger script to /workspace/install/solution/lib/solution
[3.114s] Installing robot_controller script to /workspace/install/solution/lib/solution
[3.115s] 
[3.115s] Installed /workspace/build/solution
[3.119s] running symlink_data
[3.154s] Invoked command in '/workspace/build/solution' returned '0': PYTHONPATH=/workspace/build/solution/prefix_override:/usr/lib/python3/dist-packages/colcon_core/task/python/colcon_distutils_commands:/workspace/install/solution/lib/python3.10/site-packages:${PYTHONPATH} /usr/bin/python3 -W ignore:setup.py install is deprecated setup.py develop --editable --build-directory /workspace/build/solution/build --no-deps symlink_data
