-- The C compiler identification is GNU 11.4.0
-- The CXX compiler identification is GNU 11.4.0
-- Detecting C compiler ABI info
-- Detecting C compiler ABI info - done
-- Check for working C compiler: /usr/bin/cc - skipped
-- Detecting C compile features
-- Detecting C compile features - done
-- Detecting CXX compiler ABI info
-- Detecting CXX compiler ABI info - done
-- Check for working CXX compiler: /usr/bin/c++ - skipped
-- Detecting CXX compile features
-- Detecting CXX compile features - done
-- Found ament_cmake: 1.3.10 (/opt/ros/humble/share/ament_cmake/cmake)
-- Found Python3: /usr/bin/python3 (found version "3.10.12") found components: Interpreter 
-- Override CMake install command with custom implementation using symlinks instead of copying resources
-- Found rosidl_default_generators: 1.2.0 (/opt/ros/humble/share/rosidl_default_generators/cmake)
-- Using all available rosidl_typesupport_c: rosidl_typesupport_fastrtps_c;rosidl_typesupport_introspection_c
-- Found rosidl_adapter: 3.1.5 (/opt/ros/humble/share/rosidl_adapter/cmake)
-- Using all available rosidl_typesupport_cpp: rosidl_typesupport_fastrtps_cpp;rosidl_typesupport_introspection_cpp
-- Found ament_cmake_ros: 0.10.0 (/opt/ros/humble/share/ament_cmake_ros/cmake)
-- Using all available rosidl_typesupport_c: rosidl_typesupport_fastrtps_c;rosidl_typesupport_introspection_c
-- Using all available rosidl_typesupport_cpp: rosidl_typesupport_fastrtps_cpp;rosidl_typesupport_introspection_cpp
-- Found PythonInterp: /usr/bin/python3 (found suitable version "3.10.12", minimum required is "3.6") 
-- Found python_cmake_module: 0.10.0 (/opt/ros/humble/share/python_cmake_module/cmake)
-- Found PythonLibs: /usr/lib/x86_64-linux-gnu/libpython3.10.so (found suitable version "3.10.12", minimum required is "3.5") 
-- Using PYTHON_EXECUTABLE: /usr/bin/python3
-- Using PYTHON_INCLUDE_DIRS: /usr/include/python3.10
-- Using PYTHON_LIBRARIES: /usr/lib/x86_64-linux-gnu/libpython3.10.so
-- Found PythonExtra: .so  
-- Found ament_lint_auto: 0.12.11 (/opt/ros/humble/share/ament_lint_auto/cmake)
-- Added test 'lint_cmake' to check CMake code style
-- Added test 'xmllint' to check XML markup files
-- Configuring done
-- Generating done
-- Build files have been written to: /workspace/build/assessment_interfaces
[  1%] [34m[1mGenerating C code for ROS interfaces[0m
[  2%] [34m[1mGenerating C++ code for ROS interfaces[0m
[  2%] Built target ament_cmake_python_symlink_assessment_interfaces
running egg_info
creating assessment_interfaces.egg-info
writing assessment_interfaces.egg-info/PKG-INFO
writing dependency_links to assessment_interfaces.egg-info/dependency_links.txt
writing top-level names to assessment_interfaces.egg-info/top_level.txt
writing manifest file 'assessment_interfaces.egg-info/SOURCES.txt'
reading manifest file 'assessment_interfaces.egg-info/SOURCES.txt'
writing manifest file 'assessment_interfaces.egg-info/SOURCES.txt'
[  2%] Built target ament_cmake_python_build_assessment_interfaces_egg
[  2%] Built target assessment_interfaces__cpp
[  3%] [34m[1mGenerating C++ introspection for ROS interfaces[0m
[  4%] [34m[1mGenerating C++ type support for eProsima Fast-RTPS[0m
[  5%] [34m[1mGenerating C++ type support dispatch for ROS interfaces[0m
[  6%] [32mBuilding C object CMakeFiles/assessment_interfaces__rosidl_generator_c.dir/rosidl_generator_c/assessment_interfaces/msg/detail/item_log__functions.c.o[0m
[  7%] [32mBuilding C object CMakeFiles/assessment_interfaces__rosidl_generator_c.dir/rosidl_generator_c/assessment_interfaces/msg/detail/item_holder__functions.c.o[0m
[  8%] [32mBuilding C object CMakeFiles/assessment_interfaces__rosidl_generator_c.dir/rosidl_generator_c/assessment_interfaces/msg/detail/item_holders__functions.c.o[0m
[  9%] [32mBuilding C object CMakeFiles/assessment_interfaces__rosidl_generator_c.dir/rosidl_generator_c/assessment_interfaces/msg/detail/item__functions.c.o[0m
[ 10%] [32mBuilding C object CMakeFiles/assessment_interfaces__rosidl_generator_c.dir/rosidl_generator_c/assessment_interfaces/msg/detail/item_list__functions.c.o[0m
[ 11%] [32mBuilding C object CMakeFiles/assessment_interfaces__rosidl_generator_c.dir/rosidl_generator_c/assessment_interfaces/msg/detail/zone__functions.c.o[0m
[ 12%] [32mBuilding CXX object CMakeFiles/assessment_interfaces__rosidl_typesupport_cpp.dir/rosidl_typesupport_cpp/assessment_interfaces/msg/item_log__type_support.cpp.o[0m
[ 13%] [32mBuilding C object CMakeFiles/assessment_interfaces__rosidl_generator_c.dir/rosidl_generator_c/assessment_interfaces/msg/detail/zone_list__functions.c.o[0m
[ 14%] [32mBuilding C object CMakeFiles/assessment_interfaces__rosidl_generator_c.dir/rosidl_generator_c/assessment_interfaces/msg/detail/robot__functions.c.o[0m
[ 15%] [32mBuilding C object CMakeFiles/assessment_interfaces__rosidl_generator_c.dir/rosidl_generator_c/assessment_interfaces/msg/detail/robot_list__functions.c.o[0m
[ 16%] [32mBuilding CXX object CMakeFiles/assessment_interfaces__rosidl_typesupport_introspection_cpp.dir/rosidl_typesupport_introspection_cpp/assessment_interfaces/msg/detail/item_log__type_support.cpp.o[0m
[ 17%] [32m[1mLinking C shared library libassessment_interfaces__rosidl_generator_c.so[0m
[ 17%] Built target assessment_interfaces__rosidl_generator_c
[ 18%] [32mBuilding CXX object CMakeFiles/assessment_interfaces__rosidl_typesupport_introspection_cpp.dir/rosidl_typesupport_introspection_cpp/assessment_interfaces/msg/detail/item_holder__type_support.cpp.o[0m
[ 20%] [32mBuilding CXX object CMakeFiles/assessment_interfaces__rosidl_typesupport_fastrtps_cpp.dir/rosidl_typesupport_fastrtps_cpp/assessment_interfaces/msg/detail/dds_fastrtps/item_log__type_support.cpp.o[0m
[ 21%] [32mBuilding CXX object CMakeFiles/assessment_interfaces__rosidl_typesupport_cpp.dir/rosidl_typesupport_cpp/assessment_interfaces/msg/item_holder__type_support.cpp.o[0m
[ 22%] [32mBuilding CXX object CMakeFiles/assessment_interfaces__rosidl_typesupport_cpp.dir/rosidl_typesupport_cpp/assessment_interfaces/msg/item_holders__type_support.cpp.o[0m
[ 23%] [32mBuilding CXX object CMakeFiles/assessment_interfaces__rosidl_typesupport_fastrtps_cpp.dir/rosidl_typesupport_fastrtps_cpp/assessment_interfaces/msg/detail/dds_fastrtps/item_holder__type_support.cpp.o[0m
[ 24%] [32mBuilding CXX object CMakeFiles/assessment_interfaces__rosidl_typesupport_cpp.dir/rosidl_typesupport_cpp/assessment_interfaces/msg/item__type_support.cpp.o[0m
[ 25%] [32mBuilding CXX object CMakeFiles/assessment_interfaces__rosidl_typesupport_cpp.dir/rosidl_typesupport_cpp/assessment_interfaces/msg/item_list__type_support.cpp.o[0m
[ 26%] [32mBuilding CXX object CMakeFiles/assessment_interfaces__rosidl_typesupport_introspection_cpp.dir/rosidl_typesupport_introspection_cpp/assessment_interfaces/msg/detail/item_holders__type_support.cpp.o[0m
[ 27%] [32mBuilding CXX object CMakeFiles/assessment_interfaces__rosidl_typesupport_cpp.dir/rosidl_typesupport_cpp/assessment_interfaces/msg/zone__type_support.cpp.o[0m
[ 28%] [32mBuilding CXX object CMakeFiles/assessment_interfaces__rosidl_typesupport_fastrtps_cpp.dir/rosidl_typesupport_fastrtps_cpp/assessment_interfaces/msg/detail/dds_fastrtps/item_holders__type_support.cpp.o[0m
[ 29%] [34m[1mGenerating C type support for eProsima Fast-RTPS[0m
[ 30%] [32mBuilding CXX object CMakeFiles/assessment_interfaces__rosidl_typesupport_introspection_cpp.dir/rosidl_typesupport_introspection_cpp/assessment_interfaces/msg/detail/item__type_support.cpp.o[0m
[ 31%] [32mBuilding CXX object CMakeFiles/assessment_interfaces__rosidl_typesupport_cpp.dir/rosidl_typesupport_cpp/assessment_interfaces/msg/zone_list__type_support.cpp.o[0m
[ 32%] [32mBuilding CXX object CMakeFiles/assessment_interfaces__rosidl_typesupport_cpp.dir/rosidl_typesupport_cpp/assessment_interfaces/msg/robot__type_support.cpp.o[0m
[ 33%] [32mBuilding CXX object CMakeFiles/assessment_interfaces__rosidl_typesupport_fastrtps_cpp.dir/rosidl_typesupport_fastrtps_cpp/assessment_interfaces/msg/detail/dds_fastrtps/item__type_support.cpp.o[0m
[ 34%] [32mBuilding CXX object CMakeFiles/assessment_interfaces__rosidl_typesupport_cpp.dir/rosidl_typesupport_cpp/assessment_interfaces/msg/robot_list__type_support.cpp.o[0m
[ 35%] [32mBuilding CXX object CMakeFiles/assessment_interfaces__rosidl_typesupport_introspection_cpp.dir/rosidl_typesupport_introspection_cpp/assessment_interfaces/msg/detail/item_list__type_support.cpp.o[0m
[ 36%] [32mBuilding CXX object CMakeFiles/assessment_interfaces__rosidl_typesupport_fastrtps_c.dir/rosidl_typesupport_fastrtps_c/assessment_interfaces/msg/detail/item_log__type_support_c.cpp.o[0m
[ 37%] [32m[1mLinking CXX shared library libassessment_interfaces__rosidl_typesupport_cpp.so[0m
[ 37%] Built target assessment_interfaces__rosidl_typesupport_cpp
[ 38%] [32mBuilding CXX object CMakeFiles/assessment_interfaces__rosidl_typesupport_introspection_cpp.dir/rosidl_typesupport_introspection_cpp/assessment_interfaces/msg/detail/zone__type_support.cpp.o[0m
[ 40%] [32mBuilding CXX object CMakeFiles/assessment_interfaces__rosidl_typesupport_fastrtps_cpp.dir/rosidl_typesupport_fastrtps_cpp/assessment_interfaces/msg/detail/dds_fastrtps/item_list__type_support.cpp.o[0m
[ 41%] [32mBuilding CXX object CMakeFiles/assessment_interfaces__rosidl_typesupport_fastrtps_c.dir/rosidl_typesupport_fastrtps_c/assessment_interfaces/msg/detail/item_holder__type_support_c.cpp.o[0m
[ 42%] [32mBuilding CXX object CMakeFiles/assessment_interfaces__rosidl_typesupport_introspection_cpp.dir/rosidl_typesupport_introspection_cpp/assessment_interfaces/msg/detail/zone_list__type_support.cpp.o[0m
[ 43%] [32mBuilding CXX object CMakeFiles/assessment_interfaces__rosidl_typesupport_fastrtps_cpp.dir/rosidl_typesupport_fastrtps_cpp/assessment_interfaces/msg/detail/dds_fastrtps/zone__type_support.cpp.o[0m
[ 44%] [32mBuilding CXX object CMakeFiles/assessment_interfaces__rosidl_typesupport_fastrtps_c.dir/rosidl_typesupport_fastrtps_c/assessment_interfaces/msg/detail/item_holders__type_support_c.cpp.o[0m
[ 45%] [32mBuilding CXX object CMakeFiles/assessment_interfaces__rosidl_typesupport_introspection_cpp.dir/rosidl_typesupport_introspection_cpp/assessment_interfaces/msg/detail/robot__type_support.cpp.o[0m
[ 46%] [32mBuilding CXX object CMakeFiles/assessment_interfaces__rosidl_typesupport_fastrtps_cpp.dir/rosidl_typesupport_fastrtps_cpp/assessment_interfaces/msg/detail/dds_fastrtps/zone_list__type_support.cpp.o[0m
[ 47%] [32mBuilding CXX object CMakeFiles/assessment_interfaces__rosidl_typesupport_fastrtps_c.dir/rosidl_typesupport_fastrtps_c/assessment_interfaces/msg/detail/item__type_support_c.cpp.o[0m
[ 48%] [32mBuilding CXX object CMakeFiles/assessment_interfaces__rosidl_typesupport_introspection_cpp.dir/rosidl_typesupport_introspection_cpp/assessment_interfaces/msg/detail/robot_list__type_support.cpp.o[0m
[ 49%] [32mBuilding CXX object CMakeFiles/assessment_interfaces__rosidl_typesupport_fastrtps_c.dir/rosidl_typesupport_fastrtps_c/assessment_interfaces/msg/detail/item_list__type_support_c.cpp.o[0m
[ 50%] [32mBuilding CXX object CMakeFiles/assessment_interfaces__rosidl_typesupport_fastrtps_cpp.dir/rosidl_typesupport_fastrtps_cpp/assessment_interfaces/msg/detail/dds_fastrtps/robot__type_support.cpp.o[0m
[ 51%] [32m[1mLinking CXX shared library libassessment_interfaces__rosidl_typesupport_introspection_cpp.so[0m
[ 51%] Built target assessment_interfaces__rosidl_typesupport_introspection_cpp
[ 52%] [32mBuilding CXX object CMakeFiles/assessment_interfaces__rosidl_typesupport_fastrtps_c.dir/rosidl_typesupport_fastrtps_c/assessment_interfaces/msg/detail/zone__type_support_c.cpp.o[0m
[ 53%] [32mBuilding CXX object CMakeFiles/assessment_interfaces__rosidl_typesupport_fastrtps_cpp.dir/rosidl_typesupport_fastrtps_cpp/assessment_interfaces/msg/detail/dds_fastrtps/robot_list__type_support.cpp.o[0m
[ 54%] [32mBuilding CXX object CMakeFiles/assessment_interfaces__rosidl_typesupport_fastrtps_c.dir/rosidl_typesupport_fastrtps_c/assessment_interfaces/msg/detail/zone_list__type_support_c.cpp.o[0m
[ 55%] [32m[1mLinking CXX shared library libassessment_interfaces__rosidl_typesupport_fastrtps_cpp.so[0m
[ 55%] Built target assessment_interfaces__rosidl_typesupport_fastrtps_cpp
[ 56%] [32mBuilding CXX object CMakeFiles/assessment_interfaces__rosidl_typesupport_fastrtps_c.dir/rosidl_typesupport_fastrtps_c/assessment_interfaces/msg/detail/robot__type_support_c.cpp.o[0m
[ 57%] [32mBuilding CXX object CMakeFiles/assessment_interfaces__rosidl_typesupport_fastrtps_c.dir/rosidl_typesupport_fastrtps_c/assessment_interfaces/msg/detail/robot_list__type_support_c.cpp.o[0m
[ 58%] [32m[1mLinking CXX shared library libassessment_interfaces__rosidl_typesupport_fastrtps_c.so[0m
[ 58%] Built target assessment_interfaces__rosidl_typesupport_fastrtps_c
[ 60%] [34m[1mGenerating C type support dispatch for ROS interfaces[0m
[ 61%] [32mBuilding CXX object CMakeFiles/assessment_interfaces__rosidl_typesupport_c.dir/rosidl_typesupport_c/assessment_interfaces/msg/item_log__type_support.cpp.o[0m
[ 62%] [32mBuilding CXX object CMakeFiles/assessment_interfaces__rosidl_typesupport_c.dir/rosidl_typesupport_c/assessment_interfaces/msg/item_holders__type_support.cpp.o[0m
[ 63%] [32mBuilding CXX object CMakeFiles/assessment_interfaces__rosidl_typesupport_c.dir/rosidl_typesupport_c/assessment_interfaces/msg/item__type_support.cpp.o[0m
[ 64%] [32mBuilding CXX object CMakeFiles/assessment_interfaces__rosidl_typesupport_c.dir/rosidl_typesupport_c/assessment_interfaces/msg/item_list__type_support.cpp.o[0m
[ 65%] [32mBuilding CXX object CMakeFiles/assessment_interfaces__rosidl_typesupport_c.dir/rosidl_typesupport_c/assessment_interfaces/msg/zone__type_support.cpp.o[0m
[ 66%] [32mBuilding CXX object CMakeFiles/assessment_interfaces__rosidl_typesupport_c.dir/rosidl_typesupport_c/assessment_interfaces/msg/zone_list__type_support.cpp.o[0m
[ 67%] [32mBuilding CXX object CMakeFiles/assessment_interfaces__rosidl_typesupport_c.dir/rosidl_typesupport_c/assessment_interfaces/msg/robot__type_support.cpp.o[0m
[ 68%] [32mBuilding CXX object CMakeFiles/assessment_interfaces__rosidl_typesupport_c.dir/rosidl_typesupport_c/assessment_interfaces/msg/robot_list__type_support.cpp.o[0m
[ 69%] [32mBuilding CXX object CMakeFiles/assessment_interfaces__rosidl_typesupport_c.dir/rosidl_typesupport_c/assessment_interfaces/msg/item_holder__type_support.cpp.o[0m
[ 70%] [32m[1mLinking CXX shared library libassessment_interfaces__rosidl_typesupport_c.so[0m
[ 70%] Built target assessment_interfaces__rosidl_typesupport_c
[ 71%] [34m[1mGenerating C introspection for ROS interfaces[0m
[ 72%] [32mBuilding C object CMakeFiles/assessment_interfaces__rosidl_typesupport_introspection_c.dir/rosidl_typesupport_introspection_c/assessment_interfaces/msg/detail/item_log__type_support.c.o[0m
[ 73%] [32mBuilding C object CMakeFiles/assessment_interfaces__rosidl_typesupport_introspection_c.dir/rosidl_typesupport_introspection_c/assessment_interfaces/msg/detail/item__type_support.c.o[0m
[ 74%] [32mBuilding C object CMakeFiles/assessment_interfaces__rosidl_typesupport_introspection_c.dir/rosidl_typesupport_introspection_c/assessment_interfaces/msg/detail/item_list__type_support.c.o[0m
[ 75%] [32mBuilding C object CMakeFiles/assessment_interfaces__rosidl_typesupport_introspection_c.dir/rosidl_typesupport_introspection_c/assessment_interfaces/msg/detail/zone__type_support.c.o[0m
[ 76%] [32mBuilding C object CMakeFiles/assessment_interfaces__rosidl_typesupport_introspection_c.dir/rosidl_typesupport_introspection_c/assessment_interfaces/msg/detail/zone_list__type_support.c.o[0m
[ 77%] [32mBuilding C object CMakeFiles/assessment_interfaces__rosidl_typesupport_introspection_c.dir/rosidl_typesupport_introspection_c/assessment_interfaces/msg/detail/robot__type_support.c.o[0m
[ 78%] [32mBuilding C object CMakeFiles/assessment_interfaces__rosidl_typesupport_introspection_c.dir/rosidl_typesupport_introspection_c/assessment_interfaces/msg/detail/robot_list__type_support.c.o[0m
[ 80%] [32mBuilding C object CMakeFiles/assessment_interfaces__rosidl_typesupport_introspection_c.dir/rosidl_typesupport_introspection_c/assessment_interfaces/msg/detail/item_holders__type_support.c.o[0m
[ 81%] [32mBuilding C object CMakeFiles/assessment_interfaces__rosidl_typesupport_introspection_c.dir/rosidl_typesupport_introspection_c/assessment_interfaces/msg/detail/item_holder__type_support.c.o[0m
[ 82%] [32m[1mLinking C shared library libassessment_interfaces__rosidl_typesupport_introspection_c.so[0m
[ 82%] Built target assessment_interfaces__rosidl_typesupport_introspection_c
[ 82%] Built target assessment_interfaces
[ 83%] [34m[1mGenerating Python code for ROS interfaces[0m
[ 83%] Built target assessment_interfaces__py
[ 84%] [32mBuilding C object CMakeFiles/assessment_interfaces__rosidl_generator_py.dir/rosidl_generator_py/assessment_interfaces/msg/_item_log_s.c.o[0m
[ 85%] [32mBuilding C object CMakeFiles/assessment_interfaces__rosidl_generator_py.dir/rosidl_generator_py/assessment_interfaces/msg/_item_s.c.o[0m
[ 86%] [32mBuilding C object CMakeFiles/assessment_interfaces__rosidl_generator_py.dir/rosidl_generator_py/assessment_interfaces/msg/_item_list_s.c.o[0m
[ 87%] [32mBuilding C object CMakeFiles/assessment_interfaces__rosidl_generator_py.dir/rosidl_generator_py/assessment_interfaces/msg/_zone_s.c.o[0m
[ 88%] [32mBuilding C object CMakeFiles/assessment_interfaces__rosidl_generator_py.dir/rosidl_generator_py/assessment_interfaces/msg/_zone_list_s.c.o[0m
[ 89%] [32mBuilding C object CMakeFiles/assessment_interfaces__rosidl_generator_py.dir/rosidl_generator_py/assessment_interfaces/msg/_robot_s.c.o[0m
[ 90%] [32mBuilding C object CMakeFiles/assessment_interfaces__rosidl_generator_py.dir/rosidl_generator_py/assessment_interfaces/msg/_robot_list_s.c.o[0m
[ 91%] [32mBuilding C object CMakeFiles/assessment_interfaces__rosidl_generator_py.dir/rosidl_generator_py/assessment_interfaces/msg/_item_holders_s.c.o[0m
[ 92%] [32mBuilding C object CMakeFiles/assessment_interfaces__rosidl_generator_py.dir/rosidl_generator_py/assessment_interfaces/msg/_item_holder_s.c.o[0m
[ 93%] [32m[1mLinking C shared library rosidl_generator_py/assessment_interfaces/libassessment_interfaces__rosidl_generator_py.so[0m
[ 93%] Built target assessment_interfaces__rosidl_generator_py
[ 95%] [32mBuilding C object CMakeFiles/assessment_interfaces__rosidl_typesupport_introspection_c__pyext.dir/rosidl_generator_py/assessment_interfaces/_assessment_interfaces_s.ep.rosidl_typesupport_introspection_c.c.o[0m
[ 95%] [32mBuilding C object CMakeFiles/assessment_interfaces__rosidl_typesupport_fastrtps_c__pyext.dir/rosidl_generator_py/assessment_interfaces/_assessment_interfaces_s.ep.rosidl_typesupport_fastrtps_c.c.o[0m
[ 96%] [32m[1mLinking C shared library rosidl_generator_py/assessment_interfaces/assessment_interfaces_s__rosidl_typesupport_introspection_c.cpython-310-x86_64-linux-gnu.so[0m
[ 97%] [32m[1mLinking C shared library rosidl_generator_py/assessment_interfaces/assessment_interfaces_s__rosidl_typesupport_fastrtps_c.cpython-310-x86_64-linux-gnu.so[0m
[ 97%] Built target assessment_interfaces__rosidl_typesupport_introspection_c__pyext
[ 97%] Built target assessment_interfaces__rosidl_typesupport_fastrtps_c__pyext
[ 98%] [32mBuilding C object CMakeFiles/assessment_interfaces__rosidl_typesupport_c__pyext.dir/rosidl_generator_py/assessment_interfaces/_assessment_interfaces_s.ep.rosidl_typesupport_c.c.o[0m
[100%] [32m[1mLinking C shared library rosidl_generator_py/assessment_interfaces/assessment_interfaces_s__rosidl_typesupport_c.cpython-310-x86_64-linux-gnu.so[0m
[100%] Built target assessment_interfaces__rosidl_typesupport_c__pyext
-- Install configuration: ""
-- Execute custom install script
-- Symlinking: /workspace/install/assessment_interfaces/share/ament_index/resource_index/rosidl_interfaces/assessment_interfaces
-- Symlinking: /workspace/install/assessment_interfaces/include/assessment_interfaces/assessment_interfaces/msg/detail/item__functions.h
-- Symlinking: /workspace/install/assessment_interfaces/include/assessment_interfaces/assessment_interfaces/msg/detail/item__struct.h
-- Symlinking: /workspace/install/assessment_interfaces/include/assessment_interfaces/assessment_interfaces/msg/detail/item__type_support.h
-- Symlinking: /workspace/install/assessment_interfaces/include/assessment_interfaces/assessment_interfaces/msg/detail/item_holder__functions.h
-- Symlinking: /workspace/install/assessment_interfaces/include/assessment_interfaces/assessment_interfaces/msg/detail/item_holder__struct.h
-- Symlinking: /workspace/install/assessment_interfaces/include/assessment_interfaces/assessment_interfaces/msg/detail/item_holder__type_support.h
-- Symlinking: /workspace/install/assessment_interfaces/include/assessment_interfaces/assessment_interfaces/msg/detail/item_holders__functions.h
-- Symlinking: /workspace/install/assessment_interfaces/include/assessment_interfaces/assessment_interfaces/msg/detail/item_holders__struct.h
-- Symlinking: /workspace/install/assessment_interfaces/include/assessment_interfaces/assessment_interfaces/msg/detail/item_holders__type_support.h
-- Symlinking: /workspace/install/assessment_interfaces/include/assessment_interfaces/assessment_interfaces/msg/detail/item_list__functions.h
-- Symlinking: /workspace/install/assessment_interfaces/include/assessment_interfaces/assessment_interfaces/msg/detail/item_list__struct.h
-- Symlinking: /workspace/install/assessment_interfaces/include/assessment_interfaces/assessment_interfaces/msg/detail/item_list__type_support.h
-- Symlinking: /workspace/install/assessment_interfaces/include/assessment_interfaces/assessment_interfaces/msg/detail/item_log__functions.h
-- Symlinking: /workspace/install/assessment_interfaces/include/assessment_interfaces/assessment_interfaces/msg/detail/item_log__struct.h
-- Symlinking: /workspace/install/assessment_interfaces/include/assessment_interfaces/assessment_interfaces/msg/detail/item_log__type_support.h
-- Symlinking: /workspace/install/assessment_interfaces/include/assessment_interfaces/assessment_interfaces/msg/detail/robot__functions.h
-- Symlinking: /workspace/install/assessment_interfaces/include/assessment_interfaces/assessment_interfaces/msg/detail/robot__struct.h
-- Symlinking: /workspace/install/assessment_interfaces/include/assessment_interfaces/assessment_interfaces/msg/detail/robot__type_support.h
-- Symlinking: /workspace/install/assessment_interfaces/include/assessment_interfaces/assessment_interfaces/msg/detail/robot_list__functions.h
-- Symlinking: /workspace/install/assessment_interfaces/include/assessment_interfaces/assessment_interfaces/msg/detail/robot_list__struct.h
-- Symlinking: /workspace/install/assessment_interfaces/include/assessment_interfaces/assessment_interfaces/msg/detail/robot_list__type_support.h
-- Symlinking: /workspace/install/assessment_interfaces/include/assessment_interfaces/assessment_interfaces/msg/detail/zone__functions.h
-- Symlinking: /workspace/install/assessment_interfaces/include/assessment_interfaces/assessment_interfaces/msg/detail/zone__struct.h
-- Symlinking: /workspace/install/assessment_interfaces/include/assessment_interfaces/assessment_interfaces/msg/detail/zone__type_support.h
-- Symlinking: /workspace/install/assessment_interfaces/include/assessment_interfaces/assessment_interfaces/msg/detail/zone_list__functions.h
-- Symlinking: /workspace/install/assessment_interfaces/include/assessment_interfaces/assessment_interfaces/msg/detail/zone_list__struct.h
-- Symlinking: /workspace/install/assessment_interfaces/include/assessment_interfaces/assessment_interfaces/msg/detail/zone_list__type_support.h
-- Symlinking: /workspace/install/assessment_interfaces/include/assessment_interfaces/assessment_interfaces/msg/item.h
-- Symlinking: /workspace/install/assessment_interfaces/include/assessment_interfaces/assessment_interfaces/msg/item_holder.h
-- Symlinking: /workspace/install/assessment_interfaces/include/assessment_interfaces/assessment_interfaces/msg/item_holders.h
-- Symlinking: /workspace/install/assessment_interfaces/include/assessment_interfaces/assessment_interfaces/msg/item_list.h
-- Symlinking: /workspace/install/assessment_interfaces/include/assessment_interfaces/assessment_interfaces/msg/item_log.h
-- Symlinking: /workspace/install/assessment_interfaces/include/assessment_interfaces/assessment_interfaces/msg/robot.h
-- Symlinking: /workspace/install/assessment_interfaces/include/assessment_interfaces/assessment_interfaces/msg/robot_list.h
-- Symlinking: /workspace/install/assessment_interfaces/include/assessment_interfaces/assessment_interfaces/msg/rosidl_generator_c__visibility_control.h
-- Symlinking: /workspace/install/assessment_interfaces/include/assessment_interfaces/assessment_interfaces/msg/zone.h
-- Symlinking: /workspace/install/assessment_interfaces/include/assessment_interfaces/assessment_interfaces/msg/zone_list.h
-- Symlinking: /workspace/install/assessment_interfaces/share/assessment_interfaces/environment/library_path.sh
-- Symlinking: /workspace/install/assessment_interfaces/share/assessment_interfaces/environment/library_path.dsv
-- Symlinking: /workspace/install/assessment_interfaces/include/assessment_interfaces/assessment_interfaces/msg/detail/item__rosidl_typesupport_fastrtps_c.h
-- Symlinking: /workspace/install/assessment_interfaces/include/assessment_interfaces/assessment_interfaces/msg/detail/item_holder__rosidl_typesupport_fastrtps_c.h
-- Symlinking: /workspace/install/assessment_interfaces/include/assessment_interfaces/assessment_interfaces/msg/detail/item_holders__rosidl_typesupport_fastrtps_c.h
-- Symlinking: /workspace/install/assessment_interfaces/include/assessment_interfaces/assessment_interfaces/msg/detail/item_list__rosidl_typesupport_fastrtps_c.h
-- Symlinking: /workspace/install/assessment_interfaces/include/assessment_interfaces/assessment_interfaces/msg/detail/item_log__rosidl_typesupport_fastrtps_c.h
-- Symlinking: /workspace/install/assessment_interfaces/include/assessment_interfaces/assessment_interfaces/msg/detail/robot__rosidl_typesupport_fastrtps_c.h
-- Symlinking: /workspace/install/assessment_interfaces/include/assessment_interfaces/assessment_interfaces/msg/detail/robot_list__rosidl_typesupport_fastrtps_c.h
-- Symlinking: /workspace/install/assessment_interfaces/include/assessment_interfaces/assessment_interfaces/msg/detail/zone__rosidl_typesupport_fastrtps_c.h
-- Symlinking: /workspace/install/assessment_interfaces/include/assessment_interfaces/assessment_interfaces/msg/detail/zone_list__rosidl_typesupport_fastrtps_c.h
-- Symlinking: /workspace/install/assessment_interfaces/include/assessment_interfaces/assessment_interfaces/msg/rosidl_typesupport_fastrtps_c__visibility_control.h
-- Symlinking: /workspace/install/assessment_interfaces/include/assessment_interfaces/assessment_interfaces/msg/detail/item__rosidl_typesupport_introspection_c.h
-- Symlinking: /workspace/install/assessment_interfaces/include/assessment_interfaces/assessment_interfaces/msg/detail/item_holder__rosidl_typesupport_introspection_c.h
-- Symlinking: /workspace/install/assessment_interfaces/include/assessment_interfaces/assessment_interfaces/msg/detail/item_holders__rosidl_typesupport_introspection_c.h
-- Symlinking: /workspace/install/assessment_interfaces/include/assessment_interfaces/assessment_interfaces/msg/detail/item_list__rosidl_typesupport_introspection_c.h
-- Symlinking: /workspace/install/assessment_interfaces/include/assessment_interfaces/assessment_interfaces/msg/detail/item_log__rosidl_typesupport_introspection_c.h
-- Symlinking: /workspace/install/assessment_interfaces/include/assessment_interfaces/assessment_interfaces/msg/detail/robot__rosidl_typesupport_introspection_c.h
-- Symlinking: /workspace/install/assessment_interfaces/include/assessment_interfaces/assessment_interfaces/msg/detail/robot_list__rosidl_typesupport_introspection_c.h
-- Symlinking: /workspace/install/assessment_interfaces/include/assessment_interfaces/assessment_interfaces/msg/detail/zone__rosidl_typesupport_introspection_c.h
-- Symlinking: /workspace/install/assessment_interfaces/include/assessment_interfaces/assessment_interfaces/msg/detail/zone_list__rosidl_typesupport_introspection_c.h
-- Symlinking: /workspace/install/assessment_interfaces/include/assessment_interfaces/assessment_interfaces/msg/rosidl_typesupport_introspection_c__visibility_control.h
-- Symlinking: /workspace/install/assessment_interfaces/include/assessment_interfaces/assessment_interfaces/msg/detail/item__builder.hpp
-- Symlinking: /workspace/install/assessment_interfaces/include/assessment_interfaces/assessment_interfaces/msg/detail/item__struct.hpp
-- Symlinking: /workspace/install/assessment_interfaces/include/assessment_interfaces/assessment_interfaces/msg/detail/item__traits.hpp
-- Symlinking: /workspace/install/assessment_interfaces/include/assessment_interfaces/assessment_interfaces/msg/detail/item_holder__builder.hpp
-- Symlinking: /workspace/install/assessment_interfaces/include/assessment_interfaces/assessment_interfaces/msg/detail/item_holder__struct.hpp
-- Symlinking: /workspace/install/assessment_interfaces/include/assessment_interfaces/assessment_interfaces/msg/detail/item_holder__traits.hpp
-- Symlinking: /workspace/install/assessment_interfaces/include/assessment_interfaces/assessment_interfaces/msg/detail/item_holders__builder.hpp
-- Symlinking: /workspace/install/assessment_interfaces/include/assessment_interfaces/assessment_interfaces/msg/detail/item_holders__struct.hpp
-- Symlinking: /workspace/install/assessment_interfaces/include/assessment_interfaces/assessment_interfaces/msg/detail/item_holders__traits.hpp
-- Symlinking: /workspace/install/assessment_interfaces/include/assessment_interfaces/assessment_interfaces/msg/detail/item_list__builder.hpp
-- Symlinking: /workspace/install/assessment_interfaces/include/assessment_interfaces/assessment_interfaces/msg/detail/item_list__struct.hpp
-- Symlinking: /workspace/install/assessment_interfaces/include/assessment_interfaces/assessment_interfaces/msg/detail/item_list__traits.hpp
-- Symlinking: /workspace/install/assessment_interfaces/include/assessment_interfaces/assessment_interfaces/msg/detail/item_log__builder.hpp
-- Symlinking: /workspace/install/assessment_interfaces/include/assessment_interfaces/assessment_interfaces/msg/detail/item_log__struct.hpp
-- Symlinking: /workspace/install/assessment_interfaces/include/assessment_interfaces/assessment_interfaces/msg/detail/item_log__traits.hpp
-- Symlinking: /workspace/install/assessment_interfaces/include/assessment_interfaces/assessment_interfaces/msg/detail/robot__builder.hpp
-- Symlinking: /workspace/install/assessment_interfaces/include/assessment_interfaces/assessment_interfaces/msg/detail/robot__struct.hpp
-- Symlinking: /workspace/install/assessment_interfaces/include/assessment_interfaces/assessment_interfaces/msg/detail/robot__traits.hpp
-- Symlinking: /workspace/install/assessment_interfaces/include/assessment_interfaces/assessment_interfaces/msg/detail/robot_list__builder.hpp
-- Symlinking: /workspace/install/assessment_interfaces/include/assessment_interfaces/assessment_interfaces/msg/detail/robot_list__struct.hpp
-- Symlinking: /workspace/install/assessment_interfaces/include/assessment_interfaces/assessment_interfaces/msg/detail/robot_list__traits.hpp
-- Symlinking: /workspace/install/assessment_interfaces/include/assessment_interfaces/assessment_interfaces/msg/detail/zone__builder.hpp
-- Symlinking: /workspace/install/assessment_interfaces/include/assessment_interfaces/assessment_interfaces/msg/detail/zone__struct.hpp
-- Symlinking: /workspace/install/assessment_interfaces/include/assessment_interfaces/assessment_interfaces/msg/detail/zone__traits.hpp
-- Symlinking: /workspace/install/assessment_interfaces/include/assessment_interfaces/assessment_interfaces/msg/detail/zone_list__builder.hpp
-- Symlinking: /workspace/install/assessment_interfaces/include/assessment_interfaces/assessment_interfaces/msg/detail/zone_list__struct.hpp
-- Symlinking: /workspace/install/assessment_interfaces/include/assessment_interfaces/assessment_interfaces/msg/detail/zone_list__traits.hpp
-- Symlinking: /workspace/install/assessment_interfaces/include/assessment_interfaces/assessment_interfaces/msg/item.hpp
-- Symlinking: /workspace/install/assessment_interfaces/include/assessment_interfaces/assessment_interfaces/msg/item_holder.hpp
-- Symlinking: /workspace/install/assessment_interfaces/include/assessment_interfaces/assessment_interfaces/msg/item_holders.hpp
-- Symlinking: /workspace/install/assessment_interfaces/include/assessment_interfaces/assessment_interfaces/msg/item_list.hpp
-- Symlinking: /workspace/install/assessment_interfaces/include/assessment_interfaces/assessment_interfaces/msg/item_log.hpp
-- Symlinking: /workspace/install/assessment_interfaces/include/assessment_interfaces/assessment_interfaces/msg/robot.hpp
-- Symlinking: /workspace/install/assessment_interfaces/include/assessment_interfaces/assessment_interfaces/msg/robot_list.hpp
-- Symlinking: /workspace/install/assessment_interfaces/include/assessment_interfaces/assessment_interfaces/msg/zone.hpp
-- Symlinking: /workspace/install/assessment_interfaces/include/assessment_interfaces/assessment_interfaces/msg/zone_list.hpp
-- Symlinking: /workspace/install/assessment_interfaces/include/assessment_interfaces/assessment_interfaces/msg/detail/item__rosidl_typesupport_fastrtps_cpp.hpp
-- Symlinking: /workspace/install/assessment_interfaces/include/assessment_interfaces/assessment_interfaces/msg/detail/item_holder__rosidl_typesupport_fastrtps_cpp.hpp
-- Symlinking: /workspace/install/assessment_interfaces/include/assessment_interfaces/assessment_interfaces/msg/detail/item_holders__rosidl_typesupport_fastrtps_cpp.hpp
-- Symlinking: /workspace/install/assessment_interfaces/include/assessment_interfaces/assessment_interfaces/msg/detail/item_list__rosidl_typesupport_fastrtps_cpp.hpp
-- Symlinking: /workspace/install/assessment_interfaces/include/assessment_interfaces/assessment_interfaces/msg/detail/item_log__rosidl_typesupport_fastrtps_cpp.hpp
-- Symlinking: /workspace/install/assessment_interfaces/include/assessment_interfaces/assessment_interfaces/msg/detail/robot__rosidl_typesupport_fastrtps_cpp.hpp
-- Symlinking: /workspace/install/assessment_interfaces/include/assessment_interfaces/assessment_interfaces/msg/detail/robot_list__rosidl_typesupport_fastrtps_cpp.hpp
-- Symlinking: /workspace/install/assessment_interfaces/include/assessment_interfaces/assessment_interfaces/msg/detail/zone__rosidl_typesupport_fastrtps_cpp.hpp
-- Symlinking: /workspace/install/assessment_interfaces/include/assessment_interfaces/assessment_interfaces/msg/detail/zone_list__rosidl_typesupport_fastrtps_cpp.hpp
-- Symlinking: /workspace/install/assessment_interfaces/include/assessment_interfaces/assessment_interfaces/msg/rosidl_typesupport_fastrtps_cpp__visibility_control.h
-- Symlinking: /workspace/install/assessment_interfaces/include/assessment_interfaces/assessment_interfaces/msg/detail/item__rosidl_typesupport_introspection_cpp.hpp
-- Symlinking: /workspace/install/assessment_interfaces/include/assessment_interfaces/assessment_interfaces/msg/detail/item_holder__rosidl_typesupport_introspection_cpp.hpp
-- Symlinking: /workspace/install/assessment_interfaces/include/assessment_interfaces/assessment_interfaces/msg/detail/item_holders__rosidl_typesupport_introspection_cpp.hpp
-- Symlinking: /workspace/install/assessment_interfaces/include/assessment_interfaces/assessment_interfaces/msg/detail/item_list__rosidl_typesupport_introspection_cpp.hpp
-- Symlinking: /workspace/install/assessment_interfaces/include/assessment_interfaces/assessment_interfaces/msg/detail/item_log__rosidl_typesupport_introspection_cpp.hpp
-- Symlinking: /workspace/install/assessment_interfaces/include/assessment_interfaces/assessment_interfaces/msg/detail/robot__rosidl_typesupport_introspection_cpp.hpp
-- Symlinking: /workspace/install/assessment_interfaces/include/assessment_interfaces/assessment_interfaces/msg/detail/robot_list__rosidl_typesupport_introspection_cpp.hpp
-- Symlinking: /workspace/install/assessment_interfaces/include/assessment_interfaces/assessment_interfaces/msg/detail/zone__rosidl_typesupport_introspection_cpp.hpp
-- Symlinking: /workspace/install/assessment_interfaces/include/assessment_interfaces/assessment_interfaces/msg/detail/zone_list__rosidl_typesupport_introspection_cpp.hpp
-- Symlinking: /workspace/install/assessment_interfaces/share/assessment_interfaces/environment/pythonpath.sh
-- Symlinking: /workspace/install/assessment_interfaces/share/assessment_interfaces/environment/pythonpath.dsv
-- Symlinking: /workspace/install/assessment_interfaces/local/lib/python3.10/dist-packages/assessment_interfaces-0.0.0-py3.10.egg-info/PKG-INFO
-- Symlinking: /workspace/install/assessment_interfaces/local/lib/python3.10/dist-packages/assessment_interfaces-0.0.0-py3.10.egg-info/SOURCES.txt
-- Symlinking: /workspace/install/assessment_interfaces/local/lib/python3.10/dist-packages/assessment_interfaces-0.0.0-py3.10.egg-info/dependency_links.txt
-- Symlinking: /workspace/install/assessment_interfaces/local/lib/python3.10/dist-packages/assessment_interfaces-0.0.0-py3.10.egg-info/top_level.txt
-- Symlinking: /workspace/install/assessment_interfaces/local/lib/python3.10/dist-packages/assessment_interfaces/__init__.py
-- Symlinking: /workspace/install/assessment_interfaces/local/lib/python3.10/dist-packages/assessment_interfaces/_assessment_interfaces_s.ep.rosidl_typesupport_c.c
-- Symlinking: /workspace/install/assessment_interfaces/local/lib/python3.10/dist-packages/assessment_interfaces/_assessment_interfaces_s.ep.rosidl_typesupport_fastrtps_c.c
-- Symlinking: /workspace/install/assessment_interfaces/local/lib/python3.10/dist-packages/assessment_interfaces/_assessment_interfaces_s.ep.rosidl_typesupport_introspection_c.c
-- Symlinking: /workspace/install/assessment_interfaces/local/lib/python3.10/dist-packages/assessment_interfaces/assessment_interfaces_s__rosidl_typesupport_c.cpython-310-x86_64-linux-gnu.so
-- Symlinking: /workspace/install/assessment_interfaces/local/lib/python3.10/dist-packages/assessment_interfaces/assessment_interfaces_s__rosidl_typesupport_fastrtps_c.cpython-310-x86_64-linux-gnu.so
-- Symlinking: /workspace/install/assessment_interfaces/local/lib/python3.10/dist-packages/assessment_interfaces/assessment_interfaces_s__rosidl_typesupport_introspection_c.cpython-310-x86_64-linux-gnu.so
-- Symlinking: /workspace/install/assessment_interfaces/local/lib/python3.10/dist-packages/assessment_interfaces/libassessment_interfaces__rosidl_generator_py.so
-- Symlinking: /workspace/install/assessment_interfaces/local/lib/python3.10/dist-packages/assessment_interfaces/msg/__init__.py
-- Symlinking: /workspace/install/assessment_interfaces/local/lib/python3.10/dist-packages/assessment_interfaces/msg/_item.py
-- Symlinking: /workspace/install/assessment_interfaces/local/lib/python3.10/dist-packages/assessment_interfaces/msg/_item_holder.py
-- Symlinking: /workspace/install/assessment_interfaces/local/lib/python3.10/dist-packages/assessment_interfaces/msg/_item_holder_s.c
-- Symlinking: /workspace/install/assessment_interfaces/local/lib/python3.10/dist-packages/assessment_interfaces/msg/_item_holders.py
-- Symlinking: /workspace/install/assessment_interfaces/local/lib/python3.10/dist-packages/assessment_interfaces/msg/_item_holders_s.c
-- Symlinking: /workspace/install/assessment_interfaces/local/lib/python3.10/dist-packages/assessment_interfaces/msg/_item_list.py
-- Symlinking: /workspace/install/assessment_interfaces/local/lib/python3.10/dist-packages/assessment_interfaces/msg/_item_list_s.c
-- Symlinking: /workspace/install/assessment_interfaces/local/lib/python3.10/dist-packages/assessment_interfaces/msg/_item_log.py
-- Symlinking: /workspace/install/assessment_interfaces/local/lib/python3.10/dist-packages/assessment_interfaces/msg/_item_log_s.c
-- Symlinking: /workspace/install/assessment_interfaces/local/lib/python3.10/dist-packages/assessment_interfaces/msg/_item_s.c
-- Symlinking: /workspace/install/assessment_interfaces/local/lib/python3.10/dist-packages/assessment_interfaces/msg/_robot.py
-- Symlinking: /workspace/install/assessment_interfaces/local/lib/python3.10/dist-packages/assessment_interfaces/msg/_robot_list.py
-- Symlinking: /workspace/install/assessment_interfaces/local/lib/python3.10/dist-packages/assessment_interfaces/msg/_robot_list_s.c
-- Symlinking: /workspace/install/assessment_interfaces/local/lib/python3.10/dist-packages/assessment_interfaces/msg/_robot_s.c
-- Symlinking: /workspace/install/assessment_interfaces/local/lib/python3.10/dist-packages/assessment_interfaces/msg/_zone.py
-- Symlinking: /workspace/install/assessment_interfaces/local/lib/python3.10/dist-packages/assessment_interfaces/msg/_zone_list.py
-- Symlinking: /workspace/install/assessment_interfaces/local/lib/python3.10/dist-packages/assessment_interfaces/msg/_zone_list_s.c
-- Symlinking: /workspace/install/assessment_interfaces/local/lib/python3.10/dist-packages/assessment_interfaces/msg/_zone_s.c
-- Up-to-date symlink: /workspace/install/assessment_interfaces/local/lib/python3.10/dist-packages/assessment_interfaces/assessment_interfaces_s__rosidl_typesupport_fastrtps_c.cpython-310-x86_64-linux-gnu.so
-- Up-to-date symlink: /workspace/install/assessment_interfaces/local/lib/python3.10/dist-packages/assessment_interfaces/assessment_interfaces_s__rosidl_typesupport_introspection_c.cpython-310-x86_64-linux-gnu.so
-- Up-to-date symlink: /workspace/install/assessment_interfaces/local/lib/python3.10/dist-packages/assessment_interfaces/assessment_interfaces_s__rosidl_typesupport_c.cpython-310-x86_64-linux-gnu.so
-- Symlinking: /workspace/install/assessment_interfaces/share/assessment_interfaces/msg/ItemLog.idl
-- Symlinking: /workspace/install/assessment_interfaces/share/assessment_interfaces/msg/ItemHolder.idl
-- Symlinking: /workspace/install/assessment_interfaces/share/assessment_interfaces/msg/ItemHolders.idl
-- Symlinking: /workspace/install/assessment_interfaces/share/assessment_interfaces/msg/Item.idl
-- Symlinking: /workspace/install/assessment_interfaces/share/assessment_interfaces/msg/ItemList.idl
-- Symlinking: /workspace/install/assessment_interfaces/share/assessment_interfaces/msg/Zone.idl
-- Symlinking: /workspace/install/assessment_interfaces/share/assessment_interfaces/msg/ZoneList.idl
-- Symlinking: /workspace/install/assessment_interfaces/share/assessment_interfaces/msg/Robot.idl
-- Symlinking: /workspace/install/assessment_interfaces/share/assessment_interfaces/msg/RobotList.idl
-- Symlinking: /workspace/install/assessment_interfaces/share/assessment_interfaces/msg/ItemLog.msg
-- Symlinking: /workspace/install/assessment_interfaces/share/assessment_interfaces/msg/ItemHolder.msg
-- Symlinking: /workspace/install/assessment_interfaces/share/assessment_interfaces/msg/ItemHolders.msg
-- Symlinking: /workspace/install/assessment_interfaces/share/assessment_interfaces/msg/Item.msg
-- Symlinking: /workspace/install/assessment_interfaces/share/assessment_interfaces/msg/ItemList.msg
-- Symlinking: /workspace/install/assessment_interfaces/share/assessment_interfaces/msg/Zone.msg
-- Symlinking: /workspace/install/assessment_interfaces/share/assessment_interfaces/msg/ZoneList.msg
-- Symlinking: /workspace/install/assessment_interfaces/share/assessment_interfaces/msg/Robot.msg
-- Symlinking: /workspace/install/assessment_interfaces/share/assessment_interfaces/msg/RobotList.msg
-- Symlinking: /workspace/install/assessment_interfaces/share/ament_index/resource_index/package_run_dependencies/assessment_interfaces
-- Symlinking: /workspace/install/assessment_interfaces/share/ament_index/resource_index/parent_prefix_path/assessment_interfaces
-- Symlinking: /workspace/install/assessment_interfaces/share/assessment_interfaces/environment/ament_prefix_path.sh
-- Symlinking: /workspace/install/assessment_interfaces/share/assessment_interfaces/environment/ament_prefix_path.dsv
-- Symlinking: /workspace/install/assessment_interfaces/share/assessment_interfaces/environment/path.sh
-- Symlinking: /workspace/install/assessment_interfaces/share/assessment_interfaces/environment/path.dsv
-- Symlinking: /workspace/install/assessment_interfaces/share/assessment_interfaces/local_setup.bash
-- Symlinking: /workspace/install/assessment_interfaces/share/assessment_interfaces/local_setup.sh
-- Symlinking: /workspace/install/assessment_interfaces/share/assessment_interfaces/local_setup.zsh
-- Symlinking: /workspace/install/assessment_interfaces/share/assessment_interfaces/local_setup.dsv
-- Symlinking: /workspace/install/assessment_interfaces/share/assessment_interfaces/package.dsv
-- Symlinking: /workspace/install/assessment_interfaces/share/ament_index/resource_index/packages/assessment_interfaces
-- Symlinking: /workspace/install/assessment_interfaces/share/assessment_interfaces/cmake/rosidl_cmake-extras.cmake
-- Symlinking: /workspace/install/assessment_interfaces/share/assessment_interfaces/cmake/ament_cmake_export_include_directories-extras.cmake
-- Symlinking: /workspace/install/assessment_interfaces/share/assessment_interfaces/cmake/ament_cmake_export_libraries-extras.cmake
-- Symlinking: /workspace/install/assessment_interfaces/share/assessment_interfaces/cmake/ament_cmake_export_targets-extras.cmake
-- Symlinking: /workspace/install/assessment_interfaces/share/assessment_interfaces/cmake/rosidl_cmake_export_typesupport_targets-extras.cmake
-- Symlinking: /workspace/install/assessment_interfaces/share/assessment_interfaces/cmake/ament_cmake_export_dependencies-extras.cmake
-- Symlinking: /workspace/install/assessment_interfaces/share/assessment_interfaces/cmake/rosidl_cmake_export_typesupport_libraries-extras.cmake
-- Symlinking: /workspace/install/assessment_interfaces/share/assessment_interfaces/cmake/assessment_interfacesConfig.cmake
-- Symlinking: /workspace/install/assessment_interfaces/share/assessment_interfaces/cmake/assessment_interfacesConfig-version.cmake
-- Symlinking: /workspace/install/assessment_interfaces/share/assessment_interfaces/package.xml
-- Installing: /workspace/install/assessment_interfaces/lib/libassessment_interfaces__rosidl_generator_c.so
-- Set runtime path of "/workspace/install/assessment_interfaces/lib/libassessment_interfaces__rosidl_generator_c.so" to ""
-- Installing: /workspace/install/assessment_interfaces/lib/libassessment_interfaces__rosidl_typesupport_fastrtps_c.so
-- Set runtime path of "/workspace/install/assessment_interfaces/lib/libassessment_interfaces__rosidl_typesupport_fastrtps_c.so" to ""
-- Installing: /workspace/install/assessment_interfaces/lib/libassessment_interfaces__rosidl_typesupport_introspection_c.so
-- Set runtime path of "/workspace/install/assessment_interfaces/lib/libassessment_interfaces__rosidl_typesupport_introspection_c.so" to ""
-- Installing: /workspace/install/assessment_interfaces/lib/libassessment_interfaces__rosidl_typesupport_c.so
-- Set runtime path of "/workspace/install/assessment_interfaces/lib/libassessment_interfaces__rosidl_typesupport_c.so" to ""
-- Installing: /workspace/install/assessment_interfaces/lib/libassessment_interfaces__rosidl_typesupport_fastrtps_cpp.so
-- Set runtime path of "/workspace/install/assessment_interfaces/lib/libassessment_interfaces__rosidl_typesupport_fastrtps_cpp.so" to ""
-- Installing: /workspace/install/assessment_interfaces/lib/libassessment_interfaces__rosidl_typesupport_introspection_cpp.so
-- Set runtime path of "/workspace/install/assessment_interfaces/lib/libassessment_interfaces__rosidl_typesupport_introspection_cpp.so" to ""
-- Installing: /workspace/install/assessment_interfaces/lib/libassessment_interfaces__rosidl_typesupport_cpp.so
-- Set runtime path of "/workspace/install/assessment_interfaces/lib/libassessment_interfaces__rosidl_typesupport_cpp.so" to ""
Listing '/workspace/install/assessment_interfaces/local/lib/python3.10/dist-packages/assessment_interfaces'...
Compiling '/workspace/install/assessment_interfaces/local/lib/python3.10/dist-packages/assessment_interfaces/__init__.py'...
Listing '/workspace/install/assessment_interfaces/local/lib/python3.10/dist-packages/assessment_interfaces/msg'...
Compiling '/workspace/install/assessment_interfaces/local/lib/python3.10/dist-packages/assessment_interfaces/msg/__init__.py'...
Compiling '/workspace/install/assessment_interfaces/local/lib/python3.10/dist-packages/assessment_interfaces/msg/_item.py'...
Compiling '/workspace/install/assessment_interfaces/local/lib/python3.10/dist-packages/assessment_interfaces/msg/_item_holder.py'...
Compiling '/workspace/install/assessment_interfaces/local/lib/python3.10/dist-packages/assessment_interfaces/msg/_item_holders.py'...
Compiling '/workspace/install/assessment_interfaces/local/lib/python3.10/dist-packages/assessment_interfaces/msg/_item_list.py'...
Compiling '/workspace/install/assessment_interfaces/local/lib/python3.10/dist-packages/assessment_interfaces/msg/_item_log.py'...
Compiling '/workspace/install/assessment_interfaces/local/lib/python3.10/dist-packages/assessment_interfaces/msg/_robot.py'...
Compiling '/workspace/install/assessment_interfaces/local/lib/python3.10/dist-packages/assessment_interfaces/msg/_robot_list.py'...
Compiling '/workspace/install/assessment_interfaces/local/lib/python3.10/dist-packages/assessment_interfaces/msg/_zone.py'...
Compiling '/workspace/install/assessment_interfaces/local/lib/python3.10/dist-packages/assessment_interfaces/msg/_zone_list.py'...
-- Installing: /workspace/install/assessment_interfaces/lib/libassessment_interfaces__rosidl_generator_py.so
-- Set runtime path of "/workspace/install/assessment_interfaces/lib/libassessment_interfaces__rosidl_generator_py.so" to ""
-- Installing: /workspace/install/assessment_interfaces/share/assessment_interfaces/cmake/export_assessment_interfaces__rosidl_generator_cExport.cmake
-- Installing: /workspace/install/assessment_interfaces/share/assessment_interfaces/cmake/export_assessment_interfaces__rosidl_generator_cExport-noconfig.cmake
-- Installing: /workspace/install/assessment_interfaces/share/assessment_interfaces/cmake/export_assessment_interfaces__rosidl_typesupport_fastrtps_cExport.cmake
-- Installing: /workspace/install/assessment_interfaces/share/assessment_interfaces/cmake/export_assessment_interfaces__rosidl_typesupport_fastrtps_cExport-noconfig.cmake
-- Installing: /workspace/install/assessment_interfaces/share/assessment_interfaces/cmake/assessment_interfaces__rosidl_typesupport_introspection_cExport.cmake
-- Installing: /workspace/install/assessment_interfaces/share/assessment_interfaces/cmake/assessment_interfaces__rosidl_typesupport_introspection_cExport-noconfig.cmake
-- Installing: /workspace/install/assessment_interfaces/share/assessment_interfaces/cmake/assessment_interfaces__rosidl_typesupport_cExport.cmake
-- Installing: /workspace/install/assessment_interfaces/share/assessment_interfaces/cmake/assessment_interfaces__rosidl_typesupport_cExport-noconfig.cmake
-- Installing: /workspace/install/assessment_interfaces/share/assessment_interfaces/cmake/export_assessment_interfaces__rosidl_generator_cppExport.cmake
-- Installing: /workspace/install/assessment_interfaces/share/assessment_interfaces/cmake/export_assessment_interfaces__rosidl_typesupport_fastrtps_cppExport.cmake
-- Installing: /workspace/install/assessment_interfaces/share/assessment_interfaces/cmake/export_assessment_interfaces__rosidl_typesupport_fastrtps_cppExport-noconfig.cmake
-- Installing: /workspace/install/assessment_interfaces/share/assessment_interfaces/cmake/assessment_interfaces__rosidl_typesupport_introspection_cppExport.cmake
-- Installing: /workspace/install/assessment_interfaces/share/assessment_interfaces/cmake/assessment_interfaces__rosidl_typesupport_introspection_cppExport-noconfig.cmake
-- Installing: /workspace/install/assessment_interfaces/share/assessment_interfaces/cmake/assessment_interfaces__rosidl_typesupport_cppExport.cmake
-- Installing: /workspace/install/assessment_interfaces/share/assessment_interfaces/cmake/assessment_interfaces__rosidl_typesupport_cppExport-noconfig.cmake
-- Installing: /workspace/install/assessment_interfaces/share/assessment_interfaces/cmake/export_assessment_interfaces__rosidl_generator_pyExport.cmake
-- Installing: /workspace/install/assessment_interfaces/share/assessment_interfaces/cmake/export_assessment_interfaces__rosidl_generator_pyExport-noconfig.cmake
