[0.028s] Invoking command in '/workspace/build/assessment_interfaces': CMAKE_PREFIX_PATH=/opt/ros/humble /usr/bin/cmake /workspace/AURO/assessment_interfaces -DAMENT_CMAKE_SYMLINK_INSTALL=1 -DCMAKE_INSTALL_PREFIX=/workspace/install/assessment_interfaces
[0.423s] -- The C compiler identification is GNU 11.4.0
[0.423s] -- The CXX compiler identification is GNU 11.4.0
[0.423s] -- Detecting C compiler ABI info
[0.510s] -- Detecting C compiler ABI info - done
[0.523s] -- Check for working C compiler: /usr/bin/cc - skipped
[0.524s] -- Detecting C compile features
[0.526s] -- Detecting C compile features - done
[0.534s] -- Detecting CXX compiler ABI info
[0.657s] -- Detecting CXX compiler ABI info - done
[0.673s] -- Check for working CXX compiler: /usr/bin/c++ - skipped
[0.674s] -- Detecting CXX compile features
[0.675s] -- Detecting CXX compile features - done
[0.681s] -- Found ament_cmake: 1.3.10 (/opt/ros/humble/share/ament_cmake/cmake)
[0.915s] -- Found Python3: /usr/bin/python3 (found version "3.10.12") found components: Interpreter 
[1.067s] -- Override CMake install command with custom implementation using symlinks instead of copying resources
[1.143s] -- Found rosidl_default_generators: 1.2.0 (/opt/ros/humble/share/rosidl_default_generators/cmake)
[1.153s] -- Using all available rosidl_typesupport_c: rosidl_typesupport_fastrtps_c;rosidl_typesupport_introspection_c
[1.172s] -- Found rosidl_adapter: 3.1.5 (/opt/ros/humble/share/rosidl_adapter/cmake)
[1.288s] -- Using all available rosidl_typesupport_cpp: rosidl_typesupport_fastrtps_cpp;rosidl_typesupport_introspection_cpp
[2.136s] -- Found ament_cmake_ros: 0.10.0 (/opt/ros/humble/share/ament_cmake_ros/cmake)
[2.887s] -- Using all available rosidl_typesupport_c: rosidl_typesupport_fastrtps_c;rosidl_typesupport_introspection_c
[3.594s] -- Using all available rosidl_typesupport_cpp: rosidl_typesupport_fastrtps_cpp;rosidl_typesupport_introspection_cpp
[3.659s] -- Found PythonInterp: /usr/bin/python3 (found suitable version "3.10.12", minimum required is "3.6") 
[3.667s] -- Found python_cmake_module: 0.10.0 (/opt/ros/humble/share/python_cmake_module/cmake)
[3.742s] -- Found PythonLibs: /usr/lib/x86_64-linux-gnu/libpython3.10.so (found suitable version "3.10.12", minimum required is "3.5") 
[3.742s] -- Using PYTHON_EXECUTABLE: /usr/bin/python3
[3.742s] -- Using PYTHON_INCLUDE_DIRS: /usr/include/python3.10
[3.743s] -- Using PYTHON_LIBRARIES: /usr/lib/x86_64-linux-gnu/libpython3.10.so
[3.825s] -- Found PythonExtra: .so  
[3.984s] -- Found ament_lint_auto: 0.12.11 (/opt/ros/humble/share/ament_lint_auto/cmake)
[4.149s] -- Added test 'lint_cmake' to check CMake code style
[4.157s] -- Added test 'xmllint' to check XML markup files
[4.187s] -- Configuring done
[4.461s] -- Generating done
[4.489s] -- Build files have been written to: /workspace/build/assessment_interfaces
[4.857s] Invoked command in '/workspace/build/assessment_interfaces' returned '0': CMAKE_PREFIX_PATH=/opt/ros/humble /usr/bin/cmake /workspace/AURO/assessment_interfaces -DAMENT_CMAKE_SYMLINK_INSTALL=1 -DCMAKE_INSTALL_PREFIX=/workspace/install/assessment_interfaces
[4.858s] Invoking command in '/workspace/build/assessment_interfaces': CMAKE_PREFIX_PATH=/opt/ros/humble /usr/bin/cmake --build /workspace/build/assessment_interfaces -- -j4 -l4
[5.115s] [  1%] [34m[1mGenerating C code for ROS interfaces[0m
[5.218s] [  2%] [34m[1mGenerating C++ code for ROS interfaces[0m
[5.218s] [  2%] Built target ament_cmake_python_symlink_assessment_interfaces
[6.827s] running egg_info
[6.829s] creating assessment_interfaces.egg-info
[6.829s] writing assessment_interfaces.egg-info/PKG-INFO
[6.830s] writing dependency_links to assessment_interfaces.egg-info/dependency_links.txt
[6.831s] writing top-level names to assessment_interfaces.egg-info/top_level.txt
[6.832s] writing manifest file 'assessment_interfaces.egg-info/SOURCES.txt'
[6.837s] reading manifest file 'assessment_interfaces.egg-info/SOURCES.txt'
[6.837s] writing manifest file 'assessment_interfaces.egg-info/SOURCES.txt'
[6.918s] [  2%] Built target ament_cmake_python_build_assessment_interfaces_egg
[8.455s] [  2%] Built target assessment_interfaces__cpp
[8.513s] [  3%] [34m[1mGenerating C++ introspection for ROS interfaces[0m
[8.522s] [  4%] [34m[1mGenerating C++ type support for eProsima Fast-RTPS[0m
[8.523s] [  5%] [34m[1mGenerating C++ type support dispatch for ROS interfaces[0m
[10.366s] [  6%] [32mBuilding C object CMakeFiles/assessment_interfaces__rosidl_generator_c.dir/rosidl_generator_c/assessment_interfaces/msg/detail/item_log__functions.c.o[0m
[10.480s] [  7%] [32mBuilding C object CMakeFiles/assessment_interfaces__rosidl_generator_c.dir/rosidl_generator_c/assessment_interfaces/msg/detail/item_holder__functions.c.o[0m
[10.634s] [  8%] [32mBuilding C object CMakeFiles/assessment_interfaces__rosidl_generator_c.dir/rosidl_generator_c/assessment_interfaces/msg/detail/item_holders__functions.c.o[0m
[11.097s] [  9%] [32mBuilding C object CMakeFiles/assessment_interfaces__rosidl_generator_c.dir/rosidl_generator_c/assessment_interfaces/msg/detail/item__functions.c.o[0m
[11.512s] [ 10%] [32mBuilding C object CMakeFiles/assessment_interfaces__rosidl_generator_c.dir/rosidl_generator_c/assessment_interfaces/msg/detail/item_list__functions.c.o[0m
[11.865s] [ 11%] [32mBuilding C object CMakeFiles/assessment_interfaces__rosidl_generator_c.dir/rosidl_generator_c/assessment_interfaces/msg/detail/zone__functions.c.o[0m
[12.149s] [ 12%] [32mBuilding CXX object CMakeFiles/assessment_interfaces__rosidl_typesupport_cpp.dir/rosidl_typesupport_cpp/assessment_interfaces/msg/item_log__type_support.cpp.o[0m
[12.192s] [ 13%] [32mBuilding C object CMakeFiles/assessment_interfaces__rosidl_generator_c.dir/rosidl_generator_c/assessment_interfaces/msg/detail/zone_list__functions.c.o[0m
[12.359s] [ 14%] [32mBuilding C object CMakeFiles/assessment_interfaces__rosidl_generator_c.dir/rosidl_generator_c/assessment_interfaces/msg/detail/robot__functions.c.o[0m
[12.804s] [ 15%] [32mBuilding C object CMakeFiles/assessment_interfaces__rosidl_generator_c.dir/rosidl_generator_c/assessment_interfaces/msg/detail/robot_list__functions.c.o[0m
[12.987s] [ 16%] [32mBuilding CXX object CMakeFiles/assessment_interfaces__rosidl_typesupport_introspection_cpp.dir/rosidl_typesupport_introspection_cpp/assessment_interfaces/msg/detail/item_log__type_support.cpp.o[0m
[13.256s] [ 17%] [32m[1mLinking C shared library libassessment_interfaces__rosidl_generator_c.so[0m
[13.700s] [ 17%] Built target assessment_interfaces__rosidl_generator_c
[13.813s] [ 18%] [32mBuilding CXX object CMakeFiles/assessment_interfaces__rosidl_typesupport_introspection_cpp.dir/rosidl_typesupport_introspection_cpp/assessment_interfaces/msg/detail/item_holder__type_support.cpp.o[0m
[14.768s] [ 20%] [32mBuilding CXX object CMakeFiles/assessment_interfaces__rosidl_typesupport_fastrtps_cpp.dir/rosidl_typesupport_fastrtps_cpp/assessment_interfaces/msg/detail/dds_fastrtps/item_log__type_support.cpp.o[0m
[14.919s] [ 21%] [32mBuilding CXX object CMakeFiles/assessment_interfaces__rosidl_typesupport_cpp.dir/rosidl_typesupport_cpp/assessment_interfaces/msg/item_holder__type_support.cpp.o[0m
[15.251s] [ 22%] [32mBuilding CXX object CMakeFiles/assessment_interfaces__rosidl_typesupport_cpp.dir/rosidl_typesupport_cpp/assessment_interfaces/msg/item_holders__type_support.cpp.o[0m
[16.512s] [ 23%] [32mBuilding CXX object CMakeFiles/assessment_interfaces__rosidl_typesupport_fastrtps_cpp.dir/rosidl_typesupport_fastrtps_cpp/assessment_interfaces/msg/detail/dds_fastrtps/item_holder__type_support.cpp.o[0m
[16.804s] [ 24%] [32mBuilding CXX object CMakeFiles/assessment_interfaces__rosidl_typesupport_cpp.dir/rosidl_typesupport_cpp/assessment_interfaces/msg/item__type_support.cpp.o[0m
[16.990s] [ 25%] [32mBuilding CXX object CMakeFiles/assessment_interfaces__rosidl_typesupport_cpp.dir/rosidl_typesupport_cpp/assessment_interfaces/msg/item_list__type_support.cpp.o[0m
[16.997s] [ 26%] [32mBuilding CXX object CMakeFiles/assessment_interfaces__rosidl_typesupport_introspection_cpp.dir/rosidl_typesupport_introspection_cpp/assessment_interfaces/msg/detail/item_holders__type_support.cpp.o[0m
[17.979s] [ 27%] [32mBuilding CXX object CMakeFiles/assessment_interfaces__rosidl_typesupport_cpp.dir/rosidl_typesupport_cpp/assessment_interfaces/msg/zone__type_support.cpp.o[0m
[18.092s] [ 28%] [32mBuilding CXX object CMakeFiles/assessment_interfaces__rosidl_typesupport_fastrtps_cpp.dir/rosidl_typesupport_fastrtps_cpp/assessment_interfaces/msg/detail/dds_fastrtps/item_holders__type_support.cpp.o[0m
[18.479s] [ 29%] [34m[1mGenerating C type support for eProsima Fast-RTPS[0m
[20.153s] [ 30%] [32mBuilding CXX object CMakeFiles/assessment_interfaces__rosidl_typesupport_introspection_cpp.dir/rosidl_typesupport_introspection_cpp/assessment_interfaces/msg/detail/item__type_support.cpp.o[0m
[21.123s] [ 31%] [32mBuilding CXX object CMakeFiles/assessment_interfaces__rosidl_typesupport_cpp.dir/rosidl_typesupport_cpp/assessment_interfaces/msg/zone_list__type_support.cpp.o[0m
[22.227s] [ 32%] [32mBuilding CXX object CMakeFiles/assessment_interfaces__rosidl_typesupport_cpp.dir/rosidl_typesupport_cpp/assessment_interfaces/msg/robot__type_support.cpp.o[0m
[22.413s] [ 33%] [32mBuilding CXX object CMakeFiles/assessment_interfaces__rosidl_typesupport_fastrtps_cpp.dir/rosidl_typesupport_fastrtps_cpp/assessment_interfaces/msg/detail/dds_fastrtps/item__type_support.cpp.o[0m
[22.904s] [ 34%] [32mBuilding CXX object CMakeFiles/assessment_interfaces__rosidl_typesupport_cpp.dir/rosidl_typesupport_cpp/assessment_interfaces/msg/robot_list__type_support.cpp.o[0m
[22.951s] [ 35%] [32mBuilding CXX object CMakeFiles/assessment_interfaces__rosidl_typesupport_introspection_cpp.dir/rosidl_typesupport_introspection_cpp/assessment_interfaces/msg/detail/item_list__type_support.cpp.o[0m
[23.847s] [ 36%] [32mBuilding CXX object CMakeFiles/assessment_interfaces__rosidl_typesupport_fastrtps_c.dir/rosidl_typesupport_fastrtps_c/assessment_interfaces/msg/detail/item_log__type_support_c.cpp.o[0m
[23.924s] [ 37%] [32m[1mLinking CXX shared library libassessment_interfaces__rosidl_typesupport_cpp.so[0m
[24.189s] [ 37%] Built target assessment_interfaces__rosidl_typesupport_cpp
[24.360s] [ 38%] [32mBuilding CXX object CMakeFiles/assessment_interfaces__rosidl_typesupport_introspection_cpp.dir/rosidl_typesupport_introspection_cpp/assessment_interfaces/msg/detail/zone__type_support.cpp.o[0m
[24.692s] [ 40%] [32mBuilding CXX object CMakeFiles/assessment_interfaces__rosidl_typesupport_fastrtps_cpp.dir/rosidl_typesupport_fastrtps_cpp/assessment_interfaces/msg/detail/dds_fastrtps/item_list__type_support.cpp.o[0m
[25.140s] [ 41%] [32mBuilding CXX object CMakeFiles/assessment_interfaces__rosidl_typesupport_fastrtps_c.dir/rosidl_typesupport_fastrtps_c/assessment_interfaces/msg/detail/item_holder__type_support_c.cpp.o[0m
[25.277s] [ 42%] [32mBuilding CXX object CMakeFiles/assessment_interfaces__rosidl_typesupport_introspection_cpp.dir/rosidl_typesupport_introspection_cpp/assessment_interfaces/msg/detail/zone_list__type_support.cpp.o[0m
[25.872s] [ 43%] [32mBuilding CXX object CMakeFiles/assessment_interfaces__rosidl_typesupport_fastrtps_cpp.dir/rosidl_typesupport_fastrtps_cpp/assessment_interfaces/msg/detail/dds_fastrtps/zone__type_support.cpp.o[0m
[26.043s] [ 44%] [32mBuilding CXX object CMakeFiles/assessment_interfaces__rosidl_typesupport_fastrtps_c.dir/rosidl_typesupport_fastrtps_c/assessment_interfaces/msg/detail/item_holders__type_support_c.cpp.o[0m
[26.211s] [ 45%] [32mBuilding CXX object CMakeFiles/assessment_interfaces__rosidl_typesupport_introspection_cpp.dir/rosidl_typesupport_introspection_cpp/assessment_interfaces/msg/detail/robot__type_support.cpp.o[0m
[26.739s] [ 46%] [32mBuilding CXX object CMakeFiles/assessment_interfaces__rosidl_typesupport_fastrtps_cpp.dir/rosidl_typesupport_fastrtps_cpp/assessment_interfaces/msg/detail/dds_fastrtps/zone_list__type_support.cpp.o[0m
[26.759s] [ 47%] [32mBuilding CXX object CMakeFiles/assessment_interfaces__rosidl_typesupport_fastrtps_c.dir/rosidl_typesupport_fastrtps_c/assessment_interfaces/msg/detail/item__type_support_c.cpp.o[0m
[27.001s] [ 48%] [32mBuilding CXX object CMakeFiles/assessment_interfaces__rosidl_typesupport_introspection_cpp.dir/rosidl_typesupport_introspection_cpp/assessment_interfaces/msg/detail/robot_list__type_support.cpp.o[0m
[27.483s] [ 49%] [32mBuilding CXX object CMakeFiles/assessment_interfaces__rosidl_typesupport_fastrtps_c.dir/rosidl_typesupport_fastrtps_c/assessment_interfaces/msg/detail/item_list__type_support_c.cpp.o[0m
[27.675s] [ 50%] [32mBuilding CXX object CMakeFiles/assessment_interfaces__rosidl_typesupport_fastrtps_cpp.dir/rosidl_typesupport_fastrtps_cpp/assessment_interfaces/msg/detail/dds_fastrtps/robot__type_support.cpp.o[0m
[27.843s] [ 51%] [32m[1mLinking CXX shared library libassessment_interfaces__rosidl_typesupport_introspection_cpp.so[0m
[28.034s] [ 51%] Built target assessment_interfaces__rosidl_typesupport_introspection_cpp
[28.205s] [ 52%] [32mBuilding CXX object CMakeFiles/assessment_interfaces__rosidl_typesupport_fastrtps_c.dir/rosidl_typesupport_fastrtps_c/assessment_interfaces/msg/detail/zone__type_support_c.cpp.o[0m
[28.505s] [ 53%] [32mBuilding CXX object CMakeFiles/assessment_interfaces__rosidl_typesupport_fastrtps_cpp.dir/rosidl_typesupport_fastrtps_cpp/assessment_interfaces/msg/detail/dds_fastrtps/robot_list__type_support.cpp.o[0m
[28.908s] [ 54%] [32mBuilding CXX object CMakeFiles/assessment_interfaces__rosidl_typesupport_fastrtps_c.dir/rosidl_typesupport_fastrtps_c/assessment_interfaces/msg/detail/zone_list__type_support_c.cpp.o[0m
[29.363s] [ 55%] [32m[1mLinking CXX shared library libassessment_interfaces__rosidl_typesupport_fastrtps_cpp.so[0m
[29.538s] [ 55%] Built target assessment_interfaces__rosidl_typesupport_fastrtps_cpp
[29.571s] [ 56%] [32mBuilding CXX object CMakeFiles/assessment_interfaces__rosidl_typesupport_fastrtps_c.dir/rosidl_typesupport_fastrtps_c/assessment_interfaces/msg/detail/robot__type_support_c.cpp.o[0m
[30.019s] [ 57%] [32mBuilding CXX object CMakeFiles/assessment_interfaces__rosidl_typesupport_fastrtps_c.dir/rosidl_typesupport_fastrtps_c/assessment_interfaces/msg/detail/robot_list__type_support_c.cpp.o[0m
[30.509s] [ 58%] [32m[1mLinking CXX shared library libassessment_interfaces__rosidl_typesupport_fastrtps_c.so[0m
[30.628s] [ 58%] Built target assessment_interfaces__rosidl_typesupport_fastrtps_c
[30.646s] [ 60%] [34m[1mGenerating C type support dispatch for ROS interfaces[0m
[31.287s] [ 61%] [32mBuilding CXX object CMakeFiles/assessment_interfaces__rosidl_typesupport_c.dir/rosidl_typesupport_c/assessment_interfaces/msg/item_log__type_support.cpp.o[0m
[31.334s] [ 62%] [32mBuilding CXX object CMakeFiles/assessment_interfaces__rosidl_typesupport_c.dir/rosidl_typesupport_c/assessment_interfaces/msg/item_holders__type_support.cpp.o[0m
[31.382s] [ 63%] [32mBuilding CXX object CMakeFiles/assessment_interfaces__rosidl_typesupport_c.dir/rosidl_typesupport_c/assessment_interfaces/msg/item__type_support.cpp.o[0m
[31.425s] [ 64%] [32mBuilding CXX object CMakeFiles/assessment_interfaces__rosidl_typesupport_c.dir/rosidl_typesupport_c/assessment_interfaces/msg/item_list__type_support.cpp.o[0m
[31.468s] [ 65%] [32mBuilding CXX object CMakeFiles/assessment_interfaces__rosidl_typesupport_c.dir/rosidl_typesupport_c/assessment_interfaces/msg/zone__type_support.cpp.o[0m
[31.516s] [ 66%] [32mBuilding CXX object CMakeFiles/assessment_interfaces__rosidl_typesupport_c.dir/rosidl_typesupport_c/assessment_interfaces/msg/zone_list__type_support.cpp.o[0m
[31.558s] [ 67%] [32mBuilding CXX object CMakeFiles/assessment_interfaces__rosidl_typesupport_c.dir/rosidl_typesupport_c/assessment_interfaces/msg/robot__type_support.cpp.o[0m
[31.599s] [ 68%] [32mBuilding CXX object CMakeFiles/assessment_interfaces__rosidl_typesupport_c.dir/rosidl_typesupport_c/assessment_interfaces/msg/robot_list__type_support.cpp.o[0m
[31.641s] [ 69%] [32mBuilding CXX object CMakeFiles/assessment_interfaces__rosidl_typesupport_c.dir/rosidl_typesupport_c/assessment_interfaces/msg/item_holder__type_support.cpp.o[0m
[31.683s] [ 70%] [32m[1mLinking CXX shared library libassessment_interfaces__rosidl_typesupport_c.so[0m
[31.748s] [ 70%] Built target assessment_interfaces__rosidl_typesupport_c
[31.763s] [ 71%] [34m[1mGenerating C introspection for ROS interfaces[0m
[32.719s] [ 72%] [32mBuilding C object CMakeFiles/assessment_interfaces__rosidl_typesupport_introspection_c.dir/rosidl_typesupport_introspection_c/assessment_interfaces/msg/detail/item_log__type_support.c.o[0m
[32.766s] [ 73%] [32mBuilding C object CMakeFiles/assessment_interfaces__rosidl_typesupport_introspection_c.dir/rosidl_typesupport_introspection_c/assessment_interfaces/msg/detail/item__type_support.c.o[0m
[32.813s] [ 74%] [32mBuilding C object CMakeFiles/assessment_interfaces__rosidl_typesupport_introspection_c.dir/rosidl_typesupport_introspection_c/assessment_interfaces/msg/detail/item_list__type_support.c.o[0m
[32.863s] [ 75%] [32mBuilding C object CMakeFiles/assessment_interfaces__rosidl_typesupport_introspection_c.dir/rosidl_typesupport_introspection_c/assessment_interfaces/msg/detail/zone__type_support.c.o[0m
[32.909s] [ 76%] [32mBuilding C object CMakeFiles/assessment_interfaces__rosidl_typesupport_introspection_c.dir/rosidl_typesupport_introspection_c/assessment_interfaces/msg/detail/zone_list__type_support.c.o[0m
[32.970s] [ 77%] [32mBuilding C object CMakeFiles/assessment_interfaces__rosidl_typesupport_introspection_c.dir/rosidl_typesupport_introspection_c/assessment_interfaces/msg/detail/robot__type_support.c.o[0m
[33.023s] [ 78%] [32mBuilding C object CMakeFiles/assessment_interfaces__rosidl_typesupport_introspection_c.dir/rosidl_typesupport_introspection_c/assessment_interfaces/msg/detail/robot_list__type_support.c.o[0m
[33.077s] [ 80%] [32mBuilding C object CMakeFiles/assessment_interfaces__rosidl_typesupport_introspection_c.dir/rosidl_typesupport_introspection_c/assessment_interfaces/msg/detail/item_holders__type_support.c.o[0m
[33.128s] [ 81%] [32mBuilding C object CMakeFiles/assessment_interfaces__rosidl_typesupport_introspection_c.dir/rosidl_typesupport_introspection_c/assessment_interfaces/msg/detail/item_holder__type_support.c.o[0m
[33.176s] [ 82%] [32m[1mLinking C shared library libassessment_interfaces__rosidl_typesupport_introspection_c.so[0m
[33.224s] [ 82%] Built target assessment_interfaces__rosidl_typesupport_introspection_c
[33.253s] [ 82%] Built target assessment_interfaces
[33.283s] [ 83%] [34m[1mGenerating Python code for ROS interfaces[0m
[36.358s] [ 83%] Built target assessment_interfaces__py
[36.387s] [ 84%] [32mBuilding C object CMakeFiles/assessment_interfaces__rosidl_generator_py.dir/rosidl_generator_py/assessment_interfaces/msg/_item_log_s.c.o[0m
[36.529s] [ 85%] [32mBuilding C object CMakeFiles/assessment_interfaces__rosidl_generator_py.dir/rosidl_generator_py/assessment_interfaces/msg/_item_s.c.o[0m
[36.709s] [ 86%] [32mBuilding C object CMakeFiles/assessment_interfaces__rosidl_generator_py.dir/rosidl_generator_py/assessment_interfaces/msg/_item_list_s.c.o[0m
[36.848s] [ 87%] [32mBuilding C object CMakeFiles/assessment_interfaces__rosidl_generator_py.dir/rosidl_generator_py/assessment_interfaces/msg/_zone_s.c.o[0m
[36.985s] [ 88%] [32mBuilding C object CMakeFiles/assessment_interfaces__rosidl_generator_py.dir/rosidl_generator_py/assessment_interfaces/msg/_zone_list_s.c.o[0m
[37.129s] [ 89%] [32mBuilding C object CMakeFiles/assessment_interfaces__rosidl_generator_py.dir/rosidl_generator_py/assessment_interfaces/msg/_robot_s.c.o[0m
[37.269s] [ 90%] [32mBuilding C object CMakeFiles/assessment_interfaces__rosidl_generator_py.dir/rosidl_generator_py/assessment_interfaces/msg/_robot_list_s.c.o[0m
[37.406s] [ 91%] [32mBuilding C object CMakeFiles/assessment_interfaces__rosidl_generator_py.dir/rosidl_generator_py/assessment_interfaces/msg/_item_holders_s.c.o[0m
[37.545s] [ 92%] [32mBuilding C object CMakeFiles/assessment_interfaces__rosidl_generator_py.dir/rosidl_generator_py/assessment_interfaces/msg/_item_holder_s.c.o[0m
[37.683s] [ 93%] [32m[1mLinking C shared library rosidl_generator_py/assessment_interfaces/libassessment_interfaces__rosidl_generator_py.so[0m
[37.740s] [ 93%] Built target assessment_interfaces__rosidl_generator_py
[37.769s] [ 95%] [32mBuilding C object CMakeFiles/assessment_interfaces__rosidl_typesupport_introspection_c__pyext.dir/rosidl_generator_py/assessment_interfaces/_assessment_interfaces_s.ep.rosidl_typesupport_introspection_c.c.o[0m
[37.769s] [ 95%] [32mBuilding C object CMakeFiles/assessment_interfaces__rosidl_typesupport_fastrtps_c__pyext.dir/rosidl_generator_py/assessment_interfaces/_assessment_interfaces_s.ep.rosidl_typesupport_fastrtps_c.c.o[0m
[37.933s] [ 96%] [32m[1mLinking C shared library rosidl_generator_py/assessment_interfaces/assessment_interfaces_s__rosidl_typesupport_introspection_c.cpython-310-x86_64-linux-gnu.so[0m
[37.941s] [ 97%] [32m[1mLinking C shared library rosidl_generator_py/assessment_interfaces/assessment_interfaces_s__rosidl_typesupport_fastrtps_c.cpython-310-x86_64-linux-gnu.so[0m
[37.981s] [ 97%] Built target assessment_interfaces__rosidl_typesupport_introspection_c__pyext
[37.990s] [ 97%] Built target assessment_interfaces__rosidl_typesupport_fastrtps_c__pyext
[38.009s] [ 98%] [32mBuilding C object CMakeFiles/assessment_interfaces__rosidl_typesupport_c__pyext.dir/rosidl_generator_py/assessment_interfaces/_assessment_interfaces_s.ep.rosidl_typesupport_c.c.o[0m
[38.167s] [100%] [32m[1mLinking C shared library rosidl_generator_py/assessment_interfaces/assessment_interfaces_s__rosidl_typesupport_c.cpython-310-x86_64-linux-gnu.so[0m
[38.214s] [100%] Built target assessment_interfaces__rosidl_typesupport_c__pyext
[38.234s] Invoked command in '/workspace/build/assessment_interfaces' returned '0': CMAKE_PREFIX_PATH=/opt/ros/humble /usr/bin/cmake --build /workspace/build/assessment_interfaces -- -j4 -l4
[38.531s] Invoking command in '/workspace/build/assessment_interfaces': CMAKE_PREFIX_PATH=/opt/ros/humble /usr/bin/cmake --install /workspace/build/assessment_interfaces
[38.542s] -- Install configuration: ""
[38.542s] -- Execute custom install script
[38.543s] -- Symlinking: /workspace/install/assessment_interfaces/share/ament_index/resource_index/rosidl_interfaces/assessment_interfaces
[38.556s] -- Symlinking: /workspace/install/assessment_interfaces/include/assessment_interfaces/assessment_interfaces/msg/detail/item__functions.h
[38.568s] -- Symlinking: /workspace/install/assessment_interfaces/include/assessment_interfaces/assessment_interfaces/msg/detail/item__struct.h
[38.580s] -- Symlinking: /workspace/install/assessment_interfaces/include/assessment_interfaces/assessment_interfaces/msg/detail/item__type_support.h
[38.592s] -- Symlinking: /workspace/install/assessment_interfaces/include/assessment_interfaces/assessment_interfaces/msg/detail/item_holder__functions.h
[38.605s] -- Symlinking: /workspace/install/assessment_interfaces/include/assessment_interfaces/assessment_interfaces/msg/detail/item_holder__struct.h
[38.617s] -- Symlinking: /workspace/install/assessment_interfaces/include/assessment_interfaces/assessment_interfaces/msg/detail/item_holder__type_support.h
[38.629s] -- Symlinking: /workspace/install/assessment_interfaces/include/assessment_interfaces/assessment_interfaces/msg/detail/item_holders__functions.h
[38.642s] -- Symlinking: /workspace/install/assessment_interfaces/include/assessment_interfaces/assessment_interfaces/msg/detail/item_holders__struct.h
[38.654s] -- Symlinking: /workspace/install/assessment_interfaces/include/assessment_interfaces/assessment_interfaces/msg/detail/item_holders__type_support.h
[38.666s] -- Symlinking: /workspace/install/assessment_interfaces/include/assessment_interfaces/assessment_interfaces/msg/detail/item_list__functions.h
[38.678s] -- Symlinking: /workspace/install/assessment_interfaces/include/assessment_interfaces/assessment_interfaces/msg/detail/item_list__struct.h
[38.690s] -- Symlinking: /workspace/install/assessment_interfaces/include/assessment_interfaces/assessment_interfaces/msg/detail/item_list__type_support.h
[38.702s] -- Symlinking: /workspace/install/assessment_interfaces/include/assessment_interfaces/assessment_interfaces/msg/detail/item_log__functions.h
[38.715s] -- Symlinking: /workspace/install/assessment_interfaces/include/assessment_interfaces/assessment_interfaces/msg/detail/item_log__struct.h
[38.727s] -- Symlinking: /workspace/install/assessment_interfaces/include/assessment_interfaces/assessment_interfaces/msg/detail/item_log__type_support.h
[38.739s] -- Symlinking: /workspace/install/assessment_interfaces/include/assessment_interfaces/assessment_interfaces/msg/detail/robot__functions.h
[38.751s] -- Symlinking: /workspace/install/assessment_interfaces/include/assessment_interfaces/assessment_interfaces/msg/detail/robot__struct.h
[38.763s] -- Symlinking: /workspace/install/assessment_interfaces/include/assessment_interfaces/assessment_interfaces/msg/detail/robot__type_support.h
[38.775s] -- Symlinking: /workspace/install/assessment_interfaces/include/assessment_interfaces/assessment_interfaces/msg/detail/robot_list__functions.h
[38.787s] -- Symlinking: /workspace/install/assessment_interfaces/include/assessment_interfaces/assessment_interfaces/msg/detail/robot_list__struct.h
[38.799s] -- Symlinking: /workspace/install/assessment_interfaces/include/assessment_interfaces/assessment_interfaces/msg/detail/robot_list__type_support.h
[38.812s] -- Symlinking: /workspace/install/assessment_interfaces/include/assessment_interfaces/assessment_interfaces/msg/detail/zone__functions.h
[38.824s] -- Symlinking: /workspace/install/assessment_interfaces/include/assessment_interfaces/assessment_interfaces/msg/detail/zone__struct.h
[38.836s] -- Symlinking: /workspace/install/assessment_interfaces/include/assessment_interfaces/assessment_interfaces/msg/detail/zone__type_support.h
[38.848s] -- Symlinking: /workspace/install/assessment_interfaces/include/assessment_interfaces/assessment_interfaces/msg/detail/zone_list__functions.h
[38.860s] -- Symlinking: /workspace/install/assessment_interfaces/include/assessment_interfaces/assessment_interfaces/msg/detail/zone_list__struct.h
[38.872s] -- Symlinking: /workspace/install/assessment_interfaces/include/assessment_interfaces/assessment_interfaces/msg/detail/zone_list__type_support.h
[38.885s] -- Symlinking: /workspace/install/assessment_interfaces/include/assessment_interfaces/assessment_interfaces/msg/item.h
[38.897s] -- Symlinking: /workspace/install/assessment_interfaces/include/assessment_interfaces/assessment_interfaces/msg/item_holder.h
[38.910s] -- Symlinking: /workspace/install/assessment_interfaces/include/assessment_interfaces/assessment_interfaces/msg/item_holders.h
[38.921s] -- Symlinking: /workspace/install/assessment_interfaces/include/assessment_interfaces/assessment_interfaces/msg/item_list.h
[38.934s] -- Symlinking: /workspace/install/assessment_interfaces/include/assessment_interfaces/assessment_interfaces/msg/item_log.h
[38.946s] -- Symlinking: /workspace/install/assessment_interfaces/include/assessment_interfaces/assessment_interfaces/msg/robot.h
[38.958s] -- Symlinking: /workspace/install/assessment_interfaces/include/assessment_interfaces/assessment_interfaces/msg/robot_list.h
[38.970s] -- Symlinking: /workspace/install/assessment_interfaces/include/assessment_interfaces/assessment_interfaces/msg/rosidl_generator_c__visibility_control.h
[38.983s] -- Symlinking: /workspace/install/assessment_interfaces/include/assessment_interfaces/assessment_interfaces/msg/zone.h
[38.995s] -- Symlinking: /workspace/install/assessment_interfaces/include/assessment_interfaces/assessment_interfaces/msg/zone_list.h
[39.008s] -- Symlinking: /workspace/install/assessment_interfaces/share/assessment_interfaces/environment/library_path.sh
[39.017s] -- Symlinking: /workspace/install/assessment_interfaces/share/assessment_interfaces/environment/library_path.dsv
[39.028s] -- Symlinking: /workspace/install/assessment_interfaces/include/assessment_interfaces/assessment_interfaces/msg/detail/item__rosidl_typesupport_fastrtps_c.h
[39.037s] -- Symlinking: /workspace/install/assessment_interfaces/include/assessment_interfaces/assessment_interfaces/msg/detail/item_holder__rosidl_typesupport_fastrtps_c.h
[39.047s] -- Symlinking: /workspace/install/assessment_interfaces/include/assessment_interfaces/assessment_interfaces/msg/detail/item_holders__rosidl_typesupport_fastrtps_c.h
[39.057s] -- Symlinking: /workspace/install/assessment_interfaces/include/assessment_interfaces/assessment_interfaces/msg/detail/item_list__rosidl_typesupport_fastrtps_c.h
[39.066s] -- Symlinking: /workspace/install/assessment_interfaces/include/assessment_interfaces/assessment_interfaces/msg/detail/item_log__rosidl_typesupport_fastrtps_c.h
[39.076s] -- Symlinking: /workspace/install/assessment_interfaces/include/assessment_interfaces/assessment_interfaces/msg/detail/robot__rosidl_typesupport_fastrtps_c.h
[39.086s] -- Symlinking: /workspace/install/assessment_interfaces/include/assessment_interfaces/assessment_interfaces/msg/detail/robot_list__rosidl_typesupport_fastrtps_c.h
[39.096s] -- Symlinking: /workspace/install/assessment_interfaces/include/assessment_interfaces/assessment_interfaces/msg/detail/zone__rosidl_typesupport_fastrtps_c.h
[39.106s] -- Symlinking: /workspace/install/assessment_interfaces/include/assessment_interfaces/assessment_interfaces/msg/detail/zone_list__rosidl_typesupport_fastrtps_c.h
[39.116s] -- Symlinking: /workspace/install/assessment_interfaces/include/assessment_interfaces/assessment_interfaces/msg/rosidl_typesupport_fastrtps_c__visibility_control.h
[39.126s] -- Symlinking: /workspace/install/assessment_interfaces/include/assessment_interfaces/assessment_interfaces/msg/detail/item__rosidl_typesupport_introspection_c.h
[39.136s] -- Symlinking: /workspace/install/assessment_interfaces/include/assessment_interfaces/assessment_interfaces/msg/detail/item_holder__rosidl_typesupport_introspection_c.h
[39.145s] -- Symlinking: /workspace/install/assessment_interfaces/include/assessment_interfaces/assessment_interfaces/msg/detail/item_holders__rosidl_typesupport_introspection_c.h
[39.155s] -- Symlinking: /workspace/install/assessment_interfaces/include/assessment_interfaces/assessment_interfaces/msg/detail/item_list__rosidl_typesupport_introspection_c.h
[39.164s] -- Symlinking: /workspace/install/assessment_interfaces/include/assessment_interfaces/assessment_interfaces/msg/detail/item_log__rosidl_typesupport_introspection_c.h
[39.174s] -- Symlinking: /workspace/install/assessment_interfaces/include/assessment_interfaces/assessment_interfaces/msg/detail/robot__rosidl_typesupport_introspection_c.h
[39.184s] -- Symlinking: /workspace/install/assessment_interfaces/include/assessment_interfaces/assessment_interfaces/msg/detail/robot_list__rosidl_typesupport_introspection_c.h
[39.194s] -- Symlinking: /workspace/install/assessment_interfaces/include/assessment_interfaces/assessment_interfaces/msg/detail/zone__rosidl_typesupport_introspection_c.h
[39.203s] -- Symlinking: /workspace/install/assessment_interfaces/include/assessment_interfaces/assessment_interfaces/msg/detail/zone_list__rosidl_typesupport_introspection_c.h
[39.213s] -- Symlinking: /workspace/install/assessment_interfaces/include/assessment_interfaces/assessment_interfaces/msg/rosidl_typesupport_introspection_c__visibility_control.h
[39.223s] -- Symlinking: /workspace/install/assessment_interfaces/include/assessment_interfaces/assessment_interfaces/msg/detail/item__builder.hpp
[39.233s] -- Symlinking: /workspace/install/assessment_interfaces/include/assessment_interfaces/assessment_interfaces/msg/detail/item__struct.hpp
[39.243s] -- Symlinking: /workspace/install/assessment_interfaces/include/assessment_interfaces/assessment_interfaces/msg/detail/item__traits.hpp
[39.252s] -- Symlinking: /workspace/install/assessment_interfaces/include/assessment_interfaces/assessment_interfaces/msg/detail/item_holder__builder.hpp
[39.262s] -- Symlinking: /workspace/install/assessment_interfaces/include/assessment_interfaces/assessment_interfaces/msg/detail/item_holder__struct.hpp
[39.271s] -- Symlinking: /workspace/install/assessment_interfaces/include/assessment_interfaces/assessment_interfaces/msg/detail/item_holder__traits.hpp
[39.281s] -- Symlinking: /workspace/install/assessment_interfaces/include/assessment_interfaces/assessment_interfaces/msg/detail/item_holders__builder.hpp
[39.291s] -- Symlinking: /workspace/install/assessment_interfaces/include/assessment_interfaces/assessment_interfaces/msg/detail/item_holders__struct.hpp
[39.301s] -- Symlinking: /workspace/install/assessment_interfaces/include/assessment_interfaces/assessment_interfaces/msg/detail/item_holders__traits.hpp
[39.311s] -- Symlinking: /workspace/install/assessment_interfaces/include/assessment_interfaces/assessment_interfaces/msg/detail/item_list__builder.hpp
[39.321s] -- Symlinking: /workspace/install/assessment_interfaces/include/assessment_interfaces/assessment_interfaces/msg/detail/item_list__struct.hpp
[39.330s] -- Symlinking: /workspace/install/assessment_interfaces/include/assessment_interfaces/assessment_interfaces/msg/detail/item_list__traits.hpp
[39.340s] -- Symlinking: /workspace/install/assessment_interfaces/include/assessment_interfaces/assessment_interfaces/msg/detail/item_log__builder.hpp
[39.349s] -- Symlinking: /workspace/install/assessment_interfaces/include/assessment_interfaces/assessment_interfaces/msg/detail/item_log__struct.hpp
[39.359s] -- Symlinking: /workspace/install/assessment_interfaces/include/assessment_interfaces/assessment_interfaces/msg/detail/item_log__traits.hpp
[39.369s] -- Symlinking: /workspace/install/assessment_interfaces/include/assessment_interfaces/assessment_interfaces/msg/detail/robot__builder.hpp
[39.380s] -- Symlinking: /workspace/install/assessment_interfaces/include/assessment_interfaces/assessment_interfaces/msg/detail/robot__struct.hpp
[39.394s] -- Symlinking: /workspace/install/assessment_interfaces/include/assessment_interfaces/assessment_interfaces/msg/detail/robot__traits.hpp
[39.414s] -- Symlinking: /workspace/install/assessment_interfaces/include/assessment_interfaces/assessment_interfaces/msg/detail/robot_list__builder.hpp
[39.434s] -- Symlinking: /workspace/install/assessment_interfaces/include/assessment_interfaces/assessment_interfaces/msg/detail/robot_list__struct.hpp
[39.450s] -- Symlinking: /workspace/install/assessment_interfaces/include/assessment_interfaces/assessment_interfaces/msg/detail/robot_list__traits.hpp
[39.472s] -- Symlinking: /workspace/install/assessment_interfaces/include/assessment_interfaces/assessment_interfaces/msg/detail/zone__builder.hpp
[39.481s] -- Symlinking: /workspace/install/assessment_interfaces/include/assessment_interfaces/assessment_interfaces/msg/detail/zone__struct.hpp
[39.491s] -- Symlinking: /workspace/install/assessment_interfaces/include/assessment_interfaces/assessment_interfaces/msg/detail/zone__traits.hpp
[39.501s] -- Symlinking: /workspace/install/assessment_interfaces/include/assessment_interfaces/assessment_interfaces/msg/detail/zone_list__builder.hpp
[39.512s] -- Symlinking: /workspace/install/assessment_interfaces/include/assessment_interfaces/assessment_interfaces/msg/detail/zone_list__struct.hpp
[39.522s] -- Symlinking: /workspace/install/assessment_interfaces/include/assessment_interfaces/assessment_interfaces/msg/detail/zone_list__traits.hpp
[39.532s] -- Symlinking: /workspace/install/assessment_interfaces/include/assessment_interfaces/assessment_interfaces/msg/item.hpp
[39.542s] -- Symlinking: /workspace/install/assessment_interfaces/include/assessment_interfaces/assessment_interfaces/msg/item_holder.hpp
[39.552s] -- Symlinking: /workspace/install/assessment_interfaces/include/assessment_interfaces/assessment_interfaces/msg/item_holders.hpp
[39.562s] -- Symlinking: /workspace/install/assessment_interfaces/include/assessment_interfaces/assessment_interfaces/msg/item_list.hpp
[39.572s] -- Symlinking: /workspace/install/assessment_interfaces/include/assessment_interfaces/assessment_interfaces/msg/item_log.hpp
[39.582s] -- Symlinking: /workspace/install/assessment_interfaces/include/assessment_interfaces/assessment_interfaces/msg/robot.hpp
[39.591s] -- Symlinking: /workspace/install/assessment_interfaces/include/assessment_interfaces/assessment_interfaces/msg/robot_list.hpp
[39.601s] -- Symlinking: /workspace/install/assessment_interfaces/include/assessment_interfaces/assessment_interfaces/msg/zone.hpp
[39.611s] -- Symlinking: /workspace/install/assessment_interfaces/include/assessment_interfaces/assessment_interfaces/msg/zone_list.hpp
[39.622s] -- Symlinking: /workspace/install/assessment_interfaces/include/assessment_interfaces/assessment_interfaces/msg/detail/item__rosidl_typesupport_fastrtps_cpp.hpp
[39.632s] -- Symlinking: /workspace/install/assessment_interfaces/include/assessment_interfaces/assessment_interfaces/msg/detail/item_holder__rosidl_typesupport_fastrtps_cpp.hpp
[39.641s] -- Symlinking: /workspace/install/assessment_interfaces/include/assessment_interfaces/assessment_interfaces/msg/detail/item_holders__rosidl_typesupport_fastrtps_cpp.hpp
[39.651s] -- Symlinking: /workspace/install/assessment_interfaces/include/assessment_interfaces/assessment_interfaces/msg/detail/item_list__rosidl_typesupport_fastrtps_cpp.hpp
[39.660s] -- Symlinking: /workspace/install/assessment_interfaces/include/assessment_interfaces/assessment_interfaces/msg/detail/item_log__rosidl_typesupport_fastrtps_cpp.hpp
[39.670s] -- Symlinking: /workspace/install/assessment_interfaces/include/assessment_interfaces/assessment_interfaces/msg/detail/robot__rosidl_typesupport_fastrtps_cpp.hpp
[39.680s] -- Symlinking: /workspace/install/assessment_interfaces/include/assessment_interfaces/assessment_interfaces/msg/detail/robot_list__rosidl_typesupport_fastrtps_cpp.hpp
[39.689s] -- Symlinking: /workspace/install/assessment_interfaces/include/assessment_interfaces/assessment_interfaces/msg/detail/zone__rosidl_typesupport_fastrtps_cpp.hpp
[39.699s] -- Symlinking: /workspace/install/assessment_interfaces/include/assessment_interfaces/assessment_interfaces/msg/detail/zone_list__rosidl_typesupport_fastrtps_cpp.hpp
[39.709s] -- Symlinking: /workspace/install/assessment_interfaces/include/assessment_interfaces/assessment_interfaces/msg/rosidl_typesupport_fastrtps_cpp__visibility_control.h
[39.719s] -- Symlinking: /workspace/install/assessment_interfaces/include/assessment_interfaces/assessment_interfaces/msg/detail/item__rosidl_typesupport_introspection_cpp.hpp
[39.729s] -- Symlinking: /workspace/install/assessment_interfaces/include/assessment_interfaces/assessment_interfaces/msg/detail/item_holder__rosidl_typesupport_introspection_cpp.hpp
[39.738s] -- Symlinking: /workspace/install/assessment_interfaces/include/assessment_interfaces/assessment_interfaces/msg/detail/item_holders__rosidl_typesupport_introspection_cpp.hpp
[39.748s] -- Symlinking: /workspace/install/assessment_interfaces/include/assessment_interfaces/assessment_interfaces/msg/detail/item_list__rosidl_typesupport_introspection_cpp.hpp
[39.758s] -- Symlinking: /workspace/install/assessment_interfaces/include/assessment_interfaces/assessment_interfaces/msg/detail/item_log__rosidl_typesupport_introspection_cpp.hpp
[39.768s] -- Symlinking: /workspace/install/assessment_interfaces/include/assessment_interfaces/assessment_interfaces/msg/detail/robot__rosidl_typesupport_introspection_cpp.hpp
[39.777s] -- Symlinking: /workspace/install/assessment_interfaces/include/assessment_interfaces/assessment_interfaces/msg/detail/robot_list__rosidl_typesupport_introspection_cpp.hpp
[39.787s] -- Symlinking: /workspace/install/assessment_interfaces/include/assessment_interfaces/assessment_interfaces/msg/detail/zone__rosidl_typesupport_introspection_cpp.hpp
[39.797s] -- Symlinking: /workspace/install/assessment_interfaces/include/assessment_interfaces/assessment_interfaces/msg/detail/zone_list__rosidl_typesupport_introspection_cpp.hpp
[39.807s] -- Symlinking: /workspace/install/assessment_interfaces/share/assessment_interfaces/environment/pythonpath.sh
[39.817s] -- Symlinking: /workspace/install/assessment_interfaces/share/assessment_interfaces/environment/pythonpath.dsv
[39.827s] -- Symlinking: /workspace/install/assessment_interfaces/local/lib/python3.10/dist-packages/assessment_interfaces-0.0.0-py3.10.egg-info/PKG-INFO
[39.839s] -- Symlinking: /workspace/install/assessment_interfaces/local/lib/python3.10/dist-packages/assessment_interfaces-0.0.0-py3.10.egg-info/SOURCES.txt
[39.856s] -- Symlinking: /workspace/install/assessment_interfaces/local/lib/python3.10/dist-packages/assessment_interfaces-0.0.0-py3.10.egg-info/dependency_links.txt
[39.867s] -- Symlinking: /workspace/install/assessment_interfaces/local/lib/python3.10/dist-packages/assessment_interfaces-0.0.0-py3.10.egg-info/top_level.txt
[39.877s] -- Symlinking: /workspace/install/assessment_interfaces/local/lib/python3.10/dist-packages/assessment_interfaces/__init__.py
[39.888s] -- Symlinking: /workspace/install/assessment_interfaces/local/lib/python3.10/dist-packages/assessment_interfaces/_assessment_interfaces_s.ep.rosidl_typesupport_c.c
[39.897s] -- Symlinking: /workspace/install/assessment_interfaces/local/lib/python3.10/dist-packages/assessment_interfaces/_assessment_interfaces_s.ep.rosidl_typesupport_fastrtps_c.c
[39.908s] -- Symlinking: /workspace/install/assessment_interfaces/local/lib/python3.10/dist-packages/assessment_interfaces/_assessment_interfaces_s.ep.rosidl_typesupport_introspection_c.c
[39.917s] -- Symlinking: /workspace/install/assessment_interfaces/local/lib/python3.10/dist-packages/assessment_interfaces/assessment_interfaces_s__rosidl_typesupport_c.cpython-310-x86_64-linux-gnu.so
[39.927s] -- Symlinking: /workspace/install/assessment_interfaces/local/lib/python3.10/dist-packages/assessment_interfaces/assessment_interfaces_s__rosidl_typesupport_fastrtps_c.cpython-310-x86_64-linux-gnu.so
[39.936s] -- Symlinking: /workspace/install/assessment_interfaces/local/lib/python3.10/dist-packages/assessment_interfaces/assessment_interfaces_s__rosidl_typesupport_introspection_c.cpython-310-x86_64-linux-gnu.so
[39.946s] -- Symlinking: /workspace/install/assessment_interfaces/local/lib/python3.10/dist-packages/assessment_interfaces/libassessment_interfaces__rosidl_generator_py.so
[39.955s] -- Symlinking: /workspace/install/assessment_interfaces/local/lib/python3.10/dist-packages/assessment_interfaces/msg/__init__.py
[39.965s] -- Symlinking: /workspace/install/assessment_interfaces/local/lib/python3.10/dist-packages/assessment_interfaces/msg/_item.py
[39.975s] -- Symlinking: /workspace/install/assessment_interfaces/local/lib/python3.10/dist-packages/assessment_interfaces/msg/_item_holder.py
[39.985s] -- Symlinking: /workspace/install/assessment_interfaces/local/lib/python3.10/dist-packages/assessment_interfaces/msg/_item_holder_s.c
[39.995s] -- Symlinking: /workspace/install/assessment_interfaces/local/lib/python3.10/dist-packages/assessment_interfaces/msg/_item_holders.py
[40.004s] -- Symlinking: /workspace/install/assessment_interfaces/local/lib/python3.10/dist-packages/assessment_interfaces/msg/_item_holders_s.c
[40.014s] -- Symlinking: /workspace/install/assessment_interfaces/local/lib/python3.10/dist-packages/assessment_interfaces/msg/_item_list.py
[40.024s] -- Symlinking: /workspace/install/assessment_interfaces/local/lib/python3.10/dist-packages/assessment_interfaces/msg/_item_list_s.c
[40.033s] -- Symlinking: /workspace/install/assessment_interfaces/local/lib/python3.10/dist-packages/assessment_interfaces/msg/_item_log.py
[40.043s] -- Symlinking: /workspace/install/assessment_interfaces/local/lib/python3.10/dist-packages/assessment_interfaces/msg/_item_log_s.c
[40.053s] -- Symlinking: /workspace/install/assessment_interfaces/local/lib/python3.10/dist-packages/assessment_interfaces/msg/_item_s.c
[40.062s] -- Symlinking: /workspace/install/assessment_interfaces/local/lib/python3.10/dist-packages/assessment_interfaces/msg/_robot.py
[40.072s] -- Symlinking: /workspace/install/assessment_interfaces/local/lib/python3.10/dist-packages/assessment_interfaces/msg/_robot_list.py
[40.082s] -- Symlinking: /workspace/install/assessment_interfaces/local/lib/python3.10/dist-packages/assessment_interfaces/msg/_robot_list_s.c
[40.092s] -- Symlinking: /workspace/install/assessment_interfaces/local/lib/python3.10/dist-packages/assessment_interfaces/msg/_robot_s.c
[40.101s] -- Symlinking: /workspace/install/assessment_interfaces/local/lib/python3.10/dist-packages/assessment_interfaces/msg/_zone.py
[40.111s] -- Symlinking: /workspace/install/assessment_interfaces/local/lib/python3.10/dist-packages/assessment_interfaces/msg/_zone_list.py
[40.121s] -- Symlinking: /workspace/install/assessment_interfaces/local/lib/python3.10/dist-packages/assessment_interfaces/msg/_zone_list_s.c
[40.131s] -- Symlinking: /workspace/install/assessment_interfaces/local/lib/python3.10/dist-packages/assessment_interfaces/msg/_zone_s.c
[40.141s] -- Up-to-date symlink: /workspace/install/assessment_interfaces/local/lib/python3.10/dist-packages/assessment_interfaces/assessment_interfaces_s__rosidl_typesupport_fastrtps_c.cpython-310-x86_64-linux-gnu.so
[40.141s] -- Up-to-date symlink: /workspace/install/assessment_interfaces/local/lib/python3.10/dist-packages/assessment_interfaces/assessment_interfaces_s__rosidl_typesupport_introspection_c.cpython-310-x86_64-linux-gnu.so
[40.141s] -- Up-to-date symlink: /workspace/install/assessment_interfaces/local/lib/python3.10/dist-packages/assessment_interfaces/assessment_interfaces_s__rosidl_typesupport_c.cpython-310-x86_64-linux-gnu.so
[40.142s] -- Symlinking: /workspace/install/assessment_interfaces/share/assessment_interfaces/msg/ItemLog.idl
[40.151s] -- Symlinking: /workspace/install/assessment_interfaces/share/assessment_interfaces/msg/ItemHolder.idl
[40.161s] -- Symlinking: /workspace/install/assessment_interfaces/share/assessment_interfaces/msg/ItemHolders.idl
[40.171s] -- Symlinking: /workspace/install/assessment_interfaces/share/assessment_interfaces/msg/Item.idl
[40.181s] -- Symlinking: /workspace/install/assessment_interfaces/share/assessment_interfaces/msg/ItemList.idl
[40.190s] -- Symlinking: /workspace/install/assessment_interfaces/share/assessment_interfaces/msg/Zone.idl
[40.200s] -- Symlinking: /workspace/install/assessment_interfaces/share/assessment_interfaces/msg/ZoneList.idl
[40.210s] -- Symlinking: /workspace/install/assessment_interfaces/share/assessment_interfaces/msg/Robot.idl
[40.220s] -- Symlinking: /workspace/install/assessment_interfaces/share/assessment_interfaces/msg/RobotList.idl
[40.229s] -- Symlinking: /workspace/install/assessment_interfaces/share/assessment_interfaces/msg/ItemLog.msg
[40.239s] -- Symlinking: /workspace/install/assessment_interfaces/share/assessment_interfaces/msg/ItemHolder.msg
[40.249s] -- Symlinking: /workspace/install/assessment_interfaces/share/assessment_interfaces/msg/ItemHolders.msg
[40.259s] -- Symlinking: /workspace/install/assessment_interfaces/share/assessment_interfaces/msg/Item.msg
[40.270s] -- Symlinking: /workspace/install/assessment_interfaces/share/assessment_interfaces/msg/ItemList.msg
[40.280s] -- Symlinking: /workspace/install/assessment_interfaces/share/assessment_interfaces/msg/Zone.msg
[40.290s] -- Symlinking: /workspace/install/assessment_interfaces/share/assessment_interfaces/msg/ZoneList.msg
[40.300s] -- Symlinking: /workspace/install/assessment_interfaces/share/assessment_interfaces/msg/Robot.msg
[40.310s] -- Symlinking: /workspace/install/assessment_interfaces/share/assessment_interfaces/msg/RobotList.msg
[40.320s] -- Symlinking: /workspace/install/assessment_interfaces/share/ament_index/resource_index/package_run_dependencies/assessment_interfaces
[40.330s] -- Symlinking: /workspace/install/assessment_interfaces/share/ament_index/resource_index/parent_prefix_path/assessment_interfaces
[40.340s] -- Symlinking: /workspace/install/assessment_interfaces/share/assessment_interfaces/environment/ament_prefix_path.sh
[40.349s] -- Symlinking: /workspace/install/assessment_interfaces/share/assessment_interfaces/environment/ament_prefix_path.dsv
[40.359s] -- Symlinking: /workspace/install/assessment_interfaces/share/assessment_interfaces/environment/path.sh
[40.369s] -- Symlinking: /workspace/install/assessment_interfaces/share/assessment_interfaces/environment/path.dsv
[40.378s] -- Symlinking: /workspace/install/assessment_interfaces/share/assessment_interfaces/local_setup.bash
[40.388s] -- Symlinking: /workspace/install/assessment_interfaces/share/assessment_interfaces/local_setup.sh
[40.398s] -- Symlinking: /workspace/install/assessment_interfaces/share/assessment_interfaces/local_setup.zsh
[40.408s] -- Symlinking: /workspace/install/assessment_interfaces/share/assessment_interfaces/local_setup.dsv
[40.418s] -- Symlinking: /workspace/install/assessment_interfaces/share/assessment_interfaces/package.dsv
[40.428s] -- Symlinking: /workspace/install/assessment_interfaces/share/ament_index/resource_index/packages/assessment_interfaces
[40.438s] -- Symlinking: /workspace/install/assessment_interfaces/share/assessment_interfaces/cmake/rosidl_cmake-extras.cmake
[40.447s] -- Symlinking: /workspace/install/assessment_interfaces/share/assessment_interfaces/cmake/ament_cmake_export_include_directories-extras.cmake
[40.457s] -- Symlinking: /workspace/install/assessment_interfaces/share/assessment_interfaces/cmake/ament_cmake_export_libraries-extras.cmake
[40.467s] -- Symlinking: /workspace/install/assessment_interfaces/share/assessment_interfaces/cmake/ament_cmake_export_targets-extras.cmake
[40.476s] -- Symlinking: /workspace/install/assessment_interfaces/share/assessment_interfaces/cmake/rosidl_cmake_export_typesupport_targets-extras.cmake
[40.486s] -- Symlinking: /workspace/install/assessment_interfaces/share/assessment_interfaces/cmake/ament_cmake_export_dependencies-extras.cmake
[40.496s] -- Symlinking: /workspace/install/assessment_interfaces/share/assessment_interfaces/cmake/rosidl_cmake_export_typesupport_libraries-extras.cmake
[40.506s] -- Symlinking: /workspace/install/assessment_interfaces/share/assessment_interfaces/cmake/assessment_interfacesConfig.cmake
[40.516s] -- Symlinking: /workspace/install/assessment_interfaces/share/assessment_interfaces/cmake/assessment_interfacesConfig-version.cmake
[40.526s] -- Symlinking: /workspace/install/assessment_interfaces/share/assessment_interfaces/package.xml
[40.535s] -- Installing: /workspace/install/assessment_interfaces/lib/libassessment_interfaces__rosidl_generator_c.so
[40.536s] -- Set runtime path of "/workspace/install/assessment_interfaces/lib/libassessment_interfaces__rosidl_generator_c.so" to ""
[40.536s] -- Installing: /workspace/install/assessment_interfaces/lib/libassessment_interfaces__rosidl_typesupport_fastrtps_c.so
[40.537s] -- Set runtime path of "/workspace/install/assessment_interfaces/lib/libassessment_interfaces__rosidl_typesupport_fastrtps_c.so" to ""
[40.537s] -- Installing: /workspace/install/assessment_interfaces/lib/libassessment_interfaces__rosidl_typesupport_introspection_c.so
[40.537s] -- Set runtime path of "/workspace/install/assessment_interfaces/lib/libassessment_interfaces__rosidl_typesupport_introspection_c.so" to ""
[40.537s] -- Installing: /workspace/install/assessment_interfaces/lib/libassessment_interfaces__rosidl_typesupport_c.so
[40.538s] -- Set runtime path of "/workspace/install/assessment_interfaces/lib/libassessment_interfaces__rosidl_typesupport_c.so" to ""
[40.538s] -- Installing: /workspace/install/assessment_interfaces/lib/libassessment_interfaces__rosidl_typesupport_fastrtps_cpp.so
[40.539s] -- Set runtime path of "/workspace/install/assessment_interfaces/lib/libassessment_interfaces__rosidl_typesupport_fastrtps_cpp.so" to ""
[40.539s] -- Installing: /workspace/install/assessment_interfaces/lib/libassessment_interfaces__rosidl_typesupport_introspection_cpp.so
[40.540s] -- Set runtime path of "/workspace/install/assessment_interfaces/lib/libassessment_interfaces__rosidl_typesupport_introspection_cpp.so" to ""
[40.540s] -- Installing: /workspace/install/assessment_interfaces/lib/libassessment_interfaces__rosidl_typesupport_cpp.so
[40.540s] -- Set runtime path of "/workspace/install/assessment_interfaces/lib/libassessment_interfaces__rosidl_typesupport_cpp.so" to ""
[40.582s] Listing '/workspace/install/assessment_interfaces/local/lib/python3.10/dist-packages/assessment_interfaces'...
[40.582s] Compiling '/workspace/install/assessment_interfaces/local/lib/python3.10/dist-packages/assessment_interfaces/__init__.py'...
[40.582s] Listing '/workspace/install/assessment_interfaces/local/lib/python3.10/dist-packages/assessment_interfaces/msg'...
[40.582s] Compiling '/workspace/install/assessment_interfaces/local/lib/python3.10/dist-packages/assessment_interfaces/msg/__init__.py'...
[40.583s] Compiling '/workspace/install/assessment_interfaces/local/lib/python3.10/dist-packages/assessment_interfaces/msg/_item.py'...
[40.583s] Compiling '/workspace/install/assessment_interfaces/local/lib/python3.10/dist-packages/assessment_interfaces/msg/_item_holder.py'...
[40.583s] Compiling '/workspace/install/assessment_interfaces/local/lib/python3.10/dist-packages/assessment_interfaces/msg/_item_holders.py'...
[40.583s] Compiling '/workspace/install/assessment_interfaces/local/lib/python3.10/dist-packages/assessment_interfaces/msg/_item_list.py'...
[40.583s] Compiling '/workspace/install/assessment_interfaces/local/lib/python3.10/dist-packages/assessment_interfaces/msg/_item_log.py'...
[40.583s] Compiling '/workspace/install/assessment_interfaces/local/lib/python3.10/dist-packages/assessment_interfaces/msg/_robot.py'...
[40.583s] Compiling '/workspace/install/assessment_interfaces/local/lib/python3.10/dist-packages/assessment_interfaces/msg/_robot_list.py'...
[40.583s] Compiling '/workspace/install/assessment_interfaces/local/lib/python3.10/dist-packages/assessment_interfaces/msg/_zone.py'...
[40.583s] Compiling '/workspace/install/assessment_interfaces/local/lib/python3.10/dist-packages/assessment_interfaces/msg/_zone_list.py'...
[40.587s] -- Installing: /workspace/install/assessment_interfaces/lib/libassessment_interfaces__rosidl_generator_py.so
[40.588s] -- Set runtime path of "/workspace/install/assessment_interfaces/lib/libassessment_interfaces__rosidl_generator_py.so" to ""
[40.588s] -- Installing: /workspace/install/assessment_interfaces/share/assessment_interfaces/cmake/export_assessment_interfaces__rosidl_generator_cExport.cmake
[40.588s] -- Installing: /workspace/install/assessment_interfaces/share/assessment_interfaces/cmake/export_assessment_interfaces__rosidl_generator_cExport-noconfig.cmake
[40.588s] -- Installing: /workspace/install/assessment_interfaces/share/assessment_interfaces/cmake/export_assessment_interfaces__rosidl_typesupport_fastrtps_cExport.cmake
[40.588s] -- Installing: /workspace/install/assessment_interfaces/share/assessment_interfaces/cmake/export_assessment_interfaces__rosidl_typesupport_fastrtps_cExport-noconfig.cmake
[40.589s] -- Installing: /workspace/install/assessment_interfaces/share/assessment_interfaces/cmake/assessment_interfaces__rosidl_typesupport_introspection_cExport.cmake
[40.589s] -- Installing: /workspace/install/assessment_interfaces/share/assessment_interfaces/cmake/assessment_interfaces__rosidl_typesupport_introspection_cExport-noconfig.cmake
[40.589s] -- Installing: /workspace/install/assessment_interfaces/share/assessment_interfaces/cmake/assessment_interfaces__rosidl_typesupport_cExport.cmake
[40.589s] -- Installing: /workspace/install/assessment_interfaces/share/assessment_interfaces/cmake/assessment_interfaces__rosidl_typesupport_cExport-noconfig.cmake
[40.590s] -- Installing: /workspace/install/assessment_interfaces/share/assessment_interfaces/cmake/export_assessment_interfaces__rosidl_generator_cppExport.cmake
[40.590s] -- Installing: /workspace/install/assessment_interfaces/share/assessment_interfaces/cmake/export_assessment_interfaces__rosidl_typesupport_fastrtps_cppExport.cmake
[40.590s] -- Installing: /workspace/install/assessment_interfaces/share/assessment_interfaces/cmake/export_assessment_interfaces__rosidl_typesupport_fastrtps_cppExport-noconfig.cmake
[40.590s] -- Installing: /workspace/install/assessment_interfaces/share/assessment_interfaces/cmake/assessment_interfaces__rosidl_typesupport_introspection_cppExport.cmake
[40.591s] -- Installing: /workspace/install/assessment_interfaces/share/assessment_interfaces/cmake/assessment_interfaces__rosidl_typesupport_introspection_cppExport-noconfig.cmake
[40.591s] -- Installing: /workspace/install/assessment_interfaces/share/assessment_interfaces/cmake/assessment_interfaces__rosidl_typesupport_cppExport.cmake
[40.591s] -- Installing: /workspace/install/assessment_interfaces/share/assessment_interfaces/cmake/assessment_interfaces__rosidl_typesupport_cppExport-noconfig.cmake
[40.591s] -- Installing: /workspace/install/assessment_interfaces/share/assessment_interfaces/cmake/export_assessment_interfaces__rosidl_generator_pyExport.cmake
[40.592s] -- Installing: /workspace/install/assessment_interfaces/share/assessment_interfaces/cmake/export_assessment_interfaces__rosidl_generator_pyExport-noconfig.cmake
[40.595s] Invoked command in '/workspace/build/assessment_interfaces' returned '0': CMAKE_PREFIX_PATH=/opt/ros/humble /usr/bin/cmake --install /workspace/build/assessment_interfaces
