[3.130s] Invoking command in '/workspace/build/week_6': PYTHONPATH=/workspace/build/week_6/prefix_override:/usr/lib/python3/dist-packages/colcon_core/task/python/colcon_distutils_commands:/workspace/install/week_6/lib/python3.10/site-packages:${PYTHONPATH} /usr/bin/python3 -W ignore:setup.py install is deprecated setup.py develop --editable --build-directory /workspace/build/week_6/build --no-deps symlink_data
[4.541s] running develop
[4.542s] /usr/lib/python3/dist-packages/setuptools/command/easy_install.py:158: EasyInstallDeprecationWarning: easy_install command is deprecated. Use build and pip and other standards-based tools.
[4.542s]   warnings.warn(
[5.464s] running egg_info
[5.464s] creating week_6.egg-info
[5.465s] writing week_6.egg-info/PKG-INFO
[5.477s] writing dependency_links to week_6.egg-info/dependency_links.txt
[5.477s] writing entry points to week_6.egg-info/entry_points.txt
[5.477s] writing requirements to week_6.egg-info/requires.txt
[5.477s] writing top-level names to week_6.egg-info/top_level.txt
[5.477s] writing manifest file 'week_6.egg-info/SOURCES.txt'
[5.507s] reading manifest file 'week_6.egg-info/SOURCES.txt'
[5.531s] writing manifest file 'week_6.egg-info/SOURCES.txt'
[5.549s] running build_ext
[5.553s] Creating /workspace/install/week_6/lib/python3.10/site-packages/week-6.egg-link (link to .)
[5.565s] Installing lidar_fault script to /workspace/install/week_6/lib/week_6
[5.565s] Installing robot_controller script to /workspace/install/week_6/lib/week_6
[5.566s] 
[5.566s] Installed /workspace/build/week_6
[5.566s] running symlink_data
[5.566s] creating /workspace/install/week_6/share/ament_index
[5.566s] creating /workspace/install/week_6/share/ament_index/resource_index
[5.566s] creating /workspace/install/week_6/share/ament_index/resource_index/packages
[5.566s] symbolically linking /workspace/build/week_6/resource/week_6 -> /workspace/install/week_6/share/ament_index/resource_index/packages
[5.576s] symbolically linking /workspace/build/week_6/package.xml -> /workspace/install/week_6/share/week_6
[5.576s] creating /workspace/install/week_6/share/week_6/models
[5.578s] creating /workspace/install/week_6/share/week_6/models/week_6_world
[5.579s] symbolically linking /workspace/build/week_6/models/week_6_world/model.config -> /workspace/install/week_6/share/week_6/models/week_6_world
[5.579s] symbolically linking /workspace/build/week_6/models/week_6_world/model.sdf -> /workspace/install/week_6/share/week_6/models/week_6_world
[5.579s] creating /workspace/install/week_6/share/week_6/models/turtlebot3_waffle_pi
[5.579s] symbolically linking /workspace/build/week_6/models/turtlebot3_waffle_pi/model.config -> /workspace/install/week_6/share/week_6/models/turtlebot3_waffle_pi
[5.579s] symbolically linking /workspace/build/week_6/models/turtlebot3_waffle_pi/model.sdf -> /workspace/install/week_6/share/week_6/models/turtlebot3_waffle_pi
[5.579s] creating /workspace/install/week_6/share/week_6/launch
[5.579s] symbolically linking /workspace/build/week_6/launch/week_6_launch.py -> /workspace/install/week_6/share/week_6/launch/
[5.580s] symbolically linking /workspace/build/week_6/launch/rviz_launch.py -> /workspace/install/week_6/share/week_6/launch/
[5.587s] symbolically linking /workspace/build/week_6/launch/spawn_robot_launch.py -> /workspace/install/week_6/share/week_6/launch/
[5.587s] creating /workspace/install/week_6/share/week_6/worlds
[5.588s] symbolically linking /workspace/build/week_6/worlds/week_6_world.world -> /workspace/install/week_6/share/week_6/worlds/
[5.588s] creating /workspace/install/week_6/share/week_6/rviz
[5.599s] symbolically linking /workspace/build/week_6/rviz/namespaced.rviz -> /workspace/install/week_6/share/week_6/rviz/
[7.395s] Invoked command in '/workspace/build/week_6' returned '0': PYTHONPATH=/workspace/build/week_6/prefix_override:/usr/lib/python3/dist-packages/colcon_core/task/python/colcon_distutils_commands:/workspace/install/week_6/lib/python3.10/site-packages:${PYTHONPATH} /usr/bin/python3 -W ignore:setup.py install is deprecated setup.py develop --editable --build-directory /workspace/build/week_6/build --no-deps symlink_data
