[2.054s] Invoking command in '/workspace/build/assessment': AMENT_PREFIX_PATH=/workspace/install/auro_interfaces:${AMENT_PREFIX_PATH} CMAKE_PREFIX_PATH=/workspace/install/auro_interfaces LD_LIBRARY_PATH=/workspace/install/auro_interfaces/lib:/opt/ros/humble/opt/rviz_ogre_vendor/lib:/opt/ros/humble/lib/x86_64-linux-gnu:/opt/ros/humble/lib:/usr/lib/x86_64-linux-gnu/gazebo-11/plugins PYTHONPATH=/workspace/build/assessment/prefix_override:/usr/lib/python3/dist-packages/colcon_core/task/python/colcon_distutils_commands:/workspace/install/assessment/lib/python3.10/site-packages:/workspace/install/auro_interfaces/local/lib/python3.10/dist-packages:${PYTHONPATH} /usr/bin/python3 -W ignore:setup.py install is deprecated setup.py develop --editable --build-directory /workspace/build/assessment/build --no-deps symlink_data
[3.088s] running develop
[3.088s] /usr/lib/python3/dist-packages/setuptools/command/easy_install.py:158: EasyInstallDeprecationWarning: easy_install command is deprecated. Use build and pip and other standards-based tools.
[3.088s]   warnings.warn(
[3.767s] running egg_info
[3.767s] creating assessment.egg-info
[3.767s] writing assessment.egg-info/PKG-INFO
[3.767s] writing dependency_links to assessment.egg-info/dependency_links.txt
[3.767s] writing entry points to assessment.egg-info/entry_points.txt
[3.768s] writing requirements to assessment.egg-info/requires.txt
[3.768s] writing top-level names to assessment.egg-info/top_level.txt
[3.768s] writing manifest file 'assessment.egg-info/SOURCES.txt'
[3.771s] reading manifest file 'assessment.egg-info/SOURCES.txt'
[3.773s] writing manifest file 'assessment.egg-info/SOURCES.txt'
[3.776s] running build_ext
[3.777s] Creating /workspace/install/assessment/lib/python3.10/site-packages/assessment.egg-link (link to .)
[3.779s] Installing item_manager script to /workspace/install/assessment/lib/assessment
[3.779s] Installing item_sensor script to /workspace/install/assessment/lib/assessment
[3.779s] Installing robot_sensor script to /workspace/install/assessment/lib/assessment
[3.783s] Installing zone_sensor script to /workspace/install/assessment/lib/assessment
[3.783s] 
[3.784s] Installed /workspace/build/assessment
[3.784s] running symlink_data
[3.785s] creating /workspace/install/assessment/share/ament_index
[3.785s] creating /workspace/install/assessment/share/ament_index/resource_index
[3.786s] creating /workspace/install/assessment/share/ament_index/resource_index/packages
[3.787s] symbolically linking /workspace/build/assessment/resource/assessment -> /workspace/install/assessment/share/ament_index/resource_index/packages
[3.787s] symbolically linking /workspace/build/assessment/package.xml -> /workspace/install/assessment/share/assessment
[3.790s] creating /workspace/install/assessment/share/assessment/models
[3.790s] creating /workspace/install/assessment/share/assessment/models/media
[3.790s] creating /workspace/install/assessment/share/assessment/models/media/materials
[3.790s] creating /workspace/install/assessment/share/assessment/models/media/materials/scripts
[3.790s] symbolically linking /workspace/build/assessment/models/media/materials/scripts/outline_vertex_shader.glsl -> /workspace/install/assessment/share/assessment/models/media/materials/scripts
[3.790s] symbolically linking /workspace/build/assessment/models/media/materials/scripts/assessment_materials.material -> /workspace/install/assessment/share/assessment/models/media/materials/scripts
[3.791s] symbolically linking /workspace/build/assessment/models/media/materials/scripts/outline_fragment_shader.glsl -> /workspace/install/assessment/share/assessment/models/media/materials/scripts
[3.791s] creating /workspace/install/assessment/share/assessment/models/waffle_pi_common
[3.791s] symbolically linking /workspace/build/assessment/models/waffle_pi_common/model.config -> /workspace/install/assessment/share/assessment/models/waffle_pi_common
[3.791s] creating /workspace/install/assessment/share/assessment/models/waffle_pi_common/meshes
[3.791s] symbolically linking /workspace/build/assessment/models/waffle_pi_common/meshes/lds_smooth.dae -> /workspace/install/assessment/share/assessment/models/waffle_pi_common/meshes
[3.791s] symbolically linking /workspace/build/assessment/models/waffle_pi_common/meshes/waffle_pi_base_smooth.dae -> /workspace/install/assessment/share/assessment/models/waffle_pi_common/meshes
[3.791s] symbolically linking /workspace/build/assessment/models/waffle_pi_common/meshes/tire_smooth.dae -> /workspace/install/assessment/share/assessment/models/waffle_pi_common/meshes
[3.791s] creating /workspace/install/assessment/share/assessment/models/waffle_pi
[3.792s] symbolically linking /workspace/build/assessment/models/waffle_pi/model.config -> /workspace/install/assessment/share/assessment/models/waffle_pi
[3.792s] symbolically linking /workspace/build/assessment/models/waffle_pi/model.sdf -> /workspace/install/assessment/share/assessment/models/waffle_pi
[3.792s] creating /workspace/install/assessment/share/assessment/models/item
[3.792s] symbolically linking /workspace/build/assessment/models/item/model.config -> /workspace/install/assessment/share/assessment/models/item
[3.792s] symbolically linking /workspace/build/assessment/models/item/model.sdf -> /workspace/install/assessment/share/assessment/models/item
[3.792s] creating /workspace/install/assessment/share/assessment/models/assessment_world
[3.796s] symbolically linking /workspace/build/assessment/models/assessment_world/model.config -> /workspace/install/assessment/share/assessment/models/assessment_world
[3.796s] symbolically linking /workspace/build/assessment/models/assessment_world/model.sdf -> /workspace/install/assessment/share/assessment/models/assessment_world
[3.796s] creating /workspace/install/assessment/share/assessment/launch
[3.796s] symbolically linking /workspace/build/assessment/launch/bringup_launch.py -> /workspace/install/assessment/share/assessment/launch/
[3.796s] symbolically linking /workspace/build/assessment/launch/assessment_launch.py -> /workspace/install/assessment/share/assessment/launch/
[3.796s] symbolically linking /workspace/build/assessment/launch/rviz_launch.py -> /workspace/install/assessment/share/assessment/launch/
[3.796s] symbolically linking /workspace/build/assessment/launch/spawn_robot_launch.py -> /workspace/install/assessment/share/assessment/launch/
[3.797s] creating /workspace/install/assessment/share/assessment/worlds
[3.797s] symbolically linking /workspace/build/assessment/worlds/assessment_world.world -> /workspace/install/assessment/share/assessment/worlds/
[3.797s] creating /workspace/install/assessment/share/assessment/rviz
[3.797s] symbolically linking /workspace/build/assessment/rviz/namespaced_nav2.rviz -> /workspace/install/assessment/share/assessment/rviz/
[3.797s] symbolically linking /workspace/build/assessment/rviz/namespaced.rviz -> /workspace/install/assessment/share/assessment/rviz/
[3.797s] creating /workspace/install/assessment/share/assessment/params
[3.797s] symbolically linking /workspace/build/assessment/params/nav2_params_namespaced.yaml -> /workspace/install/assessment/share/assessment/params/
[3.797s] creating /workspace/install/assessment/share/assessment/maps
[3.798s] symbolically linking /workspace/build/assessment/maps/assessment_world.pgm -> /workspace/install/assessment/share/assessment/maps/
[3.798s] symbolically linking /workspace/build/assessment/maps/assessment_world.yaml -> /workspace/install/assessment/share/assessment/maps/
[3.798s] creating /workspace/install/assessment/share/assessment/config
[3.798s] symbolically linking /workspace/build/assessment/config/initial_poses.yaml -> /workspace/install/assessment/share/assessment/config/
[3.798s] symbolically linking /workspace/build/assessment/config/rviz_windows.yaml -> /workspace/install/assessment/share/assessment/config/
[3.862s] Invoked command in '/workspace/build/assessment' returned '0': AMENT_PREFIX_PATH=/workspace/install/auro_interfaces:${AMENT_PREFIX_PATH} CMAKE_PREFIX_PATH=/workspace/install/auro_interfaces LD_LIBRARY_PATH=/workspace/install/auro_interfaces/lib:/opt/ros/humble/opt/rviz_ogre_vendor/lib:/opt/ros/humble/lib/x86_64-linux-gnu:/opt/ros/humble/lib:/usr/lib/x86_64-linux-gnu/gazebo-11/plugins PYTHONPATH=/workspace/build/assessment/prefix_override:/usr/lib/python3/dist-packages/colcon_core/task/python/colcon_distutils_commands:/workspace/install/assessment/lib/python3.10/site-packages:/workspace/install/auro_interfaces/local/lib/python3.10/dist-packages:${PYTHONPATH} /usr/bin/python3 -W ignore:setup.py install is deprecated setup.py develop --editable --build-directory /workspace/build/assessment/build --no-deps symlink_data
