running develop
running egg_info
creating week_5.egg-info
writing week_5.egg-info/PKG-INFO
writing dependency_links to week_5.egg-info/dependency_links.txt
writing entry points to week_5.egg-info/entry_points.txt
writing requirements to week_5.egg-info/requires.txt
writing top-level names to week_5.egg-info/top_level.txt
writing manifest file 'week_5.egg-info/SOURCES.txt'
reading manifest file 'week_5.egg-info/SOURCES.txt'
writing manifest file 'week_5.egg-info/SOURCES.txt'
running build_ext
Creating /workspace/install/week_5/lib/python3.10/site-packages/week-5.egg-link (link to .)
Installing item_detector script to /workspace/install/week_5/lib/week_5
Installing item_spawner script to /workspace/install/week_5/lib/week_5
Installing robot_controller script to /workspace/install/week_5/lib/week_5
Installing teleop_keyboard script to /workspace/install/week_5/lib/week_5

Installed /workspace/build/week_5
running symlink_data
creating /workspace/install/week_5/share/ament_index
creating /workspace/install/week_5/share/ament_index/resource_index
creating /workspace/install/week_5/share/ament_index/resource_index/packages
symbolically linking /workspace/build/week_5/resource/week_5 -> /workspace/install/week_5/share/ament_index/resource_index/packages
symbolically linking /workspace/build/week_5/package.xml -> /workspace/install/week_5/share/week_5
creating /workspace/install/week_5/share/week_5/models
creating /workspace/install/week_5/share/week_5/models/item
symbolically linking /workspace/build/week_5/models/item/model.config -> /workspace/install/week_5/share/week_5/models/item
symbolically linking /workspace/build/week_5/models/item/model.sdf -> /workspace/install/week_5/share/week_5/models/item
