[1.514s] Invoking command in '/workspace/build/week_6': PYTHONPATH=/workspace/build/week_6/prefix_override:/usr/lib/python3/dist-packages/colcon_core/task/python/colcon_distutils_commands:/workspace/install/week_6/lib/python3.10/site-packages:${PYTHONPATH} /usr/bin/python3 -W ignore:setup.py install is deprecated setup.py develop --editable --build-directory /workspace/build/week_6/build --no-deps symlink_data
[2.115s] running develop
[2.116s] /usr/lib/python3/dist-packages/setuptools/command/easy_install.py:158: EasyInstallDeprecationWarning: easy_install command is deprecated. Use build and pip and other standards-based tools.
[2.117s]   warnings.warn(
[2.451s] running egg_info
[2.451s] writing week_6.egg-info/PKG-INFO
[2.451s] writing dependency_links to week_6.egg-info/dependency_links.txt
[2.452s] writing entry points to week_6.egg-info/entry_points.txt
[2.452s] writing requirements to week_6.egg-info/requires.txt
[2.452s] writing top-level names to week_6.egg-info/top_level.txt
[2.455s] reading manifest file 'week_6.egg-info/SOURCES.txt'
[2.457s] writing manifest file 'week_6.egg-info/SOURCES.txt'
[2.460s] running build_ext
[2.461s] Creating /workspace/install/week_6/lib/python3.10/site-packages/week-6.egg-link (link to .)
[2.463s] Installing lidar_fault script to /workspace/install/week_6/lib/week_6
[2.464s] Installing robot_controller script to /workspace/install/week_6/lib/week_6
[2.465s] 
[2.465s] Installed /workspace/build/week_6
[2.466s] running symlink_data
[3.140s] Invoked command in '/workspace/build/week_6' returned '0': PYTHONPATH=/workspace/build/week_6/prefix_override:/usr/lib/python3/dist-packages/colcon_core/task/python/colcon_distutils_commands:/workspace/install/week_6/lib/python3.10/site-packages:${PYTHONPATH} /usr/bin/python3 -W ignore:setup.py install is deprecated setup.py develop --editable --build-directory /workspace/build/week_6/build --no-deps symlink_data
