running develop
/usr/lib/python3/dist-packages/setuptools/command/easy_install.py:158: EasyInstallDeprecationWarning: easy_install command is deprecated. Use build and pip and other standards-based tools.
  warnings.warn(
running egg_info
creating week_8.egg-info
writing week_8.egg-info/PKG-INFO
writing dependency_links to week_8.egg-info/dependency_links.txt
writing entry points to week_8.egg-info/entry_points.txt
writing requirements to week_8.egg-info/requires.txt
writing top-level names to week_8.egg-info/top_level.txt
writing manifest file 'week_8.egg-info/SOURCES.txt'
reading manifest file 'week_8.egg-info/SOURCES.txt'
writing manifest file 'week_8.egg-info/SOURCES.txt'
running build_ext
Creating /workspace/install/week_8/lib/python3.10/site-packages/week-8.egg-link (link to .)
Installing autonomous_navigation script to /workspace/install/week_8/lib/week_8
Installing autonomous_navigation_multithreaded script to /workspace/install/week_8/lib/week_8
Installing joint_state_republisher script to /workspace/install/week_8/lib/week_8
Installing path_publisher script to /workspace/install/week_8/lib/week_8
Installing robot_controller script to /workspace/install/week_8/lib/week_8
Installing simple_commander script to /workspace/install/week_8/lib/week_8

Installed /workspace/build/week_8
running symlink_data
creating /workspace/install/week_8/share/ament_index
creating /workspace/install/week_8/share/ament_index/resource_index
creating /workspace/install/week_8/share/ament_index/resource_index/packages
symbolically linking /workspace/build/week_8/resource/week_8 -> /workspace/install/week_8/share/ament_index/resource_index/packages
symbolically linking /workspace/build/week_8/package.xml -> /workspace/install/week_8/share/week_8
creating /workspace/install/week_8/share/week_8/models
creating /workspace/install/week_8/share/week_8/models/turtlebot3_waffle_pi_edited
symbolically linking /workspace/build/week_8/models/turtlebot3_waffle_pi_edited/model.config -> /workspace/install/week_8/share/week_8/models/turtlebot3_waffle_pi_edited
symbolically linking /workspace/build/week_8/models/turtlebot3_waffle_pi_edited/model.sdf -> /workspace/install/week_8/share/week_8/models/turtlebot3_waffle_pi_edited
creating /workspace/install/week_8/share/week_8/models/turtlebot3_waffle_pi_odom
symbolically linking /workspace/build/week_8/models/turtlebot3_waffle_pi_odom/model.config -> /workspace/install/week_8/share/week_8/models/turtlebot3_waffle_pi_odom
symbolically linking /workspace/build/week_8/models/turtlebot3_waffle_pi_odom/model.sdf -> /workspace/install/week_8/share/week_8/models/turtlebot3_waffle_pi_odom
creating /workspace/install/week_8/share/week_8/models/turtlebot3_world_auro
symbolically linking /workspace/build/week_8/models/turtlebot3_world_auro/model.config -> /workspace/install/week_8/share/week_8/models/turtlebot3_world_auro
symbolically linking /workspace/build/week_8/models/turtlebot3_world_auro/model.sdf -> /workspace/install/week_8/share/week_8/models/turtlebot3_world_auro
creating /workspace/install/week_8/share/week_8/launch
symbolically linking /workspace/build/week_8/launch/week_8_launch.py -> /workspace/install/week_8/share/week_8/launch/
symbolically linking /workspace/build/week_8/launch/week_8_nav2_launch.py -> /workspace/install/week_8/share/week_8/launch/
creating /workspace/install/week_8/share/week_8/worlds
symbolically linking /workspace/build/week_8/worlds/turtlebot3_world_empty.world -> /workspace/install/week_8/share/week_8/worlds/
creating /workspace/install/week_8/share/week_8/rviz
symbolically linking /workspace/build/week_8/rviz/paths.rviz -> /workspace/install/week_8/share/week_8/rviz/
symbolically linking /workspace/build/week_8/rviz/paths.v2.rviz -> /workspace/install/week_8/share/week_8/rviz/
creating /workspace/install/week_8/share/week_8/urdf
symbolically linking /workspace/build/week_8/urdf/true_turtlebot3_waffle_pi.urdf -> /workspace/install/week_8/share/week_8/urdf/
creating /workspace/install/week_8/share/week_8/maps
symbolically linking /workspace/build/week_8/maps/auro_map.pgm -> /workspace/install/week_8/share/week_8/maps/
symbolically linking /workspace/build/week_8/maps/auro_map.yaml -> /workspace/install/week_8/share/week_8/maps/
creating /workspace/install/week_8/share/week_8/params
symbolically linking /workspace/build/week_8/params/nav2_params.yaml -> /workspace/install/week_8/share/week_8/params/
