[4.512s] Invoking command in '/workspace/build/week_8': PYTHONPATH=/workspace/build/week_8/prefix_override:/usr/lib/python3/dist-packages/colcon_core/task/python/colcon_distutils_commands:/workspace/install/week_8/lib/python3.10/site-packages:${PYTHONPATH} /usr/bin/python3 -W ignore:setup.py install is deprecated setup.py develop --editable --build-directory /workspace/build/week_8/build --no-deps symlink_data
[6.481s] running develop
[6.482s] /usr/lib/python3/dist-packages/setuptools/command/easy_install.py:158: EasyInstallDeprecationWarning: easy_install command is deprecated. Use build and pip and other standards-based tools.
[6.482s]   warnings.warn(
[7.211s] running egg_info
[7.211s] creating week_8.egg-info
[7.211s] writing week_8.egg-info/PKG-INFO
[7.212s] writing dependency_links to week_8.egg-info/dependency_links.txt
[7.216s] writing entry points to week_8.egg-info/entry_points.txt
[7.216s] writing requirements to week_8.egg-info/requires.txt
[7.216s] writing top-level names to week_8.egg-info/top_level.txt
[7.216s] writing manifest file 'week_8.egg-info/SOURCES.txt'
[7.223s] reading manifest file 'week_8.egg-info/SOURCES.txt'
[7.223s] writing manifest file 'week_8.egg-info/SOURCES.txt'
[7.225s] running build_ext
[7.227s] Creating /workspace/install/week_8/lib/python3.10/site-packages/week-8.egg-link (link to .)
[7.232s] Installing autonomous_navigation script to /workspace/install/week_8/lib/week_8
[7.232s] Installing autonomous_navigation_multithreaded script to /workspace/install/week_8/lib/week_8
[7.232s] Installing joint_state_republisher script to /workspace/install/week_8/lib/week_8
[7.232s] Installing path_publisher script to /workspace/install/week_8/lib/week_8
[7.236s] Installing robot_controller script to /workspace/install/week_8/lib/week_8
[7.236s] Installing simple_commander script to /workspace/install/week_8/lib/week_8
[7.237s] 
[7.237s] Installed /workspace/build/week_8
[7.237s] running symlink_data
[7.237s] creating /workspace/install/week_8/share/ament_index
[7.238s] creating /workspace/install/week_8/share/ament_index/resource_index
[7.238s] creating /workspace/install/week_8/share/ament_index/resource_index/packages
[7.239s] symbolically linking /workspace/build/week_8/resource/week_8 -> /workspace/install/week_8/share/ament_index/resource_index/packages
[7.239s] symbolically linking /workspace/build/week_8/package.xml -> /workspace/install/week_8/share/week_8
[7.240s] creating /workspace/install/week_8/share/week_8/models
[7.240s] creating /workspace/install/week_8/share/week_8/models/turtlebot3_waffle_pi_edited
[7.241s] symbolically linking /workspace/build/week_8/models/turtlebot3_waffle_pi_edited/model.config -> /workspace/install/week_8/share/week_8/models/turtlebot3_waffle_pi_edited
[7.242s] symbolically linking /workspace/build/week_8/models/turtlebot3_waffle_pi_edited/model.sdf -> /workspace/install/week_8/share/week_8/models/turtlebot3_waffle_pi_edited
[7.242s] creating /workspace/install/week_8/share/week_8/models/turtlebot3_waffle_pi_odom
[7.242s] symbolically linking /workspace/build/week_8/models/turtlebot3_waffle_pi_odom/model.config -> /workspace/install/week_8/share/week_8/models/turtlebot3_waffle_pi_odom
[7.248s] symbolically linking /workspace/build/week_8/models/turtlebot3_waffle_pi_odom/model.sdf -> /workspace/install/week_8/share/week_8/models/turtlebot3_waffle_pi_odom
[7.248s] creating /workspace/install/week_8/share/week_8/models/turtlebot3_world_auro
[7.249s] symbolically linking /workspace/build/week_8/models/turtlebot3_world_auro/model.config -> /workspace/install/week_8/share/week_8/models/turtlebot3_world_auro
[7.249s] symbolically linking /workspace/build/week_8/models/turtlebot3_world_auro/model.sdf -> /workspace/install/week_8/share/week_8/models/turtlebot3_world_auro
[7.249s] creating /workspace/install/week_8/share/week_8/launch
[7.249s] symbolically linking /workspace/build/week_8/launch/week_8_launch.py -> /workspace/install/week_8/share/week_8/launch/
[7.249s] symbolically linking /workspace/build/week_8/launch/week_8_nav2_launch.py -> /workspace/install/week_8/share/week_8/launch/
[7.249s] creating /workspace/install/week_8/share/week_8/worlds
[7.250s] symbolically linking /workspace/build/week_8/worlds/turtlebot3_world_empty.world -> /workspace/install/week_8/share/week_8/worlds/
[7.250s] creating /workspace/install/week_8/share/week_8/rviz
[7.250s] symbolically linking /workspace/build/week_8/rviz/paths.rviz -> /workspace/install/week_8/share/week_8/rviz/
[7.250s] symbolically linking /workspace/build/week_8/rviz/paths.v2.rviz -> /workspace/install/week_8/share/week_8/rviz/
[7.250s] creating /workspace/install/week_8/share/week_8/urdf
[7.250s] symbolically linking /workspace/build/week_8/urdf/true_turtlebot3_waffle_pi.urdf -> /workspace/install/week_8/share/week_8/urdf/
[7.257s] creating /workspace/install/week_8/share/week_8/maps
[7.257s] symbolically linking /workspace/build/week_8/maps/auro_map.pgm -> /workspace/install/week_8/share/week_8/maps/
[7.257s] symbolically linking /workspace/build/week_8/maps/auro_map.yaml -> /workspace/install/week_8/share/week_8/maps/
[7.257s] creating /workspace/install/week_8/share/week_8/params
[7.257s] symbolically linking /workspace/build/week_8/params/nav2_params.yaml -> /workspace/install/week_8/share/week_8/params/
[7.366s] Invoked command in '/workspace/build/week_8' returned '0': PYTHONPATH=/workspace/build/week_8/prefix_override:/usr/lib/python3/dist-packages/colcon_core/task/python/colcon_distutils_commands:/workspace/install/week_8/lib/python3.10/site-packages:${PYTHONPATH} /usr/bin/python3 -W ignore:setup.py install is deprecated setup.py develop --editable --build-directory /workspace/build/week_8/build --no-deps symlink_data
