[0.657s] Invoking command in '/workspace/build/assessment': AMENT_PREFIX_PATH=/workspace/install/auro_interfaces:${AMENT_PREFIX_PATH} CMAKE_PREFIX_PATH=/workspace/install/auro_interfaces LD_LIBRARY_PATH=/workspace/install/auro_interfaces/lib:/opt/ros/humble/opt/rviz_ogre_vendor/lib:/opt/ros/humble/lib/x86_64-linux-gnu:/opt/ros/humble/lib:/usr/lib/x86_64-linux-gnu/gazebo-11/plugins PYTHONPATH=/workspace/build/assessment/prefix_override:/usr/lib/python3/dist-packages/colcon_core/task/python/colcon_distutils_commands:/workspace/install/assessment/lib/python3.10/site-packages:/workspace/install/auro_interfaces/local/lib/python3.10/dist-packages:${PYTHONPATH} /usr/bin/python3 -W ignore:setup.py install is deprecated setup.py develop --uninstall --editable --build-directory /workspace/build/assessment/build
[0.925s] running develop
[0.925s] /usr/lib/python3/dist-packages/setuptools/command/easy_install.py:158: EasyInstallDeprecationWarning: easy_install command is deprecated. Use build and pip and other standards-based tools.
[0.925s]   warnings.warn(
[1.079s] Removing /workspace/install/assessment/lib/python3.10/site-packages/assessment.egg-link (link to .)
[1.105s] Invoked command in '/workspace/build/assessment' returned '0': AMENT_PREFIX_PATH=/workspace/install/auro_interfaces:${AMENT_PREFIX_PATH} CMAKE_PREFIX_PATH=/workspace/install/auro_interfaces LD_LIBRARY_PATH=/workspace/install/auro_interfaces/lib:/opt/ros/humble/opt/rviz_ogre_vendor/lib:/opt/ros/humble/lib/x86_64-linux-gnu:/opt/ros/humble/lib:/usr/lib/x86_64-linux-gnu/gazebo-11/plugins PYTHONPATH=/workspace/build/assessment/prefix_override:/usr/lib/python3/dist-packages/colcon_core/task/python/colcon_distutils_commands:/workspace/install/assessment/lib/python3.10/site-packages:/workspace/install/auro_interfaces/local/lib/python3.10/dist-packages:${PYTHONPATH} /usr/bin/python3 -W ignore:setup.py install is deprecated setup.py develop --uninstall --editable --build-directory /workspace/build/assessment/build
[1.106s] Invoking command in '/workspace/AURO/assessment': AMENT_PREFIX_PATH=/workspace/install/auro_interfaces:${AMENT_PREFIX_PATH} CMAKE_PREFIX_PATH=/workspace/install/auro_interfaces LD_LIBRARY_PATH=/workspace/install/auro_interfaces/lib:/opt/ros/humble/opt/rviz_ogre_vendor/lib:/opt/ros/humble/lib/x86_64-linux-gnu:/opt/ros/humble/lib:/usr/lib/x86_64-linux-gnu/gazebo-11/plugins PYTHONPATH=/workspace/build/assessment/prefix_override:/usr/lib/python3/dist-packages/colcon_core/task/python/colcon_distutils_commands:/workspace/install/assessment/lib/python3.10/site-packages:/workspace/install/auro_interfaces/local/lib/python3.10/dist-packages:${PYTHONPATH} /usr/bin/python3 -W ignore:setup.py install is deprecated setup.py egg_info --egg-base ../../build/assessment build --build-base /workspace/build/assessment/build install --record /workspace/build/assessment/install.log --single-version-externally-managed install_data --force
[1.346s] running egg_info
[1.346s] writing ../../build/assessment/assessment.egg-info/PKG-INFO
[1.347s] writing dependency_links to ../../build/assessment/assessment.egg-info/dependency_links.txt
[1.347s] writing entry points to ../../build/assessment/assessment.egg-info/entry_points.txt
[1.347s] writing requirements to ../../build/assessment/assessment.egg-info/requires.txt
[1.347s] writing top-level names to ../../build/assessment/assessment.egg-info/top_level.txt
[1.350s] reading manifest file '../../build/assessment/assessment.egg-info/SOURCES.txt'
[1.351s] writing manifest file '../../build/assessment/assessment.egg-info/SOURCES.txt'
[1.351s] running build
[1.351s] running build_py
[1.352s] creating /workspace/build/assessment/build
[1.352s] creating /workspace/build/assessment/build/lib
[1.352s] creating /workspace/build/assessment/build/lib/assessment
[1.352s] copying assessment/robot_controller.py -> /workspace/build/assessment/build/lib/assessment
[1.352s] copying assessment/item_manager.py -> /workspace/build/assessment/build/lib/assessment
[1.352s] copying assessment/zone_sensor.py -> /workspace/build/assessment/build/lib/assessment
[1.352s] copying assessment/__init__.py -> /workspace/build/assessment/build/lib/assessment
[1.353s] copying assessment/lidar_sensor.py -> /workspace/build/assessment/build/lib/assessment
[1.353s] copying assessment/priority_manager.py -> /workspace/build/assessment/build/lib/assessment
[1.353s] copying assessment/collision_detector.py -> /workspace/build/assessment/build/lib/assessment
[1.353s] copying assessment/item_sensor.py -> /workspace/build/assessment/build/lib/assessment
[1.353s] copying assessment/robot_sensor.py -> /workspace/build/assessment/build/lib/assessment
[1.354s] running install
[1.354s] running install_lib
[1.355s] creating /workspace/install/assessment/lib/python3.10/site-packages/assessment
[1.355s] copying /workspace/build/assessment/build/lib/assessment/robot_controller.py -> /workspace/install/assessment/lib/python3.10/site-packages/assessment
[1.355s] copying /workspace/build/assessment/build/lib/assessment/item_manager.py -> /workspace/install/assessment/lib/python3.10/site-packages/assessment
[1.355s] copying /workspace/build/assessment/build/lib/assessment/zone_sensor.py -> /workspace/install/assessment/lib/python3.10/site-packages/assessment
[1.355s] copying /workspace/build/assessment/build/lib/assessment/__init__.py -> /workspace/install/assessment/lib/python3.10/site-packages/assessment
[1.356s] copying /workspace/build/assessment/build/lib/assessment/lidar_sensor.py -> /workspace/install/assessment/lib/python3.10/site-packages/assessment
[1.356s] copying /workspace/build/assessment/build/lib/assessment/priority_manager.py -> /workspace/install/assessment/lib/python3.10/site-packages/assessment
[1.356s] copying /workspace/build/assessment/build/lib/assessment/collision_detector.py -> /workspace/install/assessment/lib/python3.10/site-packages/assessment
[1.356s] copying /workspace/build/assessment/build/lib/assessment/item_sensor.py -> /workspace/install/assessment/lib/python3.10/site-packages/assessment
[1.356s] copying /workspace/build/assessment/build/lib/assessment/robot_sensor.py -> /workspace/install/assessment/lib/python3.10/site-packages/assessment
[1.357s] byte-compiling /workspace/install/assessment/lib/python3.10/site-packages/assessment/robot_controller.py to robot_controller.cpython-310.pyc
[1.358s] byte-compiling /workspace/install/assessment/lib/python3.10/site-packages/assessment/item_manager.py to item_manager.cpython-310.pyc
[1.362s] byte-compiling /workspace/install/assessment/lib/python3.10/site-packages/assessment/zone_sensor.py to zone_sensor.cpython-310.pyc
[1.364s] byte-compiling /workspace/install/assessment/lib/python3.10/site-packages/assessment/__init__.py to __init__.cpython-310.pyc
[1.364s] byte-compiling /workspace/install/assessment/lib/python3.10/site-packages/assessment/lidar_sensor.py to lidar_sensor.cpython-310.pyc
[1.365s] byte-compiling /workspace/install/assessment/lib/python3.10/site-packages/assessment/priority_manager.py to priority_manager.cpython-310.pyc
[1.366s] byte-compiling /workspace/install/assessment/lib/python3.10/site-packages/assessment/collision_detector.py to collision_detector.cpython-310.pyc
[1.367s] byte-compiling /workspace/install/assessment/lib/python3.10/site-packages/assessment/item_sensor.py to item_sensor.cpython-310.pyc
[1.369s] byte-compiling /workspace/install/assessment/lib/python3.10/site-packages/assessment/robot_sensor.py to robot_sensor.cpython-310.pyc
[1.370s] running install_data
[1.370s] copying resource/assessment -> /workspace/install/assessment/share/ament_index/resource_index/packages
[1.370s] copying package.xml -> /workspace/install/assessment/share/assessment
[1.370s] copying models/media/materials/scripts/outline_vertex_shader.glsl -> /workspace/install/assessment/share/assessment/models/media/materials/scripts
[1.370s] copying models/media/materials/scripts/assessment_materials.material -> /workspace/install/assessment/share/assessment/models/media/materials/scripts
[1.371s] copying models/media/materials/scripts/outline_fragment_shader.glsl -> /workspace/install/assessment/share/assessment/models/media/materials/scripts
[1.371s] copying models/waffle_pi_common/model.config -> /workspace/install/assessment/share/assessment/models/waffle_pi_common
[1.371s] copying models/waffle_pi_common/meshes/lds_smooth.dae -> /workspace/install/assessment/share/assessment/models/waffle_pi_common/meshes
[1.371s] copying models/waffle_pi_common/meshes/waffle_pi_base_smooth.dae -> /workspace/install/assessment/share/assessment/models/waffle_pi_common/meshes
[1.372s] copying models/waffle_pi_common/meshes/tire_smooth.dae -> /workspace/install/assessment/share/assessment/models/waffle_pi_common/meshes
[1.372s] copying models/waffle_pi/model.config -> /workspace/install/assessment/share/assessment/models/waffle_pi
[1.372s] copying models/waffle_pi/model.sdf -> /workspace/install/assessment/share/assessment/models/waffle_pi
[1.372s] copying models/item/model.config -> /workspace/install/assessment/share/assessment/models/item
[1.373s] copying models/item/model.sdf -> /workspace/install/assessment/share/assessment/models/item
[1.373s] copying models/assessment_world/model.config -> /workspace/install/assessment/share/assessment/models/assessment_world
[1.373s] copying models/assessment_world/model.sdf -> /workspace/install/assessment/share/assessment/models/assessment_world
[1.373s] copying launch/bringup_launch.py -> /workspace/install/assessment/share/assessment/launch/
[1.374s] copying launch/assessment_launch.py -> /workspace/install/assessment/share/assessment/launch/
[1.374s] copying launch/rviz_launch.py -> /workspace/install/assessment/share/assessment/launch/
[1.374s] copying launch/spawn_robot_launch.py -> /workspace/install/assessment/share/assessment/launch/
[1.374s] copying worlds/assessment_world.world -> /workspace/install/assessment/share/assessment/worlds/
[1.375s] copying rviz/namespaced_nav2.rviz -> /workspace/install/assessment/share/assessment/rviz/
[1.375s] copying rviz/namespaced.rviz -> /workspace/install/assessment/share/assessment/rviz/
[1.376s] copying params/nav2_params_namespaced.yaml -> /workspace/install/assessment/share/assessment/params/
[1.376s] copying maps/assessment_world.pgm -> /workspace/install/assessment/share/assessment/maps/
[1.376s] copying maps/assessment_world.yaml -> /workspace/install/assessment/share/assessment/maps/
[1.377s] copying config/initial_poses.yaml -> /workspace/install/assessment/share/assessment/config/
[1.377s] copying config/rviz_windows.yaml -> /workspace/install/assessment/share/assessment/config/
[1.377s] running install_egg_info
[1.380s] Copying ../../build/assessment/assessment.egg-info to /workspace/install/assessment/lib/python3.10/site-packages/assessment-0.0.0-py3.10.egg-info
[1.381s] running install_scripts
[1.405s] Installing collision_detector script to /workspace/install/assessment/lib/assessment
[1.405s] Installing item_manager script to /workspace/install/assessment/lib/assessment
[1.405s] Installing item_sensor script to /workspace/install/assessment/lib/assessment
[1.405s] Installing lidar_sensor script to /workspace/install/assessment/lib/assessment
[1.406s] Installing priority_manager script to /workspace/install/assessment/lib/assessment
[1.406s] Installing robot_controller script to /workspace/install/assessment/lib/assessment
[1.406s] Installing robot_sensor script to /workspace/install/assessment/lib/assessment
[1.407s] Installing zone_sensor script to /workspace/install/assessment/lib/assessment
[1.407s] writing list of installed files to '/workspace/build/assessment/install.log'
[1.432s] Invoked command in '/workspace/AURO/assessment' returned '0': AMENT_PREFIX_PATH=/workspace/install/auro_interfaces:${AMENT_PREFIX_PATH} CMAKE_PREFIX_PATH=/workspace/install/auro_interfaces LD_LIBRARY_PATH=/workspace/install/auro_interfaces/lib:/opt/ros/humble/opt/rviz_ogre_vendor/lib:/opt/ros/humble/lib/x86_64-linux-gnu:/opt/ros/humble/lib:/usr/lib/x86_64-linux-gnu/gazebo-11/plugins PYTHONPATH=/workspace/build/assessment/prefix_override:/usr/lib/python3/dist-packages/colcon_core/task/python/colcon_distutils_commands:/workspace/install/assessment/lib/python3.10/site-packages:/workspace/install/auro_interfaces/local/lib/python3.10/dist-packages:${PYTHONPATH} /usr/bin/python3 -W ignore:setup.py install is deprecated setup.py egg_info --egg-base ../../build/assessment build --build-base /workspace/build/assessment/build install --record /workspace/build/assessment/install.log --single-version-externally-managed install_data --force
