[2.579s] Invoking command in '/workspace/build/week_5': AMENT_PREFIX_PATH=/workspace/install/auro_interfaces:${AMENT_PREFIX_PATH} CMAKE_PREFIX_PATH=/workspace/install/auro_interfaces LD_LIBRARY_PATH=/workspace/install/auro_interfaces/lib:/opt/ros/humble/opt/rviz_ogre_vendor/lib:/opt/ros/humble/lib/x86_64-linux-gnu:/opt/ros/humble/lib:/usr/lib/x86_64-linux-gnu/gazebo-11/plugins PYTHONPATH=/workspace/build/week_5/prefix_override:/usr/lib/python3/dist-packages/colcon_core/task/python/colcon_distutils_commands:/workspace/install/week_5/lib/python3.10/site-packages:/workspace/install/auro_interfaces/local/lib/python3.10/dist-packages:${PYTHONPATH} /usr/bin/python3 -W ignore:setup.py install is deprecated setup.py develop --editable --build-directory /workspace/build/week_5/build --no-deps symlink_data
[3.150s] running develop
[3.151s] /usr/lib/python3/dist-packages/setuptools/command/easy_install.py:158: EasyInstallDeprecationWarning: easy_install command is deprecated. Use build and pip and other standards-based tools.
[3.152s]   warnings.warn(
[3.564s] running egg_info
[3.565s] writing week_5.egg-info/PKG-INFO
[3.565s] writing dependency_links to week_5.egg-info/dependency_links.txt
[3.565s] writing entry points to week_5.egg-info/entry_points.txt
[3.570s] writing requirements to week_5.egg-info/requires.txt
[3.570s] writing top-level names to week_5.egg-info/top_level.txt
[3.575s] reading manifest file 'week_5.egg-info/SOURCES.txt'
[3.580s] writing manifest file 'week_5.egg-info/SOURCES.txt'
[3.587s] running build_ext
[3.588s] Creating /workspace/install/week_5/lib/python3.10/site-packages/week-5.egg-link (link to .)
[3.593s] Installing item_detector script to /workspace/install/week_5/lib/week_5
[3.599s] Installing item_spawner script to /workspace/install/week_5/lib/week_5
[3.600s] Installing robot_controller script to /workspace/install/week_5/lib/week_5
[3.600s] Installing teleop_keyboard script to /workspace/install/week_5/lib/week_5
[3.600s] 
[3.600s] Installed /workspace/build/week_5
[3.600s] running symlink_data
[3.714s] Invoked command in '/workspace/build/week_5' returned '0': AMENT_PREFIX_PATH=/workspace/install/auro_interfaces:${AMENT_PREFIX_PATH} CMAKE_PREFIX_PATH=/workspace/install/auro_interfaces LD_LIBRARY_PATH=/workspace/install/auro_interfaces/lib:/opt/ros/humble/opt/rviz_ogre_vendor/lib:/opt/ros/humble/lib/x86_64-linux-gnu:/opt/ros/humble/lib:/usr/lib/x86_64-linux-gnu/gazebo-11/plugins PYTHONPATH=/workspace/build/week_5/prefix_override:/usr/lib/python3/dist-packages/colcon_core/task/python/colcon_distutils_commands:/workspace/install/week_5/lib/python3.10/site-packages:/workspace/install/auro_interfaces/local/lib/python3.10/dist-packages:${PYTHONPATH} /usr/bin/python3 -W ignore:setup.py install is deprecated setup.py develop --editable --build-directory /workspace/build/week_5/build --no-deps symlink_data
