[2.008s] Invoking command in '/workspace/build/week_6': PYTHONPATH=/workspace/build/week_6/prefix_override:/usr/lib/python3/dist-packages/colcon_core/task/python/colcon_distutils_commands:/workspace/install/week_6/lib/python3.10/site-packages:${PYTHONPATH} /usr/bin/python3 -W ignore:setup.py install is deprecated setup.py develop --editable --build-directory /workspace/build/week_6/build --no-deps symlink_data
[3.050s] running develop
[3.053s] /usr/lib/python3/dist-packages/setuptools/command/easy_install.py:158: EasyInstallDeprecationWarning: easy_install command is deprecated. Use build and pip and other standards-based tools.
[3.054s]   warnings.warn(
[3.775s] running egg_info
[3.776s] writing week_6.egg-info/PKG-INFO
[3.776s] writing dependency_links to week_6.egg-info/dependency_links.txt
[3.776s] writing entry points to week_6.egg-info/entry_points.txt
[3.777s] writing requirements to week_6.egg-info/requires.txt
[3.777s] writing top-level names to week_6.egg-info/top_level.txt
[3.782s] reading manifest file 'week_6.egg-info/SOURCES.txt'
[3.782s] writing manifest file 'week_6.egg-info/SOURCES.txt'
[3.785s] running build_ext
[3.786s] Creating /workspace/install/week_6/lib/python3.10/site-packages/week-6.egg-link (link to .)
[3.787s] Installing lidar_fault script to /workspace/install/week_6/lib/week_6
[3.788s] Installing robot_controller script to /workspace/install/week_6/lib/week_6
[3.789s] 
[3.789s] Installed /workspace/build/week_6
[3.789s] running symlink_data
[4.000s] Invoked command in '/workspace/build/week_6' returned '0': PYTHONPATH=/workspace/build/week_6/prefix_override:/usr/lib/python3/dist-packages/colcon_core/task/python/colcon_distutils_commands:/workspace/install/week_6/lib/python3.10/site-packages:${PYTHONPATH} /usr/bin/python3 -W ignore:setup.py install is deprecated setup.py develop --editable --build-directory /workspace/build/week_6/build --no-deps symlink_data
